This is pdfTeX, Version 3.141592653-2.6-1.40.29 (TeX Live 2026) (preloaded format=pdflatex 2026.4.24)  12 JUL 2026 23:49
entering extended mode
 restricted \write18 enabled.
 %&-line parsing enabled.
**sample-pages.tex
(./sample-pages.tex
LaTeX2e <2025-11-01>
L3 programming layer <2026-01-19>
(/usr/local/texlive/2026/texmf-dist/tex/latex/base/book.cls
Document Class: book 2025/01/22 v1.4n Standard LaTeX document class
(/usr/local/texlive/2026/texmf-dist/tex/latex/base/bk10.clo
File: bk10.clo 2025/01/22 v1.4n Standard LaTeX file (size option)
)
\c@part=\count275
\c@chapter=\count276
\c@section=\count277
\c@subsection=\count278
\c@subsubsection=\count279
\c@paragraph=\count280
\c@subparagraph=\count281
\c@figure=\count282
\c@table=\count283
\abovecaptionskip=\skip49
\belowcaptionskip=\skip50
\bibindent=\dimen148
)
(/usr/local/texlive/2026/texmf-dist/tex/latex/graphics/graphicx.sty
Package: graphicx 2024/12/31 v1.2e Enhanced LaTeX Graphics (DPC,SPQR)

(/usr/local/texlive/2026/texmf-dist/tex/latex/graphics/keyval.sty
Package: keyval 2022/05/29 v1.15 key=value parser (DPC)
\KV@toks@=\toks17
)
(/usr/local/texlive/2026/texmf-dist/tex/latex/graphics/graphics.sty
Package: graphics 2024/08/06 v1.4g Standard LaTeX Graphics (DPC,SPQR)

(/usr/local/texlive/2026/texmf-dist/tex/latex/graphics/trig.sty
Package: trig 2023/12/02 v1.11 sin cos tan (DPC)
)
(/usr/local/texlive/2026/texmf-dist/tex/latex/graphics-cfg/graphics.cfg
File: graphics.cfg 2016/06/04 v1.11 sample graphics configuration
)
Package graphics Info: Driver file: pdftex.def on input line 106.

(/usr/local/texlive/2026/texmf-dist/tex/latex/graphics-def/pdftex.def
File: pdftex.def 2025/09/29 v1.2d Graphics/color driver for pdftex
))
\Gin@req@height=\dimen149
\Gin@req@width=\dimen150
)
(/usr/local/texlive/2026/texmf-dist/tex/latex/lipsum/lipsum.sty
(/usr/local/texlive/2026/texmf-dist/tex/latex/l3packages/l3keys2e/l3keys2e.sty
(/usr/local/texlive/2026/texmf-dist/tex/latex/l3kernel/expl3.sty
Package: expl3 2026-01-19 L3 programming layer (loader) 

(/usr/local/texlive/2026/texmf-dist/tex/latex/l3backend/l3backend-pdftex.def
File: l3backend-pdftex.def 2025-10-09 L3 backend support: PDF output (pdfTeX)
\l__color_backend_stack_int=\count284
))
Package: l3keys2e 2025-10-09 LaTeX2e option processing using LaTeX3 keys
)
Package: lipsum 2021-09-20 v2.7 150 paragraphs of Lorem Ipsum dummy text
\g__lipsum_par_int=\count285
\l__lipsum_a_int=\count286
\l__lipsum_b_int=\count287
(/usr/local/texlive/2026/texmf-dist/tex/latex/lipsum/lipsum.ltd.tex))
(/usr/local/texlive/2026/texmf-dist/tex/latex/graphics/color.sty
Package: color 2025/01/14 v1.3e Standard LaTeX Color (DPC)

(/usr/local/texlive/2026/texmf-dist/tex/latex/graphics-cfg/color.cfg
File: color.cfg 2016/01/02 v1.6 sample color configuration
)
Package color Info: Driver file: pdftex.def on input line 149.

(/usr/local/texlive/2026/texmf-dist/tex/latex/graphics/mathcolor.ltx))
(/usr/local/texlive/2026/texmf-dist/tex/latex/flowfram/flowfram.sty
Package: flowfram 2026/02/23 v2.1 (NLCT)

(/usr/local/texlive/2026/texmf-dist/tex/latex/rerunfilecheck/rerunfilecheck.sty
Package: rerunfilecheck 2025-06-21 v1.11 Rerun checks for auxiliary files (HO)
(/usr/local/texlive/2026/texmf-dist/tex/latex/kvoptions/kvoptions.sty
Package: kvoptions 2022-06-15 v3.15 Key value format for package options (HO)

(/usr/local/texlive/2026/texmf-dist/tex/generic/ltxcmds/ltxcmds.sty
Package: ltxcmds 2023-12-04 v1.26 LaTeX kernel commands for general use (HO)
)
(/usr/local/texlive/2026/texmf-dist/tex/latex/kvsetkeys/kvsetkeys.sty
Package: kvsetkeys 2022-10-05 v1.19 Key value parser (HO)
))
(/usr/local/texlive/2026/texmf-dist/tex/generic/infwarerr/infwarerr.sty
Package: infwarerr 2019/12/03 v1.5 Providing info/warning/error messages (HO)
)
(/usr/local/texlive/2026/texmf-dist/tex/generic/pdftexcmds/pdftexcmds.sty
Package: pdftexcmds 2020-06-27 v0.33 Utility functions of pdfTeX for LuaTeX (HO
)

(/usr/local/texlive/2026/texmf-dist/tex/generic/iftex/iftex.sty
Package: iftex 2024/12/12 v1.0g TeX engine tests
)
Package pdftexcmds Info: \pdf@primitive is available.
Package pdftexcmds Info: \pdf@ifprimitive is available.
Package pdftexcmds Info: \pdfdraftmode found.
)
(/usr/local/texlive/2026/texmf-dist/tex/generic/uniquecounter/uniquecounter.sty
Package: uniquecounter 2019/12/15 v1.4 Provide unlimited unique counter (HO)
(/usr/local/texlive/2026/texmf-dist/tex/generic/bigintcalc/bigintcalc.sty
Package: bigintcalc 2019/12/15 v1.5 Expandable calculations on big integers (HO
)
))
Package uniquecounter Info: New unique counter `rerunfilecheck' on input line 2
84.
)
(/usr/local/texlive/2026/texmf-dist/tex/latex/tools/afterpage.sty
Package: afterpage 2023/07/04 v1.08 After-Page Package (DPC)
\AP@output=\toks18
\AP@partial=\box53
\AP@footins=\box54
)
(/usr/local/texlive/2026/texmf-dist/tex/latex/etoolbox/etoolbox.sty
Package: etoolbox 2025/10/02 v2.5m e-TeX tools for LaTeX (JAW)
\etb@tempcnta=\count288
)
\fflabelsep=\skip51
\c@absolutepage=\count289
\c_flowfram_max_page_int=\count290
\typeblockwidth=\skip52
\typeblockheight=\skip53
\typeblockoffsety=\skip54
\c@maxflow=\count291
\c@thisframe=\count292
\c@displayedframe=\count293
\c@maxstatic=\count294
\c@maxdynamic=\count295
\l__flowfram_current_frame_int=\count296
\l__flowfram_current_abspage_int=\count297
\l__flowfram_current_static_int=\count298
\l__flowfram_current_dynamic_int=\count299
\l__flowfram_col_int=\count300
\l__flowfram_tmpa_int=\count301
\l__flowfram_tmpb_int=\count302
\l__flowfram_id_int=\count303
\l__flowfram_id_ii_int=\count304
\l__flowfram_type_int=\count305
\l__flowfram_type_ii_int=\count306
\l__flowfram_range_start_int=\count307
\l__flowfram_range_end_int=\count308
\l__flowfram_shape_int=\count309
\l__flowfram_tmpa_dim=\dimen151
\l__flowfram_tmpb_dim=\dimen152
\l__flowfram_sfdf_height_dim=\dimen153
\l__flowfram_sfdf_width_dim=\dimen154
\l__flowfram_x_dim=\dimen155
\l__flowfram_evenx_dim=\dimen156
\l__flowfram_y_dim=\dimen157
\l__flowfram_eveny_dim=\dimen158
\l__flowfram_width_dim=\dimen159
\l__flowfram_height_dim=\dimen160
\l__flowfram_offset_dim=\dimen161
\sdfparindent=\skip55
\g__flowfram_html_opts_int=\count310
\flowframesep=\skip56
\flowframerule=\skip57
\staticframe=\box55
\ffareawidth=\skip58
\ffareaheight=\skip59
\ffareax=\skip60
\ffareay=\skip61
\ffareaevenx=\skip62
\ffareaeveny=\skip63
\fftolerance=\skip64
\g__flowfram_saved_thisframe_int=\count311
\g__flowfram_dynamic_header_int=\count312
\g__flowfram_dynamic_even_header_int=\count313
\g__flowfram_dynamic_footer_int=\count314
\g__flowfram_dynamic_even_footer_int=\count315
\g__flowfram_current_page_int=\count316
\l__all_content_box=\box56
\l__all_content_height_dim=\dimen162
\g__flowfram_next_frame_int=\count317
\vcolumnsep=\skip65
\l__flowfram_adjust_height_int=\count318
\l__flowfram_this_strip_int=\count319
\ffcolumnseprule=\skip66
\l__flowfram_left_x_dim=\dimen163
\l__flowfram_left_y_dim=\dimen164
\l__flowfram_left_evenx_dim=\dimen165
\l__flowfram_left_eveny_dim=\dimen166
\l__flowfram_left_width_dim=\dimen167
\l__flowfram_left_height_dim=\dimen168
\g__flowfram_chaphead_frame_id=\count320
\flowfram@dfchap@sbox=\box57
\l__flowfram_df_chapbox_head_width_dim=\dimen169
\g__flowfram_chaphead_id_int=\count321
\c@maxthumbtabs=\count322
\c@thumbtabnonum=\count323
\thumbtabwidth=\skip67
\g__flowfram_minitoc_level_int=\count324
\c@maxtocunits=\count325
\c@maxminitoc=\count326
\g__flowfram_toc_level_int=\count327
\c_flowfram_level_part_int=\count328
\beforeminitocskip=\skip68
\afterminitocskip=\skip69
\g__flowfram_minitoc_frame_id=\count329
\c@minitoc=\count330
)
(/usr/local/texlive/2026/texmf-dist/tex/latex/hyperref/hyperref.sty
Package: hyperref 2026-01-29 v7.01p Hypertext links for LaTeX

(/usr/local/texlive/2026/texmf-dist/tex/generic/kvdefinekeys/kvdefinekeys.sty
Package: kvdefinekeys 2019-12-19 v1.6 Define keys (HO)
)
(/usr/local/texlive/2026/texmf-dist/tex/generic/pdfescape/pdfescape.sty
Package: pdfescape 2019/12/09 v1.15 Implements pdfTeX's escape features (HO)
)
(/usr/local/texlive/2026/texmf-dist/tex/latex/hycolor/hycolor.sty
Package: hycolor 2020-01-27 v1.10 Color options for hyperref/bookmark (HO)
)
(/usr/local/texlive/2026/texmf-dist/tex/latex/hyperref/nameref.sty
Package: nameref 2026-01-29 v2.58 Cross-referencing by name of section

(/usr/local/texlive/2026/texmf-dist/tex/latex/refcount/refcount.sty
Package: refcount 2019/12/15 v3.6 Data extraction from label references (HO)
)
(/usr/local/texlive/2026/texmf-dist/tex/generic/gettitlestring/gettitlestring.s
ty
Package: gettitlestring 2019/12/15 v1.6 Cleanup title references (HO)
)
\c@section@level=\count331
) (/usr/local/texlive/2026/texmf-dist/tex/generic/stringenc/stringenc.sty
Package: stringenc 2019/11/29 v1.12 Convert strings between diff. encodings (HO
)
)
\@linkdim=\dimen170
\Hy@linkcounter=\count332
\Hy@pagecounter=\count333

(/usr/local/texlive/2026/texmf-dist/tex/latex/hyperref/pd1enc.def
File: pd1enc.def 2026-01-29 v7.01p Hyperref: PDFDocEncoding definition (HO)
Now handling font encoding PD1 ...
... no UTF-8 mapping file for font encoding PD1
)
(/usr/local/texlive/2026/texmf-dist/tex/generic/intcalc/intcalc.sty
Package: intcalc 2019/12/15 v1.3 Expandable calculations with integers (HO)
)
\Hy@SavedSpaceFactor=\count334

(/usr/local/texlive/2026/texmf-dist/tex/latex/hyperref/puenc.def
File: puenc.def 2026-01-29 v7.01p Hyperref: PDF Unicode definition (HO)
Now handling font encoding PU ...
... no UTF-8 mapping file for font encoding PU
)
Package hyperref Info: Hyper figures OFF on input line 4201.
Package hyperref Info: Link nesting OFF on input line 4206.
Package hyperref Info: Hyper index ON on input line 4209.
Package hyperref Info: Plain pages OFF on input line 4216.
Package hyperref Info: Backreferencing OFF on input line 4221.
Package hyperref Info: Implicit mode ON; LaTeX internals redefined.
Package hyperref Info: Bookmarks ON on input line 4468.
\c@Hy@tempcnt=\count335

(/usr/local/texlive/2026/texmf-dist/tex/latex/url/url.sty
\Urlmuskip=\muskip17
Package: url 2013/09/16  ver 3.4  Verb mode for urls, etc.
)
LaTeX Info: Redefining \url on input line 4807.
\XeTeXLinkMargin=\dimen171

(/usr/local/texlive/2026/texmf-dist/tex/generic/bitset/bitset.sty
Package: bitset 2019/12/09 v1.3 Handle bit-vector datatype (HO)
)
\Fld@menulength=\count336
\Field@Width=\dimen172
\Fld@charsize=\dimen173
Package hyperref Info: Hyper figures OFF on input line 6084.
Package hyperref Info: Link nesting OFF on input line 6089.
Package hyperref Info: Hyper index ON on input line 6092.
Package hyperref Info: backreferencing OFF on input line 6099.
Package hyperref Info: Link coloring OFF on input line 6104.
Package hyperref Info: Link coloring with OCG OFF on input line 6109.
Package hyperref Info: PDF/A mode OFF on input line 6114.
\Hy@abspage=\count337
\c@Item=\count338
\c@Hfootnote=\count339
)
Package hyperref Info: Driver (autodetected): hpdftex.

(/usr/local/texlive/2026/texmf-dist/tex/latex/hyperref/hpdftex.def
File: hpdftex.def 2026-01-29 v7.01p Hyperref driver for pdfTeX
\Fld@listcount=\count340
\c@bookmark@seq@number=\count341
\Hy@SectionHShift=\skip70
)
\g__flowfram_flow_width_i_dim=\dimen174
\g__flowfram_flow_height_i_dim=\dimen175
\g__flowfram_flow_posx_i_dim=\dimen176
\g__flowfram_flow_posy_i_dim=\dimen177
\g__flowfram_flow_evenx_i_dim=\dimen178
\g__flowfram_flow_eveny_i_dim=\dimen179
\g__flowfram_flow_column_i_box=\box58
\g__flowfram_dynamic_width_i_dim=\dimen180
\g__flowfram_dynamic_height_i_dim=\dimen181
\g__flowfram_dynamic_posx_i_dim=\dimen182
\g__flowfram_dynamic_posy_i_dim=\dimen183
\g__flowfram_dynamic_evenx_i_dim=\dimen184
\g__flowfram_dynamic_eveny_i_dim=\dimen185
\g__flowfram_flow_width_ii_dim=\dimen186
\g__flowfram_flow_height_ii_dim=\dimen187
\g__flowfram_flow_posx_ii_dim=\dimen188
\g__flowfram_flow_posy_ii_dim=\dimen189
\g__flowfram_flow_evenx_ii_dim=\dimen190
\g__flowfram_flow_eveny_ii_dim=\dimen191
\g__flowfram_flow_column_ii_box=\box59
\g__flowfram_flow_width_iii_dim=\dimen192
\g__flowfram_flow_height_iii_dim=\dimen193
\g__flowfram_flow_posx_iii_dim=\dimen194
\g__flowfram_flow_posy_iii_dim=\dimen195
\g__flowfram_flow_evenx_iii_dim=\dimen196
\g__flowfram_flow_eveny_iii_dim=\dimen197
\g__flowfram_flow_column_iii_box=\box60
\g__flowfram_flow_width_iv_dim=\dimen198
\g__flowfram_flow_height_iv_dim=\dimen199
\g__flowfram_flow_posx_iv_dim=\dimen256
\g__flowfram_flow_posy_iv_dim=\dimen257
\g__flowfram_flow_evenx_iv_dim=\dimen258
\g__flowfram_flow_eveny_iv_dim=\dimen259
\g__flowfram_flow_column_iv_box=\box61
\g__flowfram_flow_width_v_dim=\dimen260
\g__flowfram_flow_height_v_dim=\dimen261
\g__flowfram_flow_posx_v_dim=\dimen262
\g__flowfram_flow_posy_v_dim=\dimen263
\g__flowfram_flow_evenx_v_dim=\dimen264
\g__flowfram_flow_eveny_v_dim=\dimen265
\g__flowfram_flow_column_v_box=\box62
\g__flowfram_dynamic_width_ii_dim=\dimen266
\g__flowfram_dynamic_height_ii_dim=\dimen267
\g__flowfram_dynamic_posx_ii_dim=\dimen268
\g__flowfram_dynamic_posy_ii_dim=\dimen269
\g__flowfram_dynamic_evenx_ii_dim=\dimen270
\g__flowfram_dynamic_eveny_ii_dim=\dimen271

(./sample-pages.ttb
\g__thumbtab_i_start_int=\count342
\g__thumbtab_ii_start_int=\count343
\g__thumbtab_iii_start_int=\count344
)
\tf@ttb=\write3
\openout3 = `sample-pages.ttb'.

\g__flowfram_dynamic_width_iii_dim=\dimen272
\g__flowfram_dynamic_height_iii_dim=\dimen273
\g__flowfram_dynamic_posx_iii_dim=\dimen274
\g__flowfram_dynamic_posy_iii_dim=\dimen275
\g__flowfram_dynamic_evenx_iii_dim=\dimen276
\g__flowfram_dynamic_eveny_iii_dim=\dimen277
\g__flowfram_dynamic_width_iv_dim=\dimen278
\g__flowfram_dynamic_height_iv_dim=\dimen279
\g__flowfram_dynamic_posx_iv_dim=\dimen280
\g__flowfram_dynamic_posy_iv_dim=\dimen281
\g__flowfram_dynamic_evenx_iv_dim=\dimen282
\g__flowfram_dynamic_eveny_iv_dim=\dimen283
\g__flowfram_dynamic_width_v_dim=\dimen284
\g__flowfram_dynamic_height_v_dim=\dimen285
\g__flowfram_dynamic_posx_v_dim=\dimen286
\g__flowfram_dynamic_posy_v_dim=\dimen287
\g__flowfram_dynamic_evenx_v_dim=\dimen288
\g__flowfram_dynamic_eveny_v_dim=\dimen289
\g__flowfram_dynamic_width_vi_dim=\dimen290
\g__flowfram_dynamic_height_vi_dim=\dimen291
\g__flowfram_dynamic_posx_vi_dim=\dimen292
\g__flowfram_dynamic_posy_vi_dim=\dimen293
\g__flowfram_dynamic_evenx_vi_dim=\dimen294
\g__flowfram_dynamic_eveny_vi_dim=\dimen295
\g__flowfram_dynamic_width_vii_dim=\dimen296
\g__flowfram_dynamic_height_vii_dim=\dimen297
\g__flowfram_dynamic_posx_vii_dim=\dimen298
\g__flowfram_dynamic_posy_vii_dim=\dimen299
\g__flowfram_dynamic_evenx_vii_dim=\dimen300
\g__flowfram_dynamic_eveny_vii_dim=\dimen301
\g__flowfram_dynamic_width_viii_dim=\dimen302
\g__flowfram_dynamic_height_viii_dim=\dimen303
\g__flowfram_dynamic_posx_viii_dim=\dimen304
\g__flowfram_dynamic_posy_viii_dim=\dimen305
\g__flowfram_dynamic_evenx_viii_dim=\dimen306
\g__flowfram_dynamic_eveny_viii_dim=\dimen307
 (./sample-pages.aux)
\openout1 = `sample-pages.aux'.

LaTeX Font Info:    Checking defaults for OML/cmm/m/it on input line 43.
LaTeX Font Info:    ... okay on input line 43.
LaTeX Font Info:    Checking defaults for OMS/cmsy/m/n on input line 43.
LaTeX Font Info:    ... okay on input line 43.
LaTeX Font Info:    Checking defaults for OT1/cmr/m/n on input line 43.
LaTeX Font Info:    ... okay on input line 43.
LaTeX Font Info:    Checking defaults for T1/cmr/m/n on input line 43.
LaTeX Font Info:    ... okay on input line 43.
LaTeX Font Info:    Checking defaults for TS1/cmr/m/n on input line 43.
LaTeX Font Info:    ... okay on input line 43.
LaTeX Font Info:    Checking defaults for OMX/cmex/m/n on input line 43.
LaTeX Font Info:    ... okay on input line 43.
LaTeX Font Info:    Checking defaults for U/cmr/m/n on input line 43.
LaTeX Font Info:    ... okay on input line 43.
LaTeX Font Info:    Checking defaults for PD1/pdf/m/n on input line 43.
LaTeX Font Info:    ... okay on input line 43.
LaTeX Font Info:    Checking defaults for PU/pdf/m/n on input line 43.
LaTeX Font Info:    ... okay on input line 43.

(/usr/local/texlive/2026/texmf-dist/tex/context/base/mkii/supp-pdf.mkii
[Loading MPS to PDF converter (version 2006.09.02).]
\scratchcounter=\count345
\scratchdimen=\dimen308
\scratchbox=\box63
\nofMPsegments=\count346
\nofMParguments=\count347
\everyMPshowfont=\toks19
\MPscratchCnt=\count348
\MPscratchDim=\dimen309
\MPnumerator=\count349
\makeMPintoPDFobject=\count350
\everyMPtoPDFconversion=\toks20
) (/usr/local/texlive/2026/texmf-dist/tex/latex/epstopdf-pkg/epstopdf-base.sty
Package: epstopdf-base 2020-01-24 v2.11 Base part for package epstopdf
Package epstopdf-base Info: Redefining graphics rule for `.eps' on input line 4
85.

(/usr/local/texlive/2026/texmf-dist/tex/latex/latexconfig/epstopdf-sys.cfg
File: epstopdf-sys.cfg 2010/07/13 v1.3 Configuration of (r)epstopdf for TeX Liv
e
))
Package hyperref Info: Link coloring OFF on input line 43.

(./sample-pages.out) (./sample-pages.out)
\@outlinefile=\write4
\openout4 = `sample-pages.out'.

LaTeX Font Info:    External font `cmex10' loaded for size
(Font)              <12> on input line 46.
LaTeX Font Info:    External font `cmex10' loaded for size
(Font)              <8> on input line 46.
LaTeX Font Info:    External font `cmex10' loaded for size
(Font)              <6> on input line 46.
 [1


{/usr/local/texlive/2026/texmf-var/fonts/map/pdftex/updmap/pdftex.map}] [2

]
\tf@toc=\write5
\openout5 = `sample-pages.toc'.

 [1


] [2

] [3

] [4

]
Chapter 1.
LaTeX Font Info:    External font `cmex10' loaded for size
(Font)              <7> on input line 71.
LaTeX Font Info:    External font `cmex10' loaded for size
(Font)              <5> on input line 71.
[1


] [2] [3] [4

]
Chapter 2.
[5

] [6] [7] [8] [9

] [10] [11


] [12]
Chapter 3.
[13

] [14] [15] [16] [17] [18] [19] [20] [21] [22

] (./sample-pages.aux)
 ***********
LaTeX2e <2025-11-01>
L3 programming layer <2026-01-19>
 ***********
Package rerunfilecheck Info: File `sample-pages.out' has not changed.
(rerunfilecheck)             Checksum: 0EC8295CE05FFFC91865A01E644B1FEF;515.
Package rerunfilecheck Info: File `sample-pages.toc' has not changed.
(rerunfilecheck)             Checksum: 6E1D6388D616D0E8A0A2F941EEDC9D64;279.
 ) 
Here is how much of TeX's memory you used:
 11287 strings out of 467525
 207108 string characters out of 5418982
 741772 words of memory out of 5000000
 40064 multiletter control sequences out of 15000+600000
 632636 words of font info for 56 fonts, out of 8000000 for 9000
 1141 hyphenation exceptions out of 8191
 76i,13n,83p,254b,461s stack positions out of 10000i,1000n,20000p,200000b,200000s
</usr/local/texlive/2026/texmf-dist/fonts/type1/public/amsfonts/cm/cmbx10.pfb
></usr/local/texlive/2026/texmf-dist/fonts/type1/public/amsfonts/cm/cmbx12.pfb>
</usr/local/texlive/2026/texmf-dist/fonts/type1/public/amsfonts/cm/cmr10.pfb></
usr/local/texlive/2026/texmf-dist/fonts/type1/public/amsfonts/cm/cmr12.pfb></us
r/local/texlive/2026/texmf-dist/fonts/type1/public/amsfonts/cm/cmr17.pfb></usr/
local/texlive/2026/texmf-dist/fonts/type1/public/amsfonts/cm/cmss9.pfb>
Output written on sample-pages.pdf (28 pages, 135170 bytes).
PDF statistics:
 209 PDF objects out of 1000 (max. 8388607)
 165 compressed objects within 2 object streams
 36 named destinations out of 1000 (max. 500000)
 33 words of extra memory for PDF output out of 10000 (max. 10000000)

