This is pdfTeX, Version 3.141592653-2.6-1.40.29 (TeX Live 2026) (preloaded format=pdflatex 2026.4.24)  12 JUL 2026 23:54
entering extended mode
 restricted \write18 enabled.
 %&-line parsing enabled.
**sample.tex
(./sample.tex
LaTeX2e <2025-11-01>
L3 programming layer <2026-01-19>
(/usr/local/texlive/2026/texmf-dist/tex/latex/base/book.cls
Document Class: book 2025/01/22 v1.4n Standard LaTeX document class
(/usr/local/texlive/2026/texmf-dist/tex/latex/base/bk10.clo
File: bk10.clo 2025/01/22 v1.4n Standard LaTeX file (size option)
)
\c@part=\count275
\c@chapter=\count276
\c@section=\count277
\c@subsection=\count278
\c@subsubsection=\count279
\c@paragraph=\count280
\c@subparagraph=\count281
\c@figure=\count282
\c@table=\count283
\abovecaptionskip=\skip49
\belowcaptionskip=\skip50
\bibindent=\dimen148
)
(/usr/local/texlive/2026/texmf-dist/tex/latex/psnfss/times.sty
Package: times 2020/03/25 PSNFSS-v9.3 (SPQR) 
)
(/usr/local/texlive/2026/texmf-dist/tex/latex/psnfss/courier.sty
Package: courier 2020/03/25 PSNFSS-v9.3 (WaS) 
)
(/usr/local/texlive/2026/texmf-dist/tex/latex/psnfss/helvet.sty
Package: helvet 2020/03/25 PSNFSS-v9.3 (WaS) 

(/usr/local/texlive/2026/texmf-dist/tex/latex/graphics/keyval.sty
Package: keyval 2022/05/29 v1.15 key=value parser (DPC)
\KV@toks@=\toks17
))
(/usr/local/texlive/2026/texmf-dist/tex/latex/geometry/geometry.sty
Package: geometry 2026/03/07 v6.0 Page Geometry

(/usr/local/texlive/2026/texmf-dist/tex/generic/iftex/ifvtex.sty
Package: ifvtex 2019/10/25 v1.7 ifvtex legacy package. Use iftex instead.

(/usr/local/texlive/2026/texmf-dist/tex/generic/iftex/iftex.sty
Package: iftex 2024/12/12 v1.0g TeX engine tests
))
\Gm@cnth=\count284
\Gm@cntv=\count285
\c@Gm@tempcnt=\count286
\Gm@bindingoffset=\dimen149
\Gm@wd@mp=\dimen150
\Gm@odd@mp=\dimen151
\Gm@even@mp=\dimen152
\Gm@layoutwidth=\dimen153
\Gm@layoutheight=\dimen154
\Gm@layouthoffset=\dimen155
\Gm@layoutvoffset=\dimen156
\Gm@dimlist=\toks18
)
(/usr/local/texlive/2026/texmf-dist/tex/latex/hyperref/hyperref.sty
Package: hyperref 2026-01-29 v7.01p Hypertext links for LaTeX

(/usr/local/texlive/2026/texmf-dist/tex/latex/kvsetkeys/kvsetkeys.sty
Package: kvsetkeys 2022-10-05 v1.19 Key value parser (HO)
)
(/usr/local/texlive/2026/texmf-dist/tex/generic/kvdefinekeys/kvdefinekeys.sty
Package: kvdefinekeys 2019-12-19 v1.6 Define keys (HO)
)
(/usr/local/texlive/2026/texmf-dist/tex/generic/pdfescape/pdfescape.sty
Package: pdfescape 2019/12/09 v1.15 Implements pdfTeX's escape features (HO)

(/usr/local/texlive/2026/texmf-dist/tex/generic/ltxcmds/ltxcmds.sty
Package: ltxcmds 2023-12-04 v1.26 LaTeX kernel commands for general use (HO)
)
(/usr/local/texlive/2026/texmf-dist/tex/generic/pdftexcmds/pdftexcmds.sty
Package: pdftexcmds 2020-06-27 v0.33 Utility functions of pdfTeX for LuaTeX (HO
)

(/usr/local/texlive/2026/texmf-dist/tex/generic/infwarerr/infwarerr.sty
Package: infwarerr 2019/12/03 v1.5 Providing info/warning/error messages (HO)
)
Package pdftexcmds Info: \pdf@primitive is available.
Package pdftexcmds Info: \pdf@ifprimitive is available.
Package pdftexcmds Info: \pdfdraftmode found.
))
(/usr/local/texlive/2026/texmf-dist/tex/latex/hycolor/hycolor.sty
Package: hycolor 2020-01-27 v1.10 Color options for hyperref/bookmark (HO)
)
(/usr/local/texlive/2026/texmf-dist/tex/latex/hyperref/nameref.sty
Package: nameref 2026-01-29 v2.58 Cross-referencing by name of section

(/usr/local/texlive/2026/texmf-dist/tex/latex/refcount/refcount.sty
Package: refcount 2019/12/15 v3.6 Data extraction from label references (HO)
)
(/usr/local/texlive/2026/texmf-dist/tex/generic/gettitlestring/gettitlestring.s
ty
Package: gettitlestring 2019/12/15 v1.6 Cleanup title references (HO)
 (/usr/local/texlive/2026/texmf-dist/tex/latex/kvoptions/kvoptions.sty
Package: kvoptions 2022-06-15 v3.15 Key value format for package options (HO)
))
\c@section@level=\count287
)
(/usr/local/texlive/2026/texmf-dist/tex/latex/etoolbox/etoolbox.sty
Package: etoolbox 2025/10/02 v2.5m e-TeX tools for LaTeX (JAW)
\etb@tempcnta=\count288
)
(/usr/local/texlive/2026/texmf-dist/tex/generic/stringenc/stringenc.sty
Package: stringenc 2019/11/29 v1.12 Convert strings between diff. encodings (HO
)
)
\@linkdim=\dimen157
\Hy@linkcounter=\count289
\Hy@pagecounter=\count290

(/usr/local/texlive/2026/texmf-dist/tex/latex/hyperref/pd1enc.def
File: pd1enc.def 2026-01-29 v7.01p Hyperref: PDFDocEncoding definition (HO)
Now handling font encoding PD1 ...
... no UTF-8 mapping file for font encoding PD1
)
(/usr/local/texlive/2026/texmf-dist/tex/generic/intcalc/intcalc.sty
Package: intcalc 2019/12/15 v1.3 Expandable calculations with integers (HO)
)
\Hy@SavedSpaceFactor=\count291

(/usr/local/texlive/2026/texmf-dist/tex/latex/hyperref/puenc.def
File: puenc.def 2026-01-29 v7.01p Hyperref: PDF Unicode definition (HO)
Now handling font encoding PU ...
... no UTF-8 mapping file for font encoding PU
)
Package hyperref Info: Option `plainpages' set `false' on input line 4072.
Package hyperref Info: Option `pdfpagelabels' set `true' on input line 4072.
Package hyperref Info: Hyper figures OFF on input line 4201.
Package hyperref Info: Link nesting OFF on input line 4206.
Package hyperref Info: Hyper index ON on input line 4209.
Package hyperref Info: Plain pages OFF on input line 4216.
Package hyperref Info: Backreferencing OFF on input line 4221.
Package hyperref Info: Implicit mode ON; LaTeX internals redefined.
Package hyperref Info: Bookmarks ON on input line 4468.
\c@Hy@tempcnt=\count292

(/usr/local/texlive/2026/texmf-dist/tex/latex/url/url.sty
\Urlmuskip=\muskip17
Package: url 2013/09/16  ver 3.4  Verb mode for urls, etc.
)
LaTeX Info: Redefining \url on input line 4807.
\XeTeXLinkMargin=\dimen158

(/usr/local/texlive/2026/texmf-dist/tex/generic/bitset/bitset.sty
Package: bitset 2019/12/09 v1.3 Handle bit-vector datatype (HO)

(/usr/local/texlive/2026/texmf-dist/tex/generic/bigintcalc/bigintcalc.sty
Package: bigintcalc 2019/12/15 v1.5 Expandable calculations on big integers (HO
)
))
\Fld@menulength=\count293
\Field@Width=\dimen159
\Fld@charsize=\dimen160
Package hyperref Info: Hyper figures OFF on input line 6084.
Package hyperref Info: Link nesting OFF on input line 6089.
Package hyperref Info: Hyper index ON on input line 6092.
Package hyperref Info: backreferencing OFF on input line 6099.
Package hyperref Info: Link coloring OFF on input line 6104.
Package hyperref Info: Link coloring with OCG OFF on input line 6109.
Package hyperref Info: PDF/A mode OFF on input line 6114.
\Hy@abspage=\count294
\c@Item=\count295
\c@Hfootnote=\count296
)
Package hyperref Info: Driver (autodetected): hpdftex.

(/usr/local/texlive/2026/texmf-dist/tex/latex/hyperref/hpdftex.def
File: hpdftex.def 2026-01-29 v7.01p Hyperref driver for pdfTeX
\Fld@listcount=\count297
\c@bookmark@seq@number=\count298

(/usr/local/texlive/2026/texmf-dist/tex/latex/rerunfilecheck/rerunfilecheck.sty
Package: rerunfilecheck 2025-06-21 v1.11 Rerun checks for auxiliary files (HO)

(/usr/local/texlive/2026/texmf-dist/tex/generic/uniquecounter/uniquecounter.sty
Package: uniquecounter 2019/12/15 v1.4 Provide unlimited unique counter (HO)
)
Package uniquecounter Info: New unique counter `rerunfilecheck' on input line 2
84.
)
\Hy@SectionHShift=\skip51
) (/usr/local/texlive/2026/texmf-dist/tex/latex/fancybox/fancybox.sty
Package: fancybox 2010/05/15 1.4

Style option: `fancybox' v1.4 <2010/05/15> (tvz)
\@fancybox=\box53
\shadowsize=\dimen161
\@Sbox=\box54
\do@VerbBox=\toks19
\the@fancyput=\toks20
\this@fancyput=\toks21
\EndVerbatimTokens=\toks22
\Verbatim@Outfile=\write3
\Verbatim@Infile=\read2
) (/usr/local/texlive/2026/texmf-dist/tex/latex/graphics/color.sty
Package: color 2025/01/14 v1.3e Standard LaTeX Color (DPC)

(/usr/local/texlive/2026/texmf-dist/tex/latex/graphics-cfg/color.cfg
File: color.cfg 2016/01/02 v1.6 sample color configuration
)
Package color Info: Driver file: pdftex.def on input line 149.

(/usr/local/texlive/2026/texmf-dist/tex/latex/graphics-def/pdftex.def
File: pdftex.def 2025/09/29 v1.2d Graphics/color driver for pdftex
)
(/usr/local/texlive/2026/texmf-dist/tex/latex/graphics/mathcolor.ltx))
(/usr/local/texlive/2026/texmf-dist/tex/latex/base/ifthen.sty
Package: ifthen 2024/03/16 v1.1e Standard LaTeX ifthen package (DPC)
)
(/usr/local/texlive/2026/texmf-dist/tex/latex/flowfram/flowfram.sty
Package: flowfram 2026/02/23 v2.1 (NLCT)

(/usr/local/texlive/2026/texmf-dist/tex/latex/graphics/graphics.sty
Package: graphics 2024/08/06 v1.4g Standard LaTeX Graphics (DPC,SPQR)

(/usr/local/texlive/2026/texmf-dist/tex/latex/graphics/trig.sty
Package: trig 2023/12/02 v1.11 sin cos tan (DPC)
)
(/usr/local/texlive/2026/texmf-dist/tex/latex/graphics-cfg/graphics.cfg
File: graphics.cfg 2016/06/04 v1.11 sample graphics configuration
)
Package graphics Info: Driver file: pdftex.def on input line 106.
)
(/usr/local/texlive/2026/texmf-dist/tex/latex/tools/afterpage.sty
Package: afterpage 2023/07/04 v1.08 After-Page Package (DPC)
\AP@output=\toks23
\AP@partial=\box55
\AP@footins=\box56
)
\fflabelsep=\skip52
\c@absolutepage=\count299
\c_flowfram_max_page_int=\count300
\typeblockwidth=\skip53
\typeblockheight=\skip54
\typeblockoffsety=\skip55
\c@maxflow=\count301
\c@thisframe=\count302
\c@displayedframe=\count303
\c@maxstatic=\count304
\c@maxdynamic=\count305
\l__flowfram_current_frame_int=\count306
\l__flowfram_current_abspage_int=\count307
\l__flowfram_current_static_int=\count308
\l__flowfram_current_dynamic_int=\count309
\l__flowfram_col_int=\count310
\l__flowfram_tmpa_int=\count311
\l__flowfram_tmpb_int=\count312
\l__flowfram_id_int=\count313
\l__flowfram_id_ii_int=\count314
\l__flowfram_type_int=\count315
\l__flowfram_type_ii_int=\count316
\l__flowfram_range_start_int=\count317
\l__flowfram_range_end_int=\count318
\l__flowfram_shape_int=\count319
\l__flowfram_tmpa_dim=\dimen162
\l__flowfram_tmpb_dim=\dimen163
\l__flowfram_sfdf_height_dim=\dimen164
\l__flowfram_sfdf_width_dim=\dimen165
\l__flowfram_x_dim=\dimen166
\l__flowfram_evenx_dim=\dimen167
\l__flowfram_y_dim=\dimen168
\l__flowfram_eveny_dim=\dimen169
\l__flowfram_width_dim=\dimen170
\l__flowfram_height_dim=\dimen171
\l__flowfram_offset_dim=\dimen172
\sdfparindent=\skip56
\g__flowfram_html_opts_int=\count320
\flowframesep=\skip57
\flowframerule=\skip58
\staticframe=\box57
\ffareawidth=\skip59
\ffareaheight=\skip60
\ffareax=\skip61
\ffareay=\skip62
\ffareaevenx=\skip63
\ffareaeveny=\skip64
\fftolerance=\skip65
\g__flowfram_saved_thisframe_int=\count321
\g__flowfram_dynamic_header_int=\count322
\g__flowfram_dynamic_even_header_int=\count323
\g__flowfram_dynamic_footer_int=\count324
\g__flowfram_dynamic_even_footer_int=\count325
\g__flowfram_current_page_int=\count326
\l__all_content_box=\box58
\l__all_content_height_dim=\dimen173
\g__flowfram_next_frame_int=\count327
\vcolumnsep=\skip66
\l__flowfram_adjust_height_int=\count328
\l__flowfram_this_strip_int=\count329
\ffcolumnseprule=\skip67
\l__flowfram_left_x_dim=\dimen174
\l__flowfram_left_y_dim=\dimen175
\l__flowfram_left_evenx_dim=\dimen176
\l__flowfram_left_eveny_dim=\dimen177
\l__flowfram_left_width_dim=\dimen178
\l__flowfram_left_height_dim=\dimen179
\g__flowfram_chaphead_frame_id=\count330
\flowfram@dfchap@sbox=\box59
\l__flowfram_df_chapbox_head_width_dim=\dimen180
\g__flowfram_chaphead_id_int=\count331
\c@maxthumbtabs=\count332
\c@thumbtabnonum=\count333
\thumbtabwidth=\skip68
\g__flowfram_minitoc_level_int=\count334
\c@maxtocunits=\count335
\c@maxminitoc=\count336
\g__flowfram_toc_level_int=\count337
\c_flowfram_level_part_int=\count338
\beforeminitocskip=\skip69
\afterminitocskip=\skip70
\g__flowfram_minitoc_frame_id=\count339
\c@minitoc=\count340
)
\leftwidth=\skip71
\rightwidth=\skip72
\g__flowfram_static_width_i_dim=\dimen181
\g__flowfram_static_height_i_dim=\dimen182
\g__flowfram_static_posx_i_dim=\dimen183
\g__flowfram_static_posy_i_dim=\dimen184
\g__flowfram_static_evenx_i_dim=\dimen185
\g__flowfram_static_eveny_i_dim=\dimen186
\g__flowfram_static_content_i_box=\box60
\g__flowfram_static_width_ii_dim=\dimen187
\g__flowfram_static_height_ii_dim=\dimen188
\g__flowfram_static_posx_ii_dim=\dimen189
\g__flowfram_static_posy_ii_dim=\dimen190
\g__flowfram_static_evenx_ii_dim=\dimen191
\g__flowfram_static_eveny_ii_dim=\dimen192
\g__flowfram_static_content_ii_box=\box61
\g__flowfram_static_width_iii_dim=\dimen193
\g__flowfram_static_height_iii_dim=\dimen194
\g__flowfram_static_posx_iii_dim=\dimen195
\g__flowfram_static_posy_iii_dim=\dimen196
\g__flowfram_static_evenx_iii_dim=\dimen197
\g__flowfram_static_eveny_iii_dim=\dimen198
\g__flowfram_static_content_iii_box=\box62
\g__flowfram_static_width_iv_dim=\dimen199
\g__flowfram_static_height_iv_dim=\dimen256
\g__flowfram_static_posx_iv_dim=\dimen257
\g__flowfram_static_posy_iv_dim=\dimen258
\g__flowfram_static_evenx_iv_dim=\dimen259
\g__flowfram_static_eveny_iv_dim=\dimen260
\g__flowfram_static_content_iv_box=\box63
\g__flowfram_static_width_v_dim=\dimen261
\g__flowfram_static_height_v_dim=\dimen262
\g__flowfram_static_posx_v_dim=\dimen263
\g__flowfram_static_posy_v_dim=\dimen264
\g__flowfram_static_evenx_v_dim=\dimen265
\g__flowfram_static_eveny_v_dim=\dimen266
\g__flowfram_static_content_v_box=\box64
\g__flowfram_static_width_vi_dim=\dimen267
\g__flowfram_static_height_vi_dim=\dimen268
\g__flowfram_static_posx_vi_dim=\dimen269
\g__flowfram_static_posy_vi_dim=\dimen270
\g__flowfram_static_evenx_vi_dim=\dimen271
\g__flowfram_static_eveny_vi_dim=\dimen272
\g__flowfram_static_content_vi_box=\box65
\g__flowfram_static_width_vii_dim=\dimen273
\g__flowfram_static_height_vii_dim=\dimen274
\g__flowfram_static_posx_vii_dim=\dimen275
\g__flowfram_static_posy_vii_dim=\dimen276
\g__flowfram_static_evenx_vii_dim=\dimen277
\g__flowfram_static_eveny_vii_dim=\dimen278
\g__flowfram_static_content_vii_box=\box66
\g__flowfram_static_width_viii_dim=\dimen279
\g__flowfram_static_height_viii_dim=\dimen280
\g__flowfram_static_posx_viii_dim=\dimen281
\g__flowfram_static_posy_viii_dim=\dimen282
\g__flowfram_static_evenx_viii_dim=\dimen283
\g__flowfram_static_eveny_viii_dim=\dimen284
\g__flowfram_static_content_viii_box=\box67
\g__flowfram_flow_width_i_dim=\dimen285
\g__flowfram_flow_height_i_dim=\dimen286
\g__flowfram_flow_posx_i_dim=\dimen287
\g__flowfram_flow_posy_i_dim=\dimen288
\g__flowfram_flow_evenx_i_dim=\dimen289
\g__flowfram_flow_eveny_i_dim=\dimen290
\g__flowfram_flow_column_i_box=\box68
\g__flowfram_dynamic_width_i_dim=\dimen291
\g__flowfram_dynamic_height_i_dim=\dimen292
\g__flowfram_dynamic_posx_i_dim=\dimen293
\g__flowfram_dynamic_posy_i_dim=\dimen294
\g__flowfram_dynamic_evenx_i_dim=\dimen295
\g__flowfram_dynamic_eveny_i_dim=\dimen296

(./sample.ttb
\g__thumbtab_i_start_int=\count341
\g__thumbtab_ii_start_int=\count342
\g__thumbtab_iii_start_int=\count343
\g__thumbtab_iv_start_int=\count344
)
\tf@ttb=\write4
\openout4 = `sample.ttb'.

\g__flowfram_dynamic_width_ii_dim=\dimen297
\g__flowfram_dynamic_height_ii_dim=\dimen298
\g__flowfram_dynamic_posx_ii_dim=\dimen299
\g__flowfram_dynamic_posy_ii_dim=\dimen300
\g__flowfram_dynamic_evenx_ii_dim=\dimen301
\g__flowfram_dynamic_eveny_ii_dim=\dimen302
\g__flowfram_dynamic_width_iii_dim=\dimen303
\g__flowfram_dynamic_height_iii_dim=\dimen304
\g__flowfram_dynamic_posx_iii_dim=\dimen305
\g__flowfram_dynamic_posy_iii_dim=\dimen306
\g__flowfram_dynamic_evenx_iii_dim=\dimen307
\g__flowfram_dynamic_eveny_iii_dim=\dimen308
\g__flowfram_dynamic_width_iv_dim=\dimen309
\g__flowfram_dynamic_height_iv_dim=\dimen310
\g__flowfram_dynamic_posx_iv_dim=\dimen311
\g__flowfram_dynamic_posy_iv_dim=\dimen312
\g__flowfram_dynamic_evenx_iv_dim=\dimen313
\g__flowfram_dynamic_eveny_iv_dim=\dimen314
\g__flowfram_dynamic_width_v_dim=\dimen315
\g__flowfram_dynamic_height_v_dim=\dimen316
\g__flowfram_dynamic_posx_v_dim=\dimen317
\g__flowfram_dynamic_posy_v_dim=\dimen318
\g__flowfram_dynamic_evenx_v_dim=\dimen319
\g__flowfram_dynamic_eveny_v_dim=\dimen320
\g__flowfram_dynamic_width_vi_dim=\dimen321
\g__flowfram_dynamic_height_vi_dim=\dimen322
\g__flowfram_dynamic_posx_vi_dim=\dimen323
\g__flowfram_dynamic_posy_vi_dim=\dimen324
\g__flowfram_dynamic_evenx_vi_dim=\dimen325
\g__flowfram_dynamic_eveny_vi_dim=\dimen326
\g__flowfram_dynamic_width_vii_dim=\dimen327
\g__flowfram_dynamic_height_vii_dim=\dimen328
\g__flowfram_dynamic_posx_vii_dim=\dimen329
\g__flowfram_dynamic_posy_vii_dim=\dimen330
\g__flowfram_dynamic_evenx_vii_dim=\dimen331
\g__flowfram_dynamic_eveny_vii_dim=\dimen332
\g__flowfram_dynamic_width_viii_dim=\dimen333
\g__flowfram_dynamic_height_viii_dim=\dimen334
\g__flowfram_dynamic_posx_viii_dim=\dimen335
\g__flowfram_dynamic_posy_viii_dim=\dimen336
\g__flowfram_dynamic_evenx_viii_dim=\dimen337
\g__flowfram_dynamic_eveny_viii_dim=\dimen338
\g__flowfram_dynamic_width_ix_dim=\dimen339
\g__flowfram_dynamic_height_ix_dim=\dimen340
\g__flowfram_dynamic_posx_ix_dim=\dimen341
\g__flowfram_dynamic_posy_ix_dim=\dimen342
\g__flowfram_dynamic_evenx_ix_dim=\dimen343
\g__flowfram_dynamic_eveny_ix_dim=\dimen344
\g__flowfram_dynamic_width_x_dim=\dimen345
\g__flowfram_dynamic_height_x_dim=\dimen346
\g__flowfram_dynamic_posx_x_dim=\dimen347
\g__flowfram_dynamic_posy_x_dim=\dimen348
\g__flowfram_dynamic_evenx_x_dim=\dimen349
\g__flowfram_dynamic_eveny_x_dim=\dimen350
\g__flowfram_dynamic_width_xi_dim=\dimen351
\g__flowfram_dynamic_height_xi_dim=\dimen352
\g__flowfram_dynamic_posx_xi_dim=\dimen353
\g__flowfram_dynamic_posy_xi_dim=\dimen354
\g__flowfram_dynamic_evenx_xi_dim=\dimen355
\g__flowfram_dynamic_eveny_xi_dim=\dimen356
\xoffset=\skip73
\yoffset=\skip74
LaTeX Font Info:    Trying to load font information for OT1+ptm on input line 1
30.
 (/usr/local/texlive/2026/texmf-dist/tex/latex/psnfss/ot1ptm.fd
File: ot1ptm.fd 2001/06/04 font definitions for OT1/ptm.
)
(/usr/local/texlive/2026/texmf-dist/tex/latex/l3backend/l3backend-pdftex.def
File: l3backend-pdftex.def 2025-10-09 L3 backend support: PDF output (pdfTeX)
\l__color_backend_stack_int=\count345
)
(./sample.aux)
\openout1 = `sample.aux'.

LaTeX Font Info:    Checking defaults for OML/cmm/m/it on input line 130.
LaTeX Font Info:    ... okay on input line 130.
LaTeX Font Info:    Checking defaults for OMS/cmsy/m/n on input line 130.
LaTeX Font Info:    ... okay on input line 130.
LaTeX Font Info:    Checking defaults for OT1/cmr/m/n on input line 130.
LaTeX Font Info:    ... okay on input line 130.
LaTeX Font Info:    Checking defaults for T1/cmr/m/n on input line 130.
LaTeX Font Info:    ... okay on input line 130.
LaTeX Font Info:    Checking defaults for TS1/cmr/m/n on input line 130.
LaTeX Font Info:    ... okay on input line 130.
LaTeX Font Info:    Checking defaults for OMX/cmex/m/n on input line 130.
LaTeX Font Info:    ... okay on input line 130.
LaTeX Font Info:    Checking defaults for U/cmr/m/n on input line 130.
LaTeX Font Info:    ... okay on input line 130.
LaTeX Font Info:    Checking defaults for PD1/pdf/m/n on input line 130.
LaTeX Font Info:    ... okay on input line 130.
LaTeX Font Info:    Checking defaults for PU/pdf/m/n on input line 130.
LaTeX Font Info:    ... okay on input line 130.

*geometry* driver: auto-detecting
*geometry* detected driver: pdftex
*geometry* verbose mode - [ preamble ] result:
* driver: pdftex
* paper: a4paper
* layout: <same size as paper>
* layoutoffset:(h,v)=(0.0pt,0.0pt)
* modes: twoside asymmetric 
* h-part:(L,W,R)=(72.26999pt, 452.9679pt, 72.26999pt)
* v-part:(T,H,B)=(72.26999pt, 700.50687pt, 72.26999pt)
* \paperwidth=597.50787pt
* \paperheight=845.04684pt
* \textwidth=452.9679pt
* \textheight=700.50687pt
* \oddsidemargin=0.0pt
* \evensidemargin=0.0pt
* \topmargin=-30.06749pt
* \headheight=12.0pt
* \headsep=18.06749pt
* \topskip=10.0pt
* \footskip=25.29494pt
* \marginparwidth=56.9055pt
* \marginparsep=7.0pt
* \columnsep=10.0pt
* \skip\footins=9.0pt plus 4.0pt minus 2.0pt
* \hoffset=0.0pt
* \voffset=0.0pt
* \mag=1000
* \@twocolumnfalse
* \@twosidetrue
* \@mparswitchfalse
* \@reversemarginfalse
* (1in=72.27pt=25.4mm, 1cm=28.453pt)

Package hyperref Info: Link coloring OFF on input line 130.
(./sample.out) (./sample.out)
\@outlinefile=\write5
\openout5 = `sample.out'.


(/usr/local/texlive/2026/texmf-dist/tex/context/base/mkii/supp-pdf.mkii
[Loading MPS to PDF converter (version 2006.09.02).]
\scratchcounter=\count346
\scratchdimen=\dimen357
\scratchbox=\box69
\nofMPsegments=\count347
\nofMParguments=\count348
\everyMPshowfont=\toks24
\MPscratchCnt=\count349
\MPscratchDim=\dimen358
\MPnumerator=\count350
\makeMPintoPDFobject=\count351
\everyMPtoPDFconversion=\toks25
) (/usr/local/texlive/2026/texmf-dist/tex/latex/epstopdf-pkg/epstopdf-base.sty
Package: epstopdf-base 2020-01-24 v2.11 Base part for package epstopdf
Package epstopdf-base Info: Redefining graphics rule for `.eps' on input line 4
85.

(/usr/local/texlive/2026/texmf-dist/tex/latex/latexconfig/epstopdf-sys.cfg
File: epstopdf-sys.cfg 2010/07/13 v1.3 Configuration of (r)epstopdf for TeX Liv
e
))
LaTeX Font Info:    External font `cmex10' loaded for size
(Font)              <12> on input line 138.
LaTeX Font Info:    External font `cmex10' loaded for size
(Font)              <8> on input line 138.
LaTeX Font Info:    External font `cmex10' loaded for size
(Font)              <6> on input line 138.
LaTeX Font Info:    Trying to load font information for OT1+pcr on input line 1
38.

(/usr/local/texlive/2026/texmf-dist/tex/latex/psnfss/ot1pcr.fd
File: ot1pcr.fd 2001/06/04 font definitions for OT1/pcr.
)
LaTeX Font Info:    External font `cmex10' loaded for size
(Font)              <7> on input line 138.
LaTeX Font Info:    External font `cmex10' loaded for size
(Font)              <5> on input line 138.
LaTeX Font Info:    Trying to load font information for OT1+phv on input line 1
38.

(/usr/local/texlive/2026/texmf-dist/tex/latex/psnfss/ot1phv.fd
File: ot1phv.fd 2020/03/25 scalable font definitions for OT1/phv.
) [1


{/usr/local/texlive/2026/texmf-var/fonts/map/pdftex/updmap/pdftex.map}{/usr/loc
al/texlive/2026/texmf-dist/fonts/enc/dvips/base/8r.enc}] [2

]
\tf@toc=\write6
\openout6 = `sample.toc'.

 [1



] [2


]
Chapter 1.

Underfull \hbox (badness 10000) in paragraph at lines 160--160
[]\OT1/ptm/m/n/10 A marginal
 []

[1


] [2

]
Chapter 2.

Overfull \hbox (4.1144pt too wide) in paragraph at lines 171--174
[]\OT1/ptm/m/n/10 The \OT1/phv/m/n/10 flowfram \OT1/ptm/m/n/10 pack-age pro-vid
es three types of frame: flow frames,
 []

[3

] [4

]
Chapter 3.
LaTeX Font Info:    Trying to load font information for OML+ptm on input line 2
16.
(/usr/local/texlive/2026/texmf-dist/tex/latex/psnfss/omlptm.fd
File: omlptm.fd 
)
LaTeX Font Info:    Font shape `OML/ptm/m/n' in size <10> not available
(Font)              Font shape `OML/cmm/m/it' tried instead on input line 216.

Overfull \hbox (4.62083pt too wide) in paragraph at lines 263--266
[]\OT1/ptm/m/n/10 If this value is set, the static frame will be cleared
 []


Overfull \hbox (12.01483pt too wide) in paragraph at lines 267--276
\OT1/ptm/m/n/10 mand that takes a sin-gle ar-gu-ment, for ex-am-ple [][]\OT1/pc
r/m/n/10 style=textbf
 []

[5

] [6

]
Chapter 4.

Overfull \hbox (5.30424pt too wide) in paragraph at lines 290--294
[]\OT1/ptm/m/n/10 You can see the lay-out for the cur-rent page (ir-re-spec-tiv
e of whether
 []


Overfull \hbox (8.315pt too wide) in paragraph at lines 295--298
\OT1/ptm/m/n/10 shown in draft mode), ac-cord-ing to the for-mat given by \OT1/
pcr/m/n/10 \pagestyle\OT1/ptm/m/n/10 . 
 []

[7

]
LaTeX Font Info:    Trying to load font information for TS1+ptm on input line 3
62.
 (/usr/local/texlive/2026/texmf-dist/tex/latex/psnfss/ts1ptm.fd
File: ts1ptm.fd 2001/06/04 font definitions for TS1/ptm.
)
Underfull \hbox (badness 10000) in paragraph at lines 383--383
[]\OT1/ptm/m/n/10 Another
 []


Overfull \hbox (23.75484pt too wide) in paragraph at lines 381--384
[]\OT1/ptm/m/n/10 The fol-low-ing are lengths, which can be changed us-ing \OT1
/pcr/m/n/10 \setlength\OT1/ptm/m/n/10 :
 []

[8] [9

] [10

] (./sample.aux)
 ***********
LaTeX2e <2025-11-01>
L3 programming layer <2026-01-19>
 ***********
Package rerunfilecheck Info: File `sample.out' has not changed.
(rerunfilecheck)             Checksum: 36BAEC9B80E6DC1C4832210CA803AF4C;1534.
Package rerunfilecheck Info: File `sample.toc' has not changed.
(rerunfilecheck)             Checksum: F399BEB6BE11A8E42475DC4C2A7516A7;881.
 ) 
Here is how much of TeX's memory you used:
 11980 strings out of 467525
 216760 string characters out of 5418982
 635832 words of memory out of 5000000
 40720 multiletter control sequences out of 15000+600000
 656493 words of font info for 85 fonts, out of 8000000 for 9000
 1141 hyphenation exceptions out of 8191
 75i,13n,83p,265b,540s stack positions out of 10000i,1000n,20000p,200000b,200000s
</usr/local/texlive/2026/texmf-dist/fonts/type1/public/amsfonts/cm/cmmi10.pfb
></usr/local/texlive/2026/texmf-dist/fonts/type1/urw/courier/ucrr8a.pfb></usr/l
ocal/texlive/2026/texmf-dist/fonts/type1/urw/helvetic/uhvr8a.pfb></usr/local/te
xlive/2026/texmf-dist/fonts/type1/urw/times/utmb8a.pfb></usr/local/texlive/2026
/texmf-dist/fonts/type1/urw/times/utmr8a.pfb></usr/local/texlive/2026/texmf-dis
t/fonts/type1/urw/times/utmri8a.pfb>
Output written on sample.pdf (14 pages, 98735 bytes).
PDF statistics:
 190 PDF objects out of 1000 (max. 8388607)
 160 compressed objects within 2 object streams
 34 named destinations out of 1000 (max. 500000)
 97 words of extra memory for PDF output out of 10000 (max. 10000000)

