This is pdfTeX, Version 3.141592653-2.6-1.40.29 (TeX Live 2026) (preloaded format=pdflatex 2026.4.24)  13 JUL 2026 00:19
entering extended mode
 restricted \write18 enabled.
 %&-line parsing enabled.
**example.tex
(./example.tex
LaTeX2e <2025-11-01>
L3 programming layer <2026-01-19>

LaTeX Info: Writing file `./signatur.ps'.

\openout15 = `signatur.ps'.


LaTeX Warning: Writing text `    ' before \end{filecontents*}
               \end {filecontents*}as last line of signatur.ps on input line 11
8.


(/usr/local/texlive/2026/texmf-dist/tex/latex/dinbrief/dinbrief.cls

Document Class/Style 'dinbrief' - Version 1.73 
University of Karlsruhe - 2000/03/02 12:49:21 

*** dinbrief: Running in LaTeX 2e mode!
*** dinbrief: NFSS 2!
Document Class: dinbrief 2000/03/02 LaTeX2e class
\ka@db@tmpdima=\dimen148
\ka@db@tmpdimb=\dimen149
\@mainlbl=\write3
\GZA=\dimen150
\ltf@headheight=\dimen151
\lts@headheight=\dimen152
\ltf@headsep=\dimen153
\lts@headsep=\dimen154
\ltf@textheight=\dimen155
\lts@textheight=\dimen156
\ka@db@txtlmarg=\dimen157
\addrhpos=\dimen158
\addrvpos=\dimen159
\addrwd=\dimen160
\addrht=\dimen161
\addroffset=\dimen162
\ka@db@addrhoffs=\dimen163
\backaddrht=\dimen164
\reflinevpos=\dimen165
\ufldmarkvpos=\dimen166
\lfldmarkvpos=\dimen167
\perfmarkvpos=\dimen168
\ka@db@foldmarkhoffs=\dimen169
\ka@db@perfmarkhoffs=\dimen170
\ka@db@foldmarklen=\dimen171
\ka@db@perfmarklen=\dimen172
\bottomtextvpos=\dimen173
\ka@db@headup=\dimen174
\ka@db@vfuzz=\dimen175
\ka@db@stdskip=\dimen176
\ka@db@fieldwd=\dimen177
\ka@db@fldskip=\dimen178
\ka@db@shfldwd=\dimen179
\ka@db@indadr=\dimen180
\dlabelheight=\dimen181
\dlabeltopmargin=\dimen182
\dlabelwidth=\dimen183
\clabelnumber=\count275
\cspare=\count276
\c@lt@state=\count277
\c@letter=\count278
\labelcount=\count279
\c@labelgen=\count280
\yearcnt=\count281
\@betr=\box53
(/usr/local/texlive/2026/texmf-dist/tex/latex/dinbrief/dinbrief.cfg))
==> First Aid for dinbrief.cls applied!
(/usr/local/texlive/2026/texmf-dist/tex/generic/german/german.sty
v2.5e 1998-07-08
Package: german 1998/07/08 v2.5e Support for writing german texts (br)
LaTeX Encoding Info:    Ignoring declaration for text command \" (encoding ?) o
n input line 114.
LaTeX Encoding Info:    Ignoring declaration for text command \ss (encoding ?) 
on input line 115.
LaTeX Encoding Info:    Ignoring declaration for text command \i (encoding ?) o
n input line 116.
LaTeX Encoding Info:    Ignoring declaration for text command \SS (encoding ?) 
on input line 117.
\grmnU@D=\dimen184
LaTeX Encoding Info:    Redeclaring text command \" (encoding T1) on input line
 316.
LaTeX Encoding Info:    Redeclaring text command \" (encoding OT1) on input lin
e 317.
german -- \language number for Austrian undefined, default 34 used.
)
==> First Aid for german.sty applied!
(/usr/local/texlive/2026/texmf-dist/tex/latex/graphics/graphicx.sty
Package: graphicx 2024/12/31 v1.2e Enhanced LaTeX Graphics (DPC,SPQR)

(/usr/local/texlive/2026/texmf-dist/tex/latex/graphics/keyval.sty
Package: keyval 2022/05/29 v1.15 key=value parser (DPC)
\KV@toks@=\toks17
)
(/usr/local/texlive/2026/texmf-dist/tex/latex/graphics/graphics.sty
Package: graphics 2024/08/06 v1.4g Standard LaTeX Graphics (DPC,SPQR)

(/usr/local/texlive/2026/texmf-dist/tex/latex/graphics/trig.sty
Package: trig 2023/12/02 v1.11 sin cos tan (DPC)
)
(/usr/local/texlive/2026/texmf-dist/tex/latex/graphics-cfg/graphics.cfg
File: graphics.cfg 2016/06/04 v1.11 sample graphics configuration
)
Package graphics Info: Driver file: pdftex.def on input line 106.

(/usr/local/texlive/2026/texmf-dist/tex/latex/graphics-def/pdftex.def
File: pdftex.def 2025/09/29 v1.2d Graphics/color driver for pdftex
))
\Gin@req@height=\dimen185
\Gin@req@width=\dimen186
)
(./brfkopf.tex
\UKAwd=\skip49
\ADDRwd=\skip50
)
No file example.aux.
\openout1 = `example.aux'.

LaTeX Font Info:    Checking defaults for OML/cmm/m/it on input line 129.
LaTeX Font Info:    ... okay on input line 129.
LaTeX Font Info:    Checking defaults for OMS/cmsy/m/n on input line 129.
LaTeX Font Info:    ... okay on input line 129.
LaTeX Font Info:    Checking defaults for OT1/cmr/m/n on input line 129.
LaTeX Font Info:    ... okay on input line 129.
LaTeX Font Info:    Checking defaults for T1/cmr/m/n on input line 129.
LaTeX Font Info:    ... okay on input line 129.
LaTeX Font Info:    Checking defaults for TS1/cmr/m/n on input line 129.
LaTeX Font Info:    ... okay on input line 129.
LaTeX Font Info:    Checking defaults for OMX/cmex/m/n on input line 129.
LaTeX Font Info:    ... okay on input line 129.
LaTeX Font Info:    Checking defaults for U/cmr/m/n on input line 129.
LaTeX Font Info:    ... okay on input line 129.

LaTeX Warning: \oval, \circle, or \line size unavailable on input line 151.

LaTeX Font Info:    External font `cmex10' loaded for size
(Font)              <12> on input line 151.
LaTeX Font Info:    External font `cmex10' loaded for size
(Font)              <8> on input line 151.
LaTeX Font Info:    External font `cmex10' loaded for size
(Font)              <6> on input line 151.
LaTeX Font Info:    External font `cmex10' loaded for size
(Font)              <9> on input line 151.
LaTeX Font Info:    External font `cmex10' loaded for size
(Font)              <5> on input line 151.

! LaTeX Error: Unknown graphics extension: .ps.

See the LaTeX manual or LaTeX Companion for explanation.
Type  H <return>  for immediate help.
 ...                                              
                                                  
\GenericError  ...                                
                                                  \endgroup 
<argument> ...graphics extension: \Gin@ext }\@ehc 
                                                  \else \expandafter \Gin@se...

\@ifundefin@d@ii \fi #1#2#3->\fi #2
                                   
\Ginclude@graphics ...sname {\Gin@base \Gin@ext }}
                                                  \fi \endgroup 
\Gin@ii ...eys {Gin}{#1}\Gin@esetsize \the \toks@ 
                                                  \endgroup \fi 
\ka@db@closing ...3} \setbox \@tempboxa =\hbox {#1
                                                  } \ka@db@tmpdimb =\ht \@te...
l.169             {Mit freundlichen Gr"u"sen}
                                             
Try typing  <return>  to proceed.
If that doesn't work, type  X <return>  to quit.

 
Here is how much of TeX's memory you used:
 1195 strings out of 467525
 16924 string characters out of 5418982
 437756 words of memory out of 5000000
 30152 multiletter control sequences out of 15000+600000
 632588 words of font info for 56 fonts, out of 8000000 for 9000
 1141 hyphenation exceptions out of 8191
 57i,8n,65p,189b,324s stack positions out of 10000i,1000n,20000p,200000b,200000s
!  ==> Fatal error occurred, no output PDF file produced!
