error: unexpected end of block comment
   ┌─ dataset_expansion/runs/pubmed_table_002__1turn__sonnet__dsx/work/output.typ:22:28
   │
22 │   [*FA%*], [*C*], [*D*], [*D*/*EVOO*], [*D*/*OOHF*], [*D*/*OOLF*], [*EVOO*], [*OOHF*], [*OOLF*],
   │                             ^^
   │
   = hint: consider escaping the `*` with a backslash or opening the block comment with `/*`

error: unclosed delimiter
   ┌─ dataset_expansion/runs/pubmed_table_002__1turn__sonnet__dsx/work/output.typ:22:35
   │
22 │   [*FA%*], [*C*], [*D*], [*D*/*EVOO*], [*D*/*OOHF*], [*D*/*OOLF*], [*EVOO*], [*OOHF*], [*OOLF*],
   │                                    ^

error: unexpected end of block comment
   ┌─ dataset_expansion/runs/pubmed_table_002__1turn__sonnet__dsx/work/output.typ:22:42
   │
22 │   [*FA%*], [*C*], [*D*], [*D*/*EVOO*], [*D*/*OOHF*], [*D*/*OOLF*], [*EVOO*], [*OOHF*], [*OOLF*],
   │                                           ^^
   │
   = hint: consider escaping the `*` with a backslash or opening the block comment with `/*`

error: unclosed delimiter
   ┌─ dataset_expansion/runs/pubmed_table_002__1turn__sonnet__dsx/work/output.typ:22:49
   │
22 │   [*FA%*], [*C*], [*D*], [*D*/*EVOO*], [*D*/*OOHF*], [*D*/*OOLF*], [*EVOO*], [*OOHF*], [*OOLF*],
   │                                                  ^

error: unexpected end of block comment
   ┌─ dataset_expansion/runs/pubmed_table_002__1turn__sonnet__dsx/work/output.typ:22:56
   │
22 │   [*FA%*], [*C*], [*D*], [*D*/*EVOO*], [*D*/*OOHF*], [*D*/*OOLF*], [*EVOO*], [*OOHF*], [*OOLF*],
   │                                                         ^^
   │
   = hint: consider escaping the `*` with a backslash or opening the block comment with `/*`

error: unclosed delimiter
   ┌─ dataset_expansion/runs/pubmed_table_002__1turn__sonnet__dsx/work/output.typ:22:63
   │
22 │   [*FA%*], [*C*], [*D*], [*D*/*EVOO*], [*D*/*OOHF*], [*D*/*OOLF*], [*EVOO*], [*OOHF*], [*OOLF*],
   │                                                                ^

error: unclosed delimiter
   ┌─ dataset_expansion/runs/pubmed_table_002__1turn__sonnet__dsx/work/output.typ:23:3
   │
23 │   [*C*14:0], [2.30 ± 0.36], [2.19 ± 0.49], [2.08 ± 0.34], [2.18 ± 0.33], [2.26 ± 0.43], [2.23 ± 0.34], [1.94 ± 0.28], [1.93 ± 0.30],
   │    ^

error: unclosed delimiter
   ┌─ dataset_expansion/runs/pubmed_table_002__1turn__sonnet__dsx/work/output.typ:24:3
   │
24 │   [*C*16:0], [25.96 ± 1.32], [26.44 ± 1.90], [22.34 ± 1.71§§\*\*], [25.15 ± 1.89], [24.17 ± 1.87], [1.15§§\*\* 20.31 ±], [24.41 ± 1.68], [20.91 ± 1.74§§\*\*],
   │    ^

error: unclosed delimiter
   ┌─ dataset_expansion/runs/pubmed_table_002__1turn__sonnet__dsx/work/output.typ:25:3
   │
25 │   [*C*18:0], [16.54 ± 3.30], [1.26§ 22.96 ±], [19.78 ± 1.89\*], [20.94 ± 0.96\*], [20.58 ± 2.03\*], [15.37 ± 1.34\*\*], [19.27 ± 1.24\*\*], [20.80 ± 3.50\*],
   │    ^

error: unclosed delimiter
   ┌─ dataset_expansion/runs/pubmed_table_002__1turn__sonnet__dsx/work/output.typ:26:3
   │
26 │   [*C*20:0], [0.20 ± 0.04], [0.09§§ 0.36 ±], [0.21 ± 0.06\*\*], [0.19 ± 0.08\*\*], [0.08§§ 0.41 ±], [0.22 ± 0.05\*\*], [0.21 ± 0.12\*\*], [0.05§§ 0.39 ±],
   │    ^

error: unclosed delimiter
   ┌─ dataset_expansion/runs/pubmed_table_002__1turn__sonnet__dsx/work/output.typ:27:3
   │
27 │   [*C*22:0], [1.04 ± 0.24], [0.47§ 1.65 ±], [0.86 ± 0.21\*\*], [1.21 ± 0.32], [1.24 ± 0.40], [1.14 ± 0.26], [1.53 ± 0.38], [1.16 ± 0.15],
   │    ^

error: unclosed delimiter
   ┌─ dataset_expansion/runs/pubmed_table_002__1turn__sonnet__dsx/work/output.typ:28:3
   │
28 │   [*C*24:0], [0.94 ± 0.26], [1.11 ± 0.36], [0.92 ± 0.37], [0.54 ± 0.21\*], [1.13 ± 0.44], [0.95 ± 0.42], [0.21§\*\* 0.47 ±], [1.12 ± 0.63],
   │    ^

error: unclosed delimiter
   ┌─ dataset_expansion/runs/pubmed_table_002__1turn__sonnet__dsx/work/output.typ:30:3
   │
30 │   [*C*14:1], [0.55 ± 0.14], [0.71 ± 0.15], [0.76 ± 0.16], [0.74 ± 0.11], [0.54 ± 0.12], [0.73 ± 0.09], [0.55 ± 0.12], [0.64 ± 0.10],
   │    ^

error: unclosed delimiter
   ┌─ dataset_expansion/runs/pubmed_table_002__1turn__sonnet__dsx/work/output.typ:31:3
   │
31 │   [*C*16:1], [0.40 ± 0.06], [0.33 ± 0.07], [0.07§\*\* 0.63 ±], [0.53 ± 0.09\*], [0.38 ± 0.05], [0.05§\*\* 0.57 ±], [0.51 ± 0.05\*\*], [0.34 ± 0.06],
   │    ^

error: unclosed delimiter
   ┌─ dataset_expansion/runs/pubmed_table_002__1turn__sonnet__dsx/work/output.typ:32:3
   │
32 │   [*C*18:1], [17.15 ± 0.19], [15.67 ± 1.10], [19.64 ± 1.33\*], [15.54 ± 1.17], [16.08 ± 1.35], [0.96§§\*\* 21.88 ±], [17.74 ± 0.37], [1.14§\* 19.30 ±],
   │    ^

error: unclosed delimiter
   ┌─ dataset_expansion/runs/pubmed_table_002__1turn__sonnet__dsx/work/output.typ:33:3
   │
33 │   [*C*20:1], [0.23 ± 0.07], [0.20 ± 0.06], [0.18§§\*\* 1.06 ±], [0.12§\* 0.40 ±], [0.22 ± 0.08], [0.12§\* 0.42 ±], [0.40§§\*\* 1.35 ±], [0.05§\* 0.38 ±],
   │    ^

error: unclosed delimiter
   ┌─ dataset_expansion/runs/pubmed_table_002__1turn__sonnet__dsx/work/output.typ:34:3
   │
34 │   [*C*22:1], [0.18 ± 0.04], [0.03§ 0.09 ±], [0.23§ 1.13 ±], [0.11§§ 0.46 ±], [0.20 ± 0.03\*\*], [0.87 ± 0.24], [0.24§§\*\* 1.5 ±], [0.56§\* 1.67 ±],
   │    ^

error: unclosed delimiter
   ┌─ dataset_expansion/runs/pubmed_table_002__1turn__sonnet__dsx/work/output.typ:35:3
   │
35 │   [*C*24:1], [1.62 ± 0.16], [0.25§ 0.89 ±], [1.97 ± 0.56\*], [1.44 ± 0.39], [1.37 ± 0.39], [2.27 ± 0.46\*], [1.27 ± 0.28], [1.66 ± 0.73],
   │    ^

error: unclosed delimiter
   ┌─ dataset_expansion/runs/pubmed_table_002__1turn__sonnet__dsx/work/output.typ:37:3
   │
37 │   [*C*18:2 ω6], [11.76 ± 0.84], [11.19 ± 0.82], [11.41 ± 0.74], [11.53 ± 0.48], [11.50 ± 0.21], [11.58 ± 0.66], [11.83 ± 1.32], [11.44 ± 0.39],
   │    ^

error: unclosed delimiter
   ┌─ dataset_expansion/runs/pubmed_table_002__1turn__sonnet__dsx/work/output.typ:38:3
   │
38 │   [*C*18:3w3ALA], [0.36 ± 0.09], [0.39 ± 0.1], [0.48 ± 0.04], [0.39 ± 0.05], [0.49 ± 0.04], [0.43 ± 0.09], [0.40 ± 0.18], [0.14§§\* 0.65 ±],
   │    ^

error: unclosed delimiter
   ┌─ dataset_expansion/runs/pubmed_table_002__1turn__sonnet__dsx/work/output.typ:39:3
   │
39 │   [*C*20:2 ω6], [0.29 ± 0.10], [0.20§ 0.52 ±], [0.36 ± 0.13], [0.30 ± 0.10\*], [0.18§§\* 0.79 ±], [0.36 ± 0.10], [0.34 ± 0.11], [0.17§§ 0.57 ±],
   │    ^

error: unclosed delimiter
   ┌─ dataset_expansion/runs/pubmed_table_002__1turn__sonnet__dsx/work/output.typ:40:3
   │
40 │   [*C*20:3 ω6], [0.40 ± 0.14], [0.24 ± 0.07], [0.41 ± 0.17], [0.29 ± 0.10], [0.60 ± 0.24\*], [0.56 ± 0.25\*], [0.52 ± 0.14\*], [0.63 ± 0.37\*],
   │    ^

error: unclosed delimiter
   ┌─ dataset_expansion/runs/pubmed_table_002__1turn__sonnet__dsx/work/output.typ:41:3
   │
41 │   [*C*20:4 ω6], [14.39 ± 2.03], [14.45 ± 1.81], [11.35 ± 1.70§§\*\*], [13.57 ± 1.85], [12.81 ± 1.47], [1.48§§\*\* 11.20 ±], [14.17 ± 1.82], [12.76 ± 1.51],
   │    ^

error: unclosed delimiter
   ┌─ dataset_expansion/runs/pubmed_table_002__1turn__sonnet__dsx/work/output.typ:42:3
   │
42 │   [*C*20:5w3EPA], [0.31 ± 0.16], [0.35 ± 0.19], [0.39 ± 0.02], [0.46 ± 0.12], [0.33 ± 0.14], [0.12§§\* 0.73 ±], [0.12§§\* 0.63 ±], [0.14§§\* 0.73 ±],
   │    ^

error: unclosed delimiter
   ┌─ dataset_expansion/runs/pubmed_table_002__1turn__sonnet__dsx/work/output.typ:43:6
   │
43 │   [ω6 *C*22:4], [0.82 ± 0.19], [0.08§§ 0.32 ±], [0.67 ± 0.05\*\*], [0.15§\*\* 1.08 ±], [0.19§\*\* 1.21 ±], [1.05 ± 0.30\*], [0.68 ± 0.16\*], [0.23§\*\* 1.25 ±],
   │       ^

error: unclosed delimiter
   ┌─ dataset_expansion/runs/pubmed_table_002__1turn__sonnet__dsx/work/output.typ:44:3
   │
44 │   [*C*22:5w3*D*PA], [0.67 ± 0.24], [0.07§§ 0.18 ±], [0.80 ± 0.15\*\*], [0.17§ 0.30 ±], [0.14§ 0.23 ±], [0.27§\*\* 1.03 ±], [0.16§ 0.29 ±], [0.15§ 0.29 ±],
   │    ^

error: unclosed delimiter
   ┌─ dataset_expansion/runs/pubmed_table_002__1turn__sonnet__dsx/work/output.typ:45:3
   │
45 │   [*C*22:6w3*D*HA], [1.34 ± 0.31], [0.07§§ 0.20 ±], [0.94 ± 0.20\*\*], [0.46§\*\* 1.98 ±], [1.48 ± 0.43\*\*], [1.84 ± 0.42\*\*], [1.36 ± 0.25\*\*], [1.05 ± 0.26\*\*],
   │    ^

