This is pdfTeX, Version 3.141592653-2.6-1.40.29 (TeX Live 2026) (preloaded format=pdflatex)
 restricted \write18 enabled.
entering extended mode
(./bmstu-examples.tex
LaTeX2e <2025-11-01>
L3 programming layer <2026-01-19>
(/usr/local/texlive/2026/texmf-dist/tex/latex/bmstu/bmstu.cls
Document Class: bmstu 2023/01/28 v2.0.0 BMSTU class
(/usr/local/texlive/2026/texmf-dist/tex/latex/extsizes/extreport.cls
Document Class: extreport 1996/10/08 v1.0 Non Standard LaTeX document class
(/usr/local/texlive/2026/texmf-dist/tex/latex/extsizes/size14.clo)
(/usr/local/texlive/2026/texmf-dist/tex/latex/base/exscale.sty))
(/usr/local/texlive/2026/texmf-dist/tex/latex/base/fontenc.sty
(/usr/local/texlive/2026/texmf-dist/tex/latex/cyrillic/t2aenc.def
(/usr/local/texlive/2026/texmf-dist/tex/latex/base/t2aenc.dfu))
(/usr/local/texlive/2026/texmf-dist/tex/latex/cyrillic/t2acmr.fd)
kpathsea: Running mktextfm larm1440
mktextfm: Running mf-nowin -progname=mf \mode:=ljfour; mag:=1; ; nonstopmode; input larm1440
This is METAFONT, Version 2.71828182 (TeX Live 2026) (preloaded base=mf)

kpathsea: Running mktexmf larm1440
mf: /Users/yashashwisinghania/Library/texlive/2026/texmf-var/fonts/source/lh/lh-t2a/larm1440.mf: successfully generated.


(/Users/yashashwisinghania/Library/texlive/2026/texmf-var/fonts/source/lh/lh-t2
a/larm1440.mf
(/usr/local/texlive/2026/texmf-dist/fonts/source/lh/base/fikparm.mf
(/usr/local/texlive/2026/texmf-dist/fonts/source/public/cm/cmbase.mf)
(/usr/local/texlive/2026/texmf-dist/fonts/source/lh/base/lcyrbeg.mf)
(/usr/local/texlive/2026/texmf-dist/fonts/source/lh/base/lkligtbl.mf)
>> 14.4
>> "input ecrm"
(/usr/local/texlive/2026/texmf-dist/fonts/source/jknappen/ec/ecrm.mf)
(/usr/local/texlive/2026/texmf-dist/fonts/source/lh/lh-t2a/lacodes.mf)
(/usr/local/texlive/2026/texmf-dist/fonts/source/lh/base/lcyrdefs.mf)
(/usr/local/texlive/2026/texmf-dist/fonts/source/lh/base/leroman.mf
(/usr/local/texlive/2026/texmf-dist/fonts/source/lh/base/lxpseudo.mf)
(/usr/local/texlive/2026/texmf-dist/fonts/source/jknappen/ec/exrulett.mf
[65] [66] [67] [68] [69] [70] [71] [72] [73] [74] [75] [76] [77] [78] [79]
[80] [81] [82] [83] [84] [85] [86] [87] [88] [89] [90])
(/usr/local/texlive/2026/texmf-dist/fonts/source/jknappen/ec/exrllett.mf
[97] [98] [99] [100] [101] [102] [103] [104] [105] [106] [107] [108] [109]
[110] [111] [112] [113] [114] [115] [116] [117] [118] [119] [120] [121]
[122]) (/usr/local/texlive/2026/texmf-dist/fonts/source/lh/base/lgcyru.mf
(/usr/local/texlive/2026/texmf-dist/fonts/source/lh/base/lgrusu.mf [192]
[193] [194] [195] [196] [197] [198] [199] [200] [201] [202] [203] [204]
[205] [206] [207] [208] [209] [210] [211] [212] [213] [214] [215] [216]
[217] [218] [219] [220] [221] [222] [223] [156])
(/usr/local/texlive/2026/texmf-dist/fonts/source/lh/base/lgt2comu.mf [131]
[130] [136] [135] [155] [143] [150] [128] [142] [144] [146] [153])
(/usr/local/texlive/2026/texmf-dist/fonts/source/lh/base/lgt2upu.mf [129]
[132] [133] [134] [137] [138] [141] [145] [147] [148] [149] [152] [154])
(/usr/local/texlive/2026/texmf-dist/fonts/source/lh/base/lgt2lou.mf [140]
[139] [151]))
(/usr/local/texlive/2026/texmf-dist/fonts/source/lh/base/lgcyrl.mf
(/usr/local/texlive/2026/texmf-dist/fonts/source/lh/base/lgrusl.mf [224]
[225] [226] [227] [228] [229] [230] [231] [232] [233] [234] [235] [236]
[237] [238] [239] [240] [241] [242] [243] [244] [245] [246] [247] [248]
[249] [250] [251] [252] [253] [254] [255] [188])
(/usr/local/texlive/2026/texmf-dist/fonts/source/lh/base/lgt2coml.mf [163]
[162] [167] [187] [175] [182] [160] [168] [174] [176] [178] [185])
(/usr/local/texlive/2026/texmf-dist/fonts/source/lh/base/lgt2upl.mf [161]
[164] [165] [166] [169] [170] [173] [177] [179] [180] [181] [184] [186])
(/usr/local/texlive/2026/texmf-dist/fonts/source/lh/base/lgt2lol.mf [172]
[171] [183]))
(/usr/local/texlive/2026/texmf-dist/fonts/source/lh/base/lgcyrsym.mf [13]
[14] [15] [22] [24] [23] [34] [157] [158] [159] [189] [190] [191])
(/usr/local/texlive/2026/texmf-dist/fonts/source/lh/base/lgengsym.mf [16]
[17] [21] [32] [33] [35] [36] [37] [39] [40] [41] [42] [43] [44] [45] [46]
[47] [58] [59] [60] [62] [61] [64] [91] [92] [93] [94] [95] [96] [123] [124]
[125] [126] [127])
(/usr/local/texlive/2026/texmf-dist/fonts/source/lh/base/lgromp.mf [38]
[63]) (/usr/local/texlive/2026/texmf-dist/fonts/source/lh/base/lgrdigit.mf
[48] [49] [50] [51] [52] [53] [54] [55] [56] [57])
(/usr/local/texlive/2026/texmf-dist/fonts/source/lh/base/lgrlig.mf [25]
[26] [28] [27] [29] [30] [31])
(/usr/local/texlive/2026/texmf-dist/fonts/source/lh/base/lgcyracc.mf [0]
[1] [2] [3] [4] [5] [6] [7] [8] [9] [10] [11] [12] [19] [20] [18])
(/usr/local/texlive/2026/texmf-dist/fonts/source/lh/base/llvligtb.mf)
(/usr/local/texlive/2026/texmf-dist/fonts/source/lh/base/llrligtb.mf)
(/usr/local/texlive/2026/texmf-dist/fonts/source/lh/lh-t2a/laliker.mf) ) ) )
(some charht values had to be adjusted by as much as 0.07544pt)
Font metrics written on larm1440.tfm.
Output written on larm1440.600gf (256 characters, 69804 bytes).
Transcript written on larm1440.log.
mktextfm: /Users/yashashwisinghania/Library/texlive/2026/texmf-var/fonts/tfm/lh/lh-t2a/larm1440.tfm: successfully generated.
)
(/usr/local/texlive/2026/texmf-dist/tex/latex/base/inputenc.sty)
(/usr/local/texlive/2026/texmf-dist/tex/generic/babel/babel.sty
(/usr/local/texlive/2026/texmf-dist/tex/generic/babel/txtbabel.def)
(/usr/local/texlive/2026/texmf-dist/tex/generic/babel/locale/en/babel-english.t
ex)
(/usr/local/texlive/2026/texmf-dist/tex/generic/babel/locale/ru/babel-russian.t
ex) (/usr/local/texlive/2026/texmf-dist/tex/generic/babel-english/english.ldf)
(/usr/local/texlive/2026/texmf-dist/tex/generic/babel-russian/russianb.ldf))
(/usr/local/texlive/2026/texmf-dist/tex/latex/base/fix-cm.sty
(/usr/local/texlive/2026/texmf-dist/tex/latex/base/ts1enc.def))
(/usr/local/texlive/2026/texmf-dist/tex/latex/geometry/geometry.sty
(/usr/local/texlive/2026/texmf-dist/tex/latex/graphics/keyval.sty)
(/usr/local/texlive/2026/texmf-dist/tex/generic/iftex/ifvtex.sty
(/usr/local/texlive/2026/texmf-dist/tex/generic/iftex/iftex.sty)))
(/usr/local/texlive/2026/texmf-dist/tex/latex/microtype/microtype.sty
(/usr/local/texlive/2026/texmf-dist/tex/latex/etoolbox/etoolbox.sty)
(/usr/local/texlive/2026/texmf-dist/tex/latex/microtype/microtype-pdftex.def)
(/usr/local/texlive/2026/texmf-dist/tex/latex/microtype/microtype.cfg))
(/usr/local/texlive/2026/texmf-dist/tex/latex/setspace/setspace.sty)
(/usr/local/texlive/2026/texmf-dist/tex/latex/tools/indentfirst.sty)
(/usr/local/texlive/2026/texmf-dist/tex/latex/titlesec/titlesec.sty)
(/usr/local/texlive/2026/texmf-dist/tex/latex/xcolor/xcolor.sty
(/usr/local/texlive/2026/texmf-dist/tex/latex/graphics-cfg/color.cfg)
(/usr/local/texlive/2026/texmf-dist/tex/latex/graphics-def/pdftex.def)
(/usr/local/texlive/2026/texmf-dist/tex/latex/graphics/mathcolor.ltx))
(/usr/local/texlive/2026/texmf-dist/tex/latex/bmstu/bmstu-figure.sty
(/usr/local/texlive/2026/texmf-dist/tex/latex/graphics/graphicx.sty
(/usr/local/texlive/2026/texmf-dist/tex/latex/graphics/graphics.sty
(/usr/local/texlive/2026/texmf-dist/tex/latex/graphics/trig.sty)
(/usr/local/texlive/2026/texmf-dist/tex/latex/graphics-cfg/graphics.cfg)))
(/usr/local/texlive/2026/texmf-dist/tex/latex/float/float.sty)
(/usr/local/texlive/2026/texmf-dist/tex/latex/wrapfig/wrapfig.sty)
(/usr/local/texlive/2026/texmf-dist/tex/latex/tikzscale/tikzscale.sty
(/usr/local/texlive/2026/texmf-dist/tex/latex/pgf/utilities/pgfkeys.sty
(/usr/local/texlive/2026/texmf-dist/tex/generic/pgf/utilities/pgfkeys.code.tex
(/usr/local/texlive/2026/texmf-dist/tex/generic/pgf/utilities/pgfkeyslibraryfil
tered.code.tex)))
(/usr/local/texlive/2026/texmf-dist/tex/latex/l3packages/xparse/xparse.sty
(/usr/local/texlive/2026/texmf-dist/tex/latex/l3kernel/expl3.sty
(/usr/local/texlive/2026/texmf-dist/tex/latex/l3backend/l3backend-pdftex.def)))
 (/usr/local/texlive/2026/texmf-dist/tex/latex/letltxmacro/letltxmacro.sty)
(/usr/local/texlive/2026/texmf-dist/tex/generic/xstring/xstring.sty
(/usr/local/texlive/2026/texmf-dist/tex/generic/xstring/xstring.tex)))
(/usr/local/texlive/2026/texmf-dist/tex/latex/pgfplots/pgfplots.sty
(/usr/local/texlive/2026/texmf-dist/tex/generic/pgfplots/pgfplots.revision.tex)
(/usr/local/texlive/2026/texmf-dist/tex/latex/pgf/frontendlayer/tikz.sty
(/usr/local/texlive/2026/texmf-dist/tex/latex/pgf/basiclayer/pgf.sty
(/usr/local/texlive/2026/texmf-dist/tex/latex/pgf/utilities/pgfrcs.sty
(/usr/local/texlive/2026/texmf-dist/tex/generic/pgf/utilities/pgfutil-common.te
x)
(/usr/local/texlive/2026/texmf-dist/tex/generic/pgf/utilities/pgfutil-latex.def
) (/usr/local/texlive/2026/texmf-dist/tex/generic/pgf/utilities/pgfrcs.code.tex
(/usr/local/texlive/2026/texmf-dist/tex/generic/pgf/pgf.revision.tex)))
(/usr/local/texlive/2026/texmf-dist/tex/latex/pgf/basiclayer/pgfcore.sty
(/usr/local/texlive/2026/texmf-dist/tex/latex/pgf/systemlayer/pgfsys.sty
(/usr/local/texlive/2026/texmf-dist/tex/generic/pgf/systemlayer/pgfsys.code.tex
(/usr/local/texlive/2026/texmf-dist/tex/generic/pgf/systemlayer/pgf.cfg)
(/usr/local/texlive/2026/texmf-dist/tex/generic/pgf/systemlayer/pgfsys-pdftex.d
ef
(/usr/local/texlive/2026/texmf-dist/tex/generic/pgf/systemlayer/pgfsys-common-p
df.def)))
(/usr/local/texlive/2026/texmf-dist/tex/generic/pgf/systemlayer/pgfsyssoftpath.
code.tex)
(/usr/local/texlive/2026/texmf-dist/tex/generic/pgf/systemlayer/pgfsysprotocol.
code.tex))
(/usr/local/texlive/2026/texmf-dist/tex/generic/pgf/basiclayer/pgfcore.code.tex
(/usr/local/texlive/2026/texmf-dist/tex/generic/pgf/math/pgfmath.code.tex
(/usr/local/texlive/2026/texmf-dist/tex/generic/pgf/math/pgfmathutil.code.tex)
(/usr/local/texlive/2026/texmf-dist/tex/generic/pgf/math/pgfmathparser.code.tex
)
(/usr/local/texlive/2026/texmf-dist/tex/generic/pgf/math/pgfmathfunctions.code.
tex)
(/usr/local/texlive/2026/texmf-dist/tex/generic/pgf/math/pgfmathfunctions.basic
.code.tex)
(/usr/local/texlive/2026/texmf-dist/tex/generic/pgf/math/pgfmathfunctions.trigo
nometric.code.tex)
(/usr/local/texlive/2026/texmf-dist/tex/generic/pgf/math/pgfmathfunctions.rando
m.code.tex)
(/usr/local/texlive/2026/texmf-dist/tex/generic/pgf/math/pgfmathfunctions.compa
rison.code.tex)
(/usr/local/texlive/2026/texmf-dist/tex/generic/pgf/math/pgfmathfunctions.base.
code.tex)
(/usr/local/texlive/2026/texmf-dist/tex/generic/pgf/math/pgfmathfunctions.round
.code.tex)
(/usr/local/texlive/2026/texmf-dist/tex/generic/pgf/math/pgfmathfunctions.misc.
code.tex)
(/usr/local/texlive/2026/texmf-dist/tex/generic/pgf/math/pgfmathfunctions.integ
erarithmetics.code.tex)
(/usr/local/texlive/2026/texmf-dist/tex/generic/pgf/math/pgfmathcalc.code.tex)
(/usr/local/texlive/2026/texmf-dist/tex/generic/pgf/math/pgfmathfloat.code.tex)
) (/usr/local/texlive/2026/texmf-dist/tex/generic/pgf/math/pgfint.code.tex)
(/usr/local/texlive/2026/texmf-dist/tex/generic/pgf/basiclayer/pgfcorepoints.co
de.tex)
(/usr/local/texlive/2026/texmf-dist/tex/generic/pgf/basiclayer/pgfcorepathconst
ruct.code.tex)
(/usr/local/texlive/2026/texmf-dist/tex/generic/pgf/basiclayer/pgfcorepathusage
.code.tex)
(/usr/local/texlive/2026/texmf-dist/tex/generic/pgf/basiclayer/pgfcorescopes.co
de.tex)
(/usr/local/texlive/2026/texmf-dist/tex/generic/pgf/basiclayer/pgfcoregraphicst
ate.code.tex)
(/usr/local/texlive/2026/texmf-dist/tex/generic/pgf/basiclayer/pgfcoretransform
ations.code.tex)
(/usr/local/texlive/2026/texmf-dist/tex/generic/pgf/basiclayer/pgfcorequick.cod
e.tex)
(/usr/local/texlive/2026/texmf-dist/tex/generic/pgf/basiclayer/pgfcoreobjects.c
ode.tex)
(/usr/local/texlive/2026/texmf-dist/tex/generic/pgf/basiclayer/pgfcorepathproce
ssing.code.tex)
(/usr/local/texlive/2026/texmf-dist/tex/generic/pgf/basiclayer/pgfcorearrows.co
de.tex)
(/usr/local/texlive/2026/texmf-dist/tex/generic/pgf/basiclayer/pgfcoreshade.cod
e.tex)
(/usr/local/texlive/2026/texmf-dist/tex/generic/pgf/basiclayer/pgfcoreimage.cod
e.tex)
(/usr/local/texlive/2026/texmf-dist/tex/generic/pgf/basiclayer/pgfcoreexternal.
code.tex)
(/usr/local/texlive/2026/texmf-dist/tex/generic/pgf/basiclayer/pgfcorelayers.co
de.tex)
(/usr/local/texlive/2026/texmf-dist/tex/generic/pgf/basiclayer/pgfcoretranspare
ncy.code.tex)
(/usr/local/texlive/2026/texmf-dist/tex/generic/pgf/basiclayer/pgfcorepatterns.
code.tex)
(/usr/local/texlive/2026/texmf-dist/tex/generic/pgf/basiclayer/pgfcorerdf.code.
tex)))
(/usr/local/texlive/2026/texmf-dist/tex/generic/pgf/modules/pgfmoduleshapes.cod
e.tex)
(/usr/local/texlive/2026/texmf-dist/tex/generic/pgf/modules/pgfmoduleplot.code.
tex)
(/usr/local/texlive/2026/texmf-dist/tex/latex/pgf/compatibility/pgfcomp-version
-0-65.sty)
(/usr/local/texlive/2026/texmf-dist/tex/latex/pgf/compatibility/pgfcomp-version
-1-18.sty))
(/usr/local/texlive/2026/texmf-dist/tex/latex/pgf/utilities/pgffor.sty
(/usr/local/texlive/2026/texmf-dist/tex/latex/pgf/math/pgfmath.sty
(/usr/local/texlive/2026/texmf-dist/tex/generic/pgf/math/pgfmath.code.tex))
(/usr/local/texlive/2026/texmf-dist/tex/generic/pgf/utilities/pgffor.code.tex))

(/usr/local/texlive/2026/texmf-dist/tex/generic/pgf/frontendlayer/tikz/tikz.cod
e.tex
(/usr/local/texlive/2026/texmf-dist/tex/generic/pgf/libraries/pgflibraryplothan
dlers.code.tex)
(/usr/local/texlive/2026/texmf-dist/tex/generic/pgf/modules/pgfmodulematrix.cod
e.tex)
(/usr/local/texlive/2026/texmf-dist/tex/generic/pgf/frontendlayer/tikz/librarie
s/tikzlibrarytopaths.code.tex)))
(/usr/local/texlive/2026/texmf-dist/tex/generic/pgfplots/pgfplots.code.tex
(/usr/local/texlive/2026/texmf-dist/tex/generic/pgfplots/pgfplotscore.code.tex
(/usr/local/texlive/2026/texmf-dist/tex/generic/pgfplots/sys/pgfplotssysgeneric
.code.tex))
(/usr/local/texlive/2026/texmf-dist/tex/generic/pgfplots/libs/pgfplotslibrary.c
ode.tex)
(/usr/local/texlive/2026/texmf-dist/tex/generic/pgfplots/oldpgfcompatib/pgfplot
soldpgfsupp_loader.code.tex
(/usr/local/texlive/2026/texmf-dist/tex/generic/pgf/libraries/pgflibraryfpu.cod
e.tex)
(/usr/local/texlive/2026/texmf-dist/tex/generic/pgfplots/oldpgfcompatib/pgfplot
soldpgfsupp_pgfutil-common-lists.tex))
(/usr/local/texlive/2026/texmf-dist/tex/generic/pgfplots/util/pgfplotsutil.code
.tex
(/usr/local/texlive/2026/texmf-dist/tex/generic/pgfplots/liststructure/pgfplots
liststructure.code.tex)
(/usr/local/texlive/2026/texmf-dist/tex/generic/pgfplots/liststructure/pgfplots
liststructureext.code.tex)
(/usr/local/texlive/2026/texmf-dist/tex/generic/pgfplots/liststructure/pgfplots
array.code.tex)
(/usr/local/texlive/2026/texmf-dist/tex/generic/pgfplots/liststructure/pgfplots
matrix.code.tex)
(/usr/local/texlive/2026/texmf-dist/tex/generic/pgfplots/numtable/pgfplotstable
shared.code.tex)
(/usr/local/texlive/2026/texmf-dist/tex/generic/pgfplots/liststructure/pgfplots
deque.code.tex)
(/usr/local/texlive/2026/texmf-dist/tex/generic/pgfplots/util/pgfplotsbinary.co
de.tex
(/usr/local/texlive/2026/texmf-dist/tex/generic/pgfplots/util/pgfplotsbinary.da
ta.code.tex))
(/usr/local/texlive/2026/texmf-dist/tex/generic/pgfplots/util/pgfplotsutil.verb
.code.tex)
(/usr/local/texlive/2026/texmf-dist/tex/generic/pgfplots/libs/pgflibrarypgfplot
s.surfshading.code.tex
(/usr/local/texlive/2026/texmf-dist/tex/generic/pgfplots/sys/pgflibrarypgfplots
.surfshading.pgfsys-pdftex.def)))
(/usr/local/texlive/2026/texmf-dist/tex/generic/pgfplots/util/pgfplotscolormap.
code.tex
(/usr/local/texlive/2026/texmf-dist/tex/generic/pgfplots/util/pgfplotscolor.cod
e.tex))
(/usr/local/texlive/2026/texmf-dist/tex/generic/pgfplots/pgfplotsstackedplots.c
ode.tex)
(/usr/local/texlive/2026/texmf-dist/tex/generic/pgfplots/pgfplotsplothandlers.c
ode.tex
(/usr/local/texlive/2026/texmf-dist/tex/generic/pgfplots/pgfplotsmeshplothandle
r.code.tex
(/usr/local/texlive/2026/texmf-dist/tex/generic/pgfplots/pgfplotsmeshplotimage.
code.tex)))
(/usr/local/texlive/2026/texmf-dist/tex/generic/pgfplots/pgfplots.scaling.code.
tex)
(/usr/local/texlive/2026/texmf-dist/tex/generic/pgfplots/pgfplotscoordprocessin
g.code.tex)
(/usr/local/texlive/2026/texmf-dist/tex/generic/pgfplots/pgfplots.errorbars.cod
e.tex)
(/usr/local/texlive/2026/texmf-dist/tex/generic/pgfplots/pgfplots.markers.code.
tex)
(/usr/local/texlive/2026/texmf-dist/tex/generic/pgfplots/pgfplotsticks.code.tex
)
(/usr/local/texlive/2026/texmf-dist/tex/generic/pgfplots/pgfplots.paths.code.te
x)
(/usr/local/texlive/2026/texmf-dist/tex/generic/pgf/frontendlayer/tikz/librarie
s/tikzlibrarydecorations.code.tex
(/usr/local/texlive/2026/texmf-dist/tex/generic/pgf/modules/pgfmoduledecoration
s.code.tex))
(/usr/local/texlive/2026/texmf-dist/tex/generic/pgf/frontendlayer/tikz/librarie
s/tikzlibrarydecorations.pathmorphing.code.tex
(/usr/local/texlive/2026/texmf-dist/tex/generic/pgf/libraries/decorations/pgfli
brarydecorations.pathmorphing.code.tex))
(/usr/local/texlive/2026/texmf-dist/tex/generic/pgf/frontendlayer/tikz/librarie
s/tikzlibrarydecorations.pathreplacing.code.tex
(/usr/local/texlive/2026/texmf-dist/tex/generic/pgf/libraries/decorations/pgfli
brarydecorations.pathreplacing.code.tex))
(/usr/local/texlive/2026/texmf-dist/tex/generic/pgfplots/libs/tikzlibrarypgfplo
ts.contourlua.code.tex))
(/usr/local/texlive/2026/texmf-dist/tex/generic/pgf/frontendlayer/tikz/librarie
s/tikzlibraryplotmarks.code.tex
(/usr/local/texlive/2026/texmf-dist/tex/generic/pgf/libraries/pgflibraryplotmar
ks.code.tex))))
(/usr/local/texlive/2026/texmf-dist/tex/latex/bmstu/bmstu-listing.sty
(/usr/local/texlive/2026/texmf-dist/tex/latex/listings/listings.sty
(/usr/local/texlive/2026/texmf-dist/tex/latex/listings/lstpatch.sty)
(/usr/local/texlive/2026/texmf-dist/tex/latex/listings/lstmisc.sty)
(/usr/local/texlive/2026/texmf-dist/tex/latex/listings/listings.cfg))
==> First Aid for listings.sty no longer applied!
    Expected:
        2024/09/23 1.10c (Carsten Heinz)
    but found:
        2025/11/14 1.11b (Carsten Heinz)
    so I'm assuming it got fixed.
(/usr/local/texlive/2026/texmf-dist/tex/latex/listingsutf8/listingsutf8.sty
(/usr/local/texlive/2026/texmf-dist/tex/generic/pdftexcmds/pdftexcmds.sty
(/usr/local/texlive/2026/texmf-dist/tex/generic/infwarerr/infwarerr.sty)
(/usr/local/texlive/2026/texmf-dist/tex/generic/ltxcmds/ltxcmds.sty))
(/usr/local/texlive/2026/texmf-dist/tex/generic/stringenc/stringenc.sty
(/usr/local/texlive/2026/texmf-dist/tex/generic/pdfescape/pdfescape.sty))))
(/usr/local/texlive/2026/texmf-dist/tex/latex/tools/tabularx.sty
(/usr/local/texlive/2026/texmf-dist/tex/latex/tools/array.sty))
(/usr/local/texlive/2026/texmf-dist/tex/latex/booktabs/booktabs.sty)
(/usr/local/texlive/2026/texmf-dist/tex/latex/caption/caption.sty
(/usr/local/texlive/2026/texmf-dist/tex/latex/caption/caption3.sty)
(/usr/local/texlive/2026/texmf-dist/tex/latex/newfloat/newfloat.sty))
(/usr/local/texlive/2026/texmf-dist/tex/latex/graphics/lscape.sty)
(/usr/local/texlive/2026/texmf-dist/tex/latex/tools/afterpage.sty)
(/usr/local/texlive/2026/texmf-dist/tex/latex/amsmath/amsmath.sty
For additional information on amsmath, use the `?' option.
(/usr/local/texlive/2026/texmf-dist/tex/latex/amsmath/amstext.sty
(/usr/local/texlive/2026/texmf-dist/tex/latex/amsmath/amsgen.sty))
(/usr/local/texlive/2026/texmf-dist/tex/latex/amsmath/amsbsy.sty)
(/usr/local/texlive/2026/texmf-dist/tex/latex/amsmath/amsopn.sty))
(/usr/local/texlive/2026/texmf-dist/tex/latex/amsfonts/amssymb.sty
(/usr/local/texlive/2026/texmf-dist/tex/latex/amsfonts/amsfonts.sty))
(/usr/local/texlive/2026/texmf-dist/tex/latex/biblatex/biblatex.sty
(/usr/local/texlive/2026/texmf-dist/tex/latex/kvoptions/kvoptions.sty
(/usr/local/texlive/2026/texmf-dist/tex/latex/kvsetkeys/kvsetkeys.sty))
(/usr/local/texlive/2026/texmf-dist/tex/latex/logreq/logreq.sty
(/usr/local/texlive/2026/texmf-dist/tex/latex/logreq/logreq.def))
(/usr/local/texlive/2026/texmf-dist/tex/latex/base/ifthen.sty)
(/usr/local/texlive/2026/texmf-dist/tex/latex/url/url.sty)
(/usr/local/texlive/2026/texmf-dist/tex/latex/biblatex/blx-dm.def)
(/usr/local/texlive/2026/texmf-dist/tex/latex/biblatex-gost/gost-numeric.dbx
(/usr/local/texlive/2026/texmf-dist/tex/latex/biblatex-gost/biblatex-gost.dbx))
(/usr/local/texlive/2026/texmf-dist/tex/latex/biblatex/blx-compat.def)
(/usr/local/texlive/2026/texmf-dist/tex/latex/biblatex/biblatex.def)
(/usr/local/texlive/2026/texmf-dist/tex/latex/biblatex-gost/gost-numeric.bbx
(/usr/local/texlive/2026/texmf-dist/tex/latex/biblatex-gost/gost-standard.bbx
(/usr/local/texlive/2026/texmf-dist/tex/latex/biblatex-gost/biblatex-gost.def))
) (/usr/local/texlive/2026/texmf-dist/tex/latex/biblatex-gost/gost-numeric.cbx
(/usr/local/texlive/2026/texmf-dist/tex/latex/biblatex/cbx/numeric-comp.cbx))
(/usr/local/texlive/2026/texmf-dist/tex/latex/biblatex/biblatex.cfg)
(/usr/local/texlive/2026/texmf-dist/tex/latex/biblatex/blx-case-expl3.sty))
(/usr/local/texlive/2026/texmf-dist/tex/latex/csquotes/csquotes.sty
(/usr/local/texlive/2026/texmf-dist/tex/latex/csquotes/csquotes.def)
(/usr/local/texlive/2026/texmf-dist/tex/latex/csquotes/csquotes.cfg))
(/usr/local/texlive/2026/texmf-dist/tex/latex/hyperref/hyperref.sty
(/usr/local/texlive/2026/texmf-dist/tex/generic/kvdefinekeys/kvdefinekeys.sty)
(/usr/local/texlive/2026/texmf-dist/tex/latex/hycolor/hycolor.sty)
(/usr/local/texlive/2026/texmf-dist/tex/latex/hyperref/nameref.sty
(/usr/local/texlive/2026/texmf-dist/tex/latex/refcount/refcount.sty)
(/usr/local/texlive/2026/texmf-dist/tex/generic/gettitlestring/gettitlestring.s
ty)) (/usr/local/texlive/2026/texmf-dist/tex/latex/hyperref/pd1enc.def)
(/usr/local/texlive/2026/texmf-dist/tex/generic/intcalc/intcalc.sty)
(/usr/local/texlive/2026/texmf-dist/tex/latex/hyperref/puenc.def)
(/usr/local/texlive/2026/texmf-dist/tex/generic/bitset/bitset.sty
(/usr/local/texlive/2026/texmf-dist/tex/generic/bigintcalc/bigintcalc.sty)))
(/usr/local/texlive/2026/texmf-dist/tex/latex/hyperref/hpdftex.def
(/usr/local/texlive/2026/texmf-dist/tex/latex/rerunfilecheck/rerunfilecheck.sty

(/usr/local/texlive/2026/texmf-dist/tex/generic/uniquecounter/uniquecounter.sty
))) (/usr/local/texlive/2026/texmf-dist/tex/latex/xifthen/xifthen.sty
(/usr/local/texlive/2026/texmf-dist/tex/latex/tools/calc.sty)
(/usr/local/texlive/2026/texmf-dist/tex/latex/ifmtarg/ifmtarg.sty))
(/usr/local/texlive/2026/texmf-dist/tex/latex/bmstu/bmstu-title.sty
(/usr/local/texlive/2026/texmf-dist/tex/generic/ulem/ulem.sty)
(/usr/local/texlive/2026/texmf-dist/tex/latex/stackengine/stackengine.sty
(/usr/local/texlive/2026/texmf-dist/tex/generic/listofitems/listofitems.sty
(/usr/local/texlive/2026/texmf-dist/tex/generic/listofitems/listofitems.tex))))
 (/usr/local/texlive/2026/texmf-dist/tex/latex/bmstu/bmstu-essay.sty
(/usr/local/texlive/2026/texmf-dist/tex/latex/lastpage/lastpage.sty
(/usr/local/texlive/2026/texmf-dist/tex/latex/lastpage/lastpage2e.sty
(/usr/local/texlive/2026/texmf-dist/tex/latex/lastpage/lastpagemodern.sty) 
)) (/usr/local/texlive/2026/texmf-dist/tex/latex/totcount/totcount.sty)
(/usr/local/texlive/2026/texmf-dist/tex/latex/assoccnt/assoccnt.sty
assoccnt.sty{} -- version v0.8
(/usr/local/texlive/2026/texmf-dist/tex/latex/xkeyval/xkeyval.sty
(/usr/local/texlive/2026/texmf-dist/tex/generic/xkeyval/xkeyval.tex
(/usr/local/texlive/2026/texmf-dist/tex/generic/xkeyval/xkvutils.tex)))))
(/usr/local/texlive/2026/texmf-dist/tex/latex/bmstu/bmstu-toc.sty)
(/usr/local/texlive/2026/texmf-dist/tex/latex/bmstu/bmstu-defabbr.sty
(/usr/local/texlive/2026/texmf-dist/tex/latex/enumitem/enumitem.sty))
(/usr/local/texlive/2026/texmf-dist/tex/latex/bmstu/bmstu-biblio.sty))
(/usr/local/texlive/2026/texmf-dist/tex/latex/bmstu/bmstu-appendix.sty
(/usr/local/texlive/2026/texmf-dist/tex/latex/appendix/appendix.sty))
No file bmstu-examples.aux.
*geometry* driver: auto-detecting
*geometry* detected driver: pdftex
(/usr/local/texlive/2026/texmf-dist/tex/latex/microtype/mt-cmr.cfg)
(/usr/local/texlive/2026/texmf-dist/tex/context/base/mkii/supp-pdf.mkii
[Loading MPS to PDF converter (version 2006.09.02).]
) (/usr/local/texlive/2026/texmf-dist/tex/latex/epstopdf-pkg/epstopdf-base.sty
(/usr/local/texlive/2026/texmf-dist/tex/latex/latexconfig/epstopdf-sys.cfg))
Package pgfplots notification 'compat/show suggested version=true': document ha
s been generated with the most recent feature set (\pgfplotsset{compat=1.18}).

(/usr/local/texlive/2026/texmf-dist/tex/latex/biblatex-gost/russian-gost.lbx
(/usr/local/texlive/2026/texmf-dist/tex/latex/biblatex/lbx/russian.lbx)
(/usr/local/texlive/2026/texmf-dist/tex/latex/biblatex/lbx/russian.lbx))
(/usr/local/texlive/2026/texmf-dist/tex/latex/biblatex-gost/english-gost.lbx
(/usr/local/texlive/2026/texmf-dist/tex/latex/biblatex/lbx/english.lbx)
(/usr/local/texlive/2026/texmf-dist/tex/latex/biblatex/lbx/english.lbx))
kpathsea: Running mktextfm labx1440
mktextfm: Running mf-nowin -progname=mf \mode:=ljfour; mag:=1; ; nonstopmode; input labx1440
This is METAFONT, Version 2.71828182 (TeX Live 2026) (preloaded base=mf)

kpathsea: Running mktexmf labx1440
mf: /Users/yashashwisinghania/Library/texlive/2026/texmf-var/fonts/source/lh/lh-t2a/labx1440.mf: successfully generated.


(/Users/yashashwisinghania/Library/texlive/2026/texmf-var/fonts/source/lh/lh-t2
a/labx1440.mf
(/usr/local/texlive/2026/texmf-dist/fonts/source/lh/base/fikparm.mf
(/usr/local/texlive/2026/texmf-dist/fonts/source/public/cm/cmbase.mf)
(/usr/local/texlive/2026/texmf-dist/fonts/source/lh/base/lcyrbeg.mf)
(/usr/local/texlive/2026/texmf-dist/fonts/source/lh/base/lkligtbl.mf)
>> 14.4
>> "input ecbx"
(/usr/local/texlive/2026/texmf-dist/fonts/source/jknappen/ec/ecbx.mf)
(/usr/local/texlive/2026/texmf-dist/fonts/source/lh/lh-t2a/lacodes.mf)
(/usr/local/texlive/2026/texmf-dist/fonts/source/lh/base/lcyrdefs.mf)
(/usr/local/texlive/2026/texmf-dist/fonts/source/lh/base/leroman.mf
(/usr/local/texlive/2026/texmf-dist/fonts/source/lh/base/lxpseudo.mf)
(/usr/local/texlive/2026/texmf-dist/fonts/source/jknappen/ec/exrulett.mf
[65] [66] [67] [68] [69] [70] [71] [72] [73] [74] [75] [76] [77] [78] [79]
[80] [81] [82] [83] [84] [85] [86] [87] [88] [89] [90])
(/usr/local/texlive/2026/texmf-dist/fonts/source/jknappen/ec/exrllett.mf
[97] [98] [99] [100] [101] [102] [103] [104] [105] [106] [107] [108] [109]
[110] [111] [112] [113] [114] [115] [116] [117] [118] [119] [120] [121]
[122]) (/usr/local/texlive/2026/texmf-dist/fonts/source/lh/base/lgcyru.mf
(/usr/local/texlive/2026/texmf-dist/fonts/source/lh/base/lgrusu.mf [192]
[193] [194] [195] [196] [197] [198] [199] [200] [201] [202] [203] [204]
[205] [206] [207] [208] [209] [210] [211] [212] [213] [214] [215] [216]
[217] [218] [219] [220] [221] [222] [223] [156])
(/usr/local/texlive/2026/texmf-dist/fonts/source/lh/base/lgt2comu.mf [131]
[130] [136] [135] [155] [143] [150] [128] [142] [144] [146] [153])
(/usr/local/texlive/2026/texmf-dist/fonts/source/lh/base/lgt2upu.mf [129]
[132] [133] [134] [137] [138] [141] [145] [147] [148] [149] [152] [154])
(/usr/local/texlive/2026/texmf-dist/fonts/source/lh/base/lgt2lou.mf [140]
[139] [151]))
(/usr/local/texlive/2026/texmf-dist/fonts/source/lh/base/lgcyrl.mf
(/usr/local/texlive/2026/texmf-dist/fonts/source/lh/base/lgrusl.mf [224]
[225] [226] [227] [228] [229] [230] [231] [232] [233] [234] [235] [236]
[237] [238] [239] [240] [241] [242] [243] [244] [245] [246] [247] [248]
[249] [250] [251] [252] [253] [254] [255] [188])
(/usr/local/texlive/2026/texmf-dist/fonts/source/lh/base/lgt2coml.mf [163]
[162] [167] [187] [175] [182] [160] [168] [174] [176] [178] [185])
(/usr/local/texlive/2026/texmf-dist/fonts/source/lh/base/lgt2upl.mf [161]
[164] [165] [166] [169] [170] [173] [177] [179] [180] [181] [184] [186])
(/usr/local/texlive/2026/texmf-dist/fonts/source/lh/base/lgt2lol.mf [172]
[171] [183]))
(/usr/local/texlive/2026/texmf-dist/fonts/source/lh/base/lgcyrsym.mf [13]
[14] [15] [22] [24] [23] [34] [157] [158] [159] [189] [190] [191])
(/usr/local/texlive/2026/texmf-dist/fonts/source/lh/base/lgengsym.mf [16]
[17] [21] [32] [33] [35] [36] [37] [39] [40] [41] [42] [43] [44] [45] [46]
[47] [58] [59] [60] [62] [61] [64] [91] [92] [93] [94] [95] [96] [123] [124]
[125] [126] [127])
(/usr/local/texlive/2026/texmf-dist/fonts/source/lh/base/lgromp.mf [38]
[63]) (/usr/local/texlive/2026/texmf-dist/fonts/source/lh/base/lgrdigit.mf
[48] [49] [50] [51] [52] [53] [54] [55] [56] [57])
(/usr/local/texlive/2026/texmf-dist/fonts/source/lh/base/lgrlig.mf [25]
[26] [28] [27] [29] [30] [31])
(/usr/local/texlive/2026/texmf-dist/fonts/source/lh/base/lgcyracc.mf [0]
[1] [2] [3] [4] [5] [6] [7] [8] [9] [10] [11] [12] [19] [20] [18])
(/usr/local/texlive/2026/texmf-dist/fonts/source/lh/base/llvligtb.mf)
(/usr/local/texlive/2026/texmf-dist/fonts/source/lh/base/llrligtb.mf)
(/usr/local/texlive/2026/texmf-dist/fonts/source/lh/lh-t2a/laliker.mf) ) ) )
Font metrics written on labx1440.tfm.
Output written on labx1440.600gf (256 characters, 69436 bytes).
Transcript written on labx1440.log.
mktextfm: /Users/yashashwisinghania/Library/texlive/2026/texmf-var/fonts/tfm/lh/lh-t2a/labx1440.tfm: successfully generated.

No file bmstu-examples.bbl.
(/usr/local/texlive/2026/texmf-dist/tex/latex/amsfonts/umsa.fd)
(/usr/local/texlive/2026/texmf-dist/tex/latex/microtype/mt-msa.cfg)
(/usr/local/texlive/2026/texmf-dist/tex/latex/amsfonts/umsb.fd)
(/usr/local/texlive/2026/texmf-dist/tex/latex/microtype/mt-msb.cfg)
kpathsea: Running mktextfm lati1440
mktextfm: Running mf-nowin -progname=mf \mode:=ljfour; mag:=1; ; nonstopmode; input lati1440
This is METAFONT, Version 2.71828182 (TeX Live 2026) (preloaded base=mf)

kpathsea: Running mktexmf lati1440
mf: /Users/yashashwisinghania/Library/texlive/2026/texmf-var/fonts/source/lh/lh-t2a/lati1440.mf: successfully generated.


(/Users/yashashwisinghania/Library/texlive/2026/texmf-var/fonts/source/lh/lh-t2
a/lati1440.mf
(/usr/local/texlive/2026/texmf-dist/fonts/source/lh/base/fikparm.mf
(/usr/local/texlive/2026/texmf-dist/fonts/source/public/cm/cmbase.mf)
(/usr/local/texlive/2026/texmf-dist/fonts/source/lh/base/lcyrbeg.mf)
(/usr/local/texlive/2026/texmf-dist/fonts/source/lh/base/lkligtbl.mf)
>> 14.4
>> "input ecti"
(/usr/local/texlive/2026/texmf-dist/fonts/source/jknappen/ec/ecti.mf)
(/usr/local/texlive/2026/texmf-dist/fonts/source/lh/lh-t2a/lacodes.mf)
(/usr/local/texlive/2026/texmf-dist/fonts/source/lh/base/lcyrdefs.mf)
(/usr/local/texlive/2026/texmf-dist/fonts/source/lh/base/letextit.mf
(/usr/local/texlive/2026/texmf-dist/fonts/source/lh/base/lxpseudo.mf)
(/usr/local/texlive/2026/texmf-dist/fonts/source/jknappen/ec/exillett.mf
[97] [98] [99] [100] [101] [102] [103] [104] [105] [106] [107] [108] [109]
[110] [111] [112] [113] [114] [115] [116] [117] [118] [119] [120] [121]
[122]) (/usr/local/texlive/2026/texmf-dist/fonts/source/lh/base/lgcyri.mf
(/usr/local/texlive/2026/texmf-dist/fonts/source/lh/base/lgrusi.mf [224]
[225] [226] [227] [228] [229] [230] [231] [232] [233] [234] [235] [236]
[237] [238] [239] [240] [241] [242] [243] [244] [245] [246] [247] [248]
[249] [250] [251] [252] [253] [254] [255] [188])
(/usr/local/texlive/2026/texmf-dist/fonts/source/lh/base/lgt2comi.mf [163]
[162] [167] [187] [175] [182] [160] [168] [174] [176] [178] [185])
(/usr/local/texlive/2026/texmf-dist/fonts/source/lh/base/lgt2upi.mf [161]
[164] [165] [166] [169] [170] [173] [177] [179] [180] [181] [184] [186])
(/usr/local/texlive/2026/texmf-dist/fonts/source/lh/base/lgt2loi.mf [172]
[171] [183]))
(/usr/local/texlive/2026/texmf-dist/fonts/source/lh/base/lgilig.mf [25]
[26] [27] [28] [29] [30] [31])
(/usr/local/texlive/2026/texmf-dist/fonts/source/jknappen/ec/exrulett.mf
[65] [66] [67] [68] [69] [70] [71] [72] [73] [74] [75] [76] [77] [78] [79]
[80] [81] [82] [83] [84] [85] [86] [87] [88] [89] [90])
(/usr/local/texlive/2026/texmf-dist/fonts/source/lh/base/lgcyru.mf
(/usr/local/texlive/2026/texmf-dist/fonts/source/lh/base/lgrusu.mf [192]
[193] [194] [195] [196] [197] [198] [199] [200] [201] [202] [203] [204]
[205] [206] [207] [208] [209] [210] [211] [212] [213] [214] [215] [216]
[217] [218] [219] [220] [221] [222] [223] [156])
(/usr/local/texlive/2026/texmf-dist/fonts/source/lh/base/lgt2comu.mf [131]
[130] [136] [135] [155] [143] [150] [128] [142] [144] [146] [153])
(/usr/local/texlive/2026/texmf-dist/fonts/source/lh/base/lgt2upu.mf [129]
[132] [133] [134] [137] [138] [141] [145] [147] [148] [149] [152] [154])
(/usr/local/texlive/2026/texmf-dist/fonts/source/lh/base/lgt2lou.mf [140]
[139] [151]))
(/usr/local/texlive/2026/texmf-dist/fonts/source/lh/base/lgcyrsym.mf [13]
[14] [15] [22] [24] [23] [34] [157] [158] [159] [189] [190] [191])
(/usr/local/texlive/2026/texmf-dist/fonts/source/lh/base/lgengsym.mf [16]
[17] [21] [32] [33] [35] [36] [37] [39] [40] [41] [42] [43] [44] [45] [46]
[47] [58] [59] [60] [62] [61] [64] [91] [92] [93] [94] [95] [96] [123] [124]
[125] [126] [127])
(/usr/local/texlive/2026/texmf-dist/fonts/source/lh/base/lgitalp.mf [38]
[63]) (/usr/local/texlive/2026/texmf-dist/fonts/source/lh/base/lgidigit.mf
[48] [49] [50] [51] [52] [53] [54] [55] [56] [57])
(/usr/local/texlive/2026/texmf-dist/fonts/source/lh/base/lgcyracc.mf [0]
[1] [2] [3] [4] [5] [6] [7] [8] [9] [10] [11] [12] [19] [20] [18])
(/usr/local/texlive/2026/texmf-dist/fonts/source/lh/base/llvligtb.mf)
(/usr/local/texlive/2026/texmf-dist/fonts/source/lh/base/lliligtb.mf)
(/usr/local/texlive/2026/texmf-dist/fonts/source/lh/lh-t2a/laliker.mf) ) ) )
(some charht values had to be adjusted by as much as 0.07236pt)
Font metrics written on lati1440.tfm.
Output written on lati1440.600gf (256 characters, 74428 bytes).
Transcript written on lati1440.log.
mktextfm: /Users/yashashwisinghania/Library/texlive/2026/texmf-var/fonts/tfm/lh/lh-t2a/lati1440.tfm: successfully generated.

Underfull \hbox (badness 10000) in paragraph at lines 19--19
[]|$[]$

Underfull \hbox (badness 10000) in paragraph at lines 19--19
[]|$[]$

Underfull \hbox (badness 10000) in alignment at lines 19--19
[][][] 
[1{/usr/local/texlive/2026/texmf-var/fonts/map/pdftex/updmap/pdftex.map}{/usr/l
ocal/texlive/2026/texmf-dist/fonts/enc/dvips/cm-super/cm-super-t2a.enc} </usr/l
ocal/texlive/2026/texmf-dist/tex/latex/bmstu/bmstu-logo.pdf>]
kpathsea: Running mktextfm larm2074
mktextfm: Running mf-nowin -progname=mf \mode:=ljfour; mag:=1; ; nonstopmode; input larm2074
This is METAFONT, Version 2.71828182 (TeX Live 2026) (preloaded base=mf)

kpathsea: Running mktexmf larm2074
mf: /Users/yashashwisinghania/Library/texlive/2026/texmf-var/fonts/source/lh/lh-t2a/larm2074.mf: successfully generated.


(/Users/yashashwisinghania/Library/texlive/2026/texmf-var/fonts/source/lh/lh-t2
a/larm2074.mf
(/usr/local/texlive/2026/texmf-dist/fonts/source/lh/base/fikparm.mf
(/usr/local/texlive/2026/texmf-dist/fonts/source/public/cm/cmbase.mf)
(/usr/local/texlive/2026/texmf-dist/fonts/source/lh/base/lcyrbeg.mf)
(/usr/local/texlive/2026/texmf-dist/fonts/source/lh/base/lkligtbl.mf)
>> 20.74
>> "input ecrm"
(/usr/local/texlive/2026/texmf-dist/fonts/source/jknappen/ec/ecrm.mf)
(/usr/local/texlive/2026/texmf-dist/fonts/source/lh/lh-t2a/lacodes.mf)
(/usr/local/texlive/2026/texmf-dist/fonts/source/lh/base/lcyrdefs.mf)
(/usr/local/texlive/2026/texmf-dist/fonts/source/lh/base/leroman.mf
(/usr/local/texlive/2026/texmf-dist/fonts/source/lh/base/lxpseudo.mf)
(/usr/local/texlive/2026/texmf-dist/fonts/source/jknappen/ec/exrulett.mf
[65] [66] [67] [68] [69] [70] [71] [72] [73] [74] [75] [76] [77] [78] [79]
[80] [81] [82] [83] [84] [85] [86] [87] [88] [89] [90])
(/usr/local/texlive/2026/texmf-dist/fonts/source/jknappen/ec/exrllett.mf
[97] [98] [99] [100] [101] [102] [103] [104] [105] [106] [107] [108] [109]
[110] [111] [112] [113] [114] [115] [116] [117] [118] [119] [120] [121]
[122]) (/usr/local/texlive/2026/texmf-dist/fonts/source/lh/base/lgcyru.mf
(/usr/local/texlive/2026/texmf-dist/fonts/source/lh/base/lgrusu.mf [192]
[193] [194] [195] [196] [197] [198] [199] [200] [201] [202] [203] [204]
[205] [206] [207] [208] [209] [210] [211] [212] [213] [214] [215] [216]
[217] [218] [219] [220] [221] [222] [223] [156])
(/usr/local/texlive/2026/texmf-dist/fonts/source/lh/base/lgt2comu.mf [131]
[130] [136] [135] [155] [143] [150] [128] [142] [144] [146] [153])
(/usr/local/texlive/2026/texmf-dist/fonts/source/lh/base/lgt2upu.mf [129]
[132] [133] [134] [137] [138] [141] [145] [147] [148] [149] [152] [154])
(/usr/local/texlive/2026/texmf-dist/fonts/source/lh/base/lgt2lou.mf [140]
[139] [151]))
(/usr/local/texlive/2026/texmf-dist/fonts/source/lh/base/lgcyrl.mf
(/usr/local/texlive/2026/texmf-dist/fonts/source/lh/base/lgrusl.mf [224]
[225] [226] [227] [228] [229] [230] [231] [232] [233] [234] [235] [236]
[237] [238] [239] [240] [241] [242] [243] [244] [245] [246] [247] [248]
[249] [250] [251] [252] [253] [254] [255] [188])
(/usr/local/texlive/2026/texmf-dist/fonts/source/lh/base/lgt2coml.mf [163]
[162] [167] [187] [175] [182] [160] [168] [174] [176] [178] [185])
(/usr/local/texlive/2026/texmf-dist/fonts/source/lh/base/lgt2upl.mf [161]
[164] [165] [166] [169] [170] [173] [177] [179] [180] [181] [184] [186])
(/usr/local/texlive/2026/texmf-dist/fonts/source/lh/base/lgt2lol.mf [172]
[171] [183]))
(/usr/local/texlive/2026/texmf-dist/fonts/source/lh/base/lgcyrsym.mf [13]
[14] [15] [22] [24] [23] [34] [157] [158] [159] [189] [190] [191])
(/usr/local/texlive/2026/texmf-dist/fonts/source/lh/base/lgengsym.mf [16]
[17] [21] [32] [33] [35] [36] [37] [39] [40] [41] [42] [43] [44] [45] [46]
[47] [58] [59] [60] [62] [61] [64] [91] [92] [93] [94] [95] [96] [123] [124]
[125] [126] [127])
(/usr/local/texlive/2026/texmf-dist/fonts/source/lh/base/lgromp.mf [38]
[63]) (/usr/local/texlive/2026/texmf-dist/fonts/source/lh/base/lgrdigit.mf
[48] [49] [50] [51] [52] [53] [54] [55] [56] [57])
(/usr/local/texlive/2026/texmf-dist/fonts/source/lh/base/lgrlig.mf [25]
[26] [28] [27] [29] [30] [31])
(/usr/local/texlive/2026/texmf-dist/fonts/source/lh/base/lgcyracc.mf [0]
[1] [2] [3] [4] [5] [6] [7] [8] [9] [10] [11] [12] [19] [20] [18])
(/usr/local/texlive/2026/texmf-dist/fonts/source/lh/base/llvligtb.mf)
(/usr/local/texlive/2026/texmf-dist/fonts/source/lh/base/llrligtb.mf)
(/usr/local/texlive/2026/texmf-dist/fonts/source/lh/lh-t2a/laliker.mf) ) ) )
(some charht values had to be adjusted by as much as 0.08806pt)
Font metrics written on larm2074.tfm.
Output written on larm2074.600gf (256 characters, 99904 bytes).
Transcript written on larm2074.log.
mktextfm: /Users/yashashwisinghania/Library/texlive/2026/texmf-var/fonts/tfm/lh/lh-t2a/larm2074.tfm: successfully generated.

kpathsea: Running mktextfm labx2074

TIMEOUT
