This is pdfTeX, Version 3.141592653-2.6-1.40.29 (TeX Live 2026) (preloaded format=pdflatex)
 restricted \write18 enabled.
entering extended mode
(./datetime2-sample-styles.tex
LaTeX2e <2025-11-01>
L3 programming layer <2026-01-19>
(/usr/local/texlive/2026/texmf-dist/tex/latex/base/report.cls
Document Class: report 2025/01/22 v1.4n Standard LaTeX document class
(/usr/local/texlive/2026/texmf-dist/tex/latex/base/size10.clo))
(/usr/local/texlive/2026/texmf-dist/tex/latex/datetime2/datetime2.sty
(/usr/local/texlive/2026/texmf-dist/tex/latex/tracklang/tracklang.sty
(/usr/local/texlive/2026/texmf-dist/tex/generic/tracklang/tracklang.tex))
(/usr/local/texlive/2026/texmf-dist/tex/latex/etoolbox/etoolbox.sty)
(/usr/local/texlive/2026/texmf-dist/tex/latex/xkeyval/xkeyval.sty
(/usr/local/texlive/2026/texmf-dist/tex/generic/xkeyval/xkeyval.tex
(/usr/local/texlive/2026/texmf-dist/tex/generic/xkeyval/xkvutils.tex
(/usr/local/texlive/2026/texmf-dist/tex/generic/xkeyval/keyval.tex))))
(/usr/local/texlive/2026/texmf-dist/tex/latex/datetime2-english/datetime2-engli
sh.ldf
(/usr/local/texlive/2026/texmf-dist/tex/latex/datetime2-english/datetime2-engli
sh-base.ldf)))
(/usr/local/texlive/2026/texmf-dist/tex/latex/l3backend/l3backend-pdftex.def)
No file datetime2-sample-styles.aux.
Chapter 1.
Date-Time (default): 2026-07-13 00:19:55+05:30.
Date-Time (iso): 2026-07-13T00:19:55+05:30.
Date-Time (pdf): D:20260713001955+05'30'.
Date-Time (ddmmyyyy): 13-07-2026 00:19:55+05:30.
Date-Time (dmyyyy): 13-7-2026 00:19:55+05:30.
[1{/usr/local/texlive/2026/texmf-var/fonts/map/pdftex/updmap/pdftex.map}]
Date-Time (dmyy): 13-7-26 00:19:55+05:30.
Date-Time (mmddyyyy): 07-13-2026 00:19:55+05:30.
Date-Time (mdyyyy): 7-13-2026 00:19:55+05:30.
Date-Time (mdyy): 7-13-26 00:19:55+05:30.
Date-Time (yyyymd): 2026-7-13 00:19:55+05:30.
[2]
Chapter 2.
Time (hmmss): 0:19:55. \GenericError {(datetime2)                }{Package date
time2 Error: Undefined time `mydate'}{See the datetime2 package documentation f
or explanation.}{}. 8:13:45. 12:00:00. 0:00:00. 24:00:00. 8:00:00. 20:00:00. 12
:03:00. 24:01:00. 0:01:00. 
Time (englishampm): 12:19am. \GenericError {(datetime2)                }{Packag
e datetime2 Error: Undefined time `mydate'}{See the datetime2 package documenta
tion for explanation.}{}. 8:13am. noon. midnight. midnight. 8am. 8pm. 12:03pm. 
12:01am. 12:01am. 
Time (englishampm): 12:19\textsc{am}. \GenericError {(datetime2)               
 }{Package datetime2 Error: Undefined time `mydate'}{See the datetime2 package 
documentation for explanation.}{}. 8:13\textsc{am}. \textsc{noon}. \textsc{midn
ight}. \textsc{midnight}. 8\textsc{am}. 8\textsc{pm}. 12:03\textsc{pm}. 12:01\t
extsc{am}. 12:01\textsc{am}. 
[3] [4] (./datetime2-sample-styles.aux) )</usr/local/texlive/2026/texmf-dist/fo
nts/type1/public/amsfonts/cm/cmbx12.pfb></usr/local/texlive/2026/texmf-dist/fon
ts/type1/public/amsfonts/cm/cmcsc10.pfb></usr/local/texlive/2026/texmf-dist/fon
ts/type1/public/amsfonts/cm/cmr10.pfb></usr/local/texlive/2026/texmf-dist/fonts
/type1/public/amsfonts/cm/cmtt10.pfb>
Output written on datetime2-sample-styles.pdf (4 pages, 57449 bytes).
Transcript written on datetime2-sample-styles.log.


--- pass break ---

This is pdfTeX, Version 3.141592653-2.6-1.40.29 (TeX Live 2026) (preloaded format=pdflatex)
 restricted \write18 enabled.
entering extended mode
(./datetime2-sample-styles.tex
LaTeX2e <2025-11-01>
L3 programming layer <2026-01-19>
(/usr/local/texlive/2026/texmf-dist/tex/latex/base/report.cls
Document Class: report 2025/01/22 v1.4n Standard LaTeX document class
(/usr/local/texlive/2026/texmf-dist/tex/latex/base/size10.clo))
(/usr/local/texlive/2026/texmf-dist/tex/latex/datetime2/datetime2.sty
(/usr/local/texlive/2026/texmf-dist/tex/latex/tracklang/tracklang.sty
(/usr/local/texlive/2026/texmf-dist/tex/generic/tracklang/tracklang.tex))
(/usr/local/texlive/2026/texmf-dist/tex/latex/etoolbox/etoolbox.sty)
(/usr/local/texlive/2026/texmf-dist/tex/latex/xkeyval/xkeyval.sty
(/usr/local/texlive/2026/texmf-dist/tex/generic/xkeyval/xkeyval.tex
(/usr/local/texlive/2026/texmf-dist/tex/generic/xkeyval/xkvutils.tex
(/usr/local/texlive/2026/texmf-dist/tex/generic/xkeyval/keyval.tex))))
(/usr/local/texlive/2026/texmf-dist/tex/latex/datetime2-english/datetime2-engli
sh.ldf
(/usr/local/texlive/2026/texmf-dist/tex/latex/datetime2-english/datetime2-engli
sh-base.ldf)))
(/usr/local/texlive/2026/texmf-dist/tex/latex/l3backend/l3backend-pdftex.def)
(./datetime2-sample-styles.aux)
Chapter 1.
Date-Time (default): 2026-07-13 00:19:56+05:30.
Date-Time (iso): 2026-07-13T00:19:56+05:30.
Date-Time (pdf): D:20260713001956+05'30'.
Date-Time (ddmmyyyy): 13-07-2026 00:19:56+05:30.
Date-Time (dmyyyy): 13-7-2026 00:19:56+05:30.
[1{/usr/local/texlive/2026/texmf-var/fonts/map/pdftex/updmap/pdftex.map}]
Date-Time (dmyy): 13-7-26 00:19:56+05:30.
Date-Time (mmddyyyy): 07-13-2026 00:19:56+05:30.
Date-Time (mdyyyy): 7-13-2026 00:19:56+05:30.
Date-Time (mdyy): 7-13-26 00:19:56+05:30.
Date-Time (yyyymd): 2026-7-13 00:19:56+05:30.
[2]
Chapter 2.
Time (hmmss): 0:19:56. \GenericError {(datetime2)                }{Package date
time2 Error: Undefined time `mydate'}{See the datetime2 package documentation f
or explanation.}{}. 8:13:45. 12:00:00. 0:00:00. 24:00:00. 8:00:00. 20:00:00. 12
:03:00. 24:01:00. 0:01:00. 
Time (englishampm): 12:19am. \GenericError {(datetime2)                }{Packag
e datetime2 Error: Undefined time `mydate'}{See the datetime2 package documenta
tion for explanation.}{}. 8:13am. noon. midnight. midnight. 8am. 8pm. 12:03pm. 
12:01am. 12:01am. 
Time (englishampm): 12:19\textsc{am}. \GenericError {(datetime2)               
 }{Package datetime2 Error: Undefined time `mydate'}{See the datetime2 package 
documentation for explanation.}{}. 8:13\textsc{am}. \textsc{noon}. \textsc{midn
ight}. \textsc{midnight}. 8\textsc{am}. 8\textsc{pm}. 12:03\textsc{pm}. 12:01\t
extsc{am}. 12:01\textsc{am}. 
[3] [4] (./datetime2-sample-styles.aux) )</usr/local/texlive/2026/texmf-dist/fo
nts/type1/public/amsfonts/cm/cmbx12.pfb></usr/local/texlive/2026/texmf-dist/fon
ts/type1/public/amsfonts/cm/cmcsc10.pfb></usr/local/texlive/2026/texmf-dist/fon
ts/type1/public/amsfonts/cm/cmr10.pfb></usr/local/texlive/2026/texmf-dist/fonts
/type1/public/amsfonts/cm/cmtt10.pfb>
Output written on datetime2-sample-styles.pdf (4 pages, 57449 bytes).
Transcript written on datetime2-sample-styles.log.
