This is pdfTeX, Version 3.141592653-2.6-1.40.29 (TeX Live 2026) (preloaded format=pdflatex)
 restricted \write18 enabled.
entering extended mode
(./example.tex
LaTeX2e <2025-11-01>
L3 programming layer <2026-01-19>

LaTeX Info: Writing file `./signatur.ps'.


LaTeX Warning: Writing text `    ' before \end{filecontents*}
               \end {filecontents*}as last line of signatur.ps on input line 11
8.


(/usr/local/texlive/2026/texmf-dist/tex/latex/dinbrief/dinbrief.cls

Document Class/Style 'dinbrief' - Version 1.73 
University of Karlsruhe - 2000/03/02 12:49:21 

*** dinbrief: Running in LaTeX 2e mode!
*** dinbrief: NFSS 2!
Document Class: dinbrief 2000/03/02 LaTeX2e class
(/usr/local/texlive/2026/texmf-dist/tex/latex/dinbrief/dinbrief.cfg))
==> First Aid for dinbrief.cls applied!
(/usr/local/texlive/2026/texmf-dist/tex/generic/german/german.sty
v2.5e 1998-07-08)
==> First Aid for german.sty applied!
(/usr/local/texlive/2026/texmf-dist/tex/latex/graphics/graphicx.sty
(/usr/local/texlive/2026/texmf-dist/tex/latex/graphics/keyval.sty)
(/usr/local/texlive/2026/texmf-dist/tex/latex/graphics/graphics.sty
(/usr/local/texlive/2026/texmf-dist/tex/latex/graphics/trig.sty)
(/usr/local/texlive/2026/texmf-dist/tex/latex/graphics-cfg/graphics.cfg)
(/usr/local/texlive/2026/texmf-dist/tex/latex/graphics-def/pdftex.def)))
(./brfkopf.tex)
No file example.aux.

LaTeX Warning: \oval, \circle, or \line size unavailable on input line 151.


! LaTeX Error: Unknown graphics extension: .ps.

See the LaTeX manual or LaTeX Companion for explanation.
Type  H <return>  for immediate help.
 ...                                              
                                                  
\GenericError  ...                                
                                                  \endgroup 
<argument> ...graphics extension: \Gin@ext }\@ehc 
                                                  \else \expandafter \Gin@se...

\@ifundefin@d@ii \fi #1#2#3->\fi #2
                                   
\Ginclude@graphics ...sname {\Gin@base \Gin@ext }}
                                                  \fi \endgroup 
\Gin@ii ...eys {Gin}{#1}\Gin@esetsize \the \toks@ 
                                                  \endgroup \fi 
\ka@db@closing ...3} \setbox \@tempboxa =\hbox {#1
                                                  } \ka@db@tmpdimb =\ht \@te...
l.169             {Mit freundlichen Gr"u"sen}
                                             
!  ==> Fatal error occurred, no output PDF file produced!
Transcript written on example.log.
