This is pdfTeX, Version 3.141592653-2.6-1.40.29 (TeX Live 2026) (preloaded format=pdflatex)
 restricted \write18 enabled.
entering extended mode
(./example-6.tex
LaTeX2e <2025-11-01>
L3 programming layer <2026-01-19>
(/usr/local/texlive/2026/texmf-dist/tex/latex/standalone/standalone.cls
Document Class: standalone 2025/02/22 v1.5a Class to compile TeX sub-files stan
dalone
(/usr/local/texlive/2026/texmf-dist/tex/latex/tools/shellesc.sty)
(/usr/local/texlive/2026/texmf-dist/tex/generic/iftex/ifluatex.sty
(/usr/local/texlive/2026/texmf-dist/tex/generic/iftex/iftex.sty))
(/usr/local/texlive/2026/texmf-dist/tex/latex/xkeyval/xkeyval.sty
(/usr/local/texlive/2026/texmf-dist/tex/generic/xkeyval/xkeyval.tex
(/usr/local/texlive/2026/texmf-dist/tex/generic/xkeyval/xkvutils.tex
(/usr/local/texlive/2026/texmf-dist/tex/generic/xkeyval/keyval.tex))))
(/usr/local/texlive/2026/texmf-dist/tex/latex/standalone/standalone.cfg)
(/usr/local/texlive/2026/texmf-dist/tex/latex/base/article.cls
Document Class: article 2025/01/22 v1.4n Standard LaTeX document class
(/usr/local/texlive/2026/texmf-dist/tex/latex/base/size10.clo)))

! LaTeX Error: File `../../latex/pgf-go.sty' not found.

Type X to quit or <RETURN> to proceed,
or enter new name. (Default extension: sty)

Enter file name: 
! Emergency stop.
<read *> 
         
l.3 ^^M
       
!  ==> Fatal error occurred, no output PDF file produced!
Transcript written on example-6.log.
