This is pdfTeX, Version 3.141592653-2.6-1.40.29 (TeX Live 2026) (preloaded format=pdflatex)
 restricted \write18 enabled.
entering extended mode
(./sample298.tex
LaTeX2e <2025-11-01>
L3 programming layer <2026-01-19>
(/usr/local/texlive/2026/texmf-dist/tex/latex/base/article.cls
Document Class: article 2025/01/22 v1.4n Standard LaTeX document class
(/usr/local/texlive/2026/texmf-dist/tex/latex/base/size10.clo))
(/usr/local/texlive/2026/texmf-dist/tex/latex/sf298/sf298.sty
Package: sf298 2016/07/07 v1.3)
(/usr/local/texlive/2026/texmf-dist/tex/latex/totpages/totpages.sty
(/usr/local/texlive/2026/texmf-dist/tex/latex/everyshi/everyshi.sty)
(/usr/local/texlive/2026/texmf-dist/tex/latex/graphics/keyval.sty))
(/usr/local/texlive/2026/texmf-dist/tex/latex/tools/multicol.sty)
(/usr/local/texlive/2026/texmf-dist/tex/latex/fancyhdr/fancyhdr.sty))
(/usr/local/texlive/2026/texmf-dist/tex/latex/l3backend/l3backend-pdftex.def)
No file sample298.aux.
[1.1{/usr/local/texlive/2026/texmf-var/fonts/map/pdftex/updmap/pdftex.map}{/usr
/local/texlive/2026/texmf-dist/fonts/enc/dvips/cm-super/cm-super-ts1.enc}]
[2.2]
Overfull \hbox (64.23384pt too wide) in paragraph at lines 123--123
$[]$ 

Overfull \hbox (64.23384pt too wide) in paragraph at lines 123--123
$[]$ 

Overfull \hbox (65.23758pt too wide) in paragraph at lines 123--123
$[]$ 

Overfull \hbox (65.23758pt too wide) in paragraph at lines 123--123
$[]$ 
[1.3] [2.4]
Underfull \hbox (badness 10000) in paragraph at lines 125--125


Underfull \hbox (badness 10000) in paragraph at lines 125--125


Underfull \hbox (badness 10000) in paragraph at lines 125--125


Underfull \hbox (badness 10000) in paragraph at lines 125--125


Underfull \hbox (badness 10000) in paragraph at lines 125--125


Underfull \hbox (badness 10000) in paragraph at lines 125--125


Underfull \hbox (badness 10000) in paragraph at lines 125--125


Underfull \hbox (badness 10000) in paragraph at lines 125--125


Underfull \hbox (badness 10000) in paragraph at lines 125--125


Underfull \hbox (badness 10000) in paragraph at lines 125--125


Underfull \hbox (badness 10000) in paragraph at lines 125--125
\OT1/cmr/bx/n/9 7. PER-FORM-ING OR-GA-NI-ZA-TION

Underfull \hbox (badness 10000) in paragraph at lines 125--125
\OT1/cmr/bx/n/9 NAME(S) AND AD-DRESS(ES). \OT1/cmr/m/n/9 Self-

Underfull \hbox (badness 10000) in paragraph at lines 125--125


Underfull \hbox (badness 10000) in paragraph at lines 125--125


Underfull \hbox (badness 10000) in paragraph at lines 125--125


Underfull \hbox (badness 10000) in paragraph at lines 125--125


Underfull \hbox (badness 10000) in paragraph at lines 125--125


Underfull \hbox (badness 10000) in paragraph at lines 125--125


Underfull \hbox (badness 10000) in paragraph at lines 125--125


Underfull \hbox (badness 10000) in paragraph at lines 125--125


Underfull \hbox (badness 10000) in paragraph at lines 125--125


Overfull \hbox (9.8833pt too wide) in paragraph at lines 125--125
[]

Underfull \hbox (badness 10000) in paragraph at lines 125--125


Overfull \vbox (8.72499pt too high) has occurred while \output is active
[3.5]
No file sample298.toc.
[4.6] [1.7] (./sample298.aux)

LaTeX Warning: Label(s) may have changed. Rerun to get cross-references right.

 )
(see the transcript file for additional information)</usr/local/texlive/2026/te
xmf-dist/fonts/type1/public/amsfonts/cm/cmbx12.pfb></usr/local/texlive/2026/tex
mf-dist/fonts/type1/public/amsfonts/cm/cmbx8.pfb></usr/local/texlive/2026/texmf
-dist/fonts/type1/public/amsfonts/cm/cmbx9.pfb></usr/local/texlive/2026/texmf-d
ist/fonts/type1/public/amsfonts/cm/cmr10.pfb></usr/local/texlive/2026/texmf-dis
t/fonts/type1/public/amsfonts/cm/cmr12.pfb></usr/local/texlive/2026/texmf-dist/
fonts/type1/public/amsfonts/cm/cmr17.pfb></usr/local/texlive/2026/texmf-dist/fo
nts/type1/public/amsfonts/cm/cmr8.pfb></usr/local/texlive/2026/texmf-dist/fonts
/type1/public/amsfonts/cm/cmr9.pfb></usr/local/texlive/2026/texmf-dist/fonts/ty
pe1/public/amsfonts/cm/cmss8.pfb></usr/local/texlive/2026/texmf-dist/fonts/type
1/public/amsfonts/cm/cmss9.pfb></usr/local/texlive/2026/texmf-dist/fonts/type1/
public/amsfonts/cm/cmssbx10.pfb></usr/local/texlive/2026/texmf-dist/fonts/type1
/public/amsfonts/cm/cmssi10.pfb></usr/local/texlive/2026/texmf-dist/fonts/type1
/public/amsfonts/cm/cmssi8.pfb></usr/local/texlive/2026/texmf-dist/fonts/type1/
public/amsfonts/cm/cmti9.pfb></usr/local/texlive/2026/texmf-dist/fonts/type1/pu
blic/amsfonts/cm/cmtt10.pfb></usr/local/texlive/2026/texmf-dist/fonts/type1/pub
lic/amsfonts/cm/cmtt9.pfb></usr/local/texlive/2026/texmf-dist/fonts/type1/publi
c/cm-super/sfrm0600.pfb></usr/local/texlive/2026/texmf-dist/fonts/type1/public/
cm-super/sfrm1200.pfb>
Output written on sample298.pdf (7 pages, 229398 bytes).
Transcript written on sample298.log.


--- pass break ---

This is pdfTeX, Version 3.141592653-2.6-1.40.29 (TeX Live 2026) (preloaded format=pdflatex)
 restricted \write18 enabled.
entering extended mode
(./sample298.tex
LaTeX2e <2025-11-01>
L3 programming layer <2026-01-19>
(/usr/local/texlive/2026/texmf-dist/tex/latex/base/article.cls
Document Class: article 2025/01/22 v1.4n Standard LaTeX document class
(/usr/local/texlive/2026/texmf-dist/tex/latex/base/size10.clo))
(/usr/local/texlive/2026/texmf-dist/tex/latex/sf298/sf298.sty
Package: sf298 2016/07/07 v1.3)
(/usr/local/texlive/2026/texmf-dist/tex/latex/totpages/totpages.sty
(/usr/local/texlive/2026/texmf-dist/tex/latex/everyshi/everyshi.sty)
(/usr/local/texlive/2026/texmf-dist/tex/latex/graphics/keyval.sty))
(/usr/local/texlive/2026/texmf-dist/tex/latex/tools/multicol.sty)
(/usr/local/texlive/2026/texmf-dist/tex/latex/fancyhdr/fancyhdr.sty))
(/usr/local/texlive/2026/texmf-dist/tex/latex/l3backend/l3backend-pdftex.def)
(./sample298.aux) [1.1{/usr/local/texlive/2026/texmf-var/fonts/map/pdftex/updma
p/pdftex.map}{/usr/local/texlive/2026/texmf-dist/fonts/enc/dvips/cm-super/cm-su
per-ts1.enc}] [2.2]
Overfull \hbox (64.23384pt too wide) in paragraph at lines 123--123
$[]$ 

Overfull \hbox (64.23384pt too wide) in paragraph at lines 123--123
$[]$ 

Overfull \hbox (65.23758pt too wide) in paragraph at lines 123--123
$[]$ 

Overfull \hbox (65.23758pt too wide) in paragraph at lines 123--123
$[]$ 
[1.3] [2.4]
Underfull \hbox (badness 10000) in paragraph at lines 125--125


Underfull \hbox (badness 10000) in paragraph at lines 125--125


Underfull \hbox (badness 10000) in paragraph at lines 125--125


Underfull \hbox (badness 10000) in paragraph at lines 125--125


Underfull \hbox (badness 10000) in paragraph at lines 125--125


Underfull \hbox (badness 10000) in paragraph at lines 125--125


Underfull \hbox (badness 10000) in paragraph at lines 125--125


Underfull \hbox (badness 10000) in paragraph at lines 125--125


Underfull \hbox (badness 10000) in paragraph at lines 125--125


Underfull \hbox (badness 10000) in paragraph at lines 125--125


Underfull \hbox (badness 10000) in paragraph at lines 125--125
\OT1/cmr/bx/n/9 7. PER-FORM-ING OR-GA-NI-ZA-TION

Underfull \hbox (badness 10000) in paragraph at lines 125--125
\OT1/cmr/bx/n/9 NAME(S) AND AD-DRESS(ES). \OT1/cmr/m/n/9 Self-

Underfull \hbox (badness 10000) in paragraph at lines 125--125


Underfull \hbox (badness 10000) in paragraph at lines 125--125


Underfull \hbox (badness 10000) in paragraph at lines 125--125


Underfull \hbox (badness 10000) in paragraph at lines 125--125


Underfull \hbox (badness 10000) in paragraph at lines 125--125


Underfull \hbox (badness 10000) in paragraph at lines 125--125


Underfull \hbox (badness 10000) in paragraph at lines 125--125


Underfull \hbox (badness 10000) in paragraph at lines 125--125


Underfull \hbox (badness 10000) in paragraph at lines 125--125


Overfull \hbox (9.8833pt too wide) in paragraph at lines 125--125
[]

Underfull \hbox (badness 10000) in paragraph at lines 125--125


Overfull \vbox (8.72499pt too high) has occurred while \output is active
[3.5] (./sample298.toc) [4.6] [1.7] (./sample298.aux) )
(see the transcript file for additional information)</usr/local/texlive/2026/te
xmf-dist/fonts/type1/public/amsfonts/cm/cmbx10.pfb></usr/local/texlive/2026/tex
mf-dist/fonts/type1/public/amsfonts/cm/cmbx12.pfb></usr/local/texlive/2026/texm
f-dist/fonts/type1/public/amsfonts/cm/cmbx8.pfb></usr/local/texlive/2026/texmf-
dist/fonts/type1/public/amsfonts/cm/cmbx9.pfb></usr/local/texlive/2026/texmf-di
st/fonts/type1/public/amsfonts/cm/cmr10.pfb></usr/local/texlive/2026/texmf-dist
/fonts/type1/public/amsfonts/cm/cmr12.pfb></usr/local/texlive/2026/texmf-dist/f
onts/type1/public/amsfonts/cm/cmr17.pfb></usr/local/texlive/2026/texmf-dist/fon
ts/type1/public/amsfonts/cm/cmr8.pfb></usr/local/texlive/2026/texmf-dist/fonts/
type1/public/amsfonts/cm/cmr9.pfb></usr/local/texlive/2026/texmf-dist/fonts/typ
e1/public/amsfonts/cm/cmss8.pfb></usr/local/texlive/2026/texmf-dist/fonts/type1
/public/amsfonts/cm/cmss9.pfb></usr/local/texlive/2026/texmf-dist/fonts/type1/p
ublic/amsfonts/cm/cmssbx10.pfb></usr/local/texlive/2026/texmf-dist/fonts/type1/
public/amsfonts/cm/cmssi10.pfb></usr/local/texlive/2026/texmf-dist/fonts/type1/
public/amsfonts/cm/cmssi8.pfb></usr/local/texlive/2026/texmf-dist/fonts/type1/p
ublic/amsfonts/cm/cmti9.pfb></usr/local/texlive/2026/texmf-dist/fonts/type1/pub
lic/amsfonts/cm/cmtt10.pfb></usr/local/texlive/2026/texmf-dist/fonts/type1/publ
ic/amsfonts/cm/cmtt9.pfb></usr/local/texlive/2026/texmf-dist/fonts/type1/public
/cm-super/sfrm0600.pfb></usr/local/texlive/2026/texmf-dist/fonts/type1/public/c
m-super/sfrm1200.pfb>
Output written on sample298.pdf (7 pages, 241043 bytes).
Transcript written on sample298.log.
