This is pdfTeX, Version 3.141592653-2.6-1.40.29 (TeX Live 2026) (preloaded format=pdflatex)
 restricted \write18 enabled.
entering extended mode
(./autotype-de.tex
LaTeX2e <2025-11-01>
L3 programming layer <2026-01-19>
(/usr/local/texlive/2026/texmf-dist/tex/latex/koma-script/scrartcl.cls
Document Class: scrartcl 2026/02/02 v3.49.2 KOMA-Script document class (article
)
(/usr/local/texlive/2026/texmf-dist/tex/latex/koma-script/scrkbase.sty
(/usr/local/texlive/2026/texmf-dist/tex/latex/koma-script/scrbase.sty
(/usr/local/texlive/2026/texmf-dist/tex/latex/koma-script/scrlfile.sty
(/usr/local/texlive/2026/texmf-dist/tex/latex/koma-script/scrlfile-hook.sty
(/usr/local/texlive/2026/texmf-dist/tex/latex/koma-script/scrlogo.sty)))
(/usr/local/texlive/2026/texmf-dist/tex/latex/graphics/keyval.sty)))
(/usr/local/texlive/2026/texmf-dist/tex/latex/koma-script/tocbasic.sty)
(/usr/local/texlive/2026/texmf-dist/tex/latex/koma-script/scrsize11pt.clo)
(/usr/local/texlive/2026/texmf-dist/tex/latex/koma-script/typearea.sty))
(/usr/local/texlive/2026/texmf-dist/tex/generic/babel/babel.sty
(/usr/local/texlive/2026/texmf-dist/tex/generic/babel/txtbabel.def)
(/usr/local/texlive/2026/texmf-dist/tex/generic/babel/locale/de/babel-german.te
x)
(/usr/local/texlive/2026/texmf-dist/tex/generic/babel/locale/invalid/babel-nger
man.tex)
(/usr/local/texlive/2026/texmf-dist/tex/generic/babel-german/german.ldf
(/usr/local/texlive/2026/texmf-dist/tex/generic/babel-german/babel-german.def))
(/usr/local/texlive/2026/texmf-dist/tex/generic/babel-german/ngerman.ldf
(/usr/local/texlive/2026/texmf-dist/tex/generic/babel-german/babel-german.def))
) (/usr/local/texlive/2026/texmf-dist/tex/lualatex/autotype/autotype.sty

! Fatal Package autotype Error: LuaTeX engine required. You could try with the
(autotype)                      'lualatex' command.

Type <return> to continue.
 ...                                              
                                                  
l.31 ... { \msg_fatal:nn {autotype} {bad-engine} }
                                                  
!  ==> Fatal error occurred, no output PDF file produced!
Transcript written on autotype-de.log.
