This is pdfTeX, Version 3.141592653-2.6-1.40.29 (TeX Live 2026) (preloaded format=pdflatex 2026.4.24)  12 JUL 2026 23:53
entering extended mode
 restricted \write18 enabled.
 %&-line parsing enabled.
**sample.tex
(./sample.tex
LaTeX2e <2025-11-01>
L3 programming layer <2026-01-19>
(/usr/local/texlive/2026/texmf-dist/tex/latex/base/book.cls
Document Class: book 2025/01/22 v1.4n Standard LaTeX document class
(/usr/local/texlive/2026/texmf-dist/tex/latex/base/bk10.clo
File: bk10.clo 2025/01/22 v1.4n Standard LaTeX file (size option)
)
\c@part=\count275
\c@chapter=\count276
\c@section=\count277
\c@subsection=\count278
\c@subsubsection=\count279
\c@paragraph=\count280
\c@subparagraph=\count281
\c@figure=\count282
\c@table=\count283
\abovecaptionskip=\skip49
\belowcaptionskip=\skip50
\bibindent=\dimen148
)
(/usr/local/texlive/2026/texmf-dist/tex/latex/index/index.sty
Package: index 2025/02/06 v4.04 Improved index support (dmj)
\@indexbox=\insert252
\indexproofstyle=\toks17


LaTeX Warning: Command \addtocontents  has changed.
               Check if current package is valid.

)
\idxtitle@default=\toks18
\tf@default=\write3
\openout3 = `sample.idx'.

Package index Info: Writing index file sample.idx on input line 13.
\idxtitle@aut=\toks19
\tf@aut=\write4
\openout4 = `sample.adx'.

Package index Info: Writing index file sample.adx on input line 14.
\idxtitle@not=\toks20
\tf@not=\write5
\openout5 = `sample.ndx'.

Package index Info: Writing index file sample.ndx on input line 15.
\idxtitle@list=\toks21
\tf@list=\write6
\openout6 = `sample.ldx'.

Package index Info: Writing index file sample.ldx on input line 17.
 (/usr/local/texlive/2026/texmf-dist/tex/latex/l3backend/l3backend-pdftex.def
File: l3backend-pdftex.def 2025-10-09 L3 backend support: PDF output (pdfTeX)
\l__color_backend_stack_int=\count284
) (./sample.aux)
\openout1 = `sample.aux'.

LaTeX Font Info:    Checking defaults for OML/cmm/m/it on input line 25.
LaTeX Font Info:    ... okay on input line 25.
LaTeX Font Info:    Checking defaults for OMS/cmsy/m/n on input line 25.
LaTeX Font Info:    ... okay on input line 25.
LaTeX Font Info:    Checking defaults for OT1/cmr/m/n on input line 25.
LaTeX Font Info:    ... okay on input line 25.
LaTeX Font Info:    Checking defaults for T1/cmr/m/n on input line 25.
LaTeX Font Info:    ... okay on input line 25.
LaTeX Font Info:    Checking defaults for TS1/cmr/m/n on input line 25.
LaTeX Font Info:    ... okay on input line 25.
LaTeX Font Info:    Checking defaults for OMX/cmex/m/n on input line 25.
LaTeX Font Info:    ... okay on input line 25.
LaTeX Font Info:    Checking defaults for U/cmr/m/n on input line 25.
LaTeX Font Info:    ... okay on input line 25.
 (./sample.toc
LaTeX Font Info:    External font `cmex10' loaded for size
(Font)              <7> on input line 2.
LaTeX Font Info:    External font `cmex10' loaded for size
(Font)              <5> on input line 2.
)
\tf@toc=\write7
\openout7 = `sample.toc'.

 [1


{/usr/local/texlive/2026/texmf-var/fonts/map/pdftex/updmap/pdftex.map}] [2

]
Chapter 1.
[3]
LaTeX Font Info:    External font `cmex10' loaded for size
(Font)              <8> on input line 51.
LaTeX Font Info:    External font `cmex10' loaded for size
(Font)              <6> on input line 51.
 [4]
No file sample.nnd: Run makeindex -o sample.nnd sample.ndx
No file sample.and: Run makeindex -o sample.and sample.adx
No file sample.lnd: Run makeindex -o sample.lnd sample.ldx
No file sample.ind: Run makeindex -o sample.ind sample.idx
[5] (./sample.aux)
 ***********
LaTeX2e <2025-11-01>
L3 programming layer <2026-01-19>
 ***********


 *File List*
    book.cls    2025/01/22 v1.4n Standard LaTeX document class
    bk10.clo    2025/01/22 v1.4n Standard LaTeX file (size option)
   index.sty    2025/02/06 v4.04 Improved index support (dmj)
l3backend-pdftex.def    2025-10-09 L3 backend support: PDF output (pdfTeX)
 ***********

 ) 
Here is how much of TeX's memory you used:
 597 strings out of 467525
 10152 string characters out of 5418982
 437756 words of memory out of 5000000
 29565 multiletter control sequences out of 15000+600000
 632499 words of font info for 56 fonts, out of 8000000 for 9000
 1141 hyphenation exceptions out of 8191
 37i,5n,57p,176b,270s stack positions out of 10000i,1000n,20000p,200000b,200000s
</usr/local/texlive/2026/texmf-dist/fonts/type1/public/amsfonts/cm/cmbx10.pfb
></usr/local/texlive/2026/texmf-dist/fonts/type1/public/amsfonts/cm/cmbx12.pfb>
</usr/local/texlive/2026/texmf-dist/fonts/type1/public/amsfonts/cm/cmmi10.pfb><
/usr/local/texlive/2026/texmf-dist/fonts/type1/public/amsfonts/cm/cmmi7.pfb></u
sr/local/texlive/2026/texmf-dist/fonts/type1/public/amsfonts/cm/cmr10.pfb></usr
/local/texlive/2026/texmf-dist/fonts/type1/public/amsfonts/cm/cmr7.pfb></usr/lo
cal/texlive/2026/texmf-dist/fonts/type1/public/amsfonts/cm/cmsl10.pfb></usr/loc
al/texlive/2026/texmf-dist/fonts/type1/public/amsfonts/cm/cmtt8.pfb>
Output written on sample.pdf (5 pages, 86478 bytes).
PDF statistics:
 60 PDF objects out of 1000 (max. 8388607)
 36 compressed objects within 1 object stream
 0 named destinations out of 1000 (max. 500000)
 1 words of extra memory for PDF output out of 10000 (max. 10000000)

