This is pdfTeX, Version 3.141592653-2.6-1.40.29 (TeX Live 2026) (preloaded format=pdflatex)
 restricted \write18 enabled.
entering extended mode
(./longsample.tex
LaTeX2e <2025-11-01>
L3 programming layer <2026-01-19>
(/usr/local/texlive/2026/texmf-dist/tex/latex/apa6/apa6.cls
Document Class: apa6 2023/08/07 v2.35 APA formatting (6th edition)
(/usr/local/texlive/2026/texmf-dist/tex/latex/base/article.cls
Document Class: article 2025/01/22 v1.4n Standard LaTeX document class
(/usr/local/texlive/2026/texmf-dist/tex/latex/base/size12.clo))
(/usr/local/texlive/2026/texmf-dist/tex/latex/etoolbox/etoolbox.sty)
(/usr/local/texlive/2026/texmf-dist/tex/latex/lm/lmodern.sty)
(/usr/local/texlive/2026/texmf-dist/tex/latex/base/fontenc.sty
(/usr/local/texlive/2026/texmf-dist/tex/latex/lm/t1lmr.fd))
(/usr/local/texlive/2026/texmf-dist/tex/latex/geometry/geometry.sty
(/usr/local/texlive/2026/texmf-dist/tex/latex/graphics/keyval.sty)
(/usr/local/texlive/2026/texmf-dist/tex/generic/iftex/ifvtex.sty
(/usr/local/texlive/2026/texmf-dist/tex/generic/iftex/iftex.sty)))
(/usr/local/texlive/2026/texmf-dist/tex/latex/graphics/graphicx.sty
(/usr/local/texlive/2026/texmf-dist/tex/latex/graphics/graphics.sty
(/usr/local/texlive/2026/texmf-dist/tex/latex/graphics/trig.sty)
(/usr/local/texlive/2026/texmf-dist/tex/latex/graphics-cfg/graphics.cfg)
(/usr/local/texlive/2026/texmf-dist/tex/latex/graphics-def/pdftex.def)))
(/usr/local/texlive/2026/texmf-dist/tex/generic/gettitlestring/gettitlestring.s
ty (/usr/local/texlive/2026/texmf-dist/tex/latex/kvoptions/kvoptions.sty
(/usr/local/texlive/2026/texmf-dist/tex/generic/ltxcmds/ltxcmds.sty)
(/usr/local/texlive/2026/texmf-dist/tex/latex/kvsetkeys/kvsetkeys.sty)))
(/usr/local/texlive/2026/texmf-dist/tex/latex/booktabs/booktabs.sty)
(/usr/local/texlive/2026/texmf-dist/tex/latex/threeparttable/threeparttable.sty
) (/usr/local/texlive/2026/texmf-dist/tex/latex/caption/caption.sty
(/usr/local/texlive/2026/texmf-dist/tex/latex/caption/caption3.sty))
(/usr/local/texlive/2026/texmf-dist/tex/latex/tools/bm.sty)
(/usr/local/texlive/2026/texmf-dist/tex/latex/fancyhdr/fancyhdr.sty)
(/usr/local/texlive/2026/texmf-dist/tex/latex/endfloat/endfloat.sty))
(/usr/local/texlive/2026/texmf-dist/tex/latex/lipsum/lipsum.sty
(/usr/local/texlive/2026/texmf-dist/tex/latex/l3packages/l3keys2e/l3keys2e.sty
(/usr/local/texlive/2026/texmf-dist/tex/latex/l3kernel/expl3.sty
(/usr/local/texlive/2026/texmf-dist/tex/latex/l3backend/l3backend-pdftex.def)))
(/usr/local/texlive/2026/texmf-dist/tex/latex/lipsum/lipsum.ltd.tex))
(/usr/local/texlive/2026/texmf-dist/tex/generic/babel/babel.sty
(/usr/local/texlive/2026/texmf-dist/tex/generic/babel/txtbabel.def)
(/usr/local/texlive/2026/texmf-dist/tex/generic/babel/locale/en/babel-american.
tex) (/usr/local/texlive/2026/texmf-dist/tex/generic/babel-english/american.ldf
(/usr/local/texlive/2026/texmf-dist/tex/generic/babel-english/english.ldf)))
(/usr/local/texlive/2026/texmf-dist/tex/latex/csquotes/csquotes.sty
(/usr/local/texlive/2026/texmf-dist/tex/latex/csquotes/csquotes.def)
(/usr/local/texlive/2026/texmf-dist/tex/latex/csquotes/csquotes.cfg))
(/usr/local/texlive/2026/texmf-dist/tex/latex/biblatex/biblatex.sty
(/usr/local/texlive/2026/texmf-dist/tex/generic/pdftexcmds/pdftexcmds.sty
(/usr/local/texlive/2026/texmf-dist/tex/generic/infwarerr/infwarerr.sty))
(/usr/local/texlive/2026/texmf-dist/tex/latex/logreq/logreq.sty
(/usr/local/texlive/2026/texmf-dist/tex/latex/logreq/logreq.def))
(/usr/local/texlive/2026/texmf-dist/tex/latex/base/ifthen.sty)
(/usr/local/texlive/2026/texmf-dist/tex/latex/url/url.sty)
(/usr/local/texlive/2026/texmf-dist/tex/latex/biblatex/blx-dm.def)
(/usr/local/texlive/2026/texmf-dist/tex/latex/biblatex-apa6/apa6.dbx)
(/usr/local/texlive/2026/texmf-dist/tex/latex/biblatex/blx-compat.def)
(/usr/local/texlive/2026/texmf-dist/tex/latex/biblatex/biblatex.def)
(/usr/local/texlive/2026/texmf-dist/tex/latex/biblatex-apa6/apa6.bbx
(/usr/local/texlive/2026/texmf-dist/tex/latex/biblatex/bbx/standard.bbx)

Package biblatex Warning: The starred command '\DeclareDelimAlias*' is
(biblatex)                deprecated.
(biblatex)                Use the unstarred version '\DeclareDelimAlias'
(biblatex)                instead.

) (/usr/local/texlive/2026/texmf-dist/tex/latex/biblatex-apa6/apa6.cbx)
(/usr/local/texlive/2026/texmf-dist/tex/latex/biblatex/biblatex.cfg)
(/usr/local/texlive/2026/texmf-dist/tex/latex/biblatex/blx-case-expl3.sty
(/usr/local/texlive/2026/texmf-dist/tex/latex/l3packages/xparse/xparse.sty)))
No file longsample.aux.
*geometry* driver: auto-detecting
*geometry* detected driver: pdftex
(/usr/local/texlive/2026/texmf-dist/tex/context/base/mkii/supp-pdf.mkii
[Loading MPS to PDF converter (version 2006.09.02).]
) (/usr/local/texlive/2026/texmf-dist/tex/latex/epstopdf-pkg/epstopdf-base.sty
(/usr/local/texlive/2026/texmf-dist/tex/latex/latexconfig/epstopdf-sys.cfg))
(/usr/local/texlive/2026/texmf-dist/tex/latex/apa6/config/APAamerican.txt)
(/usr/local/texlive/2026/texmf-dist/tex/latex/biblatex-apa/american-apa.lbx
(/usr/local/texlive/2026/texmf-dist/tex/latex/biblatex/lbx/american.lbx
(/usr/local/texlive/2026/texmf-dist/tex/latex/biblatex-apa6/english-apa6.lbx
(/usr/local/texlive/2026/texmf-dist/tex/latex/biblatex/lbx/english.lbx)))
(/usr/local/texlive/2026/texmf-dist/tex/latex/biblatex/lbx/american.lbx
(/usr/local/texlive/2026/texmf-dist/tex/latex/biblatex-apa6/english-apa6.lbx
(/usr/local/texlive/2026/texmf-dist/tex/latex/biblatex/lbx/american.lbx
(/usr/local/texlive/2026/texmf-dist/tex/latex/biblatex/lbx/english.lbx)))))
No file longsample.bbl.
(/usr/local/texlive/2026/texmf-dist/tex/latex/lm/t1lmss.fd) [1{/usr/local/texli
ve/2026/texmf-var/fonts/map/pdftex/updmap/pdftex.map}{/usr/local/texlive/2026/t
exmf-dist/fonts/enc/dvips/lm/lm-ec.enc}] [2]

LaTeX Warning: Citation 'vonDavier2011' on page 3 undefined on input line 65.


LaTeX Warning: Citation '' on page 3 undefined on input line 65.


LaTeX Warning: Citation 'vonDavier2011' on page 3 undefined on input line 66.


LaTeX Warning: Citation 'Lassen2006' on page 3 undefined on input line 66.


LaTeX Warning: Citation 'Shotton1989' on page 3 undefined on input line 67.


LaTeX Warning: Citation 'Lassen2006' on page 3 undefined on input line 67.

[3] [4]
Underfull \vbox (badness 10000) has occurred while \output is active [5]

LaTeX Warning: Reference `tab:BasicTable' on page 6 undefined on input line 104
.


Underfull \vbox (badness 1337) has occurred while \output is active [6]
(longsample.ttt) (longsample.fff)

LaTeX Warning: Reference `fig:Figure1' on page 7 undefined on input line 126.

[7]

LaTeX Warning: Empty bibliography on input line 135.

[8] (./longsample.ttt
(/usr/local/texlive/2026/texmf-dist/tex/latex/lm/ot1lmr.fd)
(/usr/local/texlive/2026/texmf-dist/tex/latex/lm/omllmm.fd)
(/usr/local/texlive/2026/texmf-dist/tex/latex/lm/omslmsy.fd)
(/usr/local/texlive/2026/texmf-dist/tex/latex/lm/omxlmex.fd)) [9]
(./longsample.fff) [10 <./Figure1.pdf>]

LaTeX Warning: Reference `fig:Figure2' on page 11 undefined on input line 142.

[11] [12]

LaTeX Warning: Reference `tab:DeckedTable' on page 13 undefined on input line 1
54.

[13] AED endfloat: Processing end Figures and Tables [14] (./longsample.aux)

LaTeX Warning: There were undefined references.


LaTeX Warning: Label(s) may have changed. Rerun to get cross-references right.


Package biblatex Warning: Please (re)run Biber on the file:
(biblatex)                longsample
(biblatex)                and rerun LaTeX afterwards.

 )
(see the transcript file for additional information)</usr/local/texlive/2026/te
xmf-dist/fonts/type1/public/lm/lmbx12.pfb></usr/local/texlive/2026/texmf-dist/f
onts/type1/public/lm/lmbxi10.pfb></usr/local/texlive/2026/texmf-dist/fonts/type
1/public/lm/lmr10.pfb></usr/local/texlive/2026/texmf-dist/fonts/type1/public/lm
/lmr12.pfb></usr/local/texlive/2026/texmf-dist/fonts/type1/public/lm/lmr8.pfb><
/usr/local/texlive/2026/texmf-dist/fonts/type1/public/lm/lmri10.pfb></usr/local
/texlive/2026/texmf-dist/fonts/type1/public/lm/lmri12.pfb></usr/local/texlive/2
026/texmf-dist/fonts/type1/public/lm/lmss12.pfb>
Output written on longsample.pdf (14 pages, 189065 bytes).
Transcript written on longsample.log.


--- pass break ---

This is pdfTeX, Version 3.141592653-2.6-1.40.29 (TeX Live 2026) (preloaded format=pdflatex)
 restricted \write18 enabled.
entering extended mode
(./longsample.tex
LaTeX2e <2025-11-01>
L3 programming layer <2026-01-19>
(/usr/local/texlive/2026/texmf-dist/tex/latex/apa6/apa6.cls
Document Class: apa6 2023/08/07 v2.35 APA formatting (6th edition)
(/usr/local/texlive/2026/texmf-dist/tex/latex/base/article.cls
Document Class: article 2025/01/22 v1.4n Standard LaTeX document class
(/usr/local/texlive/2026/texmf-dist/tex/latex/base/size12.clo))
(/usr/local/texlive/2026/texmf-dist/tex/latex/etoolbox/etoolbox.sty)
(/usr/local/texlive/2026/texmf-dist/tex/latex/lm/lmodern.sty)
(/usr/local/texlive/2026/texmf-dist/tex/latex/base/fontenc.sty
(/usr/local/texlive/2026/texmf-dist/tex/latex/lm/t1lmr.fd))
(/usr/local/texlive/2026/texmf-dist/tex/latex/geometry/geometry.sty
(/usr/local/texlive/2026/texmf-dist/tex/latex/graphics/keyval.sty)
(/usr/local/texlive/2026/texmf-dist/tex/generic/iftex/ifvtex.sty
(/usr/local/texlive/2026/texmf-dist/tex/generic/iftex/iftex.sty)))
(/usr/local/texlive/2026/texmf-dist/tex/latex/graphics/graphicx.sty
(/usr/local/texlive/2026/texmf-dist/tex/latex/graphics/graphics.sty
(/usr/local/texlive/2026/texmf-dist/tex/latex/graphics/trig.sty)
(/usr/local/texlive/2026/texmf-dist/tex/latex/graphics-cfg/graphics.cfg)
(/usr/local/texlive/2026/texmf-dist/tex/latex/graphics-def/pdftex.def)))
(/usr/local/texlive/2026/texmf-dist/tex/generic/gettitlestring/gettitlestring.s
ty (/usr/local/texlive/2026/texmf-dist/tex/latex/kvoptions/kvoptions.sty
(/usr/local/texlive/2026/texmf-dist/tex/generic/ltxcmds/ltxcmds.sty)
(/usr/local/texlive/2026/texmf-dist/tex/latex/kvsetkeys/kvsetkeys.sty)))
(/usr/local/texlive/2026/texmf-dist/tex/latex/booktabs/booktabs.sty)
(/usr/local/texlive/2026/texmf-dist/tex/latex/threeparttable/threeparttable.sty
) (/usr/local/texlive/2026/texmf-dist/tex/latex/caption/caption.sty
(/usr/local/texlive/2026/texmf-dist/tex/latex/caption/caption3.sty))
(/usr/local/texlive/2026/texmf-dist/tex/latex/tools/bm.sty)
(/usr/local/texlive/2026/texmf-dist/tex/latex/fancyhdr/fancyhdr.sty)
(/usr/local/texlive/2026/texmf-dist/tex/latex/endfloat/endfloat.sty))
(/usr/local/texlive/2026/texmf-dist/tex/latex/lipsum/lipsum.sty
(/usr/local/texlive/2026/texmf-dist/tex/latex/l3packages/l3keys2e/l3keys2e.sty
(/usr/local/texlive/2026/texmf-dist/tex/latex/l3kernel/expl3.sty
(/usr/local/texlive/2026/texmf-dist/tex/latex/l3backend/l3backend-pdftex.def)))
(/usr/local/texlive/2026/texmf-dist/tex/latex/lipsum/lipsum.ltd.tex))
(/usr/local/texlive/2026/texmf-dist/tex/generic/babel/babel.sty
(/usr/local/texlive/2026/texmf-dist/tex/generic/babel/txtbabel.def)
(/usr/local/texlive/2026/texmf-dist/tex/generic/babel/locale/en/babel-american.
tex) (/usr/local/texlive/2026/texmf-dist/tex/generic/babel-english/american.ldf
(/usr/local/texlive/2026/texmf-dist/tex/generic/babel-english/english.ldf)))
(/usr/local/texlive/2026/texmf-dist/tex/latex/csquotes/csquotes.sty
(/usr/local/texlive/2026/texmf-dist/tex/latex/csquotes/csquotes.def)
(/usr/local/texlive/2026/texmf-dist/tex/latex/csquotes/csquotes.cfg))
(/usr/local/texlive/2026/texmf-dist/tex/latex/biblatex/biblatex.sty
(/usr/local/texlive/2026/texmf-dist/tex/generic/pdftexcmds/pdftexcmds.sty
(/usr/local/texlive/2026/texmf-dist/tex/generic/infwarerr/infwarerr.sty))
(/usr/local/texlive/2026/texmf-dist/tex/latex/logreq/logreq.sty
(/usr/local/texlive/2026/texmf-dist/tex/latex/logreq/logreq.def))
(/usr/local/texlive/2026/texmf-dist/tex/latex/base/ifthen.sty)
(/usr/local/texlive/2026/texmf-dist/tex/latex/url/url.sty)
(/usr/local/texlive/2026/texmf-dist/tex/latex/biblatex/blx-dm.def)
(/usr/local/texlive/2026/texmf-dist/tex/latex/biblatex-apa6/apa6.dbx)
(/usr/local/texlive/2026/texmf-dist/tex/latex/biblatex/blx-compat.def)
(/usr/local/texlive/2026/texmf-dist/tex/latex/biblatex/biblatex.def)
(/usr/local/texlive/2026/texmf-dist/tex/latex/biblatex-apa6/apa6.bbx
(/usr/local/texlive/2026/texmf-dist/tex/latex/biblatex/bbx/standard.bbx)

Package biblatex Warning: The starred command '\DeclareDelimAlias*' is
(biblatex)                deprecated.
(biblatex)                Use the unstarred version '\DeclareDelimAlias'
(biblatex)                instead.

) (/usr/local/texlive/2026/texmf-dist/tex/latex/biblatex-apa6/apa6.cbx)
(/usr/local/texlive/2026/texmf-dist/tex/latex/biblatex/biblatex.cfg)
(/usr/local/texlive/2026/texmf-dist/tex/latex/biblatex/blx-case-expl3.sty
(/usr/local/texlive/2026/texmf-dist/tex/latex/l3packages/xparse/xparse.sty)))
(./longsample.aux)
*geometry* driver: auto-detecting
*geometry* detected driver: pdftex
(/usr/local/texlive/2026/texmf-dist/tex/context/base/mkii/supp-pdf.mkii
[Loading MPS to PDF converter (version 2006.09.02).]
) (/usr/local/texlive/2026/texmf-dist/tex/latex/epstopdf-pkg/epstopdf-base.sty
(/usr/local/texlive/2026/texmf-dist/tex/latex/latexconfig/epstopdf-sys.cfg))
(/usr/local/texlive/2026/texmf-dist/tex/latex/apa6/config/APAamerican.txt)
(/usr/local/texlive/2026/texmf-dist/tex/latex/biblatex-apa/american-apa.lbx
(/usr/local/texlive/2026/texmf-dist/tex/latex/biblatex/lbx/american.lbx
(/usr/local/texlive/2026/texmf-dist/tex/latex/biblatex-apa6/english-apa6.lbx
(/usr/local/texlive/2026/texmf-dist/tex/latex/biblatex/lbx/english.lbx)))
(/usr/local/texlive/2026/texmf-dist/tex/latex/biblatex/lbx/american.lbx
(/usr/local/texlive/2026/texmf-dist/tex/latex/biblatex-apa6/english-apa6.lbx
(/usr/local/texlive/2026/texmf-dist/tex/latex/biblatex/lbx/american.lbx
(/usr/local/texlive/2026/texmf-dist/tex/latex/biblatex/lbx/english.lbx)))))
No file longsample.bbl.
(/usr/local/texlive/2026/texmf-dist/tex/latex/lm/t1lmss.fd) [1{/usr/local/texli
ve/2026/texmf-var/fonts/map/pdftex/updmap/pdftex.map}{/usr/local/texlive/2026/t
exmf-dist/fonts/enc/dvips/lm/lm-ec.enc}] [2]

LaTeX Warning: Citation 'vonDavier2011' on page 3 undefined on input line 65.


LaTeX Warning: Citation '' on page 3 undefined on input line 65.


LaTeX Warning: Citation 'vonDavier2011' on page 3 undefined on input line 66.


LaTeX Warning: Citation 'Lassen2006' on page 3 undefined on input line 66.


LaTeX Warning: Citation 'Shotton1989' on page 3 undefined on input line 67.


LaTeX Warning: Citation 'Lassen2006' on page 3 undefined on input line 67.

[3] [4]
Underfull \vbox (badness 10000) has occurred while \output is active [5]
Underfull \vbox (badness 1337) has occurred while \output is active [6]
(longsample.ttt) (longsample.fff) [7]

LaTeX Warning: Empty bibliography on input line 135.

[8] (./longsample.ttt
(/usr/local/texlive/2026/texmf-dist/tex/latex/lm/ot1lmr.fd)
(/usr/local/texlive/2026/texmf-dist/tex/latex/lm/omllmm.fd)
(/usr/local/texlive/2026/texmf-dist/tex/latex/lm/omslmsy.fd)
(/usr/local/texlive/2026/texmf-dist/tex/latex/lm/omxlmex.fd)) [9]
(./longsample.fff) [10 <./Figure1.pdf>] [11] [12] [13]
AED endfloat: Processing end Figures and Tables [14] (./longsample.aux)

LaTeX Warning: There were undefined references.


Package biblatex Warning: Please (re)run Biber on the file:
(biblatex)                longsample
(biblatex)                and rerun LaTeX afterwards.

 )
(see the transcript file for additional information)</usr/local/texlive/2026/te
xmf-dist/fonts/type1/public/lm/lmbx12.pfb></usr/local/texlive/2026/texmf-dist/f
onts/type1/public/lm/lmbxi10.pfb></usr/local/texlive/2026/texmf-dist/fonts/type
1/public/lm/lmr10.pfb></usr/local/texlive/2026/texmf-dist/fonts/type1/public/lm
/lmr12.pfb></usr/local/texlive/2026/texmf-dist/fonts/type1/public/lm/lmr8.pfb><
/usr/local/texlive/2026/texmf-dist/fonts/type1/public/lm/lmri10.pfb></usr/local
/texlive/2026/texmf-dist/fonts/type1/public/lm/lmri12.pfb></usr/local/texlive/2
026/texmf-dist/fonts/type1/public/lm/lmss12.pfb>
Output written on longsample.pdf (14 pages, 188662 bytes).
Transcript written on longsample.log.
