This is pdfTeX, Version 3.141592653-2.6-1.40.29 (TeX Live 2026) (preloaded format=pdflatex)
 restricted \write18 enabled.
entering extended mode
(./sample.tex
LaTeX2e <2025-11-01>
L3 programming layer <2026-01-19>
(/usr/local/texlive/2026/texmf-dist/tex/latex/emulateapj/emulateapj.cls
Document Class: emulateapj 
(/usr/local/texlive/2026/texmf-dist/tex/latex/revtex4-1/revtex4-1.cls
Document Class: revtex4-1 2020/09/30 4.1s (http://publish.aps.org/revtex4/ for 
documentation)
ltxutil[2020/09/30 4.1s utilities package (portions licensed from W. E. Baxter 
web at superscript.com)]
ltxfront[2020/09/30 4.1s frontmatter package (AO,DPC)]
ltxgrid[2020/09/30 4.1s page grid package (portions licensed from W. E. Baxter 
web at superscript.com)]
(/usr/local/texlive/2026/texmf-dist/tex/latex/revtex4-1/aps4-1.rtx)
(/usr/local/texlive/2026/texmf-dist/tex/latex/revtex4-1/aps10pt4-1.rtx)
(/usr/local/texlive/2026/texmf-dist/tex/latex/textcase/textcase.sty)
(/usr/local/texlive/2026/texmf-dist/tex/latex/url/url.sty)
(/usr/local/texlive/2026/texmf-dist/tex/latex/natbib/natbib.sty)
(/usr/local/texlive/2026/texmf-dist/tex/latex/revtex4-1/revsymb4-1.sty))
(/usr/local/texlive/2026/texmf-dist/tex/latex/base/latexsym.sty)
(/usr/local/texlive/2026/texmf-dist/tex/latex/graphics/graphicx.sty
(/usr/local/texlive/2026/texmf-dist/tex/latex/graphics/keyval.sty)
(/usr/local/texlive/2026/texmf-dist/tex/latex/graphics/graphics.sty
(/usr/local/texlive/2026/texmf-dist/tex/latex/graphics/trig.sty)
(/usr/local/texlive/2026/texmf-dist/tex/latex/graphics-cfg/graphics.cfg)
(/usr/local/texlive/2026/texmf-dist/tex/latex/graphics-def/pdftex.def)))
(/usr/local/texlive/2026/texmf-dist/tex/latex/amsfonts/amssymb.sty
(/usr/local/texlive/2026/texmf-dist/tex/latex/amsfonts/amsfonts.sty))
(/usr/local/texlive/2026/texmf-dist/tex/latex/tools/longtable.sty)
(/usr/local/texlive/2026/texmf-dist/tex/generic/epsf/epsf.sty
This is `epsf.tex' v2.7.4 <14 February 2011>
)) (/usr/local/texlive/2026/texmf-dist/tex/latex/l3backend/l3backend-pdftex.def
)
No file sample.aux.
(/usr/local/texlive/2026/texmf-dist/tex/context/base/mkii/supp-pdf.mkii
[Loading MPS to PDF converter (version 2006.09.02).]
) (/usr/local/texlive/2026/texmf-dist/tex/latex/epstopdf-pkg/epstopdf-base.sty
(/usr/local/texlive/2026/texmf-dist/tex/latex/latexconfig/epstopdf-sys.cfg))
(/usr/local/texlive/2026/texmf-dist/tex/latex/base/ulasy.fd)
(/usr/local/texlive/2026/texmf-dist/tex/latex/amsfonts/umsa.fd)
(/usr/local/texlive/2026/texmf-dist/tex/latex/amsfonts/umsb.fd)

Package natbib Warning: Citation `hen61' on page 1 undefined on input line 117.



Package natbib Warning: Citation `lyn68' on page 1 undefined on input line 117.



Package natbib Warning: Citation `spi85' on page 1 undefined on input line 117.



Package natbib Warning: Citation `kin75' on page 1 undefined on input line 119.



Package natbib Warning: Citation `new78' on page 1 undefined on input line 119.



Package natbib Warning: Citation `aur82' on page 1 undefined on input line 120.



Package natbib Warning: Citation `djo84' on page 1 undefined on input line 121.



Package natbib Warning: Citation `can78' on page 1 undefined on input line 123.



Package natbib Warning: Citation `kin68' on page 1 undefined on input line 154.



Package natbib Warning: Citation `pet76' on page 1 undefined on input line 154.



Package natbib Warning: Citation `har84' on page 1 undefined on input line 154.



Package natbib Warning: Citation `ort85' on page 1 undefined on input line 154.



Package natbib Warning: Citation `kin66' on page 1 undefined on input line 155.



Package natbib Warning: Citation `kin75' on page 1 undefined on input line 155.



Package natbib Warning: Citation `kro84' on page 1 undefined on input line 156.



Package natbib Warning: Citation `hag86' on page 1 undefined on input line 182.


[1{/usr/local/texlive/2026/texmf-var/fonts/map/pdftex/updmap/pdftex.map}]

LaTeX Warning: Reference `tbl-1' on page 2 undefined on input line 296.


LaTeX Warning: Reference `bozomath' on page 2 undefined on input line 317.


Package natbib Warning: Citation `heiles03' on page 2 undefined on input line 4
71.

[2]

Package natbib Warning: Citation `rudnick03' on page 3 undefined on input line 
484.


Package natbib Warning: Citation `kim03' on page 3 undefined on input line 495.


[3]

Package natbib Warning: Citation `treu03' on page 4 undefined on input line 542
.


Package natbib Warning: Citation `treu03' on page 4 undefined on input line 543
.


Package longtable Warning: Column widths have changed
(longtable)                in table 1 on input line 573.


LaTeX Warning: Reference `tbl-1' on page 4 undefined on input line 573.


LaTeX Warning: Reference `tbl-1' on page 4 undefined on input line 573.


LaTeX Warning: Reference `tbl-1' on page 4 undefined on input line 573.


Overfull \hbox (276.88464pt too wide) in paragraph at lines 573--573
[][] 
[4]
Overfull \hbox (121.7414pt too wide) in paragraph at lines 586--601
 []$ 
! Missing number, treated as zero.
<to be read again> 
                   a
l.605 ...rated with the \LaTeX\ table environment}
                                                  
!  ==> Fatal error occurred, no output PDF file produced!
Transcript written on sample.log.
