This is pdfTeX, Version 3.141592653-2.6-1.40.29 (TeX Live 2026) (preloaded format=pdflatex)
 restricted \write18 enabled.
entering extended mode
(./sample-book.tex
LaTeX2e <2025-11-01>
L3 programming layer <2026-01-19>
(/usr/local/texlive/2026/texmf-dist/tex/latex/tufte-latex/tufte-book.cls
Document Class: tufte-book 2015/06/21 v3.5.2 Tufte-book class
(/usr/local/texlive/2026/texmf-dist/tex/latex/tufte-latex/tufte-common.def
(/usr/local/texlive/2026/texmf-dist/tex/latex/xkeyval/xkeyval.sty
(/usr/local/texlive/2026/texmf-dist/tex/generic/xkeyval/xkeyval.tex
(/usr/local/texlive/2026/texmf-dist/tex/generic/xkeyval/xkvutils.tex
(/usr/local/texlive/2026/texmf-dist/tex/generic/xkeyval/keyval.tex))))
(/usr/local/texlive/2026/texmf-dist/tex/latex/xifthen/xifthen.sty
(/usr/local/texlive/2026/texmf-dist/tex/latex/tools/calc.sty)
(/usr/local/texlive/2026/texmf-dist/tex/latex/base/ifthen.sty)
(/usr/local/texlive/2026/texmf-dist/tex/latex/ifmtarg/ifmtarg.sty))
(/usr/local/texlive/2026/texmf-dist/tex/latex/hardwrap/hardwrap.sty
(/usr/local/texlive/2026/texmf-dist/tex/latex/ifplatform/ifplatform.sty
(/usr/local/texlive/2026/texmf-dist/tex/latex/tools/shellesc.sty)
(/usr/local/texlive/2026/texmf-dist/tex/generic/pdftexcmds/pdftexcmds.sty
(/usr/local/texlive/2026/texmf-dist/tex/generic/infwarerr/infwarerr.sty)
(/usr/local/texlive/2026/texmf-dist/tex/generic/iftex/iftex.sty)
(/usr/local/texlive/2026/texmf-dist/tex/generic/ltxcmds/ltxcmds.sty))
(/usr/local/texlive/2026/texmf-dist/tex/generic/catchfile/catchfile.sty
(/usr/local/texlive/2026/texmf-dist/tex/generic/etexcmds/etexcmds.sty))
(/usr/local/texlive/2026/texmf-dist/tex/generic/iftex/ifluatex.sty)

Package ifplatform Warning: 
    shell escape is disabled, so I can only detect \ifwindows.

) (/usr/local/texlive/2026/texmf-dist/tex/generic/iftex/ifxetex.sty)
(|kpsewhich -var-value=max_print_line))
(/usr/local/texlive/2026/texmf-dist/tex/latex/base/book.cls
Document Class: book 2025/01/22 v1.4n Standard LaTeX document class
(/usr/local/texlive/2026/texmf-dist/tex/latex/base/bk10.clo))
(/usr/local/texlive/2026/texmf-dist/tex/generic/iftex/ifpdf.sty)
(/usr/local/texlive/2026/texmf-dist/tex/latex/titlesec/titlesec.sty)
(/usr/local/texlive/2026/texmf-dist/tex/latex/titlesec/titletoc.sty)
(/usr/local/texlive/2026/texmf-dist/tex/latex/hyperref/hyperref.sty
(/usr/local/texlive/2026/texmf-dist/tex/latex/kvsetkeys/kvsetkeys.sty)
(/usr/local/texlive/2026/texmf-dist/tex/generic/kvdefinekeys/kvdefinekeys.sty)
(/usr/local/texlive/2026/texmf-dist/tex/generic/pdfescape/pdfescape.sty)
(/usr/local/texlive/2026/texmf-dist/tex/latex/hycolor/hycolor.sty)
(/usr/local/texlive/2026/texmf-dist/tex/latex/hyperref/nameref.sty
(/usr/local/texlive/2026/texmf-dist/tex/latex/refcount/refcount.sty)
(/usr/local/texlive/2026/texmf-dist/tex/generic/gettitlestring/gettitlestring.s
ty (/usr/local/texlive/2026/texmf-dist/tex/latex/kvoptions/kvoptions.sty)))
(/usr/local/texlive/2026/texmf-dist/tex/latex/etoolbox/etoolbox.sty)
(/usr/local/texlive/2026/texmf-dist/tex/generic/stringenc/stringenc.sty)
(/usr/local/texlive/2026/texmf-dist/tex/latex/hyperref/pd1enc.def)
(/usr/local/texlive/2026/texmf-dist/tex/generic/intcalc/intcalc.sty)
(/usr/local/texlive/2026/texmf-dist/tex/latex/hyperref/puenc.def)
(/usr/local/texlive/2026/texmf-dist/tex/latex/url/url.sty)
(/usr/local/texlive/2026/texmf-dist/tex/generic/bitset/bitset.sty
(/usr/local/texlive/2026/texmf-dist/tex/generic/bigintcalc/bigintcalc.sty)))
(/usr/local/texlive/2026/texmf-dist/tex/latex/hyperref/hpdftex.def
(/usr/local/texlive/2026/texmf-dist/tex/latex/rerunfilecheck/rerunfilecheck.sty

(/usr/local/texlive/2026/texmf-dist/tex/generic/uniquecounter/uniquecounter.sty
))) (/usr/local/texlive/2026/texmf-dist/tex/latex/ragged2e/ragged2e.sty)
(/usr/local/texlive/2026/texmf-dist/tex/latex/geometry/geometry.sty
(/usr/local/texlive/2026/texmf-dist/tex/generic/iftex/ifvtex.sty))
(/usr/local/texlive/2026/texmf-dist/tex/latex/changepage/changepage.sty)
(/usr/local/texlive/2026/texmf-dist/tex/latex/paralist/paralist.sty)
(/usr/local/texlive/2026/texmf-dist/tex/latex/textcase/textcase.sty)
(/usr/local/texlive/2026/texmf-dist/tex/latex/microtype/letterspace.sty)
(/usr/local/texlive/2026/texmf-dist/tex/latex/setspace/setspace.sty)
(/usr/local/texlive/2026/texmf-dist/tex/latex/xcolor/xcolor.sty
(/usr/local/texlive/2026/texmf-dist/tex/latex/graphics-cfg/color.cfg)

Package xcolor Warning: Package option `usenames' is obsolete and ignored on in
put line 265.

(/usr/local/texlive/2026/texmf-dist/tex/latex/graphics-def/pdftex.def)
(/usr/local/texlive/2026/texmf-dist/tex/latex/graphics/mathcolor.ltx))
(/usr/local/texlive/2026/texmf-dist/tex/latex/graphics/dvipsnam.def)
(/usr/local/texlive/2026/texmf-dist/tex/latex/xcolor/svgnam.def)
(/usr/local/texlive/2026/texmf-dist/tex/latex/natbib/natbib.sty)
(/usr/local/texlive/2026/texmf-dist/tex/latex/natbib/bibentry.sty)
No file sample-book.bbl.
(/usr/local/texlive/2026/texmf-dist/tex/latex/sauerj/optparams.sty)
(/usr/local/texlive/2026/texmf-dist/tex/latex/placeins/placeins.sty)
(/usr/local/texlive/2026/texmf-dist/tex/latex/psnfss/mathpazo.sty)
(/usr/local/texlive/2026/texmf-dist/tex/latex/psnfss/helvet.sty)
(/usr/local/texlive/2026/texmf-dist/tex/latex/bera/beramono.sty)
(/usr/local/texlive/2026/texmf-dist/tex/latex/base/fontenc.sty
(/usr/local/texlive/2026/texmf-dist/tex/latex/psnfss/t1pplj.fd))
(/usr/local/texlive/2026/texmf-dist/tex/latex/base/textcomp.sty)
(/usr/local/texlive/2026/texmf-dist/tex/latex/fancyhdr/fancyhdr.sty)
(/usr/local/texlive/2026/texmf-dist/tex/latex/tools/multicol.sty)))
(/usr/local/texlive/2026/texmf-dist/tex/latex/lipsum/lipsum.sty
(/usr/local/texlive/2026/texmf-dist/tex/latex/l3packages/l3keys2e/l3keys2e.sty
(/usr/local/texlive/2026/texmf-dist/tex/latex/l3kernel/expl3.sty
(/usr/local/texlive/2026/texmf-dist/tex/latex/l3backend/l3backend-pdftex.def)))
(/usr/local/texlive/2026/texmf-dist/tex/latex/lipsum/lipsum.ltd.tex))
(/usr/local/texlive/2026/texmf-dist/tex/latex/booktabs/booktabs.sty)
(/usr/local/texlive/2026/texmf-dist/tex/latex/graphics/graphicx.sty
(/usr/local/texlive/2026/texmf-dist/tex/latex/graphics/graphics.sty
(/usr/local/texlive/2026/texmf-dist/tex/latex/graphics/trig.sty)
(/usr/local/texlive/2026/texmf-dist/tex/latex/graphics-cfg/graphics.cfg)))
(/usr/local/texlive/2026/texmf-dist/tex/latex/fancyvrb/fancyvrb.sty)
(/usr/local/texlive/2026/texmf-dist/tex/latex/tools/xspace.sty)
(/usr/local/texlive/2026/texmf-dist/tex/latex/units/units.sty
(/usr/local/texlive/2026/texmf-dist/tex/latex/units/nicefrac.sty))
(/usr/local/texlive/2026/texmf-dist/tex/latex/base/makeidx.sty)
Writing index file sample-book.idx
No file sample-book.aux.
*geometry* driver: auto-detecting
*geometry* detected driver: pdftex
(/usr/local/texlive/2026/texmf-dist/tex/context/base/mkii/supp-pdf.mkii
[Loading MPS to PDF converter (version 2006.09.02).]
) (/usr/local/texlive/2026/texmf-dist/tex/latex/epstopdf-pkg/epstopdf-base.sty
(/usr/local/texlive/2026/texmf-dist/tex/latex/latexconfig/epstopdf-sys.cfg))
[1] (/usr/local/texlive/2026/texmf-dist/tex/latex/psnfss/t1phv.fd)
Overfull \hbox (7.34093pt too wide) in paragraph at lines 170--170
[]\T1/phv/m/n/10.95/200ls A DE-SIGNER KNOWS THAT HE HAS ACHIEVED PER-FEC-TION N
OT WHEN THERE 
[2{/usr/local/texlive/2026/texmf-var/fonts/map/pdftex/updmap/pdftex.map}{/usr/l
ocal/texlive/2026/texmf-dist/fonts/enc/dvips/base/8r.enc}] [3]
(/usr/local/texlive/2026/texmf-dist/tex/latex/psnfss/ts1pplj.fd)
(/usr/local/texlive/2026/texmf-dist/tex/latex/bera/t1fvm.fd)
(/usr/local/texlive/2026/texmf-dist/tex/latex/psnfss/ot1pplx.fd)
(/usr/local/texlive/2026/texmf-dist/tex/latex/psnfss/omlzplm.fd)
(/usr/local/texlive/2026/texmf-dist/tex/latex/psnfss/omszplm.fd)
(/usr/local/texlive/2026/texmf-dist/tex/latex/psnfss/omxzplm.fd)
(/usr/local/texlive/2026/texmf-dist/tex/latex/psnfss/ot1zplm.fd) [4]
No file sample-book.toc.
[5] [6]
No file sample-book.lof.
[7] [8]
No file sample-book.lot.
[9] [10]
Overfull \hbox (94.52998pt too wide) in paragraph at lines 222--227
\T1/pplj/m/it/18 and the work of [] and [].  
[11] [12]

Package natbib Warning: Citation `Tufte2001' undefined on input line 237.


Package natbib Warning: Citation `Tufte1990' undefined on input line 237.


Package natbib Warning: Citation `Tufte1997' undefined on input line 237.


Package natbib Warning: Citation `Tufte2006' undefined on input line 237.


LaTeX Warning: Marginpar on page 13 moved.

[13] [14]
Overfull \hbox (12.0pt too wide) in paragraph at lines 263--290
[]$[]$ 
[15] [16] [17 <./graphics/vdqi-title.pdf> <./graphics/ei-title.pdf> <./graphics
/ve-title.pdf> <./graphics/be-title.pdf>] [18 <./graphics/vdqi-contents.pdf> <.
/graphics/ei-contents.pdf> <./graphics/ve-contents.pdf> <./graphics/be-contents
.pdf>]

LaTeX Warning: Marginpar on page 19 moved.


Overfull \hbox (8.62125pt too wide) in paragraph at lines 456--466
 [] 

LaTeX Warning: `h' float specifier changed to `ht'.

[19] [20]
Overfull \hbox (7.68355pt too wide) in paragraph at lines 484--486
\T1/pplj/m/n/10 This style pro-vides \T1/pplj/m/sc/10/50ls a\T1/pplj/m/n/10 - a
nd \T1/pplj/m/sc/10/50ls b\T1/pplj/m/n/10 -heads (that is, [] and []), 

Package natbib Warning: Citation `Bringhurst2005' undefined on input line 490.


LaTeX Warning: Marginpar on page 21 moved.


Package natbib Warning: Citation `Tufte2006' undefined on input line 497.


pdfTeX warning (ext4): destination with the same identifier (name{cite.Tufte200
6}) has been already used, duplicate ignored
<to be read again> 
                   \relax 
l.497 ...ught{In his later books},\cite{Tufte2006}
                                                   Tufte

LaTeX Warning: Marginpar on page 21 moved.


LaTeX Warning: Marginpar on page 21 moved.


LaTeX Warning: Marginpar on page 21 moved.

[21]

LaTeX Warning: Marginpar on page 22 moved.


Package natbib Warning: Citation `Tufte2006' undefined on input line 567.


pdfTeX warning (ext4): destination with the same identifier (name{cite.Tufte200
6}) has been already used, duplicate ignored
<to be read again> 
                   \relax 
l.567 ...ite[-3\baselineskip]{Tufte2006,Tufte1990}
                                                   you can

Package natbib Warning: Citation `Tufte1990' undefined on input line 567.


pdfTeX warning (ext4): destination with the same identifier (name{cite.Tufte199
0}) has been already used, duplicate ignored
<to be read again> 
                   \relax 
l.567 ...ite[-3\baselineskip]{Tufte2006,Tufte1990}
                                                   you can [22]

LaTeX Warning: Reference `fig:marginfig' on page 23 undefined on input line 583
.


LaTeX Warning: Reference `sec:sidenotes' on page 23 undefined on input line 601
.


LaTeX Warning: Reference `fig:fullfig' on page 23 undefined on input line 612.


LaTeX Warning: Reference `fig:textfig' on page 23 undefined on input line 613.


Underfull \hbox (badness 10000) in paragraph at lines 624--629

[23 <./graphics/helix.pdf> <./graphics/sine.pdf> <./graphics/hilbertcurves.pdf>
]

LaTeX Warning: Reference `fig:textfig' on page 24 undefined on input line 649.


LaTeX Warning: Reference `tab:normaltab' on page 24 undefined on input line 654
.

(/usr/local/texlive/2026/texmf-dist/tex/latex/psnfss/t1ppl.fd)
Overfull \hbox (6.44302pt too wide) in paragraph at lines 687--690
\T1/pplj/m/n/10 this lim-i-ta-tion, the Tufte-L[]T[]X doc-u-ment classes pro-vi
de a []\T1/fvm/m/n/10 \morefloats[][][] 
[24]
Overfull \hbox (56.13647pt too wide) in paragraph at lines 724--727
[] []\T1/pplj/m/it/10 Ver-ti-cal align-ment[] \T1/pplj/m/n/10 To over-ride the 
ver-ti-cal align-ment, use the \T1/fvm/m/n/10 \setfloatalignment[] 
[25]

Package natbib Warning: Citation `Bringhurst2005' undefined on input line 800.


pdfTeX warning (ext4): destination with the same identifier (name{cite.Bringhur
st2005}) has been already used, duplicate ignored
<to be read again> 
                   \relax 
l.800 increased slightly.\cite{Bringhurst2005}
                                                The \doccmddef{allcaps} comm...

LaTeX Warning: Marginpar on page 26 moved.

[26]
Underfull \vbox (badness 10000) has occurred while \output is active [27]
[28] [29]

Package natbib Warning: Citation `pkg-geometry' undefined on input line 965.


LaTeX Warning: Marginpar on page 30 moved.

[30]
Overfull \hbox (29.76787pt too wide) in paragraph at lines 1004--1006
[]\T1/fvm/m/n/9 \documentclass[symmetric,justified,marginals=raggedouter]{tufte
-book}  
[31] [32] [33] [34] [35]

LaTeX Warning: Reference `sec:headings' on page 36 undefined on input line 1096
.


LaTeX Warning: Reference `sec:headings' on page 36 undefined on input line 1103
.


LaTeX Warning: Reference `err:too-many-floats' on page 36 undefined on input li
ne 1112.


LaTeX Warning: Reference `clsopt:symmetric' on page 36 undefined on input line 
1122.

[36] [37] [38]
No file sample-book.bbl.
No file sample-book.ind.

Package natbib Warning: There were undefined citations.

(./sample-book.aux)

LaTeX Warning: There were undefined references.


LaTeX Warning: Label(s) may have changed. Rerun to get cross-references right.


Package rerunfilecheck Warning: File `sample-book.out' has changed.
(rerunfilecheck)                Rerun to get outlines right
(rerunfilecheck)                or use package `bookmark'.

 )
(see the transcript file for additional information)</usr/local/texlive/2026/te
xmf-dist/fonts/type1/public/amsfonts/cm/cmr10.pfb></usr/local/texlive/2026/texm
f-dist/fonts/type1/public/amsfonts/cm/cmsy10.pfb></usr/local/texlive/2026/texmf
-dist/fonts/type1/public/mathpazo/fplmri.pfb></usr/local/texlive/2026/texmf-dis
t/fonts/type1/public/fpl/fplrc8a.pfb></usr/local/texlive/2026/texmf-dist/fonts/
type1/public/fpl/fplrij8a.pfb></usr/local/texlive/2026/texmf-dist/fonts/type1/p
ublic/bera/fvmr8a.pfb></usr/local/texlive/2026/texmf-dist/fonts/type1/public/be
ra/fvmro8a.pfb></usr/local/texlive/2026/texmf-dist/fonts/type1/urw/helvetic/uhv
r8a.pfb></usr/local/texlive/2026/texmf-dist/fonts/type1/urw/palatino/uplb8a.pfb
></usr/local/texlive/2026/texmf-dist/fonts/type1/urw/palatino/uplr8a.pfb></usr/
local/texlive/2026/texmf-dist/fonts/type1/urw/palatino/uplri8a.pfb>
Output written on sample-book.pdf (38 pages, 300885 bytes).
Transcript written on sample-book.log.


--- pass break ---

This is pdfTeX, Version 3.141592653-2.6-1.40.29 (TeX Live 2026) (preloaded format=pdflatex)
 restricted \write18 enabled.
entering extended mode
(./sample-book.tex
LaTeX2e <2025-11-01>
L3 programming layer <2026-01-19>
(/usr/local/texlive/2026/texmf-dist/tex/latex/tufte-latex/tufte-book.cls
Document Class: tufte-book 2015/06/21 v3.5.2 Tufte-book class
(/usr/local/texlive/2026/texmf-dist/tex/latex/tufte-latex/tufte-common.def
(/usr/local/texlive/2026/texmf-dist/tex/latex/xkeyval/xkeyval.sty
(/usr/local/texlive/2026/texmf-dist/tex/generic/xkeyval/xkeyval.tex
(/usr/local/texlive/2026/texmf-dist/tex/generic/xkeyval/xkvutils.tex
(/usr/local/texlive/2026/texmf-dist/tex/generic/xkeyval/keyval.tex))))
(/usr/local/texlive/2026/texmf-dist/tex/latex/xifthen/xifthen.sty
(/usr/local/texlive/2026/texmf-dist/tex/latex/tools/calc.sty)
(/usr/local/texlive/2026/texmf-dist/tex/latex/base/ifthen.sty)
(/usr/local/texlive/2026/texmf-dist/tex/latex/ifmtarg/ifmtarg.sty))
(/usr/local/texlive/2026/texmf-dist/tex/latex/hardwrap/hardwrap.sty
(/usr/local/texlive/2026/texmf-dist/tex/latex/ifplatform/ifplatform.sty
(/usr/local/texlive/2026/texmf-dist/tex/latex/tools/shellesc.sty)
(/usr/local/texlive/2026/texmf-dist/tex/generic/pdftexcmds/pdftexcmds.sty
(/usr/local/texlive/2026/texmf-dist/tex/generic/infwarerr/infwarerr.sty)
(/usr/local/texlive/2026/texmf-dist/tex/generic/iftex/iftex.sty)
(/usr/local/texlive/2026/texmf-dist/tex/generic/ltxcmds/ltxcmds.sty))
(/usr/local/texlive/2026/texmf-dist/tex/generic/catchfile/catchfile.sty
(/usr/local/texlive/2026/texmf-dist/tex/generic/etexcmds/etexcmds.sty))
(/usr/local/texlive/2026/texmf-dist/tex/generic/iftex/ifluatex.sty)

Package ifplatform Warning: 
    shell escape is disabled, so I can only detect \ifwindows.

) (/usr/local/texlive/2026/texmf-dist/tex/generic/iftex/ifxetex.sty)
(|kpsewhich -var-value=max_print_line))
(/usr/local/texlive/2026/texmf-dist/tex/latex/base/book.cls
Document Class: book 2025/01/22 v1.4n Standard LaTeX document class
(/usr/local/texlive/2026/texmf-dist/tex/latex/base/bk10.clo))
(/usr/local/texlive/2026/texmf-dist/tex/generic/iftex/ifpdf.sty)
(/usr/local/texlive/2026/texmf-dist/tex/latex/titlesec/titlesec.sty)
(/usr/local/texlive/2026/texmf-dist/tex/latex/titlesec/titletoc.sty)
(/usr/local/texlive/2026/texmf-dist/tex/latex/hyperref/hyperref.sty
(/usr/local/texlive/2026/texmf-dist/tex/latex/kvsetkeys/kvsetkeys.sty)
(/usr/local/texlive/2026/texmf-dist/tex/generic/kvdefinekeys/kvdefinekeys.sty)
(/usr/local/texlive/2026/texmf-dist/tex/generic/pdfescape/pdfescape.sty)
(/usr/local/texlive/2026/texmf-dist/tex/latex/hycolor/hycolor.sty)
(/usr/local/texlive/2026/texmf-dist/tex/latex/hyperref/nameref.sty
(/usr/local/texlive/2026/texmf-dist/tex/latex/refcount/refcount.sty)
(/usr/local/texlive/2026/texmf-dist/tex/generic/gettitlestring/gettitlestring.s
ty (/usr/local/texlive/2026/texmf-dist/tex/latex/kvoptions/kvoptions.sty)))
(/usr/local/texlive/2026/texmf-dist/tex/latex/etoolbox/etoolbox.sty)
(/usr/local/texlive/2026/texmf-dist/tex/generic/stringenc/stringenc.sty)
(/usr/local/texlive/2026/texmf-dist/tex/latex/hyperref/pd1enc.def)
(/usr/local/texlive/2026/texmf-dist/tex/generic/intcalc/intcalc.sty)
(/usr/local/texlive/2026/texmf-dist/tex/latex/hyperref/puenc.def)
(/usr/local/texlive/2026/texmf-dist/tex/latex/url/url.sty)
(/usr/local/texlive/2026/texmf-dist/tex/generic/bitset/bitset.sty
(/usr/local/texlive/2026/texmf-dist/tex/generic/bigintcalc/bigintcalc.sty)))
(/usr/local/texlive/2026/texmf-dist/tex/latex/hyperref/hpdftex.def
(/usr/local/texlive/2026/texmf-dist/tex/latex/rerunfilecheck/rerunfilecheck.sty

(/usr/local/texlive/2026/texmf-dist/tex/generic/uniquecounter/uniquecounter.sty
))) (/usr/local/texlive/2026/texmf-dist/tex/latex/ragged2e/ragged2e.sty)
(/usr/local/texlive/2026/texmf-dist/tex/latex/geometry/geometry.sty
(/usr/local/texlive/2026/texmf-dist/tex/generic/iftex/ifvtex.sty))
(/usr/local/texlive/2026/texmf-dist/tex/latex/changepage/changepage.sty)
(/usr/local/texlive/2026/texmf-dist/tex/latex/paralist/paralist.sty)
(/usr/local/texlive/2026/texmf-dist/tex/latex/textcase/textcase.sty)
(/usr/local/texlive/2026/texmf-dist/tex/latex/microtype/letterspace.sty)
(/usr/local/texlive/2026/texmf-dist/tex/latex/setspace/setspace.sty)
(/usr/local/texlive/2026/texmf-dist/tex/latex/xcolor/xcolor.sty
(/usr/local/texlive/2026/texmf-dist/tex/latex/graphics-cfg/color.cfg)

Package xcolor Warning: Package option `usenames' is obsolete and ignored on in
put line 265.

(/usr/local/texlive/2026/texmf-dist/tex/latex/graphics-def/pdftex.def)
(/usr/local/texlive/2026/texmf-dist/tex/latex/graphics/mathcolor.ltx))
(/usr/local/texlive/2026/texmf-dist/tex/latex/graphics/dvipsnam.def)
(/usr/local/texlive/2026/texmf-dist/tex/latex/xcolor/svgnam.def)
(/usr/local/texlive/2026/texmf-dist/tex/latex/natbib/natbib.sty)
(/usr/local/texlive/2026/texmf-dist/tex/latex/natbib/bibentry.sty)
No file sample-book.bbl.
(/usr/local/texlive/2026/texmf-dist/tex/latex/sauerj/optparams.sty)
(/usr/local/texlive/2026/texmf-dist/tex/latex/placeins/placeins.sty)
(/usr/local/texlive/2026/texmf-dist/tex/latex/psnfss/mathpazo.sty)
(/usr/local/texlive/2026/texmf-dist/tex/latex/psnfss/helvet.sty)
(/usr/local/texlive/2026/texmf-dist/tex/latex/bera/beramono.sty)
(/usr/local/texlive/2026/texmf-dist/tex/latex/base/fontenc.sty
(/usr/local/texlive/2026/texmf-dist/tex/latex/psnfss/t1pplj.fd))
(/usr/local/texlive/2026/texmf-dist/tex/latex/base/textcomp.sty)
(/usr/local/texlive/2026/texmf-dist/tex/latex/fancyhdr/fancyhdr.sty)
(/usr/local/texlive/2026/texmf-dist/tex/latex/tools/multicol.sty)))
(/usr/local/texlive/2026/texmf-dist/tex/latex/lipsum/lipsum.sty
(/usr/local/texlive/2026/texmf-dist/tex/latex/l3packages/l3keys2e/l3keys2e.sty
(/usr/local/texlive/2026/texmf-dist/tex/latex/l3kernel/expl3.sty
(/usr/local/texlive/2026/texmf-dist/tex/latex/l3backend/l3backend-pdftex.def)))
(/usr/local/texlive/2026/texmf-dist/tex/latex/lipsum/lipsum.ltd.tex))
(/usr/local/texlive/2026/texmf-dist/tex/latex/booktabs/booktabs.sty)
(/usr/local/texlive/2026/texmf-dist/tex/latex/graphics/graphicx.sty
(/usr/local/texlive/2026/texmf-dist/tex/latex/graphics/graphics.sty
(/usr/local/texlive/2026/texmf-dist/tex/latex/graphics/trig.sty)
(/usr/local/texlive/2026/texmf-dist/tex/latex/graphics-cfg/graphics.cfg)))
(/usr/local/texlive/2026/texmf-dist/tex/latex/fancyvrb/fancyvrb.sty)
(/usr/local/texlive/2026/texmf-dist/tex/latex/tools/xspace.sty)
(/usr/local/texlive/2026/texmf-dist/tex/latex/units/units.sty
(/usr/local/texlive/2026/texmf-dist/tex/latex/units/nicefrac.sty))
(/usr/local/texlive/2026/texmf-dist/tex/latex/base/makeidx.sty)
Writing index file sample-book.idx
(./sample-book.aux) (./sample-book.out) (./sample-book.out)
*geometry* driver: auto-detecting
*geometry* detected driver: pdftex
(/usr/local/texlive/2026/texmf-dist/tex/context/base/mkii/supp-pdf.mkii
[Loading MPS to PDF converter (version 2006.09.02).]
) (/usr/local/texlive/2026/texmf-dist/tex/latex/epstopdf-pkg/epstopdf-base.sty
(/usr/local/texlive/2026/texmf-dist/tex/latex/latexconfig/epstopdf-sys.cfg))
[1] (/usr/local/texlive/2026/texmf-dist/tex/latex/psnfss/t1phv.fd)
Overfull \hbox (7.34093pt too wide) in paragraph at lines 170--170
[]\T1/phv/m/n/10.95/200ls A DE-SIGNER KNOWS THAT HE HAS ACHIEVED PER-FEC-TION N
OT WHEN THERE 
[2{/usr/local/texlive/2026/texmf-var/fonts/map/pdftex/updmap/pdftex.map}{/usr/l
ocal/texlive/2026/texmf-dist/fonts/enc/dvips/base/8r.enc}] [3]
(/usr/local/texlive/2026/texmf-dist/tex/latex/psnfss/ts1pplj.fd)
(/usr/local/texlive/2026/texmf-dist/tex/latex/bera/t1fvm.fd)
(/usr/local/texlive/2026/texmf-dist/tex/latex/psnfss/ot1pplx.fd)
(/usr/local/texlive/2026/texmf-dist/tex/latex/psnfss/omlzplm.fd)
(/usr/local/texlive/2026/texmf-dist/tex/latex/psnfss/omszplm.fd)
(/usr/local/texlive/2026/texmf-dist/tex/latex/psnfss/omxzplm.fd)
(/usr/local/texlive/2026/texmf-dist/tex/latex/psnfss/ot1zplm.fd) [4]
(./sample-book.toc) [5] [6] (./sample-book.lof
Overfull \hbox (0.66245pt too wide) in paragraph at lines 3--3
 [][] [][][]\T1/pplj/m/n/10 This is a mar-gin fig-ure. The he-lix is de-fined b
y $\OML/zplm/m/it/10 x \OT1/zplm/m/n/10 = [](\OT1/pplx/m/n/10 2\OML/zplm/m/it/1
0 ^^Yz\OT1/zplm/m/n/10 )$\T1/pplj/m/n/10 , $\OML/zplm/m/it/10 y \OT1/zplm/m/n/1
0 =

Overfull \hbox (1.91158pt too wide) in paragraph at lines 3--3
 []\OT1/zplm/m/n/10 (\OT1/pplx/m/n/10 2\OML/zplm/m/it/10 ^^Yz\OT1/zplm/m/n/10 )
$\T1/pplj/m/n/10 , and $\OML/zplm/m/it/10 z \OT1/zplm/m/n/10 = [\OT1/pplx/m/n/1
0 0, 2.7\OT1/zplm/m/n/10 ]$\T1/pplj/m/n/10 . The fig-ure was drawn us-ing Asymp
-tote
) [7] [8] (./sample-book.lot
Overfull \hbox (58.32143pt too wide) in paragraph at lines 2--2
 [][] [][][]\T1/pplj/m/n/10 A list of L[]T[]X font sizes as de-fined by the Tuf
te-L[]T[]X doc-u-ment classes.[][] 19 

Overfull \hbox (2.00974pt too wide) in paragraph at lines 6--6
 [][] [][][]\T1/pplj/m/n/10 Here are the di-men-sions of the var-i-ous mar-gins
 used in the Tufte-
) [9] [10]
Overfull \hbox (94.52998pt too wide) in paragraph at lines 222--227
\T1/pplj/m/it/18 and the work of [] and [].  
[11] [12]

Package natbib Warning: Citation `Tufte2001' undefined on input line 237.


Package natbib Warning: Citation `Tufte1990' undefined on input line 237.


Package natbib Warning: Citation `Tufte1997' undefined on input line 237.


Package natbib Warning: Citation `Tufte2006' undefined on input line 237.


LaTeX Warning: Marginpar on page 13 moved.

[13] [14]
Overfull \hbox (12.0pt too wide) in paragraph at lines 263--290
[]$[]$ 
[15] [16] [17 <./graphics/vdqi-title.pdf> <./graphics/ei-title.pdf> <./graphics
/ve-title.pdf> <./graphics/be-title.pdf>] [18 <./graphics/vdqi-contents.pdf> <.
/graphics/ei-contents.pdf> <./graphics/ve-contents.pdf> <./graphics/be-contents
.pdf>]

LaTeX Warning: Marginpar on page 19 moved.


Overfull \hbox (8.62125pt too wide) in paragraph at lines 456--466
 [] 

LaTeX Warning: `h' float specifier changed to `ht'.

[19] [20]
Overfull \hbox (7.68355pt too wide) in paragraph at lines 484--486
\T1/pplj/m/n/10 This style pro-vides \T1/pplj/m/sc/10/50ls a\T1/pplj/m/n/10 - a
nd \T1/pplj/m/sc/10/50ls b\T1/pplj/m/n/10 -heads (that is, [] and []), 

Package natbib Warning: Citation `Bringhurst2005' undefined on input line 490.


LaTeX Warning: Marginpar on page 21 moved.


Package natbib Warning: Citation `Tufte2006' undefined on input line 497.


pdfTeX warning (ext4): destination with the same identifier (name{cite.Tufte200
6}) has been already used, duplicate ignored
<to be read again> 
                   \relax 
l.497 ...ught{In his later books},\cite{Tufte2006}
                                                   Tufte

LaTeX Warning: Marginpar on page 21 moved.


LaTeX Warning: Marginpar on page 21 moved.


LaTeX Warning: Marginpar on page 21 moved.

[21]

LaTeX Warning: Marginpar on page 22 moved.


Package natbib Warning: Citation `Tufte2006' undefined on input line 567.


pdfTeX warning (ext4): destination with the same identifier (name{cite.Tufte200
6}) has been already used, duplicate ignored
<to be read again> 
                   \relax 
l.567 ...ite[-3\baselineskip]{Tufte2006,Tufte1990}
                                                   you can

Package natbib Warning: Citation `Tufte1990' undefined on input line 567.


pdfTeX warning (ext4): destination with the same identifier (name{cite.Tufte199
0}) has been already used, duplicate ignored
<to be read again> 
                   \relax 
l.567 ...ite[-3\baselineskip]{Tufte2006,Tufte1990}
                                                   you can [22]
Underfull \hbox (badness 10000) in paragraph at lines 624--629

[23 <./graphics/helix.pdf> <./graphics/sine.pdf> <./graphics/hilbertcurves.pdf>
] (/usr/local/texlive/2026/texmf-dist/tex/latex/psnfss/t1ppl.fd)
Overfull \hbox (6.44302pt too wide) in paragraph at lines 687--690
\T1/pplj/m/n/10 this lim-i-ta-tion, the Tufte-L[]T[]X doc-u-ment classes pro-vi
de a []\T1/fvm/m/n/10 \morefloats[][][] 
[24]
Overfull \hbox (56.13647pt too wide) in paragraph at lines 724--727
[] []\T1/pplj/m/it/10 Ver-ti-cal align-ment[] \T1/pplj/m/n/10 To over-ride the 
ver-ti-cal align-ment, use the \T1/fvm/m/n/10 \setfloatalignment[] 
[25]

Package natbib Warning: Citation `Bringhurst2005' undefined on input line 800.


pdfTeX warning (ext4): destination with the same identifier (name{cite.Bringhur
st2005}) has been already used, duplicate ignored
<to be read again> 
                   \relax 
l.800 increased slightly.\cite{Bringhurst2005}
                                                The \doccmddef{allcaps} comm...

LaTeX Warning: Marginpar on page 26 moved.

[26]
Underfull \vbox (badness 10000) has occurred while \output is active [27]
[28] [29]

Package natbib Warning: Citation `pkg-geometry' undefined on input line 965.


LaTeX Warning: Marginpar on page 30 moved.

[30]
Overfull \hbox (29.76787pt too wide) in paragraph at lines 1004--1006
[]\T1/fvm/m/n/9 \documentclass[symmetric,justified,marginals=raggedouter]{tufte
-book}  
[31] [32] [33] [34] [35] [36] [37] [38]
No file sample-book.bbl.
No file sample-book.ind.

Package natbib Warning: There were undefined citations.

(./sample-book.aux) )
(see the transcript file for additional information)</usr/local/texlive/2026/te
xmf-dist/fonts/type1/public/amsfonts/cm/cmr10.pfb></usr/local/texlive/2026/texm
f-dist/fonts/type1/public/amsfonts/cm/cmsy10.pfb></usr/local/texlive/2026/texmf
-dist/fonts/type1/public/mathpazo/fplmri.pfb></usr/local/texlive/2026/texmf-dis
t/fonts/type1/public/fpl/fplrc8a.pfb></usr/local/texlive/2026/texmf-dist/fonts/
type1/public/fpl/fplrij8a.pfb></usr/local/texlive/2026/texmf-dist/fonts/type1/p
ublic/bera/fvmr8a.pfb></usr/local/texlive/2026/texmf-dist/fonts/type1/public/be
ra/fvmro8a.pfb></usr/local/texlive/2026/texmf-dist/fonts/type1/urw/helvetic/uhv
r8a.pfb></usr/local/texlive/2026/texmf-dist/fonts/type1/urw/palatino/uplr8a.pfb
></usr/local/texlive/2026/texmf-dist/fonts/type1/urw/palatino/uplri8a.pfb>
Output written on sample-book.pdf (38 pages, 294945 bytes).
Transcript written on sample-book.log.
