This is pdfTeX, Version 3.141592653-2.6-1.40.29 (TeX Live 2026) (preloaded format=pdflatex)
 restricted \write18 enabled.
entering extended mode
(./sample-book.tex
LaTeX2e <2025-11-01>
L3 programming layer <2026-01-19>

LaTeX Info: Writing file `./tufte-common-local-before-hyperref.tex'.


(/usr/local/texlive/2026/texmf-dist/tex/latex/xtufte/xtufte-book.cls
Document Class: xtufte-book 2025/11/27 v0.03 xtufte-book class
(/usr/local/texlive/2026/texmf-dist/tex/latex/xtufte/xtufte-common.def
(/usr/local/texlive/2026/texmf-dist/tex/generic/iftex/iftex.sty)

! Fatal Package fontspec Error: The fontspec package requires either XeTeX or
(fontspec)                      LuaTeX.
(fontspec)                      
(fontspec)                      You must change your typesetting engine to,
(fontspec)                      e.g., "xelatex" or "lualatex" instead of
(fontspec)                      "latex" or "pdflatex".

Type <return> to continue.
 ...                                              
                                                  
l.27   }
        
!  ==> Fatal error occurred, no output PDF file produced!
Transcript written on sample-book.log.
