This is pdfTeX, Version 3.141592653-2.6-1.40.29 (TeX Live 2026) (preloaded format=pdflatex 2026.4.24)  13 JUL 2026 00:19
entering extended mode
 restricted \write18 enabled.
 %&-line parsing enabled.
**beispiel.tex
(./beispiel.tex
LaTeX2e <2025-11-01>
L3 programming layer <2026-01-19>
(/usr/local/texlive/2026/texmf-dist/tex/latex/dtk/dtk.cls
Document Class: dtk 2024/06/27v2.10fdtk documentclass (RN)
(/usr/local/texlive/2026/texmf-dist/tex/generic/iftex/iftex.sty
Package: iftex 2024/12/12 v1.0g TeX engine tests
)

! Class dtk Error: LuaLaTeX ist erforderlich. .

See the dtk class documentation for explanation.
Type  H <return>  for immediate help.
 ...                                              
                                                  
l.37   }
        
Kompiliere mit LuaLaTeX. 

 
Here is how much of TeX's memory you used:
 114 strings out of 467525
 2038 string characters out of 5418982
 433756 words of memory out of 5000000
 29113 multiletter control sequences out of 15000+600000
 627721 words of font info for 40 fonts, out of 8000000 for 9000
 1141 hyphenation exceptions out of 8191
 42i,0n,51p,108b,18s stack positions out of 10000i,1000n,20000p,200000b,200000s
!  ==> Fatal error occurred, no output PDF file produced!
