This is pdfTeX, Version 3.141592653-2.6-1.40.29 (TeX Live 2026) (preloaded format=pdflatex)
 restricted \write18 enabled.
entering extended mode
(./exshexample-embedded.tex
LaTeX2e <2025-11-01>
L3 programming layer <2026-01-19>
(/usr/local/texlive/2026/texmf-dist/tex/latex/beamer/beamer.cls
Document Class: beamer 2026/01/22 v3.77 A class for typesetting presentations
(/usr/local/texlive/2026/texmf-dist/tex/latex/beamer/beamerbasemodes.sty
(/usr/local/texlive/2026/texmf-dist/tex/latex/etoolbox/etoolbox.sty)
(/usr/local/texlive/2026/texmf-dist/tex/latex/beamer/beamerbasedecode.sty))
(/usr/local/texlive/2026/texmf-dist/tex/generic/iftex/iftex.sty)
(/usr/local/texlive/2026/texmf-dist/tex/latex/beamer/beamerbaseoptions.sty
(/usr/local/texlive/2026/texmf-dist/tex/latex/graphics/keyval.sty))
(/usr/local/texlive/2026/texmf-dist/tex/latex/geometry/geometry.sty
(/usr/local/texlive/2026/texmf-dist/tex/generic/iftex/ifvtex.sty))
(/usr/local/texlive/2026/texmf-dist/tex/latex/pgf/math/pgfmath.sty
(/usr/local/texlive/2026/texmf-dist/tex/latex/pgf/utilities/pgfrcs.sty
(/usr/local/texlive/2026/texmf-dist/tex/generic/pgf/utilities/pgfutil-common.te
x)
(/usr/local/texlive/2026/texmf-dist/tex/generic/pgf/utilities/pgfutil-latex.def
) (/usr/local/texlive/2026/texmf-dist/tex/generic/pgf/utilities/pgfrcs.code.tex
(/usr/local/texlive/2026/texmf-dist/tex/generic/pgf/pgf.revision.tex)))
(/usr/local/texlive/2026/texmf-dist/tex/latex/pgf/utilities/pgfkeys.sty
(/usr/local/texlive/2026/texmf-dist/tex/generic/pgf/utilities/pgfkeys.code.tex
(/usr/local/texlive/2026/texmf-dist/tex/generic/pgf/utilities/pgfkeyslibraryfil
tered.code.tex)))
(/usr/local/texlive/2026/texmf-dist/tex/generic/pgf/math/pgfmath.code.tex
(/usr/local/texlive/2026/texmf-dist/tex/generic/pgf/math/pgfmathutil.code.tex)
(/usr/local/texlive/2026/texmf-dist/tex/generic/pgf/math/pgfmathparser.code.tex
)
(/usr/local/texlive/2026/texmf-dist/tex/generic/pgf/math/pgfmathfunctions.code.
tex)
(/usr/local/texlive/2026/texmf-dist/tex/generic/pgf/math/pgfmathfunctions.basic
.code.tex)
(/usr/local/texlive/2026/texmf-dist/tex/generic/pgf/math/pgfmathfunctions.trigo
nometric.code.tex)
(/usr/local/texlive/2026/texmf-dist/tex/generic/pgf/math/pgfmathfunctions.rando
m.code.tex)
(/usr/local/texlive/2026/texmf-dist/tex/generic/pgf/math/pgfmathfunctions.compa
rison.code.tex)
(/usr/local/texlive/2026/texmf-dist/tex/generic/pgf/math/pgfmathfunctions.base.
code.tex)
(/usr/local/texlive/2026/texmf-dist/tex/generic/pgf/math/pgfmathfunctions.round
.code.tex)
(/usr/local/texlive/2026/texmf-dist/tex/generic/pgf/math/pgfmathfunctions.misc.
code.tex)
(/usr/local/texlive/2026/texmf-dist/tex/generic/pgf/math/pgfmathfunctions.integ
erarithmetics.code.tex)
(/usr/local/texlive/2026/texmf-dist/tex/generic/pgf/math/pgfmathcalc.code.tex)
(/usr/local/texlive/2026/texmf-dist/tex/generic/pgf/math/pgfmathfloat.code.tex)
)) (/usr/local/texlive/2026/texmf-dist/tex/latex/base/size11.clo)
(/usr/local/texlive/2026/texmf-dist/tex/latex/pgf/basiclayer/pgfcore.sty
(/usr/local/texlive/2026/texmf-dist/tex/latex/graphics/graphicx.sty
(/usr/local/texlive/2026/texmf-dist/tex/latex/graphics/graphics.sty
(/usr/local/texlive/2026/texmf-dist/tex/latex/graphics/trig.sty)
(/usr/local/texlive/2026/texmf-dist/tex/latex/graphics-cfg/graphics.cfg)
(/usr/local/texlive/2026/texmf-dist/tex/latex/graphics-def/pdftex.def)))
(/usr/local/texlive/2026/texmf-dist/tex/latex/pgf/systemlayer/pgfsys.sty
(/usr/local/texlive/2026/texmf-dist/tex/generic/pgf/systemlayer/pgfsys.code.tex
(/usr/local/texlive/2026/texmf-dist/tex/generic/pgf/systemlayer/pgf.cfg)
(/usr/local/texlive/2026/texmf-dist/tex/generic/pgf/systemlayer/pgfsys-pdftex.d
ef
(/usr/local/texlive/2026/texmf-dist/tex/generic/pgf/systemlayer/pgfsys-common-p
df.def)))
(/usr/local/texlive/2026/texmf-dist/tex/generic/pgf/systemlayer/pgfsyssoftpath.
code.tex)
(/usr/local/texlive/2026/texmf-dist/tex/generic/pgf/systemlayer/pgfsysprotocol.
code.tex)) (/usr/local/texlive/2026/texmf-dist/tex/latex/xcolor/xcolor.sty
(/usr/local/texlive/2026/texmf-dist/tex/latex/graphics-cfg/color.cfg)
(/usr/local/texlive/2026/texmf-dist/tex/latex/graphics/mathcolor.ltx))
(/usr/local/texlive/2026/texmf-dist/tex/generic/pgf/basiclayer/pgfcore.code.tex
(/usr/local/texlive/2026/texmf-dist/tex/generic/pgf/math/pgfint.code.tex)
(/usr/local/texlive/2026/texmf-dist/tex/generic/pgf/basiclayer/pgfcorepoints.co
de.tex)
(/usr/local/texlive/2026/texmf-dist/tex/generic/pgf/basiclayer/pgfcorepathconst
ruct.code.tex)
(/usr/local/texlive/2026/texmf-dist/tex/generic/pgf/basiclayer/pgfcorepathusage
.code.tex)
(/usr/local/texlive/2026/texmf-dist/tex/generic/pgf/basiclayer/pgfcorescopes.co
de.tex)
(/usr/local/texlive/2026/texmf-dist/tex/generic/pgf/basiclayer/pgfcoregraphicst
ate.code.tex)
(/usr/local/texlive/2026/texmf-dist/tex/generic/pgf/basiclayer/pgfcoretransform
ations.code.tex)
(/usr/local/texlive/2026/texmf-dist/tex/generic/pgf/basiclayer/pgfcorequick.cod
e.tex)
(/usr/local/texlive/2026/texmf-dist/tex/generic/pgf/basiclayer/pgfcoreobjects.c
ode.tex)
(/usr/local/texlive/2026/texmf-dist/tex/generic/pgf/basiclayer/pgfcorepathproce
ssing.code.tex)
(/usr/local/texlive/2026/texmf-dist/tex/generic/pgf/basiclayer/pgfcorearrows.co
de.tex)
(/usr/local/texlive/2026/texmf-dist/tex/generic/pgf/basiclayer/pgfcoreshade.cod
e.tex)
(/usr/local/texlive/2026/texmf-dist/tex/generic/pgf/basiclayer/pgfcoreimage.cod
e.tex)
(/usr/local/texlive/2026/texmf-dist/tex/generic/pgf/basiclayer/pgfcoreexternal.
code.tex)
(/usr/local/texlive/2026/texmf-dist/tex/generic/pgf/basiclayer/pgfcorelayers.co
de.tex)
(/usr/local/texlive/2026/texmf-dist/tex/generic/pgf/basiclayer/pgfcoretranspare
ncy.code.tex)
(/usr/local/texlive/2026/texmf-dist/tex/generic/pgf/basiclayer/pgfcorepatterns.
code.tex)
(/usr/local/texlive/2026/texmf-dist/tex/generic/pgf/basiclayer/pgfcorerdf.code.
tex))) (/usr/local/texlive/2026/texmf-dist/tex/latex/pgf/utilities/xxcolor.sty)
 (/usr/local/texlive/2026/texmf-dist/tex/latex/base/atbegshi-ltx.sty)
(/usr/local/texlive/2026/texmf-dist/tex/latex/hyperref/hyperref.sty
(/usr/local/texlive/2026/texmf-dist/tex/latex/kvsetkeys/kvsetkeys.sty)
(/usr/local/texlive/2026/texmf-dist/tex/generic/kvdefinekeys/kvdefinekeys.sty)
(/usr/local/texlive/2026/texmf-dist/tex/generic/pdfescape/pdfescape.sty
(/usr/local/texlive/2026/texmf-dist/tex/generic/ltxcmds/ltxcmds.sty)
(/usr/local/texlive/2026/texmf-dist/tex/generic/pdftexcmds/pdftexcmds.sty
(/usr/local/texlive/2026/texmf-dist/tex/generic/infwarerr/infwarerr.sty)))
(/usr/local/texlive/2026/texmf-dist/tex/latex/hycolor/hycolor.sty)
(/usr/local/texlive/2026/texmf-dist/tex/latex/hyperref/nameref.sty
(/usr/local/texlive/2026/texmf-dist/tex/latex/refcount/refcount.sty)
(/usr/local/texlive/2026/texmf-dist/tex/generic/gettitlestring/gettitlestring.s
ty (/usr/local/texlive/2026/texmf-dist/tex/latex/kvoptions/kvoptions.sty)))
(/usr/local/texlive/2026/texmf-dist/tex/generic/stringenc/stringenc.sty)
(/usr/local/texlive/2026/texmf-dist/tex/latex/hyperref/pd1enc.def)
(/usr/local/texlive/2026/texmf-dist/tex/generic/intcalc/intcalc.sty)
(/usr/local/texlive/2026/texmf-dist/tex/latex/hyperref/puenc.def)
(/usr/local/texlive/2026/texmf-dist/tex/latex/url/url.sty)
(/usr/local/texlive/2026/texmf-dist/tex/generic/bitset/bitset.sty
(/usr/local/texlive/2026/texmf-dist/tex/generic/bigintcalc/bigintcalc.sty))

Package hyperref Message: Stopped early.

) (/usr/local/texlive/2026/texmf-dist/tex/latex/hyperref/hpdftex.def
(/usr/local/texlive/2026/texmf-dist/tex/latex/rerunfilecheck/rerunfilecheck.sty

(/usr/local/texlive/2026/texmf-dist/tex/generic/uniquecounter/uniquecounter.sty
))) (/usr/local/texlive/2026/texmf-dist/tex/latex/beamer/beamerbaserequires.sty

(/usr/local/texlive/2026/texmf-dist/tex/latex/beamer/beamerbasecompatibility.st
y) (/usr/local/texlive/2026/texmf-dist/tex/latex/beamer/beamerbasefont.sty
(/usr/local/texlive/2026/texmf-dist/tex/latex/amsfonts/amssymb.sty
(/usr/local/texlive/2026/texmf-dist/tex/latex/amsfonts/amsfonts.sty))
(/usr/local/texlive/2026/texmf-dist/tex/latex/sansmathaccent/sansmathaccent.sty
(/usr/local/texlive/2026/texmf-dist/tex/latex/koma-script/scrlfile.sty
(/usr/local/texlive/2026/texmf-dist/tex/latex/koma-script/scrlfile-hook.sty
(/usr/local/texlive/2026/texmf-dist/tex/latex/koma-script/scrlogo.sty)))))
(/usr/local/texlive/2026/texmf-dist/tex/latex/beamer/beamerbasetranslator.sty
(/usr/local/texlive/2026/texmf-dist/tex/latex/translator/translator.sty))
(/usr/local/texlive/2026/texmf-dist/tex/latex/beamer/beamerbasemisc.sty)
(/usr/local/texlive/2026/texmf-dist/tex/latex/beamer/beamerbasetwoscreens.sty)
(/usr/local/texlive/2026/texmf-dist/tex/latex/beamer/beamerbaseoverlay.sty)
(/usr/local/texlive/2026/texmf-dist/tex/latex/beamer/beamerbasetitle.sty)
(/usr/local/texlive/2026/texmf-dist/tex/latex/beamer/beamerbasesection.sty)
(/usr/local/texlive/2026/texmf-dist/tex/latex/beamer/beamerbaseframe.sty)
(/usr/local/texlive/2026/texmf-dist/tex/latex/beamer/beamerbaseverbatim.sty)
(/usr/local/texlive/2026/texmf-dist/tex/latex/beamer/beamerbaseframesize.sty)
(/usr/local/texlive/2026/texmf-dist/tex/latex/beamer/beamerbaseframecomponents.
sty) (/usr/local/texlive/2026/texmf-dist/tex/latex/beamer/beamerbasecolor.sty)
(/usr/local/texlive/2026/texmf-dist/tex/latex/beamer/beamerbasenotes.sty)
(/usr/local/texlive/2026/texmf-dist/tex/latex/beamer/beamerbasetoc.sty)
(/usr/local/texlive/2026/texmf-dist/tex/latex/beamer/beamerbasetemplates.sty
(/usr/local/texlive/2026/texmf-dist/tex/latex/beamer/beamerbaseauxtemplates.sty
(/usr/local/texlive/2026/texmf-dist/tex/latex/beamer/beamerbaseboxes.sty)))
(/usr/local/texlive/2026/texmf-dist/tex/latex/beamer/beamerbaselocalstructure.s
ty (/usr/local/texlive/2026/texmf-dist/tex/latex/tools/enumerate.sty))
(/usr/local/texlive/2026/texmf-dist/tex/latex/beamer/beamerbasenavigation.sty
(/usr/local/texlive/2026/texmf-dist/tex/latex/beamer/beamerbasenavigationsymbol
s.tex))
(/usr/local/texlive/2026/texmf-dist/tex/latex/beamer/beamerbasetheorems.sty
(/usr/local/texlive/2026/texmf-dist/tex/latex/amsmath/amsmath.sty
For additional information on amsmath, use the `?' option.
(/usr/local/texlive/2026/texmf-dist/tex/latex/amsmath/amstext.sty
(/usr/local/texlive/2026/texmf-dist/tex/latex/amsmath/amsgen.sty))
(/usr/local/texlive/2026/texmf-dist/tex/latex/amsmath/amsbsy.sty)
(/usr/local/texlive/2026/texmf-dist/tex/latex/amsmath/amsopn.sty))
(/usr/local/texlive/2026/texmf-dist/tex/latex/amscls/amsthm.sty))
(/usr/local/texlive/2026/texmf-dist/tex/latex/beamer/beamerbasethemes.sty))
(/usr/local/texlive/2026/texmf-dist/tex/latex/beamer/beamerthemedefault.sty
(/usr/local/texlive/2026/texmf-dist/tex/latex/beamer/beamerfontthemedefault.sty
)
(/usr/local/texlive/2026/texmf-dist/tex/latex/beamer/beamercolorthemedefault.st
y)
(/usr/local/texlive/2026/texmf-dist/tex/latex/beamer/beamerinnerthemedefault.st
y)
(/usr/local/texlive/2026/texmf-dist/tex/latex/beamer/beamerouterthemedefault.st
y))) (/usr/local/texlive/2026/texmf-dist/tex/latex/beamer/beamerthemeBerlin.sty

(/usr/local/texlive/2026/texmf-dist/tex/latex/beamer/beamerouterthememiniframes
.sty)
(/usr/local/texlive/2026/texmf-dist/tex/latex/beamer/beamercolorthemewhale.sty)

(/usr/local/texlive/2026/texmf-dist/tex/latex/beamer/beamercolorthemeorchid.sty
)
(/usr/local/texlive/2026/texmf-dist/tex/latex/beamer/beamerinnerthemerectangles
.sty))
(/usr/local/texlive/2026/texmf-dist/tex/latex/beamer/beamerfontthemeprofessiona
lfonts.sty)
(/usr/local/texlive/2026/texmf-dist/tex/latex/beamer/beamerouterthemeinfolines.
sty)
(/usr/local/texlive/2026/texmf-dist/tex/latex/beamer/beamerinnerthemerounded.st
y)
(/usr/local/texlive/2026/texmf-dist/tex/latex/exercisesheets/exercisesheets.sty
`Typesetting of exercise sheets' 0.17 <2024/04/23>
(/usr/local/texlive/2026/texmf-dist/tex/latex/environ/environ.sty
(/usr/local/texlive/2026/texmf-dist/tex/latex/trimspaces/trimspaces.sty))
(/usr/local/texlive/2026/texmf-dist/tex/latex/base/ifthen.sty)
(/usr/local/texlive/2026/texmf-dist/tex/generic/iftex/ifluatex.sty)
(/usr/local/texlive/2026/texmf-dist/tex/latex/currfile/currfile.sty
(/usr/local/texlive/2026/texmf-dist/tex/latex/filehook/filehook.sty
(/usr/local/texlive/2026/texmf-dist/tex/latex/filehook/filehook-2020.sty)))
(/usr/local/texlive/2026/texmf-dist/tex/generic/catchfile/catchfile.sty
(/usr/local/texlive/2026/texmf-dist/tex/generic/etexcmds/etexcmds.sty)))
(/usr/local/texlive/2026/texmf-dist/tex/latex/l3backend/l3backend-pdftex.def)
No file exshexample-embedded.aux.
*geometry* driver: auto-detecting
*geometry* detected driver: pdftex
(/usr/local/texlive/2026/texmf-dist/tex/context/base/mkii/supp-pdf.mkii
[Loading MPS to PDF converter (version 2006.09.02).]
) (/usr/local/texlive/2026/texmf-dist/tex/latex/epstopdf-pkg/epstopdf-base.sty
(/usr/local/texlive/2026/texmf-dist/tex/latex/latexconfig/epstopdf-sys.cfg))
(/usr/local/texlive/2026/texmf-dist/tex/latex/translator/translator-basic-dicti
onary-English.dict)
(/usr/local/texlive/2026/texmf-dist/tex/latex/translator/translator-bibliograph
y-dictionary-English.dict)
(/usr/local/texlive/2026/texmf-dist/tex/latex/translator/translator-environment
-dictionary-English.dict)
(/usr/local/texlive/2026/texmf-dist/tex/latex/translator/translator-months-dict
ionary-English.dict)
(/usr/local/texlive/2026/texmf-dist/tex/latex/translator/translator-numbers-dic
tionary-English.dict)
(/usr/local/texlive/2026/texmf-dist/tex/latex/translator/translator-theorem-dic
tionary-English.dict)
No file exshexample-embedded.nav.
[1{/usr/local/texlive/2026/texmf-var/fonts/map/pdftex/updmap/pdftex.map}]
No file exshexample-embedded.toc.
[2] [3] [4]
No file exshexample-embedded.toc.
[5]
No file exshexample-embedded.toc.
[6] [7] [8] (./exercises/exshexample-ex1.tex

LaTeX Font Warning: Font shape `OT1/cmss/bx/it' undefined
(Font)              using `OT1/cmss/bx/n' instead on input line 2.

[9]) (/usr/local/texlive/2026/texmf-dist/tex/latex/amsfonts/umsa.fd)
(/usr/local/texlive/2026/texmf-dist/tex/latex/amsfonts/umsb.fd)
No file exshexample-embedded.toc.

Underfull \vbox (badness 10000) has occurred while \output is active [10]
Overfull \vbox (14.43332pt too high) has occurred while \output is active
[11] [12] (./exercises/exshexample-ex1.tex [13] [14] [15]) [16] [17]
(./exshexample-embedded.aux)

LaTeX Font Warning: Some font shapes were not available, defaults substituted.


LaTeX Warning: Label(s) may have changed. Rerun to get cross-references right.


Package rerunfilecheck Warning: File `exshexample-embedded.out' has changed.
(rerunfilecheck)                Rerun to get outlines right
(rerunfilecheck)                or use package `bookmark'.

 )
(see the transcript file for additional information)</usr/local/texlive/2026/te
xmf-dist/fonts/type1/public/amsfonts/cm/cmitt10.pfb></usr/local/texlive/2026/te
xmf-dist/fonts/type1/public/amsfonts/cm/cmss10.pfb></usr/local/texlive/2026/tex
mf-dist/fonts/type1/public/amsfonts/cm/cmss12.pfb></usr/local/texlive/2026/texm
f-dist/fonts/type1/public/amsfonts/cm/cmss8.pfb></usr/local/texlive/2026/texmf-
dist/fonts/type1/public/amsfonts/cm/cmssbx10.pfb>
Output written on exshexample-embedded.pdf (17 pages, 68428 bytes).
Transcript written on exshexample-embedded.log.


--- pass break ---

This is pdfTeX, Version 3.141592653-2.6-1.40.29 (TeX Live 2026) (preloaded format=pdflatex)
 restricted \write18 enabled.
entering extended mode
(./exshexample-embedded.tex
LaTeX2e <2025-11-01>
L3 programming layer <2026-01-19>
(/usr/local/texlive/2026/texmf-dist/tex/latex/beamer/beamer.cls
Document Class: beamer 2026/01/22 v3.77 A class for typesetting presentations
(/usr/local/texlive/2026/texmf-dist/tex/latex/beamer/beamerbasemodes.sty
(/usr/local/texlive/2026/texmf-dist/tex/latex/etoolbox/etoolbox.sty)
(/usr/local/texlive/2026/texmf-dist/tex/latex/beamer/beamerbasedecode.sty))
(/usr/local/texlive/2026/texmf-dist/tex/generic/iftex/iftex.sty)
(/usr/local/texlive/2026/texmf-dist/tex/latex/beamer/beamerbaseoptions.sty
(/usr/local/texlive/2026/texmf-dist/tex/latex/graphics/keyval.sty))
(/usr/local/texlive/2026/texmf-dist/tex/latex/geometry/geometry.sty
(/usr/local/texlive/2026/texmf-dist/tex/generic/iftex/ifvtex.sty))
(/usr/local/texlive/2026/texmf-dist/tex/latex/pgf/math/pgfmath.sty
(/usr/local/texlive/2026/texmf-dist/tex/latex/pgf/utilities/pgfrcs.sty
(/usr/local/texlive/2026/texmf-dist/tex/generic/pgf/utilities/pgfutil-common.te
x)
(/usr/local/texlive/2026/texmf-dist/tex/generic/pgf/utilities/pgfutil-latex.def
) (/usr/local/texlive/2026/texmf-dist/tex/generic/pgf/utilities/pgfrcs.code.tex
(/usr/local/texlive/2026/texmf-dist/tex/generic/pgf/pgf.revision.tex)))
(/usr/local/texlive/2026/texmf-dist/tex/latex/pgf/utilities/pgfkeys.sty
(/usr/local/texlive/2026/texmf-dist/tex/generic/pgf/utilities/pgfkeys.code.tex
(/usr/local/texlive/2026/texmf-dist/tex/generic/pgf/utilities/pgfkeyslibraryfil
tered.code.tex)))
(/usr/local/texlive/2026/texmf-dist/tex/generic/pgf/math/pgfmath.code.tex
(/usr/local/texlive/2026/texmf-dist/tex/generic/pgf/math/pgfmathutil.code.tex)
(/usr/local/texlive/2026/texmf-dist/tex/generic/pgf/math/pgfmathparser.code.tex
)
(/usr/local/texlive/2026/texmf-dist/tex/generic/pgf/math/pgfmathfunctions.code.
tex)
(/usr/local/texlive/2026/texmf-dist/tex/generic/pgf/math/pgfmathfunctions.basic
.code.tex)
(/usr/local/texlive/2026/texmf-dist/tex/generic/pgf/math/pgfmathfunctions.trigo
nometric.code.tex)
(/usr/local/texlive/2026/texmf-dist/tex/generic/pgf/math/pgfmathfunctions.rando
m.code.tex)
(/usr/local/texlive/2026/texmf-dist/tex/generic/pgf/math/pgfmathfunctions.compa
rison.code.tex)
(/usr/local/texlive/2026/texmf-dist/tex/generic/pgf/math/pgfmathfunctions.base.
code.tex)
(/usr/local/texlive/2026/texmf-dist/tex/generic/pgf/math/pgfmathfunctions.round
.code.tex)
(/usr/local/texlive/2026/texmf-dist/tex/generic/pgf/math/pgfmathfunctions.misc.
code.tex)
(/usr/local/texlive/2026/texmf-dist/tex/generic/pgf/math/pgfmathfunctions.integ
erarithmetics.code.tex)
(/usr/local/texlive/2026/texmf-dist/tex/generic/pgf/math/pgfmathcalc.code.tex)
(/usr/local/texlive/2026/texmf-dist/tex/generic/pgf/math/pgfmathfloat.code.tex)
)) (/usr/local/texlive/2026/texmf-dist/tex/latex/base/size11.clo)
(/usr/local/texlive/2026/texmf-dist/tex/latex/pgf/basiclayer/pgfcore.sty
(/usr/local/texlive/2026/texmf-dist/tex/latex/graphics/graphicx.sty
(/usr/local/texlive/2026/texmf-dist/tex/latex/graphics/graphics.sty
(/usr/local/texlive/2026/texmf-dist/tex/latex/graphics/trig.sty)
(/usr/local/texlive/2026/texmf-dist/tex/latex/graphics-cfg/graphics.cfg)
(/usr/local/texlive/2026/texmf-dist/tex/latex/graphics-def/pdftex.def)))
(/usr/local/texlive/2026/texmf-dist/tex/latex/pgf/systemlayer/pgfsys.sty
(/usr/local/texlive/2026/texmf-dist/tex/generic/pgf/systemlayer/pgfsys.code.tex
(/usr/local/texlive/2026/texmf-dist/tex/generic/pgf/systemlayer/pgf.cfg)
(/usr/local/texlive/2026/texmf-dist/tex/generic/pgf/systemlayer/pgfsys-pdftex.d
ef
(/usr/local/texlive/2026/texmf-dist/tex/generic/pgf/systemlayer/pgfsys-common-p
df.def)))
(/usr/local/texlive/2026/texmf-dist/tex/generic/pgf/systemlayer/pgfsyssoftpath.
code.tex)
(/usr/local/texlive/2026/texmf-dist/tex/generic/pgf/systemlayer/pgfsysprotocol.
code.tex)) (/usr/local/texlive/2026/texmf-dist/tex/latex/xcolor/xcolor.sty
(/usr/local/texlive/2026/texmf-dist/tex/latex/graphics-cfg/color.cfg)
(/usr/local/texlive/2026/texmf-dist/tex/latex/graphics/mathcolor.ltx))
(/usr/local/texlive/2026/texmf-dist/tex/generic/pgf/basiclayer/pgfcore.code.tex
(/usr/local/texlive/2026/texmf-dist/tex/generic/pgf/math/pgfint.code.tex)
(/usr/local/texlive/2026/texmf-dist/tex/generic/pgf/basiclayer/pgfcorepoints.co
de.tex)
(/usr/local/texlive/2026/texmf-dist/tex/generic/pgf/basiclayer/pgfcorepathconst
ruct.code.tex)
(/usr/local/texlive/2026/texmf-dist/tex/generic/pgf/basiclayer/pgfcorepathusage
.code.tex)
(/usr/local/texlive/2026/texmf-dist/tex/generic/pgf/basiclayer/pgfcorescopes.co
de.tex)
(/usr/local/texlive/2026/texmf-dist/tex/generic/pgf/basiclayer/pgfcoregraphicst
ate.code.tex)
(/usr/local/texlive/2026/texmf-dist/tex/generic/pgf/basiclayer/pgfcoretransform
ations.code.tex)
(/usr/local/texlive/2026/texmf-dist/tex/generic/pgf/basiclayer/pgfcorequick.cod
e.tex)
(/usr/local/texlive/2026/texmf-dist/tex/generic/pgf/basiclayer/pgfcoreobjects.c
ode.tex)
(/usr/local/texlive/2026/texmf-dist/tex/generic/pgf/basiclayer/pgfcorepathproce
ssing.code.tex)
(/usr/local/texlive/2026/texmf-dist/tex/generic/pgf/basiclayer/pgfcorearrows.co
de.tex)
(/usr/local/texlive/2026/texmf-dist/tex/generic/pgf/basiclayer/pgfcoreshade.cod
e.tex)
(/usr/local/texlive/2026/texmf-dist/tex/generic/pgf/basiclayer/pgfcoreimage.cod
e.tex)
(/usr/local/texlive/2026/texmf-dist/tex/generic/pgf/basiclayer/pgfcoreexternal.
code.tex)
(/usr/local/texlive/2026/texmf-dist/tex/generic/pgf/basiclayer/pgfcorelayers.co
de.tex)
(/usr/local/texlive/2026/texmf-dist/tex/generic/pgf/basiclayer/pgfcoretranspare
ncy.code.tex)
(/usr/local/texlive/2026/texmf-dist/tex/generic/pgf/basiclayer/pgfcorepatterns.
code.tex)
(/usr/local/texlive/2026/texmf-dist/tex/generic/pgf/basiclayer/pgfcorerdf.code.
tex))) (/usr/local/texlive/2026/texmf-dist/tex/latex/pgf/utilities/xxcolor.sty)
 (/usr/local/texlive/2026/texmf-dist/tex/latex/base/atbegshi-ltx.sty)
(/usr/local/texlive/2026/texmf-dist/tex/latex/hyperref/hyperref.sty
(/usr/local/texlive/2026/texmf-dist/tex/latex/kvsetkeys/kvsetkeys.sty)
(/usr/local/texlive/2026/texmf-dist/tex/generic/kvdefinekeys/kvdefinekeys.sty)
(/usr/local/texlive/2026/texmf-dist/tex/generic/pdfescape/pdfescape.sty
(/usr/local/texlive/2026/texmf-dist/tex/generic/ltxcmds/ltxcmds.sty)
(/usr/local/texlive/2026/texmf-dist/tex/generic/pdftexcmds/pdftexcmds.sty
(/usr/local/texlive/2026/texmf-dist/tex/generic/infwarerr/infwarerr.sty)))
(/usr/local/texlive/2026/texmf-dist/tex/latex/hycolor/hycolor.sty)
(/usr/local/texlive/2026/texmf-dist/tex/latex/hyperref/nameref.sty
(/usr/local/texlive/2026/texmf-dist/tex/latex/refcount/refcount.sty)
(/usr/local/texlive/2026/texmf-dist/tex/generic/gettitlestring/gettitlestring.s
ty (/usr/local/texlive/2026/texmf-dist/tex/latex/kvoptions/kvoptions.sty)))
(/usr/local/texlive/2026/texmf-dist/tex/generic/stringenc/stringenc.sty)
(/usr/local/texlive/2026/texmf-dist/tex/latex/hyperref/pd1enc.def)
(/usr/local/texlive/2026/texmf-dist/tex/generic/intcalc/intcalc.sty)
(/usr/local/texlive/2026/texmf-dist/tex/latex/hyperref/puenc.def)
(/usr/local/texlive/2026/texmf-dist/tex/latex/url/url.sty)
(/usr/local/texlive/2026/texmf-dist/tex/generic/bitset/bitset.sty
(/usr/local/texlive/2026/texmf-dist/tex/generic/bigintcalc/bigintcalc.sty))

Package hyperref Message: Stopped early.

) (/usr/local/texlive/2026/texmf-dist/tex/latex/hyperref/hpdftex.def
(/usr/local/texlive/2026/texmf-dist/tex/latex/rerunfilecheck/rerunfilecheck.sty

(/usr/local/texlive/2026/texmf-dist/tex/generic/uniquecounter/uniquecounter.sty
))) (/usr/local/texlive/2026/texmf-dist/tex/latex/beamer/beamerbaserequires.sty

(/usr/local/texlive/2026/texmf-dist/tex/latex/beamer/beamerbasecompatibility.st
y) (/usr/local/texlive/2026/texmf-dist/tex/latex/beamer/beamerbasefont.sty
(/usr/local/texlive/2026/texmf-dist/tex/latex/amsfonts/amssymb.sty
(/usr/local/texlive/2026/texmf-dist/tex/latex/amsfonts/amsfonts.sty))
(/usr/local/texlive/2026/texmf-dist/tex/latex/sansmathaccent/sansmathaccent.sty
(/usr/local/texlive/2026/texmf-dist/tex/latex/koma-script/scrlfile.sty
(/usr/local/texlive/2026/texmf-dist/tex/latex/koma-script/scrlfile-hook.sty
(/usr/local/texlive/2026/texmf-dist/tex/latex/koma-script/scrlogo.sty)))))
(/usr/local/texlive/2026/texmf-dist/tex/latex/beamer/beamerbasetranslator.sty
(/usr/local/texlive/2026/texmf-dist/tex/latex/translator/translator.sty))
(/usr/local/texlive/2026/texmf-dist/tex/latex/beamer/beamerbasemisc.sty)
(/usr/local/texlive/2026/texmf-dist/tex/latex/beamer/beamerbasetwoscreens.sty)
(/usr/local/texlive/2026/texmf-dist/tex/latex/beamer/beamerbaseoverlay.sty)
(/usr/local/texlive/2026/texmf-dist/tex/latex/beamer/beamerbasetitle.sty)
(/usr/local/texlive/2026/texmf-dist/tex/latex/beamer/beamerbasesection.sty)
(/usr/local/texlive/2026/texmf-dist/tex/latex/beamer/beamerbaseframe.sty)
(/usr/local/texlive/2026/texmf-dist/tex/latex/beamer/beamerbaseverbatim.sty)
(/usr/local/texlive/2026/texmf-dist/tex/latex/beamer/beamerbaseframesize.sty)
(/usr/local/texlive/2026/texmf-dist/tex/latex/beamer/beamerbaseframecomponents.
sty) (/usr/local/texlive/2026/texmf-dist/tex/latex/beamer/beamerbasecolor.sty)
(/usr/local/texlive/2026/texmf-dist/tex/latex/beamer/beamerbasenotes.sty)
(/usr/local/texlive/2026/texmf-dist/tex/latex/beamer/beamerbasetoc.sty)
(/usr/local/texlive/2026/texmf-dist/tex/latex/beamer/beamerbasetemplates.sty
(/usr/local/texlive/2026/texmf-dist/tex/latex/beamer/beamerbaseauxtemplates.sty
(/usr/local/texlive/2026/texmf-dist/tex/latex/beamer/beamerbaseboxes.sty)))
(/usr/local/texlive/2026/texmf-dist/tex/latex/beamer/beamerbaselocalstructure.s
ty (/usr/local/texlive/2026/texmf-dist/tex/latex/tools/enumerate.sty))
(/usr/local/texlive/2026/texmf-dist/tex/latex/beamer/beamerbasenavigation.sty
(/usr/local/texlive/2026/texmf-dist/tex/latex/beamer/beamerbasenavigationsymbol
s.tex))
(/usr/local/texlive/2026/texmf-dist/tex/latex/beamer/beamerbasetheorems.sty
(/usr/local/texlive/2026/texmf-dist/tex/latex/amsmath/amsmath.sty
For additional information on amsmath, use the `?' option.
(/usr/local/texlive/2026/texmf-dist/tex/latex/amsmath/amstext.sty
(/usr/local/texlive/2026/texmf-dist/tex/latex/amsmath/amsgen.sty))
(/usr/local/texlive/2026/texmf-dist/tex/latex/amsmath/amsbsy.sty)
(/usr/local/texlive/2026/texmf-dist/tex/latex/amsmath/amsopn.sty))
(/usr/local/texlive/2026/texmf-dist/tex/latex/amscls/amsthm.sty))
(/usr/local/texlive/2026/texmf-dist/tex/latex/beamer/beamerbasethemes.sty))
(/usr/local/texlive/2026/texmf-dist/tex/latex/beamer/beamerthemedefault.sty
(/usr/local/texlive/2026/texmf-dist/tex/latex/beamer/beamerfontthemedefault.sty
)
(/usr/local/texlive/2026/texmf-dist/tex/latex/beamer/beamercolorthemedefault.st
y)
(/usr/local/texlive/2026/texmf-dist/tex/latex/beamer/beamerinnerthemedefault.st
y)
(/usr/local/texlive/2026/texmf-dist/tex/latex/beamer/beamerouterthemedefault.st
y))) (/usr/local/texlive/2026/texmf-dist/tex/latex/beamer/beamerthemeBerlin.sty

(/usr/local/texlive/2026/texmf-dist/tex/latex/beamer/beamerouterthememiniframes
.sty)
(/usr/local/texlive/2026/texmf-dist/tex/latex/beamer/beamercolorthemewhale.sty)

(/usr/local/texlive/2026/texmf-dist/tex/latex/beamer/beamercolorthemeorchid.sty
)
(/usr/local/texlive/2026/texmf-dist/tex/latex/beamer/beamerinnerthemerectangles
.sty))
(/usr/local/texlive/2026/texmf-dist/tex/latex/beamer/beamerfontthemeprofessiona
lfonts.sty)
(/usr/local/texlive/2026/texmf-dist/tex/latex/beamer/beamerouterthemeinfolines.
sty)
(/usr/local/texlive/2026/texmf-dist/tex/latex/beamer/beamerinnerthemerounded.st
y)
(/usr/local/texlive/2026/texmf-dist/tex/latex/exercisesheets/exercisesheets.sty
`Typesetting of exercise sheets' 0.17 <2024/04/23>
(/usr/local/texlive/2026/texmf-dist/tex/latex/environ/environ.sty
(/usr/local/texlive/2026/texmf-dist/tex/latex/trimspaces/trimspaces.sty))
(/usr/local/texlive/2026/texmf-dist/tex/latex/base/ifthen.sty)
(/usr/local/texlive/2026/texmf-dist/tex/generic/iftex/ifluatex.sty)
(/usr/local/texlive/2026/texmf-dist/tex/latex/currfile/currfile.sty
(/usr/local/texlive/2026/texmf-dist/tex/latex/filehook/filehook.sty
(/usr/local/texlive/2026/texmf-dist/tex/latex/filehook/filehook-2020.sty)))
(/usr/local/texlive/2026/texmf-dist/tex/generic/catchfile/catchfile.sty
(/usr/local/texlive/2026/texmf-dist/tex/generic/etexcmds/etexcmds.sty)))
(/usr/local/texlive/2026/texmf-dist/tex/latex/l3backend/l3backend-pdftex.def)
(./exshexample-embedded.aux

LaTeX Warning: Label `ex:exshexample-ex1' multiply defined.

)
*geometry* driver: auto-detecting
*geometry* detected driver: pdftex
(/usr/local/texlive/2026/texmf-dist/tex/context/base/mkii/supp-pdf.mkii
[Loading MPS to PDF converter (version 2006.09.02).]
) (/usr/local/texlive/2026/texmf-dist/tex/latex/epstopdf-pkg/epstopdf-base.sty
(/usr/local/texlive/2026/texmf-dist/tex/latex/latexconfig/epstopdf-sys.cfg))
(./exshexample-embedded.out) (./exshexample-embedded.out)
(/usr/local/texlive/2026/texmf-dist/tex/latex/translator/translator-basic-dicti
onary-English.dict)
(/usr/local/texlive/2026/texmf-dist/tex/latex/translator/translator-bibliograph
y-dictionary-English.dict)
(/usr/local/texlive/2026/texmf-dist/tex/latex/translator/translator-environment
-dictionary-English.dict)
(/usr/local/texlive/2026/texmf-dist/tex/latex/translator/translator-months-dict
ionary-English.dict)
(/usr/local/texlive/2026/texmf-dist/tex/latex/translator/translator-numbers-dic
tionary-English.dict)
(/usr/local/texlive/2026/texmf-dist/tex/latex/translator/translator-theorem-dic
tionary-English.dict) (./exshexample-embedded.nav) [1{/usr/local/texlive/2026/t
exmf-var/fonts/map/pdftex/updmap/pdftex.map}] (./exshexample-embedded.toc)
[2] [3] [4] (./exshexample-embedded.toc) [5] (./exshexample-embedded.toc)
[6] [7] [8] (./exercises/exshexample-ex1.tex

LaTeX Font Warning: Font shape `OT1/cmss/bx/it' undefined
(Font)              using `OT1/cmss/bx/n' instead on input line 2.

[9]) (/usr/local/texlive/2026/texmf-dist/tex/latex/amsfonts/umsa.fd)
(/usr/local/texlive/2026/texmf-dist/tex/latex/amsfonts/umsb.fd)
(./exshexample-embedded.toc)
Underfull \vbox (badness 10000) has occurred while \output is active [10]
Overfull \vbox (14.43332pt too high) has occurred while \output is active
[11] [12] (./exercises/exshexample-ex1.tex [13] [14] [15]) [16] [17]
(./exshexample-embedded.aux)

LaTeX Font Warning: Some font shapes were not available, defaults substituted.


LaTeX Warning: There were multiply-defined labels.

 )
(see the transcript file for additional information)</usr/local/texlive/2026/te
xmf-dist/fonts/type1/public/amsfonts/cm/cmitt10.pfb></usr/local/texlive/2026/te
xmf-dist/fonts/type1/public/amsfonts/cm/cmss10.pfb></usr/local/texlive/2026/tex
mf-dist/fonts/type1/public/amsfonts/cm/cmss12.pfb></usr/local/texlive/2026/texm
f-dist/fonts/type1/public/amsfonts/cm/cmss8.pfb></usr/local/texlive/2026/texmf-
dist/fonts/type1/public/amsfonts/cm/cmssbx10.pfb>
Output written on exshexample-embedded.pdf (17 pages, 70099 bytes).
Transcript written on exshexample-embedded.log.
