This is pdfTeX, Version 3.141592653-2.6-1.40.29 (TeX Live 2026) (preloaded format=pdflatex)
 restricted \write18 enabled.
entering extended mode
(./l2tabu.tex
LaTeX2e <2025-11-01>
L3 programming layer <2026-01-19>
(/usr/local/texlive/2026/texmf-dist/tex/latex/koma-script/scrartcl.cls
Document Class: scrartcl 2026/02/02 v3.49.2 KOMA-Script document class (article
)
(/usr/local/texlive/2026/texmf-dist/tex/latex/koma-script/scrkbase.sty
(/usr/local/texlive/2026/texmf-dist/tex/latex/koma-script/scrbase.sty
(/usr/local/texlive/2026/texmf-dist/tex/latex/koma-script/scrlfile.sty
(/usr/local/texlive/2026/texmf-dist/tex/latex/koma-script/scrlfile-hook.sty
(/usr/local/texlive/2026/texmf-dist/tex/latex/koma-script/scrlogo.sty)))
(/usr/local/texlive/2026/texmf-dist/tex/latex/graphics/keyval.sty)))
(/usr/local/texlive/2026/texmf-dist/tex/latex/koma-script/tocbasic.sty)
(/usr/local/texlive/2026/texmf-dist/tex/latex/koma-script/scrsize11pt.clo)
(/usr/local/texlive/2026/texmf-dist/tex/latex/koma-script/typearea.sty))
(/usr/local/texlive/2026/texmf-dist/tex/generic/babel/babel.sty
(/usr/local/texlive/2026/texmf-dist/tex/generic/babel/txtbabel.def)
(/usr/local/texlive/2026/texmf-dist/tex/generic/babel/locale/invalid/babel-nger
man.tex)
(/usr/local/texlive/2026/texmf-dist/tex/generic/babel-german/ngerman.ldf
(/usr/local/texlive/2026/texmf-dist/tex/generic/babel-german/babel-german.def))
) (/usr/local/texlive/2026/texmf-dist/tex/latex/base/inputenc.sty
(/usr/local/texlive/2026/texmf-dist/tex/latex/base/latin1.def))
(/usr/local/texlive/2026/texmf-dist/tex/latex/base/fontenc.sty)
(/usr/local/texlive/2026/texmf-dist/tex/latex/csquotes/csquotes.sty
(/usr/local/texlive/2026/texmf-dist/tex/latex/etoolbox/etoolbox.sty)
(/usr/local/texlive/2026/texmf-dist/tex/latex/csquotes/csquotes.def)
(/usr/local/texlive/2026/texmf-dist/tex/latex/csquotes/csquotes.cfg))
(/usr/local/texlive/2026/texmf-dist/tex/latex/bera/beramono.sty)
(/usr/local/texlive/2026/texmf-dist/tex/latex/bera/berasans.sty)
(/usr/local/texlive/2026/texmf-dist/tex/latex/psnfss/mathpazo.sty)
(/usr/local/texlive/2026/texmf-dist/tex/latex/tools/xspace.sty)
(/usr/local/texlive/2026/texmf-dist/tex/latex/booktabs/booktabs.sty)
(/usr/local/texlive/2026/texmf-dist/tex/latex/tools/array.sty)
(/usr/local/texlive/2026/texmf-dist/tex/latex/tools/varioref.sty)
(/usr/local/texlive/2026/texmf-dist/tex/latex/base/textcomp.sty)
(/usr/local/texlive/2026/texmf-dist/tex/latex/rcsinfo/rcsinfo.sty
(/usr/local/texlive/2026/texmf-dist/tex/latex/rcsinfo/rcsinfo.cfg))
(/usr/local/texlive/2026/texmf-dist/tex/latex/varwidth/varwidth.sty)
==> First Aid for varwidth.sty applied!
(/usr/local/texlive/2026/texmf-dist/tex/latex/tools/calc.sty)
(/usr/local/texlive/2026/texmf-dist/tex/latex/amsmath/amsmath.sty
For additional information on amsmath, use the `?' option.
(/usr/local/texlive/2026/texmf-dist/tex/latex/amsmath/amstext.sty
(/usr/local/texlive/2026/texmf-dist/tex/latex/amsmath/amsgen.sty))
(/usr/local/texlive/2026/texmf-dist/tex/latex/amsmath/amsbsy.sty)
(/usr/local/texlive/2026/texmf-dist/tex/latex/amsmath/amsopn.sty))
(/usr/local/texlive/2026/texmf-dist/tex/latex/graphics/graphicx.sty
(/usr/local/texlive/2026/texmf-dist/tex/latex/graphics/graphics.sty
(/usr/local/texlive/2026/texmf-dist/tex/latex/graphics/trig.sty)
(/usr/local/texlive/2026/texmf-dist/tex/latex/graphics-cfg/graphics.cfg)
(/usr/local/texlive/2026/texmf-dist/tex/latex/graphics-def/pdftex.def)))
(/usr/local/texlive/2026/texmf-dist/tex/latex/caption/caption.sty
(/usr/local/texlive/2026/texmf-dist/tex/latex/caption/caption3.sty))

Class scrartcl Warning: Mapping of
(scrartcl)               \setcapindent{1em}
(scrartcl)              to
(scrartcl)               \captionsetup{indent=10.88788pt}
(scrartcl)              because the caption package is being used.
(scrartcl)              When using the caption package, it is recommended
(scrartcl)              to use the options of this package directly instead
(scrartcl)              of the KOMA-Script setting on line 51.

(/usr/local/texlive/2026/texmf-dist/tex/latex/graphics/color.sty
(/usr/local/texlive/2026/texmf-dist/tex/latex/graphics-cfg/color.cfg)
(/usr/local/texlive/2026/texmf-dist/tex/latex/graphics/mathcolor.ltx))

Package scrbase Warning: Usage of deprecated command `\ifpdfoutput'.
(scrbase)                The command has been renamed because of a
(scrbase)                recommendation of The LaTeX Project Team.
(scrbase)                Please replace `\ifpdfoutput' by `\Ifpdfoutput' on inp
ut line 70.

(/usr/local/texlive/2026/texmf-dist/tex/latex/hyperref/hyperref.sty
(/usr/local/texlive/2026/texmf-dist/tex/generic/iftex/iftex.sty)
(/usr/local/texlive/2026/texmf-dist/tex/latex/kvsetkeys/kvsetkeys.sty)
(/usr/local/texlive/2026/texmf-dist/tex/generic/kvdefinekeys/kvdefinekeys.sty)
(/usr/local/texlive/2026/texmf-dist/tex/generic/pdfescape/pdfescape.sty
(/usr/local/texlive/2026/texmf-dist/tex/generic/ltxcmds/ltxcmds.sty)
(/usr/local/texlive/2026/texmf-dist/tex/generic/pdftexcmds/pdftexcmds.sty
(/usr/local/texlive/2026/texmf-dist/tex/generic/infwarerr/infwarerr.sty)))
(/usr/local/texlive/2026/texmf-dist/tex/latex/hycolor/hycolor.sty)
(/usr/local/texlive/2026/texmf-dist/tex/latex/hyperref/nameref.sty
(/usr/local/texlive/2026/texmf-dist/tex/latex/refcount/refcount.sty)
(/usr/local/texlive/2026/texmf-dist/tex/generic/gettitlestring/gettitlestring.s
ty (/usr/local/texlive/2026/texmf-dist/tex/latex/kvoptions/kvoptions.sty)))
(/usr/local/texlive/2026/texmf-dist/tex/generic/stringenc/stringenc.sty)
(/usr/local/texlive/2026/texmf-dist/tex/latex/hyperref/pd1enc.def)
(/usr/local/texlive/2026/texmf-dist/tex/generic/intcalc/intcalc.sty)
(/usr/local/texlive/2026/texmf-dist/tex/latex/hyperref/puenc.def)
(/usr/local/texlive/2026/texmf-dist/tex/latex/url/url.sty)
(/usr/local/texlive/2026/texmf-dist/tex/generic/bitset/bitset.sty
(/usr/local/texlive/2026/texmf-dist/tex/generic/bigintcalc/bigintcalc.sty)))
(/usr/local/texlive/2026/texmf-dist/tex/latex/hyperref/hpdftex.def
(/usr/local/texlive/2026/texmf-dist/tex/latex/rerunfilecheck/rerunfilecheck.sty

(/usr/local/texlive/2026/texmf-dist/tex/generic/uniquecounter/uniquecounter.sty
))) (/usr/local/texlive/2026/texmf-dist/tex/latex/microtype/microtype.sty
(/usr/local/texlive/2026/texmf-dist/tex/latex/microtype/microtype-pdftex.def)
(/usr/local/texlive/2026/texmf-dist/tex/latex/microtype/microtype.cfg))
(/usr/local/texlive/2026/texmf-dist/tex/latex/bookmark/bookmark.sty
(/usr/local/texlive/2026/texmf-dist/tex/latex/bookmark/bkm-pdftex.def))
(/usr/local/texlive/2026/texmf-dist/tex/latex/psnfss/t1pplj.fd)
(/usr/local/texlive/2026/texmf-dist/tex/latex/l3backend/l3backend-pdftex.def)
No file l2tabu.aux.
(/usr/local/texlive/2026/texmf-dist/tex/context/base/mkii/supp-pdf.mkii
[Loading MPS to PDF converter (version 2006.09.02).]
) (/usr/local/texlive/2026/texmf-dist/tex/latex/epstopdf-pkg/epstopdf-base.sty
(/usr/local/texlive/2026/texmf-dist/tex/latex/latexconfig/epstopdf-sys.cfg))
(/usr/local/texlive/2026/texmf-dist/tex/latex/microtype/mt-ppl.cfg)
(/usr/local/texlive/2026/texmf-dist/tex/latex/psnfss/ot1ppl.fd)
(/usr/local/texlive/2026/texmf-dist/tex/latex/psnfss/omlzplm.fd)
(/usr/local/texlive/2026/texmf-dist/tex/latex/psnfss/omszplm.fd)
(/usr/local/texlive/2026/texmf-dist/tex/latex/psnfss/omxzplm.fd)
(/usr/local/texlive/2026/texmf-dist/tex/latex/psnfss/ot1zplm.fd)
(/usr/local/texlive/2026/texmf-dist/tex/latex/bera/t1fvm.fd)
(/usr/local/texlive/2026/texmf-dist/tex/latex/bera/t1fvs.fd)

LaTeX Warning: Citation `l2kurz:03' on page 1 undefined on input line 267.

[1
checksum mismatch in font pplb9d.vf ignored{/usr/local/texlive/2026/texmf-var/f
onts/map/pdftex/updmap/pdftex.map}{/usr/local/texlive/2026/texmf-dist/fonts/enc
/dvips/base/8r.enc}
checksum mismatch in font zplmb7m.vf ignored
checksum mismatch in font pplr9d.vf ignored]
(/usr/local/texlive/2026/texmf-dist/tex/latex/psnfss/ts1pplj.fd) [2]
No file l2tabu.toc.
[3]

LaTeX Warning: Citation `kohm:10' on page 4 undefined on input line 360.

[4] [5]

LaTeX Warning: Citation `kohm:10' on page 6 undefined on input line 468.


LaTeX Warning: Hyper reference `sec:mathematiksatz' on page 6 undefined on inpu
t line 478.


LaTeX Warning: Reference `sec:mathematiksatz' on page 6 undefined on input line
 478.


LaTeX Warning: Reference `sec:mathematiksatz' on page 6 undefined on input line
 478.


LaTeX Warning: Citation `clsguide:06' on page 6 undefined on input line 507.


LaTeX Warning: Citation `usrguide:05' on page 6 undefined on input line 507.

[6] [7] (/usr/local/texlive/2026/texmf-dist/tex/latex/psnfss/ot1pplj.fd)
Overfull \hbox (4.01993pt too wide) in paragraph at lines 584--584
[]\OT1/pplj/m/n/10/@/slbsp tatata ta-ta-ta ta-ta-ta ta-ta-ta ta-ta-ta ta-ta-ta 
tata-

LaTeX Warning: Reference `fig:beispiel-mit-latex' on page 8 undefined on input 
line 603.


LaTeX Warning: Hyper reference `fig:beisp-mit-textttstr' on page 8 undefined on
 input line 604.


LaTeX Warning: Reference `fig:beisp-mit-textttstr' on page 8 undefined on input
 line 604.


LaTeX Warning: Reference `fig:beisp-mit-textttstr' on page 8 undefined on input
 line 604.


LaTeX Warning: Hyper reference `sec:beispiel-zu-sloppy' on page 8 undefined on 
input line 608.


LaTeX Warning: Reference `sec:beispiel-zu-sloppy' on page 8 undefined on input 
line 608.


LaTeX Warning: Reference `sec:beispiel-zu-sloppy' on page 8 undefined on input 
line 608.

[8]

LaTeX Warning: Hyper reference `tab:befehle-zur-anderung' on page 9 undefined o
n input line 628.


LaTeX Warning: Reference `tab:befehle-zur-anderung' on page 9 undefined on inpu
t line 628.


LaTeX Warning: Reference `tab:befehle-zur-anderung' on page 9 undefined on inpu
t line 628.


LaTeX Warning: Citation `fntguide:05' on page 9 undefined on input line 672.


! Class scrartcl Error: undefined old font command `\it'.

See the scrartcl class documentation for explanation.
Type  H <return>  for immediate help.
 ...                                              
                                                  
l.677 erzeugt: {\it
                   \bf Test}.).  Die aktuellen Befehle
!  ==> Fatal error occurred, no output PDF file produced!
Transcript written on l2tabu.log.
