This is pdfTeX, Version 3.141592653-2.6-1.40.29 (TeX Live 2026) (preloaded format=pdflatex)
 restricted \write18 enabled.
entering extended mode
(./sample.tex
LaTeX2e <2025-11-01>
L3 programming layer <2026-01-19>
(/usr/local/texlive/2026/texmf-dist/tex/latex/nwejm/nwejmart.cls
(/usr/local/texlive/2026/texmf-dist/tex/latex/etoolbox/etoolbox.sty)
Document Class: nwejmart 2026-02-19 v2.1  Class for the journal "North-Western 
European Journal of Mathematics". 
(/usr/local/texlive/2026/texmf-dist/tex/latex/base/book.cls
Document Class: book 2025/01/22 v1.4n Standard LaTeX document class
(/usr/local/texlive/2026/texmf-dist/tex/latex/base/bk10.clo))
(/usr/local/texlive/2026/texmf-dist/tex/latex/nag/nag.sty
(/usr/local/texlive/2026/texmf-dist/tex/latex/nag/nag-l2tabu.cfg)
(/usr/local/texlive/2026/texmf-dist/tex/latex/nag/nag-orthodox.cfg))
(/usr/local/texlive/2026/texmf-dist/tex/latex/mathtools/mathtools.sty
(/usr/local/texlive/2026/texmf-dist/tex/latex/graphics/keyval.sty)
(/usr/local/texlive/2026/texmf-dist/tex/latex/tools/calc.sty)
(/usr/local/texlive/2026/texmf-dist/tex/latex/mathtools/mhsetup.sty)
(/usr/local/texlive/2026/texmf-dist/tex/latex/amsmath/amsmath.sty
For additional information on amsmath, use the `?' option.
(/usr/local/texlive/2026/texmf-dist/tex/latex/amsmath/amstext.sty
(/usr/local/texlive/2026/texmf-dist/tex/latex/amsmath/amsgen.sty))
(/usr/local/texlive/2026/texmf-dist/tex/latex/amsmath/amsbsy.sty)
(/usr/local/texlive/2026/texmf-dist/tex/latex/amsmath/amsopn.sty)))
(/usr/local/texlive/2026/texmf-dist/tex/latex/base/fontenc.sty)
(/usr/local/texlive/2026/texmf-dist/tex/latex/kpfonts/kpfonts.sty
(/usr/local/texlive/2026/texmf-dist/tex/generic/iftex/iftex.sty))
(/usr/local/texlive/2026/texmf-dist/tex/latex/titlesec/titlesec.sty
(/usr/local/texlive/2026/texmf-dist/tex/latex/titlesec/titleps.sty))
(/usr/local/texlive/2026/texmf-dist/tex/latex/graphics/graphicx.sty
(/usr/local/texlive/2026/texmf-dist/tex/latex/graphics/graphics.sty
(/usr/local/texlive/2026/texmf-dist/tex/latex/graphics/trig.sty)
(/usr/local/texlive/2026/texmf-dist/tex/latex/graphics-cfg/graphics.cfg)
(/usr/local/texlive/2026/texmf-dist/tex/latex/graphics-def/pdftex.def)))
(/usr/local/texlive/2026/texmf-dist/tex/latex/adjustbox/adjustbox.sty
(/usr/local/texlive/2026/texmf-dist/tex/latex/xkeyval/xkeyval.sty
(/usr/local/texlive/2026/texmf-dist/tex/generic/xkeyval/xkeyval.tex
(/usr/local/texlive/2026/texmf-dist/tex/generic/xkeyval/xkvutils.tex)))
(/usr/local/texlive/2026/texmf-dist/tex/latex/adjustbox/adjcalc.sty)
(/usr/local/texlive/2026/texmf-dist/tex/latex/adjustbox/trimclip.sty
(/usr/local/texlive/2026/texmf-dist/tex/latex/collectbox/collectbox.sty)
(/usr/local/texlive/2026/texmf-dist/tex/latex/adjustbox/tc-pdftex.def))
(/usr/local/texlive/2026/texmf-dist/tex/latex/ifoddpage/ifoddpage.sty)
(/usr/local/texlive/2026/texmf-dist/tex/latex/varwidth/varwidth.sty)
==> First Aid for varwidth.sty applied!
) (/usr/local/texlive/2026/texmf-dist/tex/latex/tools/xr.sty)
(/usr/local/texlive/2026/texmf-dist/tex/latex/footmisc/footmisc.sty)
(/usr/local/texlive/2026/texmf-dist/tex/latex/marginnote/marginnote.sty)
(/usr/local/texlive/2026/texmf-dist/tex/latex/refcount/refcount.sty
(/usr/local/texlive/2026/texmf-dist/tex/generic/ltxcmds/ltxcmds.sty)
(/usr/local/texlive/2026/texmf-dist/tex/generic/infwarerr/infwarerr.sty))
(/usr/local/texlive/2026/texmf-dist/tex/latex/xcolor/xcolor.sty
(/usr/local/texlive/2026/texmf-dist/tex/latex/graphics-cfg/color.cfg)
(/usr/local/texlive/2026/texmf-dist/tex/latex/graphics/mathcolor.ltx))
(/usr/local/texlive/2026/texmf-dist/tex/latex/tools/afterpage.sty)
(/usr/local/texlive/2026/texmf-dist/tex/latex/placeins/placeins.sty)
(/usr/local/texlive/2026/texmf-dist/tex/latex/tools/xspace.sty)
(/usr/local/texlive/2026/texmf-dist/tex/latex/csquotes/csquotes.sty
(/usr/local/texlive/2026/texmf-dist/tex/latex/csquotes/csquotes.def)
(/usr/local/texlive/2026/texmf-dist/tex/latex/csquotes/csquotes.cfg))
(/usr/local/texlive/2026/texmf-dist/tex/latex/tools/array.sty)
(/usr/local/texlive/2026/texmf-dist/tex/latex/booktabs/booktabs.sty)
(/usr/local/texlive/2026/texmf-dist/tex/latex/keytheorems/keytheorems.sty
(/usr/local/texlive/2026/texmf-dist/tex/latex/aliascnt/aliascnt.sty)
(/usr/local/texlive/2026/texmf-dist/tex/latex/amscls/amsthm.sty)
(/usr/local/texlive/2026/texmf-dist/tex/latex/translations/translations.sty
(/usr/local/texlive/2026/texmf-dist/tex/generic/pdftexcmds/pdftexcmds.sty)))
(/usr/local/texlive/2026/texmf-dist/tex/latex/esvect/esvect.sty)
(/usr/local/texlive/2026/texmf-dist/tex/latex/geometry/geometry.sty
(/usr/local/texlive/2026/texmf-dist/tex/generic/iftex/ifvtex.sty))
(/usr/local/texlive/2026/texmf-dist/tex/latex/currfile/currfile.sty
(/usr/local/texlive/2026/texmf-dist/tex/latex/kvoptions/kvoptions.sty
(/usr/local/texlive/2026/texmf-dist/tex/latex/kvsetkeys/kvsetkeys.sty))
(/usr/local/texlive/2026/texmf-dist/tex/latex/filehook/filehook.sty
(/usr/local/texlive/2026/texmf-dist/tex/latex/filehook/filehook-2020.sty)))
(/usr/local/texlive/2026/texmf-dist/tex/latex/fmtcount/fmtcount.sty
(/usr/local/texlive/2026/texmf-dist/tex/latex/base/ifthen.sty)
(/usr/local/texlive/2026/texmf-dist/tex/latex/fmtcount/fcprefix.sty
(/usr/local/texlive/2026/texmf-dist/tex/latex/fmtcount/fcnumparser.sty)))
(/usr/local/texlive/2026/texmf-dist/tex/generic/babel/babel.sty
(/usr/local/texlive/2026/texmf-dist/tex/generic/babel/txtbabel.def)
(/usr/local/texlive/2026/texmf-dist/tex/generic/babel/locale/en/babel-english.t
ex) (/usr/local/texlive/2026/texmf-dist/tex/generic/babel-english/english.ldf))
 (/usr/local/texlive/2026/texmf-dist/tex/latex/listings/listings.sty
(/usr/local/texlive/2026/texmf-dist/tex/latex/listings/lstpatch.sty)
(/usr/local/texlive/2026/texmf-dist/tex/latex/listings/lstmisc.sty)
(/usr/local/texlive/2026/texmf-dist/tex/latex/listings/listings.cfg))
==> First Aid for listings.sty no longer applied!
    Expected:
        2024/09/23 1.10c (Carsten Heinz)
    but found:
        2025/11/14 1.11b (Carsten Heinz)
    so I'm assuming it got fixed.
(/usr/local/texlive/2026/texmf-dist/tex/latex/caption/subcaption.sty
(/usr/local/texlive/2026/texmf-dist/tex/latex/caption/caption.sty
(/usr/local/texlive/2026/texmf-dist/tex/latex/caption/caption3.sty)))
(/usr/local/texlive/2026/texmf-dist/tex/latex/tocvsec2/tocvsec2.sty)
(/usr/local/texlive/2026/texmf-dist/tex/latex/tocloft/tocloft.sty)
(/usr/local/texlive/2026/texmf-dist/tex/latex/etoc/etoc.sty
(/usr/local/texlive/2026/texmf-dist/tex/latex/tools/multicol.sty))
(/usr/local/texlive/2026/texmf-dist/tex/latex/microtype/microtype.sty
(/usr/local/texlive/2026/texmf-dist/tex/latex/microtype/microtype-pdftex.def)
(/usr/local/texlive/2026/texmf-dist/tex/latex/microtype/microtype.cfg))
(/usr/local/texlive/2026/texmf-dist/tex/latex/datetime2/datetime2.sty
(/usr/local/texlive/2026/texmf-dist/tex/latex/tracklang/tracklang.sty
(/usr/local/texlive/2026/texmf-dist/tex/generic/tracklang/tracklang.tex))
(/usr/local/texlive/2026/texmf-dist/tex/latex/datetime2-english/datetime2-engli
sh.ldf
(/usr/local/texlive/2026/texmf-dist/tex/latex/datetime2-english/datetime2-engli
sh-base.ldf)))
(/usr/local/texlive/2026/texmf-dist/tex/latex/enumitem/enumitem.sty)
(/usr/local/texlive/2026/texmf-dist/tex/latex/environ/environ.sty
(/usr/local/texlive/2026/texmf-dist/tex/latex/trimspaces/trimspaces.sty))
(/usr/local/texlive/2026/texmf-dist/tex/latex/biblatex/biblatex.sty
(/usr/local/texlive/2026/texmf-dist/tex/latex/logreq/logreq.sty
(/usr/local/texlive/2026/texmf-dist/tex/latex/logreq/logreq.def))
(/usr/local/texlive/2026/texmf-dist/tex/latex/url/url.sty)
(/usr/local/texlive/2026/texmf-dist/tex/latex/biblatex/blx-dm.def)
(/usr/local/texlive/2026/texmf-dist/tex/latex/nwejm/nwejm.dbx)
(/usr/local/texlive/2026/texmf-dist/tex/latex/biblatex/blx-compat.def)
(/usr/local/texlive/2026/texmf-dist/tex/latex/biblatex/biblatex.def)
(/usr/local/texlive/2026/texmf-dist/tex/latex/nwejm/nwejm.bbx
(/usr/local/texlive/2026/texmf-dist/tex/latex/biblatex/bbx/authoryear-comp.bbx
(/usr/local/texlive/2026/texmf-dist/tex/latex/biblatex/bbx/authoryear.bbx
(/usr/local/texlive/2026/texmf-dist/tex/latex/biblatex/bbx/standard.bbx))))
(/usr/local/texlive/2026/texmf-dist/tex/latex/nwejm/nwejm.cbx
(/usr/local/texlive/2026/texmf-dist/tex/latex/biblatex/cbx/authoryear-comp.cbx)
) (/usr/local/texlive/2026/texmf-dist/tex/latex/biblatex/biblatex.cfg)
(/usr/local/texlive/2026/texmf-dist/tex/latex/l3kernel/expl3.sty
(/usr/local/texlive/2026/texmf-dist/tex/latex/l3backend/l3backend-pdftex.def))
(/usr/local/texlive/2026/texmf-dist/tex/latex/biblatex/blx-case-expl3.sty
(/usr/local/texlive/2026/texmf-dist/tex/latex/l3packages/xparse/xparse.sty)))
(/usr/local/texlive/2026/texmf-dist/tex/latex/hyperref/hyperref.sty
(/usr/local/texlive/2026/texmf-dist/tex/generic/kvdefinekeys/kvdefinekeys.sty)
(/usr/local/texlive/2026/texmf-dist/tex/generic/pdfescape/pdfescape.sty)
(/usr/local/texlive/2026/texmf-dist/tex/latex/hycolor/hycolor.sty)
(/usr/local/texlive/2026/texmf-dist/tex/latex/hyperref/nameref.sty
(/usr/local/texlive/2026/texmf-dist/tex/generic/gettitlestring/gettitlestring.s
ty)) (/usr/local/texlive/2026/texmf-dist/tex/generic/stringenc/stringenc.sty)
(/usr/local/texlive/2026/texmf-dist/tex/latex/hyperref/pd1enc.def)
(/usr/local/texlive/2026/texmf-dist/tex/generic/intcalc/intcalc.sty)
(/usr/local/texlive/2026/texmf-dist/tex/latex/hyperref/puenc.def)
(/usr/local/texlive/2026/texmf-dist/tex/generic/bitset/bitset.sty
(/usr/local/texlive/2026/texmf-dist/tex/generic/bigintcalc/bigintcalc.sty)))
(/usr/local/texlive/2026/texmf-dist/tex/latex/hyperref/hpdftex.def
(/usr/local/texlive/2026/texmf-dist/tex/latex/rerunfilecheck/rerunfilecheck.sty

(/usr/local/texlive/2026/texmf-dist/tex/generic/uniquecounter/uniquecounter.sty
))) (/usr/local/texlive/2026/texmf-dist/tex/latex/hypcap/hypcap.sty
(/usr/local/texlive/2026/texmf-dist/tex/latex/letltxmacro/letltxmacro.sty))
(/usr/local/texlive/2026/texmf-dist/tex/latex/bookmark/bookmark.sty
(/usr/local/texlive/2026/texmf-dist/tex/latex/bookmark/bkm-pdftex.def))
(/usr/local/texlive/2026/texmf-dist/tex/latex/glossaries/base/glossaries.sty
(/usr/local/texlive/2026/texmf-dist/tex/latex/mfirstuc/mfirstuc.sty)
(/usr/local/texlive/2026/texmf-dist/tex/latex/xfor/xfor.sty)
(/usr/local/texlive/2026/texmf-dist/tex/latex/translator/translator.sty)
(/usr/local/texlive/2026/texmf-dist/tex/latex/glossaries-english/glossaries-eng
lish.ldf)
(/usr/local/texlive/2026/texmf-dist/tex/latex/datatool/datatool-base.sty
(/usr/local/texlive/2026/texmf-dist/tex/latex/datatool/datatool-l3fp.def)
(/usr/local/texlive/2026/texmf-dist/tex/latex/datatool/datatool-utf8.ldf)
(/usr/local/texlive/2026/texmf-dist/tex/latex/datatool-english/datatool-english
.ldf
(/usr/local/texlive/2026/texmf-dist/tex/latex/datatool-english/datatool-english
-utf8.ldf)))
(/usr/local/texlive/2026/texmf-dist/tex/latex/glossaries/styles/glossary-hypern
av.sty)
(/usr/local/texlive/2026/texmf-dist/tex/latex/glossaries/styles/glossary-list.s
ty)
(/usr/local/texlive/2026/texmf-dist/tex/latex/glossaries/styles/glossary-long.s
ty (/usr/local/texlive/2026/texmf-dist/tex/latex/tools/longtable.sty))
(/usr/local/texlive/2026/texmf-dist/tex/latex/glossaries/styles/glossary-super.
sty (/usr/local/texlive/2026/texmf-dist/tex/latex/supertabular/supertabular.sty
))
(/usr/local/texlive/2026/texmf-dist/tex/latex/glossaries/styles/glossary-tree.s
ty)) (/usr/local/texlive/2026/texmf-dist/tex/latex/zref-clever/zref-clever.sty
(/usr/local/texlive/2026/texmf-dist/tex/latex/zref/zref-base.sty
(/usr/local/texlive/2026/texmf-dist/tex/generic/etexcmds/etexcmds.sty)
(/usr/local/texlive/2026/texmf-dist/tex/latex/auxhook/auxhook.sty))
(/usr/local/texlive/2026/texmf-dist/tex/latex/zref/zref-user.sty)
(/usr/local/texlive/2026/texmf-dist/tex/latex/zref/zref-abspage.sty)
(/usr/local/texlive/2026/texmf-dist/tex/latex/oberdiek/ifdraft.sty))
(/usr/local/texlive/2026/texmf-dist/tex/latex/zref-vario/zref-vario.sty
(/usr/local/texlive/2026/texmf-dist/tex/latex/tools/varioref.sty))
nofile!rerun
) (/usr/local/texlive/2026/texmf-dist/tex/latex/lipsum/lipsum.sty
(/usr/local/texlive/2026/texmf-dist/tex/latex/l3packages/l3keys2e/l3keys2e.sty)
(/usr/local/texlive/2026/texmf-dist/tex/latex/lipsum/lipsum.ltd.tex))
(/usr/local/texlive/2026/texmf-dist/tex/latex/fmtcount/fc-english.def)
(/usr/local/texlive/2026/texmf-dist/tex/latex/kpfonts/t1jkp.fd)
No file sample.aux.
(/usr/local/texlive/2026/texmf-dist/tex/latex/kpfonts/omljkp.fd)
(/usr/local/texlive/2026/texmf-dist/tex/latex/kpfonts/omsjkp.fd)
(/usr/local/texlive/2026/texmf-dist/tex/latex/kpfonts/omxjkp.fd)
(/usr/local/texlive/2026/texmf-dist/tex/latex/kpfonts/ujkpexa.fd)
(/usr/local/texlive/2026/texmf-dist/tex/context/base/mkii/supp-pdf.mkii
[Loading MPS to PDF converter (version 2006.09.02).]
) (/usr/local/texlive/2026/texmf-dist/tex/latex/epstopdf-pkg/epstopdf-base.sty
(/usr/local/texlive/2026/texmf-dist/tex/latex/latexconfig/epstopdf-sys.cfg))
(/usr/local/texlive/2026/texmf-dist/tex/latex/nwejm/nwejm-english.trsl)
(/usr/local/texlive/2026/texmf-dist/tex/latex/translations/translations-basic-d
ictionary-english.trsl)
*geometry* driver: auto-detecting
*geometry* detected driver: pdftex
(/usr/local/texlive/2026/texmf-dist/tex/latex/caption/ltcaption.sty)
No file sample.toc.

Package etoc Warning: Package `tocvsec2' detected and its modification of
(etoc)                \tableofcontents reverted.  Use \etocsettocdepth.toc
(etoc)                as a replacement for `tocvsec2' toc-related commands.

(/usr/local/texlive/2026/texmf-dist/tex/latex/biblatex/lbx/english.lbx)
No file sample.bbl.
(/usr/local/texlive/2026/texmf-dist/tex/latex/zref/zref-hyperref.sty)
(/usr/local/texlive/2026/texmf-dist/tex/latex/zref-clever/zref-clever-english.l
ang)

LaTeX Warning: Citation '0-author-art-0-1' on page 1 undefined on input line 66
.

(/usr/local/texlive/2026/texmf-dist/tex/latex/kpfonts/ot1jkp.fd)
(/usr/local/texlive/2026/texmf-dist/tex/latex/kpfonts/ujkpmia.fd)
(/usr/local/texlive/2026/texmf-dist/tex/latex/kpfonts/ujkpsya.fd)
(/usr/local/texlive/2026/texmf-dist/tex/latex/kpfonts/ujkpsyb.fd)
(/usr/local/texlive/2026/texmf-dist/tex/latex/kpfonts/ujkpsyc.fd)
(/usr/local/texlive/2026/texmf-dist/tex/latex/esvect/uesvect.fd)

LaTeX Warning: Citation '0-author-art-0-2' on page 1 undefined on input line 66
.


LaTeX Warning: Citation '0-author-art-0-3' on page 1 undefined on input line 66
.


LaTeX Warning: Citation '0-author-art-0-4' on page 1 undefined on input line 66
.

(/usr/local/texlive/2026/texmf-dist/tex/latex/kpfonts/ts1jkp.fd)
(/usr/local/texlive/2026/texmf-dist/tex/latex/lm/t1lmtt.fd)

LaTeX Warning: Citation 'ensenbach2016' on page 1 undefined on input line 96.


LaTeX Warning: Citation 'ensenbach2011' on page 1 undefined on input line 96.


LaTeX Warning: Citation 'trettin2007' on page 1 undefined on input line 96.


LaTeX Warning: Citation 'ensenbach2011a' on page 1 undefined on input line 96.


LaTeX Warning: Citation 'trettin2007a' on page 1 undefined on input line 96.


LaTeX Warning: Citation 'baez/article' on page 1 undefined on input line 103.


LaTeX Warning: Citation 'companion' on page 1 undefined on input line 104.

[1{/usr/local/texlive/2026/texmf-var/fonts/map/pdftex/updmap/pdftex.map}{/usr/l
ocal/texlive/2026/texmf-dist/fonts/enc/dvips/base/8r.enc}{/usr/local/texlive/20
26/texmf-dist/fonts/enc/dvips/lm/lm-ec.enc}{/usr/local/texlive/2026/texmf-dist/
fonts/enc/dvips/kpfonts/kpfonts-expert.enc} </usr/local/texlive/2026/texmf-dist
/tex/latex/nwejm/logos/nwejm-logo-NB.pdf>]

LaTeX Warning: Citation 'baez/article' on page 2 undefined on input line 105.


LaTeX Warning: Citation 'companion' on page 2 undefined on input line 105.


LaTeX Warning: Reference `thm-bolzano-weierstrass' on page 2 undefined on input
 line 116.


LaTeX Warning: Reference `thm-bolzano-weierstrass' on page 2 undefined on input
 line 116.


LaTeX Warning: Reference `rmk-euler' on page 2 undefined on input line 116.


LaTeX Warning: Reference `rmk-euler' on page 2 undefined on input line 116.


LaTeX Warning: Reference `eq-euler' on page 2 undefined on input line 117.


LaTeX Warning: Reference `eq-euler' on page 2 undefined on input line 117.


LaTeX Warning: Reference `sec-first-numbered' on page 2 undefined on input line
 117.


LaTeX Warning: Reference `sec-first-numbered' on page 2 undefined on input line
 117.

(/usr/local/texlive/2026/texmf-dist/tex/latex/kpfonts/ot1jkpss.fd)

LaTeX Warning: Citation '0-art-0' on page 2 undefined on input line 177.

[2] [3]

LaTeX Warning: Citation '0-art-0' on page 4 undefined on input line 187.

[4] [5]

LaTeX Warning: Citation '0-art-0' on page 6 undefined on input line 191.

[6] [7]

LaTeX Warning: Citation '0-art-0' on page 8 undefined on input line 198.

[8] [9]

LaTeX Warning: Citation '0-art-0' on page 10 undefined on input line 198.

[10] [11]

LaTeX Warning: Empty bibliography on input line 200.


Underfull \vbox (badness 10000) has occurred while \output is active

LaTeX Warning: Citation '0-art-0' on page 12 undefined on input line 200.

[12] [13]
No complaints by nag.
[1]

Package marginnote Warning: Consecutive odd pages found.
(marginnote)                Note, it is not recommended to use consecutive
(marginnote)                odd pages in a double-ended document.
(marginnote)                The pages of your document should always
(marginnote)                be a sequence: odd-even-odd-even-...
(marginnote)                Maybe you've forgotten a \cleardoublepage before
(marginnote)                changing the page numbering on page i.

(./sample.aux)

LaTeX Warning: There were undefined references.


LaTeX Warning: Label(s) may have changed. Rerun to get cross-references right.


Package biblatex Warning: Please (re)run Biber on the file:
(biblatex)                sample
(biblatex)                and rerun LaTeX afterwards.

 )
(see the transcript file for additional information)</usr/local/texlive/2026/te
xmf-dist/fonts/type1/public/kpfonts/jkpbn8a.pfb></usr/local/texlive/2026/texmf-
dist/fonts/type1/public/kpfonts/jkpbsc8a.pfb></usr/local/texlive/2026/texmf-dis
t/fonts/type1/public/kpfonts/jkpex.pfb></usr/local/texlive/2026/texmf-dist/font
s/type1/public/kpfonts/jkpmi.pfb></usr/local/texlive/2026/texmf-dist/fonts/type
1/public/kpfonts/jkpmit8a.pfb></usr/local/texlive/2026/texmf-dist/fonts/type1/p
ublic/kpfonts/jkpmn8a.pfb></usr/local/texlive/2026/texmf-dist/fonts/type1/publi
c/kpfonts/jkpmn8a.pfb></usr/local/texlive/2026/texmf-dist/fonts/type1/public/kp
fonts/jkpmne.pfb></usr/local/texlive/2026/texmf-dist/fonts/type1/public/kpfonts
/jkpmsc8a.pfb></usr/local/texlive/2026/texmf-dist/fonts/type1/public/kpfonts/jk
pssbn8a.pfb></usr/local/texlive/2026/texmf-dist/fonts/type1/public/kpfonts/jkps
smn8a.pfb></usr/local/texlive/2026/texmf-dist/fonts/type1/public/kpfonts/jkpsy.
pfb></usr/local/texlive/2026/texmf-dist/fonts/type1/public/kpfonts/jkpsya.pfb><
/usr/local/texlive/2026/texmf-dist/fonts/type1/public/kpfonts/jkpsyb.pfb></usr/
local/texlive/2026/texmf-dist/fonts/type1/public/lm/lmtt10.pfb>
Output written on sample.pdf (14 pages, 181468 bytes).
Transcript written on sample.log.


--- pass break ---

This is pdfTeX, Version 3.141592653-2.6-1.40.29 (TeX Live 2026) (preloaded format=pdflatex)
 restricted \write18 enabled.
entering extended mode
(./sample.tex
LaTeX2e <2025-11-01>
L3 programming layer <2026-01-19>
(/usr/local/texlive/2026/texmf-dist/tex/latex/nwejm/nwejmart.cls
(/usr/local/texlive/2026/texmf-dist/tex/latex/etoolbox/etoolbox.sty)
Document Class: nwejmart 2026-02-19 v2.1  Class for the journal "North-Western 
European Journal of Mathematics". 
(/usr/local/texlive/2026/texmf-dist/tex/latex/base/book.cls
Document Class: book 2025/01/22 v1.4n Standard LaTeX document class
(/usr/local/texlive/2026/texmf-dist/tex/latex/base/bk10.clo))
(/usr/local/texlive/2026/texmf-dist/tex/latex/nag/nag.sty
(/usr/local/texlive/2026/texmf-dist/tex/latex/nag/nag-l2tabu.cfg)
(/usr/local/texlive/2026/texmf-dist/tex/latex/nag/nag-orthodox.cfg))
(/usr/local/texlive/2026/texmf-dist/tex/latex/mathtools/mathtools.sty
(/usr/local/texlive/2026/texmf-dist/tex/latex/graphics/keyval.sty)
(/usr/local/texlive/2026/texmf-dist/tex/latex/tools/calc.sty)
(/usr/local/texlive/2026/texmf-dist/tex/latex/mathtools/mhsetup.sty)
(/usr/local/texlive/2026/texmf-dist/tex/latex/amsmath/amsmath.sty
For additional information on amsmath, use the `?' option.
(/usr/local/texlive/2026/texmf-dist/tex/latex/amsmath/amstext.sty
(/usr/local/texlive/2026/texmf-dist/tex/latex/amsmath/amsgen.sty))
(/usr/local/texlive/2026/texmf-dist/tex/latex/amsmath/amsbsy.sty)
(/usr/local/texlive/2026/texmf-dist/tex/latex/amsmath/amsopn.sty)))
(/usr/local/texlive/2026/texmf-dist/tex/latex/base/fontenc.sty)
(/usr/local/texlive/2026/texmf-dist/tex/latex/kpfonts/kpfonts.sty
(/usr/local/texlive/2026/texmf-dist/tex/generic/iftex/iftex.sty))
(/usr/local/texlive/2026/texmf-dist/tex/latex/titlesec/titlesec.sty
(/usr/local/texlive/2026/texmf-dist/tex/latex/titlesec/titleps.sty))
(/usr/local/texlive/2026/texmf-dist/tex/latex/graphics/graphicx.sty
(/usr/local/texlive/2026/texmf-dist/tex/latex/graphics/graphics.sty
(/usr/local/texlive/2026/texmf-dist/tex/latex/graphics/trig.sty)
(/usr/local/texlive/2026/texmf-dist/tex/latex/graphics-cfg/graphics.cfg)
(/usr/local/texlive/2026/texmf-dist/tex/latex/graphics-def/pdftex.def)))
(/usr/local/texlive/2026/texmf-dist/tex/latex/adjustbox/adjustbox.sty
(/usr/local/texlive/2026/texmf-dist/tex/latex/xkeyval/xkeyval.sty
(/usr/local/texlive/2026/texmf-dist/tex/generic/xkeyval/xkeyval.tex
(/usr/local/texlive/2026/texmf-dist/tex/generic/xkeyval/xkvutils.tex)))
(/usr/local/texlive/2026/texmf-dist/tex/latex/adjustbox/adjcalc.sty)
(/usr/local/texlive/2026/texmf-dist/tex/latex/adjustbox/trimclip.sty
(/usr/local/texlive/2026/texmf-dist/tex/latex/collectbox/collectbox.sty)
(/usr/local/texlive/2026/texmf-dist/tex/latex/adjustbox/tc-pdftex.def))
(/usr/local/texlive/2026/texmf-dist/tex/latex/ifoddpage/ifoddpage.sty)
(/usr/local/texlive/2026/texmf-dist/tex/latex/varwidth/varwidth.sty)
==> First Aid for varwidth.sty applied!
) (/usr/local/texlive/2026/texmf-dist/tex/latex/tools/xr.sty)
(/usr/local/texlive/2026/texmf-dist/tex/latex/footmisc/footmisc.sty)
(/usr/local/texlive/2026/texmf-dist/tex/latex/marginnote/marginnote.sty)
(/usr/local/texlive/2026/texmf-dist/tex/latex/refcount/refcount.sty
(/usr/local/texlive/2026/texmf-dist/tex/generic/ltxcmds/ltxcmds.sty)
(/usr/local/texlive/2026/texmf-dist/tex/generic/infwarerr/infwarerr.sty))
(/usr/local/texlive/2026/texmf-dist/tex/latex/xcolor/xcolor.sty
(/usr/local/texlive/2026/texmf-dist/tex/latex/graphics-cfg/color.cfg)
(/usr/local/texlive/2026/texmf-dist/tex/latex/graphics/mathcolor.ltx))
(/usr/local/texlive/2026/texmf-dist/tex/latex/tools/afterpage.sty)
(/usr/local/texlive/2026/texmf-dist/tex/latex/placeins/placeins.sty)
(/usr/local/texlive/2026/texmf-dist/tex/latex/tools/xspace.sty)
(/usr/local/texlive/2026/texmf-dist/tex/latex/csquotes/csquotes.sty
(/usr/local/texlive/2026/texmf-dist/tex/latex/csquotes/csquotes.def)
(/usr/local/texlive/2026/texmf-dist/tex/latex/csquotes/csquotes.cfg))
(/usr/local/texlive/2026/texmf-dist/tex/latex/tools/array.sty)
(/usr/local/texlive/2026/texmf-dist/tex/latex/booktabs/booktabs.sty)
(/usr/local/texlive/2026/texmf-dist/tex/latex/keytheorems/keytheorems.sty
(/usr/local/texlive/2026/texmf-dist/tex/latex/aliascnt/aliascnt.sty)
(/usr/local/texlive/2026/texmf-dist/tex/latex/amscls/amsthm.sty)
(/usr/local/texlive/2026/texmf-dist/tex/latex/translations/translations.sty
(/usr/local/texlive/2026/texmf-dist/tex/generic/pdftexcmds/pdftexcmds.sty)))
(/usr/local/texlive/2026/texmf-dist/tex/latex/esvect/esvect.sty)
(/usr/local/texlive/2026/texmf-dist/tex/latex/geometry/geometry.sty
(/usr/local/texlive/2026/texmf-dist/tex/generic/iftex/ifvtex.sty))
(/usr/local/texlive/2026/texmf-dist/tex/latex/currfile/currfile.sty
(/usr/local/texlive/2026/texmf-dist/tex/latex/kvoptions/kvoptions.sty
(/usr/local/texlive/2026/texmf-dist/tex/latex/kvsetkeys/kvsetkeys.sty))
(/usr/local/texlive/2026/texmf-dist/tex/latex/filehook/filehook.sty
(/usr/local/texlive/2026/texmf-dist/tex/latex/filehook/filehook-2020.sty)))
(/usr/local/texlive/2026/texmf-dist/tex/latex/fmtcount/fmtcount.sty
(/usr/local/texlive/2026/texmf-dist/tex/latex/base/ifthen.sty)
(/usr/local/texlive/2026/texmf-dist/tex/latex/fmtcount/fcprefix.sty
(/usr/local/texlive/2026/texmf-dist/tex/latex/fmtcount/fcnumparser.sty)))
(/usr/local/texlive/2026/texmf-dist/tex/generic/babel/babel.sty
(/usr/local/texlive/2026/texmf-dist/tex/generic/babel/txtbabel.def)
(/usr/local/texlive/2026/texmf-dist/tex/generic/babel/locale/en/babel-english.t
ex) (/usr/local/texlive/2026/texmf-dist/tex/generic/babel-english/english.ldf))
 (/usr/local/texlive/2026/texmf-dist/tex/latex/listings/listings.sty
(/usr/local/texlive/2026/texmf-dist/tex/latex/listings/lstpatch.sty)
(/usr/local/texlive/2026/texmf-dist/tex/latex/listings/lstmisc.sty)
(/usr/local/texlive/2026/texmf-dist/tex/latex/listings/listings.cfg))
==> First Aid for listings.sty no longer applied!
    Expected:
        2024/09/23 1.10c (Carsten Heinz)
    but found:
        2025/11/14 1.11b (Carsten Heinz)
    so I'm assuming it got fixed.
(/usr/local/texlive/2026/texmf-dist/tex/latex/caption/subcaption.sty
(/usr/local/texlive/2026/texmf-dist/tex/latex/caption/caption.sty
(/usr/local/texlive/2026/texmf-dist/tex/latex/caption/caption3.sty)))
(/usr/local/texlive/2026/texmf-dist/tex/latex/tocvsec2/tocvsec2.sty)
(/usr/local/texlive/2026/texmf-dist/tex/latex/tocloft/tocloft.sty)
(/usr/local/texlive/2026/texmf-dist/tex/latex/etoc/etoc.sty
(/usr/local/texlive/2026/texmf-dist/tex/latex/tools/multicol.sty))
(/usr/local/texlive/2026/texmf-dist/tex/latex/microtype/microtype.sty
(/usr/local/texlive/2026/texmf-dist/tex/latex/microtype/microtype-pdftex.def)
(/usr/local/texlive/2026/texmf-dist/tex/latex/microtype/microtype.cfg))
(/usr/local/texlive/2026/texmf-dist/tex/latex/datetime2/datetime2.sty
(/usr/local/texlive/2026/texmf-dist/tex/latex/tracklang/tracklang.sty
(/usr/local/texlive/2026/texmf-dist/tex/generic/tracklang/tracklang.tex))
(/usr/local/texlive/2026/texmf-dist/tex/latex/datetime2-english/datetime2-engli
sh.ldf
(/usr/local/texlive/2026/texmf-dist/tex/latex/datetime2-english/datetime2-engli
sh-base.ldf)))
(/usr/local/texlive/2026/texmf-dist/tex/latex/enumitem/enumitem.sty)
(/usr/local/texlive/2026/texmf-dist/tex/latex/environ/environ.sty
(/usr/local/texlive/2026/texmf-dist/tex/latex/trimspaces/trimspaces.sty))
(/usr/local/texlive/2026/texmf-dist/tex/latex/biblatex/biblatex.sty
(/usr/local/texlive/2026/texmf-dist/tex/latex/logreq/logreq.sty
(/usr/local/texlive/2026/texmf-dist/tex/latex/logreq/logreq.def))
(/usr/local/texlive/2026/texmf-dist/tex/latex/url/url.sty)
(/usr/local/texlive/2026/texmf-dist/tex/latex/biblatex/blx-dm.def)
(/usr/local/texlive/2026/texmf-dist/tex/latex/nwejm/nwejm.dbx)
(/usr/local/texlive/2026/texmf-dist/tex/latex/biblatex/blx-compat.def)
(/usr/local/texlive/2026/texmf-dist/tex/latex/biblatex/biblatex.def)
(/usr/local/texlive/2026/texmf-dist/tex/latex/nwejm/nwejm.bbx
(/usr/local/texlive/2026/texmf-dist/tex/latex/biblatex/bbx/authoryear-comp.bbx
(/usr/local/texlive/2026/texmf-dist/tex/latex/biblatex/bbx/authoryear.bbx
(/usr/local/texlive/2026/texmf-dist/tex/latex/biblatex/bbx/standard.bbx))))
(/usr/local/texlive/2026/texmf-dist/tex/latex/nwejm/nwejm.cbx
(/usr/local/texlive/2026/texmf-dist/tex/latex/biblatex/cbx/authoryear-comp.cbx)
) (/usr/local/texlive/2026/texmf-dist/tex/latex/biblatex/biblatex.cfg)
(/usr/local/texlive/2026/texmf-dist/tex/latex/l3kernel/expl3.sty
(/usr/local/texlive/2026/texmf-dist/tex/latex/l3backend/l3backend-pdftex.def))
(/usr/local/texlive/2026/texmf-dist/tex/latex/biblatex/blx-case-expl3.sty
(/usr/local/texlive/2026/texmf-dist/tex/latex/l3packages/xparse/xparse.sty)))
(/usr/local/texlive/2026/texmf-dist/tex/latex/hyperref/hyperref.sty
(/usr/local/texlive/2026/texmf-dist/tex/generic/kvdefinekeys/kvdefinekeys.sty)
(/usr/local/texlive/2026/texmf-dist/tex/generic/pdfescape/pdfescape.sty)
(/usr/local/texlive/2026/texmf-dist/tex/latex/hycolor/hycolor.sty)
(/usr/local/texlive/2026/texmf-dist/tex/latex/hyperref/nameref.sty
(/usr/local/texlive/2026/texmf-dist/tex/generic/gettitlestring/gettitlestring.s
ty)) (/usr/local/texlive/2026/texmf-dist/tex/generic/stringenc/stringenc.sty)
(/usr/local/texlive/2026/texmf-dist/tex/latex/hyperref/pd1enc.def)
(/usr/local/texlive/2026/texmf-dist/tex/generic/intcalc/intcalc.sty)
(/usr/local/texlive/2026/texmf-dist/tex/latex/hyperref/puenc.def)
(/usr/local/texlive/2026/texmf-dist/tex/generic/bitset/bitset.sty
(/usr/local/texlive/2026/texmf-dist/tex/generic/bigintcalc/bigintcalc.sty)))
(/usr/local/texlive/2026/texmf-dist/tex/latex/hyperref/hpdftex.def
(/usr/local/texlive/2026/texmf-dist/tex/latex/rerunfilecheck/rerunfilecheck.sty

(/usr/local/texlive/2026/texmf-dist/tex/generic/uniquecounter/uniquecounter.sty
))) (/usr/local/texlive/2026/texmf-dist/tex/latex/hypcap/hypcap.sty
(/usr/local/texlive/2026/texmf-dist/tex/latex/letltxmacro/letltxmacro.sty))
(/usr/local/texlive/2026/texmf-dist/tex/latex/bookmark/bookmark.sty
(/usr/local/texlive/2026/texmf-dist/tex/latex/bookmark/bkm-pdftex.def))
(/usr/local/texlive/2026/texmf-dist/tex/latex/glossaries/base/glossaries.sty
(/usr/local/texlive/2026/texmf-dist/tex/latex/mfirstuc/mfirstuc.sty)
(/usr/local/texlive/2026/texmf-dist/tex/latex/xfor/xfor.sty)
(/usr/local/texlive/2026/texmf-dist/tex/latex/translator/translator.sty)
(/usr/local/texlive/2026/texmf-dist/tex/latex/glossaries-english/glossaries-eng
lish.ldf)
(/usr/local/texlive/2026/texmf-dist/tex/latex/datatool/datatool-base.sty
(/usr/local/texlive/2026/texmf-dist/tex/latex/datatool/datatool-l3fp.def)
(/usr/local/texlive/2026/texmf-dist/tex/latex/datatool/datatool-utf8.ldf)
(/usr/local/texlive/2026/texmf-dist/tex/latex/datatool-english/datatool-english
.ldf
(/usr/local/texlive/2026/texmf-dist/tex/latex/datatool-english/datatool-english
-utf8.ldf)))
(/usr/local/texlive/2026/texmf-dist/tex/latex/glossaries/styles/glossary-hypern
av.sty)
(/usr/local/texlive/2026/texmf-dist/tex/latex/glossaries/styles/glossary-list.s
ty)
(/usr/local/texlive/2026/texmf-dist/tex/latex/glossaries/styles/glossary-long.s
ty (/usr/local/texlive/2026/texmf-dist/tex/latex/tools/longtable.sty))
(/usr/local/texlive/2026/texmf-dist/tex/latex/glossaries/styles/glossary-super.
sty (/usr/local/texlive/2026/texmf-dist/tex/latex/supertabular/supertabular.sty
))
(/usr/local/texlive/2026/texmf-dist/tex/latex/glossaries/styles/glossary-tree.s
ty)) (/usr/local/texlive/2026/texmf-dist/tex/latex/zref-clever/zref-clever.sty
(/usr/local/texlive/2026/texmf-dist/tex/latex/zref/zref-base.sty
(/usr/local/texlive/2026/texmf-dist/tex/generic/etexcmds/etexcmds.sty)
(/usr/local/texlive/2026/texmf-dist/tex/latex/auxhook/auxhook.sty))
(/usr/local/texlive/2026/texmf-dist/tex/latex/zref/zref-user.sty)
(/usr/local/texlive/2026/texmf-dist/tex/latex/zref/zref-abspage.sty)
(/usr/local/texlive/2026/texmf-dist/tex/latex/oberdiek/ifdraft.sty))
(/usr/local/texlive/2026/texmf-dist/tex/latex/zref-vario/zref-vario.sty
(/usr/local/texlive/2026/texmf-dist/tex/latex/tools/varioref.sty)))
(/usr/local/texlive/2026/texmf-dist/tex/latex/lipsum/lipsum.sty
(/usr/local/texlive/2026/texmf-dist/tex/latex/l3packages/l3keys2e/l3keys2e.sty)
(/usr/local/texlive/2026/texmf-dist/tex/latex/lipsum/lipsum.ltd.tex))
(/usr/local/texlive/2026/texmf-dist/tex/latex/fmtcount/fc-english.def)
(/usr/local/texlive/2026/texmf-dist/tex/latex/kpfonts/t1jkp.fd) (./sample.aux)
(/usr/local/texlive/2026/texmf-dist/tex/latex/kpfonts/omljkp.fd)
(/usr/local/texlive/2026/texmf-dist/tex/latex/kpfonts/omsjkp.fd)
(/usr/local/texlive/2026/texmf-dist/tex/latex/kpfonts/omxjkp.fd)
(/usr/local/texlive/2026/texmf-dist/tex/latex/kpfonts/ujkpexa.fd)
(/usr/local/texlive/2026/texmf-dist/tex/context/base/mkii/supp-pdf.mkii
[Loading MPS to PDF converter (version 2006.09.02).]
) (/usr/local/texlive/2026/texmf-dist/tex/latex/epstopdf-pkg/epstopdf-base.sty
(/usr/local/texlive/2026/texmf-dist/tex/latex/latexconfig/epstopdf-sys.cfg))
(/usr/local/texlive/2026/texmf-dist/tex/latex/nwejm/nwejm-english.trsl)
(/usr/local/texlive/2026/texmf-dist/tex/latex/translations/translations-basic-d
ictionary-english.trsl)
*geometry* driver: auto-detecting
*geometry* detected driver: pdftex
(/usr/local/texlive/2026/texmf-dist/tex/latex/caption/ltcaption.sty)

Package etoc Warning: Package `tocvsec2' detected and its modification of
(etoc)                \tableofcontents reverted.  Use \etocsettocdepth.toc
(etoc)                as a replacement for `tocvsec2' toc-related commands.

(/usr/local/texlive/2026/texmf-dist/tex/latex/biblatex/lbx/english.lbx)
No file sample.bbl.

Package biblatex Warning: citation '0-author-art-0-1'
(biblatex)                was not found at all in the .bbl file,
(biblatex)                bibliography labels cannot be generated,
(biblatex)                please correct the citation.


Package biblatex Warning: citation '0-author-art-0-2'
(biblatex)                was not found at all in the .bbl file,
(biblatex)                bibliography labels cannot be generated,
(biblatex)                please correct the citation.


Package biblatex Warning: citation '0-author-art-0-3'
(biblatex)                was not found at all in the .bbl file,
(biblatex)                bibliography labels cannot be generated,
(biblatex)                please correct the citation.


Package biblatex Warning: citation '0-author-art-0-4'
(biblatex)                was not found at all in the .bbl file,
(biblatex)                bibliography labels cannot be generated,
(biblatex)                please correct the citation.


Package biblatex Warning: citation 'ensenbach2016'
(biblatex)                was not found at all in the .bbl file,
(biblatex)                bibliography labels cannot be generated,
(biblatex)                please correct the citation.


Package biblatex Warning: citation 'ensenbach2011'
(biblatex)                was not found at all in the .bbl file,
(biblatex)                bibliography labels cannot be generated,
(biblatex)                please correct the citation.


Package biblatex Warning: citation 'trettin2007'
(biblatex)                was not found at all in the .bbl file,
(biblatex)                bibliography labels cannot be generated,
(biblatex)                please correct the citation.


Package biblatex Warning: citation 'ensenbach2011a'
(biblatex)                was not found at all in the .bbl file,
(biblatex)                bibliography labels cannot be generated,
(biblatex)                please correct the citation.


Package biblatex Warning: citation 'trettin2007a'
(biblatex)                was not found at all in the .bbl file,
(biblatex)                bibliography labels cannot be generated,
(biblatex)                please correct the citation.


Package biblatex Warning: citation 'baez/article'
(biblatex)                was not found at all in the .bbl file,
(biblatex)                bibliography labels cannot be generated,
(biblatex)                please correct the citation.


Package biblatex Warning: citation 'companion'
(biblatex)                was not found at all in the .bbl file,
(biblatex)                bibliography labels cannot be generated,
(biblatex)                please correct the citation.


Package biblatex Warning: citation '0-art-0'
(biblatex)                was not found at all in the .bbl file,
(biblatex)                bibliography labels cannot be generated,
(biblatex)                please correct the citation.

(/usr/local/texlive/2026/texmf-dist/tex/latex/zref/zref-hyperref.sty)
(/usr/local/texlive/2026/texmf-dist/tex/latex/zref-clever/zref-clever-english.l
ang)

LaTeX Warning: Citation '0-author-art-0-1' on page 1 undefined on input line 66
.

(/usr/local/texlive/2026/texmf-dist/tex/latex/kpfonts/ot1jkp.fd)
(/usr/local/texlive/2026/texmf-dist/tex/latex/kpfonts/ujkpmia.fd)
(/usr/local/texlive/2026/texmf-dist/tex/latex/kpfonts/ujkpsya.fd)
(/usr/local/texlive/2026/texmf-dist/tex/latex/kpfonts/ujkpsyb.fd)
(/usr/local/texlive/2026/texmf-dist/tex/latex/kpfonts/ujkpsyc.fd)
(/usr/local/texlive/2026/texmf-dist/tex/latex/esvect/uesvect.fd)

LaTeX Warning: Citation '0-author-art-0-2' on page 1 undefined on input line 66
.


LaTeX Warning: Citation '0-author-art-0-3' on page 1 undefined on input line 66
.


LaTeX Warning: Citation '0-author-art-0-4' on page 1 undefined on input line 66
.

(/usr/local/texlive/2026/texmf-dist/tex/latex/kpfonts/ts1jkp.fd)
(/usr/local/texlive/2026/texmf-dist/tex/latex/lm/t1lmtt.fd)

LaTeX Warning: Citation 'ensenbach2016' on page 1 undefined on input line 96.


LaTeX Warning: Citation 'ensenbach2011' on page 1 undefined on input line 96.


LaTeX Warning: Citation 'trettin2007' on page 1 undefined on input line 96.


LaTeX Warning: Citation 'ensenbach2011a' on page 1 undefined on input line 96.


LaTeX Warning: Citation 'trettin2007a' on page 1 undefined on input line 96.


LaTeX Warning: Citation 'baez/article' on page 1 undefined on input line 103.


LaTeX Warning: Citation 'companion' on page 1 undefined on input line 104.

[1{/usr/local/texlive/2026/texmf-var/fonts/map/pdftex/updmap/pdftex.map}{/usr/l
ocal/texlive/2026/texmf-dist/fonts/enc/dvips/base/8r.enc}{/usr/local/texlive/20
26/texmf-dist/fonts/enc/dvips/lm/lm-ec.enc}{/usr/local/texlive/2026/texmf-dist/
fonts/enc/dvips/kpfonts/kpfonts-expert.enc} </usr/local/texlive/2026/texmf-dist
/tex/latex/nwejm/logos/nwejm-logo-NB.pdf>]

LaTeX Warning: Citation 'baez/article' on page 2 undefined on input line 105.


LaTeX Warning: Citation 'companion' on page 2 undefined on input line 105.

(/usr/local/texlive/2026/texmf-dist/tex/latex/kpfonts/ot1jkpss.fd)

LaTeX Warning: Citation '0-art-0' on page 2 undefined on input line 177.

[2] [3]

LaTeX Warning: Citation '0-art-0' on page 4 undefined on input line 187.

[4] [5]

LaTeX Warning: Citation '0-art-0' on page 6 undefined on input line 191.

[6] [7]

LaTeX Warning: Citation '0-art-0' on page 8 undefined on input line 198.

[8] [9]

LaTeX Warning: Citation '0-art-0' on page 10 undefined on input line 198.

[10] [11]

LaTeX Warning: Empty bibliography on input line 200.


Underfull \vbox (badness 10000) has occurred while \output is active

LaTeX Warning: Citation '0-art-0' on page 12 undefined on input line 200.

[12] [13]
No complaints by nag.
[1]

Package marginnote Warning: Consecutive odd pages found.
(marginnote)                Note, it is not recommended to use consecutive
(marginnote)                odd pages in a double-ended document.
(marginnote)                The pages of your document should always
(marginnote)                be a sequence: odd-even-odd-even-...
(marginnote)                Maybe you've forgotten a \cleardoublepage before
(marginnote)                changing the page numbering on page i.

(./sample.aux)

LaTeX Warning: There were undefined references.


Package biblatex Warning: Please (re)run Biber on the file:
(biblatex)                sample
(biblatex)                and rerun LaTeX afterwards.

 )
(see the transcript file for additional information)</usr/local/texlive/2026/te
xmf-dist/fonts/type1/public/kpfonts/jkpbn8a.pfb></usr/local/texlive/2026/texmf-
dist/fonts/type1/public/kpfonts/jkpbsc8a.pfb></usr/local/texlive/2026/texmf-dis
t/fonts/type1/public/kpfonts/jkpex.pfb></usr/local/texlive/2026/texmf-dist/font
s/type1/public/kpfonts/jkpmi.pfb></usr/local/texlive/2026/texmf-dist/fonts/type
1/public/kpfonts/jkpmit8a.pfb></usr/local/texlive/2026/texmf-dist/fonts/type1/p
ublic/kpfonts/jkpmn8a.pfb></usr/local/texlive/2026/texmf-dist/fonts/type1/publi
c/kpfonts/jkpmn8a.pfb></usr/local/texlive/2026/texmf-dist/fonts/type1/public/kp
fonts/jkpmne.pfb></usr/local/texlive/2026/texmf-dist/fonts/type1/public/kpfonts
/jkpmsc8a.pfb></usr/local/texlive/2026/texmf-dist/fonts/type1/public/kpfonts/jk
pssbn8a.pfb></usr/local/texlive/2026/texmf-dist/fonts/type1/public/kpfonts/jkps
smn8a.pfb></usr/local/texlive/2026/texmf-dist/fonts/type1/public/kpfonts/jkpsy.
pfb></usr/local/texlive/2026/texmf-dist/fonts/type1/public/kpfonts/jkpsya.pfb><
/usr/local/texlive/2026/texmf-dist/fonts/type1/public/kpfonts/jkpsyb.pfb></usr/
local/texlive/2026/texmf-dist/fonts/type1/public/lm/lmtt10.pfb>
Output written on sample.pdf (14 pages, 183160 bytes).
Transcript written on sample.log.
