This is pdfTeX, Version 3.141592653-2.6-1.40.29 (TeX Live 2026) (preloaded format=pdflatex)
 restricted \write18 enabled.
entering extended mode
(./thubeamer-example-en.tex
LaTeX2e <2025-11-01>
L3 programming layer <2026-01-19>
(/usr/local/texlive/2026/texmf-dist/tex/latex/beamer/beamer.cls
Document Class: beamer 2026/01/22 v3.77 A class for typesetting presentations
(/usr/local/texlive/2026/texmf-dist/tex/latex/beamer/beamerbasemodes.sty
(/usr/local/texlive/2026/texmf-dist/tex/latex/etoolbox/etoolbox.sty)
(/usr/local/texlive/2026/texmf-dist/tex/latex/beamer/beamerbasedecode.sty))
(/usr/local/texlive/2026/texmf-dist/tex/generic/iftex/iftex.sty)
(/usr/local/texlive/2026/texmf-dist/tex/latex/beamer/beamerbaseoptions.sty
(/usr/local/texlive/2026/texmf-dist/tex/latex/graphics/keyval.sty))
(/usr/local/texlive/2026/texmf-dist/tex/latex/geometry/geometry.sty
(/usr/local/texlive/2026/texmf-dist/tex/generic/iftex/ifvtex.sty))
(/usr/local/texlive/2026/texmf-dist/tex/latex/pgf/math/pgfmath.sty
(/usr/local/texlive/2026/texmf-dist/tex/latex/pgf/utilities/pgfrcs.sty
(/usr/local/texlive/2026/texmf-dist/tex/generic/pgf/utilities/pgfutil-common.te
x)
(/usr/local/texlive/2026/texmf-dist/tex/generic/pgf/utilities/pgfutil-latex.def
) (/usr/local/texlive/2026/texmf-dist/tex/generic/pgf/utilities/pgfrcs.code.tex
(/usr/local/texlive/2026/texmf-dist/tex/generic/pgf/pgf.revision.tex)))
(/usr/local/texlive/2026/texmf-dist/tex/latex/pgf/utilities/pgfkeys.sty
(/usr/local/texlive/2026/texmf-dist/tex/generic/pgf/utilities/pgfkeys.code.tex
(/usr/local/texlive/2026/texmf-dist/tex/generic/pgf/utilities/pgfkeyslibraryfil
tered.code.tex)))
(/usr/local/texlive/2026/texmf-dist/tex/generic/pgf/math/pgfmath.code.tex
(/usr/local/texlive/2026/texmf-dist/tex/generic/pgf/math/pgfmathutil.code.tex)
(/usr/local/texlive/2026/texmf-dist/tex/generic/pgf/math/pgfmathparser.code.tex
)
(/usr/local/texlive/2026/texmf-dist/tex/generic/pgf/math/pgfmathfunctions.code.
tex)
(/usr/local/texlive/2026/texmf-dist/tex/generic/pgf/math/pgfmathfunctions.basic
.code.tex)
(/usr/local/texlive/2026/texmf-dist/tex/generic/pgf/math/pgfmathfunctions.trigo
nometric.code.tex)
(/usr/local/texlive/2026/texmf-dist/tex/generic/pgf/math/pgfmathfunctions.rando
m.code.tex)
(/usr/local/texlive/2026/texmf-dist/tex/generic/pgf/math/pgfmathfunctions.compa
rison.code.tex)
(/usr/local/texlive/2026/texmf-dist/tex/generic/pgf/math/pgfmathfunctions.base.
code.tex)
(/usr/local/texlive/2026/texmf-dist/tex/generic/pgf/math/pgfmathfunctions.round
.code.tex)
(/usr/local/texlive/2026/texmf-dist/tex/generic/pgf/math/pgfmathfunctions.misc.
code.tex)
(/usr/local/texlive/2026/texmf-dist/tex/generic/pgf/math/pgfmathfunctions.integ
erarithmetics.code.tex)
(/usr/local/texlive/2026/texmf-dist/tex/generic/pgf/math/pgfmathcalc.code.tex)
(/usr/local/texlive/2026/texmf-dist/tex/generic/pgf/math/pgfmathfloat.code.tex)
)) (/usr/local/texlive/2026/texmf-dist/tex/latex/base/size11.clo)
(/usr/local/texlive/2026/texmf-dist/tex/latex/pgf/basiclayer/pgfcore.sty
(/usr/local/texlive/2026/texmf-dist/tex/latex/graphics/graphicx.sty
(/usr/local/texlive/2026/texmf-dist/tex/latex/graphics/graphics.sty
(/usr/local/texlive/2026/texmf-dist/tex/latex/graphics/trig.sty)
(/usr/local/texlive/2026/texmf-dist/tex/latex/graphics-cfg/graphics.cfg)
(/usr/local/texlive/2026/texmf-dist/tex/latex/graphics-def/pdftex.def)))
(/usr/local/texlive/2026/texmf-dist/tex/latex/pgf/systemlayer/pgfsys.sty
(/usr/local/texlive/2026/texmf-dist/tex/generic/pgf/systemlayer/pgfsys.code.tex
(/usr/local/texlive/2026/texmf-dist/tex/generic/pgf/systemlayer/pgf.cfg)
(/usr/local/texlive/2026/texmf-dist/tex/generic/pgf/systemlayer/pgfsys-pdftex.d
ef
(/usr/local/texlive/2026/texmf-dist/tex/generic/pgf/systemlayer/pgfsys-common-p
df.def)))
(/usr/local/texlive/2026/texmf-dist/tex/generic/pgf/systemlayer/pgfsyssoftpath.
code.tex)
(/usr/local/texlive/2026/texmf-dist/tex/generic/pgf/systemlayer/pgfsysprotocol.
code.tex)) (/usr/local/texlive/2026/texmf-dist/tex/latex/xcolor/xcolor.sty
(/usr/local/texlive/2026/texmf-dist/tex/latex/graphics-cfg/color.cfg)
(/usr/local/texlive/2026/texmf-dist/tex/latex/graphics/mathcolor.ltx))
(/usr/local/texlive/2026/texmf-dist/tex/generic/pgf/basiclayer/pgfcore.code.tex
(/usr/local/texlive/2026/texmf-dist/tex/generic/pgf/math/pgfint.code.tex)
(/usr/local/texlive/2026/texmf-dist/tex/generic/pgf/basiclayer/pgfcorepoints.co
de.tex)
(/usr/local/texlive/2026/texmf-dist/tex/generic/pgf/basiclayer/pgfcorepathconst
ruct.code.tex)
(/usr/local/texlive/2026/texmf-dist/tex/generic/pgf/basiclayer/pgfcorepathusage
.code.tex)
(/usr/local/texlive/2026/texmf-dist/tex/generic/pgf/basiclayer/pgfcorescopes.co
de.tex)
(/usr/local/texlive/2026/texmf-dist/tex/generic/pgf/basiclayer/pgfcoregraphicst
ate.code.tex)
(/usr/local/texlive/2026/texmf-dist/tex/generic/pgf/basiclayer/pgfcoretransform
ations.code.tex)
(/usr/local/texlive/2026/texmf-dist/tex/generic/pgf/basiclayer/pgfcorequick.cod
e.tex)
(/usr/local/texlive/2026/texmf-dist/tex/generic/pgf/basiclayer/pgfcoreobjects.c
ode.tex)
(/usr/local/texlive/2026/texmf-dist/tex/generic/pgf/basiclayer/pgfcorepathproce
ssing.code.tex)
(/usr/local/texlive/2026/texmf-dist/tex/generic/pgf/basiclayer/pgfcorearrows.co
de.tex)
(/usr/local/texlive/2026/texmf-dist/tex/generic/pgf/basiclayer/pgfcoreshade.cod
e.tex)
(/usr/local/texlive/2026/texmf-dist/tex/generic/pgf/basiclayer/pgfcoreimage.cod
e.tex)
(/usr/local/texlive/2026/texmf-dist/tex/generic/pgf/basiclayer/pgfcoreexternal.
code.tex)
(/usr/local/texlive/2026/texmf-dist/tex/generic/pgf/basiclayer/pgfcorelayers.co
de.tex)
(/usr/local/texlive/2026/texmf-dist/tex/generic/pgf/basiclayer/pgfcoretranspare
ncy.code.tex)
(/usr/local/texlive/2026/texmf-dist/tex/generic/pgf/basiclayer/pgfcorepatterns.
code.tex)
(/usr/local/texlive/2026/texmf-dist/tex/generic/pgf/basiclayer/pgfcorerdf.code.
tex))) (/usr/local/texlive/2026/texmf-dist/tex/latex/pgf/utilities/xxcolor.sty)
 (/usr/local/texlive/2026/texmf-dist/tex/latex/base/atbegshi-ltx.sty)
(/usr/local/texlive/2026/texmf-dist/tex/latex/hyperref/hyperref.sty
(/usr/local/texlive/2026/texmf-dist/tex/latex/kvsetkeys/kvsetkeys.sty)
(/usr/local/texlive/2026/texmf-dist/tex/generic/kvdefinekeys/kvdefinekeys.sty)
(/usr/local/texlive/2026/texmf-dist/tex/generic/pdfescape/pdfescape.sty
(/usr/local/texlive/2026/texmf-dist/tex/generic/ltxcmds/ltxcmds.sty)
(/usr/local/texlive/2026/texmf-dist/tex/generic/pdftexcmds/pdftexcmds.sty
(/usr/local/texlive/2026/texmf-dist/tex/generic/infwarerr/infwarerr.sty)))
(/usr/local/texlive/2026/texmf-dist/tex/latex/hycolor/hycolor.sty)
(/usr/local/texlive/2026/texmf-dist/tex/latex/hyperref/nameref.sty
(/usr/local/texlive/2026/texmf-dist/tex/latex/refcount/refcount.sty)
(/usr/local/texlive/2026/texmf-dist/tex/generic/gettitlestring/gettitlestring.s
ty (/usr/local/texlive/2026/texmf-dist/tex/latex/kvoptions/kvoptions.sty)))
(/usr/local/texlive/2026/texmf-dist/tex/generic/stringenc/stringenc.sty)
(/usr/local/texlive/2026/texmf-dist/tex/latex/hyperref/pd1enc.def)
(/usr/local/texlive/2026/texmf-dist/tex/generic/intcalc/intcalc.sty)
(/usr/local/texlive/2026/texmf-dist/tex/latex/hyperref/puenc.def)
(/usr/local/texlive/2026/texmf-dist/tex/latex/url/url.sty)
(/usr/local/texlive/2026/texmf-dist/tex/generic/bitset/bitset.sty
(/usr/local/texlive/2026/texmf-dist/tex/generic/bigintcalc/bigintcalc.sty))

Package hyperref Message: Stopped early.

) (/usr/local/texlive/2026/texmf-dist/tex/latex/hyperref/hpdftex.def
(/usr/local/texlive/2026/texmf-dist/tex/latex/rerunfilecheck/rerunfilecheck.sty

(/usr/local/texlive/2026/texmf-dist/tex/generic/uniquecounter/uniquecounter.sty
))) (/usr/local/texlive/2026/texmf-dist/tex/latex/beamer/beamerbaserequires.sty

(/usr/local/texlive/2026/texmf-dist/tex/latex/beamer/beamerbasecompatibility.st
y) (/usr/local/texlive/2026/texmf-dist/tex/latex/beamer/beamerbasefont.sty
(/usr/local/texlive/2026/texmf-dist/tex/latex/amsfonts/amssymb.sty
(/usr/local/texlive/2026/texmf-dist/tex/latex/amsfonts/amsfonts.sty))
(/usr/local/texlive/2026/texmf-dist/tex/latex/sansmathaccent/sansmathaccent.sty
(/usr/local/texlive/2026/texmf-dist/tex/latex/koma-script/scrlfile.sty
(/usr/local/texlive/2026/texmf-dist/tex/latex/koma-script/scrlfile-hook.sty
(/usr/local/texlive/2026/texmf-dist/tex/latex/koma-script/scrlogo.sty)))))
(/usr/local/texlive/2026/texmf-dist/tex/latex/beamer/beamerbasetranslator.sty
(/usr/local/texlive/2026/texmf-dist/tex/latex/translator/translator.sty))
(/usr/local/texlive/2026/texmf-dist/tex/latex/beamer/beamerbasemisc.sty)
(/usr/local/texlive/2026/texmf-dist/tex/latex/beamer/beamerbasetwoscreens.sty)
(/usr/local/texlive/2026/texmf-dist/tex/latex/beamer/beamerbaseoverlay.sty)
(/usr/local/texlive/2026/texmf-dist/tex/latex/beamer/beamerbasetitle.sty)
(/usr/local/texlive/2026/texmf-dist/tex/latex/beamer/beamerbasesection.sty)
(/usr/local/texlive/2026/texmf-dist/tex/latex/beamer/beamerbaseframe.sty)
(/usr/local/texlive/2026/texmf-dist/tex/latex/beamer/beamerbaseverbatim.sty)
(/usr/local/texlive/2026/texmf-dist/tex/latex/beamer/beamerbaseframesize.sty)
(/usr/local/texlive/2026/texmf-dist/tex/latex/beamer/beamerbaseframecomponents.
sty) (/usr/local/texlive/2026/texmf-dist/tex/latex/beamer/beamerbasecolor.sty)
(/usr/local/texlive/2026/texmf-dist/tex/latex/beamer/beamerbasenotes.sty)
(/usr/local/texlive/2026/texmf-dist/tex/latex/beamer/beamerbasetoc.sty)
(/usr/local/texlive/2026/texmf-dist/tex/latex/beamer/beamerbasetemplates.sty
(/usr/local/texlive/2026/texmf-dist/tex/latex/beamer/beamerbaseauxtemplates.sty
(/usr/local/texlive/2026/texmf-dist/tex/latex/beamer/beamerbaseboxes.sty)))
(/usr/local/texlive/2026/texmf-dist/tex/latex/beamer/beamerbaselocalstructure.s
ty (/usr/local/texlive/2026/texmf-dist/tex/latex/tools/enumerate.sty))
(/usr/local/texlive/2026/texmf-dist/tex/latex/beamer/beamerbasenavigation.sty
(/usr/local/texlive/2026/texmf-dist/tex/latex/beamer/beamerbasenavigationsymbol
s.tex))
(/usr/local/texlive/2026/texmf-dist/tex/latex/beamer/beamerbasetheorems.sty
(/usr/local/texlive/2026/texmf-dist/tex/latex/amsmath/amsmath.sty
For additional information on amsmath, use the `?' option.
(/usr/local/texlive/2026/texmf-dist/tex/latex/amsmath/amstext.sty
(/usr/local/texlive/2026/texmf-dist/tex/latex/amsmath/amsgen.sty))
(/usr/local/texlive/2026/texmf-dist/tex/latex/amsmath/amsbsy.sty)
(/usr/local/texlive/2026/texmf-dist/tex/latex/amsmath/amsopn.sty))
(/usr/local/texlive/2026/texmf-dist/tex/latex/amscls/amsthm.sty))
(/usr/local/texlive/2026/texmf-dist/tex/latex/beamer/beamerbasethemes.sty))
(/usr/local/texlive/2026/texmf-dist/tex/latex/beamer/beamerthemedefault.sty
(/usr/local/texlive/2026/texmf-dist/tex/latex/beamer/beamerfontthemedefault.sty
)
(/usr/local/texlive/2026/texmf-dist/tex/latex/beamer/beamercolorthemedefault.st
y)
(/usr/local/texlive/2026/texmf-dist/tex/latex/beamer/beamerinnerthemedefault.st
y)
(/usr/local/texlive/2026/texmf-dist/tex/latex/beamer/beamerouterthemedefault.st
y)))
(/usr/local/texlive/2026/texmf-dist/tex/latex/thubeamer/beamerthemethubeamer.st
y (/usr/local/texlive/2026/texmf-dist/tex/latex/pgf/frontendlayer/tikz.sty
(/usr/local/texlive/2026/texmf-dist/tex/latex/pgf/basiclayer/pgf.sty
(/usr/local/texlive/2026/texmf-dist/tex/generic/pgf/modules/pgfmoduleshapes.cod
e.tex)
(/usr/local/texlive/2026/texmf-dist/tex/generic/pgf/modules/pgfmoduleplot.code.
tex)
(/usr/local/texlive/2026/texmf-dist/tex/latex/pgf/compatibility/pgfcomp-version
-0-65.sty)
(/usr/local/texlive/2026/texmf-dist/tex/latex/pgf/compatibility/pgfcomp-version
-1-18.sty))
(/usr/local/texlive/2026/texmf-dist/tex/latex/pgf/utilities/pgffor.sty
(/usr/local/texlive/2026/texmf-dist/tex/generic/pgf/utilities/pgffor.code.tex))

(/usr/local/texlive/2026/texmf-dist/tex/generic/pgf/frontendlayer/tikz/tikz.cod
e.tex
(/usr/local/texlive/2026/texmf-dist/tex/generic/pgf/libraries/pgflibraryplothan
dlers.code.tex)
(/usr/local/texlive/2026/texmf-dist/tex/generic/pgf/modules/pgfmodulematrix.cod
e.tex)
(/usr/local/texlive/2026/texmf-dist/tex/generic/pgf/frontendlayer/tikz/librarie
s/tikzlibrarytopaths.code.tex)))
(/usr/local/texlive/2026/texmf-dist/tex/latex/pgf/frontendlayer/libraries/tikzl
ibraryexternal.code.tex
(/usr/local/texlive/2026/texmf-dist/tex/latex/base/atveryend-ltx.sty)
(/usr/local/texlive/2026/texmf-dist/tex/generic/pgf/frontendlayer/tikz/librarie
s/tikzexternalshared.code.tex))
(/usr/local/texlive/2026/texmf-dist/tex/latex/tools/multicol.sty)
(/usr/local/texlive/2026/texmf-dist/tex/latex/beamer/multimedia.sty
(/usr/local/texlive/2026/texmf-dist/tex/generic/iftex/ifpdf.sty))
(/usr/local/texlive/2026/texmf-dist/tex/latex/tools/calc.sty)
(/usr/local/texlive/2026/texmf-dist/tex/latex/tools/bm.sty)
(/usr/local/texlive/2026/texmf-dist/tex/latex/tools/tabularx.sty
(/usr/local/texlive/2026/texmf-dist/tex/latex/tools/array.sty))
(/usr/local/texlive/2026/texmf-dist/tex/latex/booktabs/booktabs.sty)
(/usr/local/texlive/2026/texmf-dist/tex/latex/multirow/multirow.sty)
(/usr/local/texlive/2026/texmf-dist/tex/latex/algorithms/algorithm.sty
(/usr/local/texlive/2026/texmf-dist/tex/latex/float/float.sty)
(/usr/local/texlive/2026/texmf-dist/tex/latex/base/ifthen.sty))
(/usr/local/texlive/2026/texmf-dist/tex/latex/algorithms/algorithmic.sty)
(/usr/local/texlive/2026/texmf-dist/tex/latex/base/fontenc.sty)
(/usr/local/texlive/2026/texmf-dist/tex/latex/base/latexsym.sty)
(/usr/local/texlive/2026/texmf-dist/tex/latex/fundus-calligra/calligra.sty)
(/usr/local/texlive/2026/texmf-dist/tex/latex/pstricks/pstricks.sty
(/usr/local/texlive/2026/texmf-dist/tex/generic/xkeyval/pst-xkey.tex
(/usr/local/texlive/2026/texmf-dist/tex/latex/xkeyval/xkeyval.sty
(/usr/local/texlive/2026/texmf-dist/tex/generic/xkeyval/xkeyval.tex
(/usr/local/texlive/2026/texmf-dist/tex/generic/xkeyval/xkvutils.tex))))
(/usr/local/texlive/2026/texmf-dist/tex/generic/pstricks/pstricks.tex
(/usr/local/texlive/2026/texmf-dist/tex/generic/pstricks/pst-fp.tex
`pst-fp' v0.06, 2020/11/20 (hv))
`PSTricks' v3.22A  <2025/12/13> (tvz,hv)
--- We are running latex or xelatex ---
(/usr/local/texlive/2026/texmf-dist/tex/generic/pstricks/pstricks.con)
(/usr/local/texlive/2026/texmf-dist/tex/generic/pstricks/pstricks-color.tex)
(/usr/local/texlive/2026/texmf-dist/tex/generic/pstricks/pstricks-arrows.tex)
(/usr/local/texlive/2026/texmf-dist/tex/generic/pstricks/pstricks-dots.tex)
(/usr/local/texlive/2026/texmf-dist/tex/generic/pstricks/pst-code-grid.tex)
(/usr/local/texlive/2026/texmf-dist/tex/generic/pstricks/pst-code-box.tex)
(/usr/local/texlive/2026/texmf-dist/tex/generic/pstricks/pst-code-arc.tex)
(/usr/local/texlive/2026/texmf-dist/tex/generic/pstricks/pst-code-circle_ellips
e.tex)
(/usr/local/texlive/2026/texmf-dist/tex/generic/pstricks/pst-code-ref_rot.tex)
(/usr/local/texlive/2026/texmf-dist/tex/generic/pstricks/pst-code-put.tex)
(/usr/local/texlive/2026/texmf-dist/tex/generic/pstricks/pst-code-pspicture.tex
) (/usr/local/texlive/2026/texmf-dist/tex/generic/pstricks/pstricks.con))
(/usr/local/texlive/2026/texmf-dist/tex/generic/pstricks/pst-fp.tex
`pst-fp' v0.06, 2020/11/20 (hv)))
(/usr/local/texlive/2026/texmf-dist/tex/latex/listings/listings.sty
(/usr/local/texlive/2026/texmf-dist/tex/latex/listings/lstpatch.sty)
(/usr/local/texlive/2026/texmf-dist/tex/latex/listings/lstmisc.sty)
(/usr/local/texlive/2026/texmf-dist/tex/latex/listings/listings.cfg))
==> First Aid for listings.sty no longer applied!
    Expected:
        2024/09/23 1.10c (Carsten Heinz)
    but found:
        2025/11/14 1.11b (Carsten Heinz)
    so I'm assuming it got fixed.
(/usr/local/texlive/2026/texmf-dist/tex/latex/stackengine/stackengine.sty
(/usr/local/texlive/2026/texmf-dist/tex/generic/listofitems/listofitems.sty
(/usr/local/texlive/2026/texmf-dist/tex/generic/listofitems/listofitems.tex)))
(/usr/local/texlive/2026/texmf-dist/tex/latex/natbib/natbib.sty)
(/usr/local/texlive/2026/texmf-dist/tex/latex/thubeamer/beamerinnerthemethubeam
er.sty
(/usr/local/texlive/2026/texmf-dist/tex/latex/beamer/beamerinnerthemecircles.st
y)
(/usr/local/texlive/2026/texmf-dist/tex/latex/beamer/beamerinnerthemerounded.st
y))
(/usr/local/texlive/2026/texmf-dist/tex/latex/thubeamer/beamerouterthemethubeam
er.sty
(/usr/local/texlive/2026/texmf-dist/tex/latex/beamer/beamerouterthemesmoothbars
.sty))
(/usr/local/texlive/2026/texmf-dist/tex/latex/thubeamer/beamercolorthemethubeam
er.sty))

LaTeX Warning: \include should only be used after \begin{document} on input lin
e 45.

(./macros.tex)

Package hyperref Warning: Token not allowed in a PDF string (Unicode):
(hyperref)                removing `\\' on input line 49.

(/usr/local/texlive/2026/texmf-dist/tex/latex/l3backend/l3backend-pdftex.def)
No file thubeamer-example-en.aux.
*geometry* driver: auto-detecting
*geometry* detected driver: pdftex
(/usr/local/texlive/2026/texmf-dist/tex/context/base/mkii/supp-pdf.mkii
[Loading MPS to PDF converter (version 2006.09.02).]
) (/usr/local/texlive/2026/texmf-dist/tex/latex/epstopdf-pkg/epstopdf-base.sty
(/usr/local/texlive/2026/texmf-dist/tex/latex/latexconfig/epstopdf-sys.cfg))
(/usr/local/texlive/2026/texmf-dist/tex/latex/translator/translator-basic-dicti
onary-English.dict)
(/usr/local/texlive/2026/texmf-dist/tex/latex/translator/translator-bibliograph
y-dictionary-English.dict)
(/usr/local/texlive/2026/texmf-dist/tex/latex/translator/translator-environment
-dictionary-English.dict)
(/usr/local/texlive/2026/texmf-dist/tex/latex/translator/translator-months-dict
ionary-English.dict)
(/usr/local/texlive/2026/texmf-dist/tex/latex/translator/translator-numbers-dic
tionary-English.dict)
(/usr/local/texlive/2026/texmf-dist/tex/latex/translator/translator-theorem-dic
tionary-English.dict)
No file thubeamer-example-en.nav.
[1
Non-PDF special ignored!
<special> header=pstricks.pro
Non-PDF special ignored!
<special> header=pst-algparser.pro
Non-PDF special ignored!
<special> header=pst-tools.pro
Non-PDF special ignored!
<special> header=pst-dots.pro
Non-PDF special ignored!
<special> ps: /pssetRGBcolor /setrgbcolor load def /pssetCMYKcolor /setcmyk...
Non-PDF special ignored!
<special> ps:tx@Dict begin  gsave STV CP T /ps@rot 0 def grestore  end
Non-PDF special ignored!
<special> ps:tx@Dict begin  gsave STV CP T /ps@refangle 0.  def grestore  e...
{/usr/local/texlive/2026/texmf-var/fonts/map/pdftex/updmap/pdftex.map}{/usr/loc
al/texlive/2026/texmf-dist/fonts/enc/dvips/cm-super/cm-super-t1.enc}]
No file thubeamer-example-en.toc.
[2] [3 </usr/local/texlive/2026/texmf-dist/tex/latex/thubeamer/thulogo.pdf>]
[4] [5] (/usr/local/texlive/2026/texmf-dist/tex/latex/amsfonts/umsa.fd)
(/usr/local/texlive/2026/texmf-dist/tex/latex/amsfonts/umsb.fd)
(/usr/local/texlive/2026/texmf-dist/tex/latex/sansmathaccent/ot1mathkerncmss.fd
) (/usr/local/texlive/2026/texmf-dist/tex/latex/base/ulasy.fd) [6] [7]

LaTeX Warning: Reference `tab:unique_values' on page 8 undefined on input line 
153.

[8] [9] [10]

Package natbib Warning: Citation `webster2010' on page 11 undefined on input li
ne 206.


Package natbib Warning: Citation `jones2006' on page 11 undefined on input line
 206.


Package natbib Warning: Citation `mcmahan2005' on page 11 undefined on input li
ne 206.


Package natbib Warning: Citation `Gravagne2003' on page 11 undefined on input l
ine 206.

[11]
No file thubeamer-example-en.bbl.
[12] [13]

Package natbib Warning: There were undefined citations.

(./thubeamer-example-en.aux)

LaTeX Warning: There were undefined references.


LaTeX Warning: Label(s) may have changed. Rerun to get cross-references right.


Package rerunfilecheck Warning: File `thubeamer-example-en.out' has changed.
(rerunfilecheck)                Rerun to get outlines right
(rerunfilecheck)                or use package `bookmark'.

 )</usr/local/texlive/2026/texmf-dist/fonts/type1/public/calligra-type1/callig1
5.pfb></usr/local/texlive/2026/texmf-dist/fonts/type1/public/amsfonts/cm/cmmi10
.pfb></usr/local/texlive/2026/texmf-dist/fonts/type1/public/amsfonts/cm/cmss10.
pfb></usr/local/texlive/2026/texmf-dist/fonts/type1/public/amsfonts/cm/cmssi10.
pfb></usr/local/texlive/2026/texmf-dist/fonts/type1/public/amsfonts/cm/cmssi8.p
fb></usr/local/texlive/2026/texmf-dist/fonts/type1/public/amsfonts/cm/cmsy10.pf
b></usr/local/texlive/2026/texmf-dist/fonts/type1/public/amsfonts/cm/cmsy8.pfb>
</usr/local/texlive/2026/texmf-dist/fonts/type1/public/amsfonts/symbols/msbm10.
pfb></usr/local/texlive/2026/texmf-dist/fonts/type1/public/cm-super/sfso1000.pf
b></usr/local/texlive/2026/texmf-dist/fonts/type1/public/cm-super/sfss0600.pfb>
</usr/local/texlive/2026/texmf-dist/fonts/type1/public/cm-super/sfss0800.pfb></
usr/local/texlive/2026/texmf-dist/fonts/type1/public/cm-super/sfss1000.pfb></us
r/local/texlive/2026/texmf-dist/fonts/type1/public/cm-super/sfss1095.pfb></usr/
local/texlive/2026/texmf-dist/fonts/type1/public/cm-super/sfss1200.pfb></usr/lo
cal/texlive/2026/texmf-dist/fonts/type1/public/cm-super/sfss1440.pfb></usr/loca
l/texlive/2026/texmf-dist/fonts/type1/public/cm-super/sfss2488.pfb></usr/local/
texlive/2026/texmf-dist/fonts/type1/public/cm-super/sfsx1095.pfb>
Output written on thubeamer-example-en.pdf (13 pages, 305553 bytes).
Transcript written on thubeamer-example-en.log.


--- pass break ---

This is pdfTeX, Version 3.141592653-2.6-1.40.29 (TeX Live 2026) (preloaded format=pdflatex)
 restricted \write18 enabled.
entering extended mode
(./thubeamer-example-en.tex
LaTeX2e <2025-11-01>
L3 programming layer <2026-01-19>
(/usr/local/texlive/2026/texmf-dist/tex/latex/beamer/beamer.cls
Document Class: beamer 2026/01/22 v3.77 A class for typesetting presentations
(/usr/local/texlive/2026/texmf-dist/tex/latex/beamer/beamerbasemodes.sty
(/usr/local/texlive/2026/texmf-dist/tex/latex/etoolbox/etoolbox.sty)
(/usr/local/texlive/2026/texmf-dist/tex/latex/beamer/beamerbasedecode.sty))
(/usr/local/texlive/2026/texmf-dist/tex/generic/iftex/iftex.sty)
(/usr/local/texlive/2026/texmf-dist/tex/latex/beamer/beamerbaseoptions.sty
(/usr/local/texlive/2026/texmf-dist/tex/latex/graphics/keyval.sty))
(/usr/local/texlive/2026/texmf-dist/tex/latex/geometry/geometry.sty
(/usr/local/texlive/2026/texmf-dist/tex/generic/iftex/ifvtex.sty))
(/usr/local/texlive/2026/texmf-dist/tex/latex/pgf/math/pgfmath.sty
(/usr/local/texlive/2026/texmf-dist/tex/latex/pgf/utilities/pgfrcs.sty
(/usr/local/texlive/2026/texmf-dist/tex/generic/pgf/utilities/pgfutil-common.te
x)
(/usr/local/texlive/2026/texmf-dist/tex/generic/pgf/utilities/pgfutil-latex.def
) (/usr/local/texlive/2026/texmf-dist/tex/generic/pgf/utilities/pgfrcs.code.tex
(/usr/local/texlive/2026/texmf-dist/tex/generic/pgf/pgf.revision.tex)))
(/usr/local/texlive/2026/texmf-dist/tex/latex/pgf/utilities/pgfkeys.sty
(/usr/local/texlive/2026/texmf-dist/tex/generic/pgf/utilities/pgfkeys.code.tex
(/usr/local/texlive/2026/texmf-dist/tex/generic/pgf/utilities/pgfkeyslibraryfil
tered.code.tex)))
(/usr/local/texlive/2026/texmf-dist/tex/generic/pgf/math/pgfmath.code.tex
(/usr/local/texlive/2026/texmf-dist/tex/generic/pgf/math/pgfmathutil.code.tex)
(/usr/local/texlive/2026/texmf-dist/tex/generic/pgf/math/pgfmathparser.code.tex
)
(/usr/local/texlive/2026/texmf-dist/tex/generic/pgf/math/pgfmathfunctions.code.
tex)
(/usr/local/texlive/2026/texmf-dist/tex/generic/pgf/math/pgfmathfunctions.basic
.code.tex)
(/usr/local/texlive/2026/texmf-dist/tex/generic/pgf/math/pgfmathfunctions.trigo
nometric.code.tex)
(/usr/local/texlive/2026/texmf-dist/tex/generic/pgf/math/pgfmathfunctions.rando
m.code.tex)
(/usr/local/texlive/2026/texmf-dist/tex/generic/pgf/math/pgfmathfunctions.compa
rison.code.tex)
(/usr/local/texlive/2026/texmf-dist/tex/generic/pgf/math/pgfmathfunctions.base.
code.tex)
(/usr/local/texlive/2026/texmf-dist/tex/generic/pgf/math/pgfmathfunctions.round
.code.tex)
(/usr/local/texlive/2026/texmf-dist/tex/generic/pgf/math/pgfmathfunctions.misc.
code.tex)
(/usr/local/texlive/2026/texmf-dist/tex/generic/pgf/math/pgfmathfunctions.integ
erarithmetics.code.tex)
(/usr/local/texlive/2026/texmf-dist/tex/generic/pgf/math/pgfmathcalc.code.tex)
(/usr/local/texlive/2026/texmf-dist/tex/generic/pgf/math/pgfmathfloat.code.tex)
)) (/usr/local/texlive/2026/texmf-dist/tex/latex/base/size11.clo)
(/usr/local/texlive/2026/texmf-dist/tex/latex/pgf/basiclayer/pgfcore.sty
(/usr/local/texlive/2026/texmf-dist/tex/latex/graphics/graphicx.sty
(/usr/local/texlive/2026/texmf-dist/tex/latex/graphics/graphics.sty
(/usr/local/texlive/2026/texmf-dist/tex/latex/graphics/trig.sty)
(/usr/local/texlive/2026/texmf-dist/tex/latex/graphics-cfg/graphics.cfg)
(/usr/local/texlive/2026/texmf-dist/tex/latex/graphics-def/pdftex.def)))
(/usr/local/texlive/2026/texmf-dist/tex/latex/pgf/systemlayer/pgfsys.sty
(/usr/local/texlive/2026/texmf-dist/tex/generic/pgf/systemlayer/pgfsys.code.tex
(/usr/local/texlive/2026/texmf-dist/tex/generic/pgf/systemlayer/pgf.cfg)
(/usr/local/texlive/2026/texmf-dist/tex/generic/pgf/systemlayer/pgfsys-pdftex.d
ef
(/usr/local/texlive/2026/texmf-dist/tex/generic/pgf/systemlayer/pgfsys-common-p
df.def)))
(/usr/local/texlive/2026/texmf-dist/tex/generic/pgf/systemlayer/pgfsyssoftpath.
code.tex)
(/usr/local/texlive/2026/texmf-dist/tex/generic/pgf/systemlayer/pgfsysprotocol.
code.tex)) (/usr/local/texlive/2026/texmf-dist/tex/latex/xcolor/xcolor.sty
(/usr/local/texlive/2026/texmf-dist/tex/latex/graphics-cfg/color.cfg)
(/usr/local/texlive/2026/texmf-dist/tex/latex/graphics/mathcolor.ltx))
(/usr/local/texlive/2026/texmf-dist/tex/generic/pgf/basiclayer/pgfcore.code.tex
(/usr/local/texlive/2026/texmf-dist/tex/generic/pgf/math/pgfint.code.tex)
(/usr/local/texlive/2026/texmf-dist/tex/generic/pgf/basiclayer/pgfcorepoints.co
de.tex)
(/usr/local/texlive/2026/texmf-dist/tex/generic/pgf/basiclayer/pgfcorepathconst
ruct.code.tex)
(/usr/local/texlive/2026/texmf-dist/tex/generic/pgf/basiclayer/pgfcorepathusage
.code.tex)
(/usr/local/texlive/2026/texmf-dist/tex/generic/pgf/basiclayer/pgfcorescopes.co
de.tex)
(/usr/local/texlive/2026/texmf-dist/tex/generic/pgf/basiclayer/pgfcoregraphicst
ate.code.tex)
(/usr/local/texlive/2026/texmf-dist/tex/generic/pgf/basiclayer/pgfcoretransform
ations.code.tex)
(/usr/local/texlive/2026/texmf-dist/tex/generic/pgf/basiclayer/pgfcorequick.cod
e.tex)
(/usr/local/texlive/2026/texmf-dist/tex/generic/pgf/basiclayer/pgfcoreobjects.c
ode.tex)
(/usr/local/texlive/2026/texmf-dist/tex/generic/pgf/basiclayer/pgfcorepathproce
ssing.code.tex)
(/usr/local/texlive/2026/texmf-dist/tex/generic/pgf/basiclayer/pgfcorearrows.co
de.tex)
(/usr/local/texlive/2026/texmf-dist/tex/generic/pgf/basiclayer/pgfcoreshade.cod
e.tex)
(/usr/local/texlive/2026/texmf-dist/tex/generic/pgf/basiclayer/pgfcoreimage.cod
e.tex)
(/usr/local/texlive/2026/texmf-dist/tex/generic/pgf/basiclayer/pgfcoreexternal.
code.tex)
(/usr/local/texlive/2026/texmf-dist/tex/generic/pgf/basiclayer/pgfcorelayers.co
de.tex)
(/usr/local/texlive/2026/texmf-dist/tex/generic/pgf/basiclayer/pgfcoretranspare
ncy.code.tex)
(/usr/local/texlive/2026/texmf-dist/tex/generic/pgf/basiclayer/pgfcorepatterns.
code.tex)
(/usr/local/texlive/2026/texmf-dist/tex/generic/pgf/basiclayer/pgfcorerdf.code.
tex))) (/usr/local/texlive/2026/texmf-dist/tex/latex/pgf/utilities/xxcolor.sty)
 (/usr/local/texlive/2026/texmf-dist/tex/latex/base/atbegshi-ltx.sty)
(/usr/local/texlive/2026/texmf-dist/tex/latex/hyperref/hyperref.sty
(/usr/local/texlive/2026/texmf-dist/tex/latex/kvsetkeys/kvsetkeys.sty)
(/usr/local/texlive/2026/texmf-dist/tex/generic/kvdefinekeys/kvdefinekeys.sty)
(/usr/local/texlive/2026/texmf-dist/tex/generic/pdfescape/pdfescape.sty
(/usr/local/texlive/2026/texmf-dist/tex/generic/ltxcmds/ltxcmds.sty)
(/usr/local/texlive/2026/texmf-dist/tex/generic/pdftexcmds/pdftexcmds.sty
(/usr/local/texlive/2026/texmf-dist/tex/generic/infwarerr/infwarerr.sty)))
(/usr/local/texlive/2026/texmf-dist/tex/latex/hycolor/hycolor.sty)
(/usr/local/texlive/2026/texmf-dist/tex/latex/hyperref/nameref.sty
(/usr/local/texlive/2026/texmf-dist/tex/latex/refcount/refcount.sty)
(/usr/local/texlive/2026/texmf-dist/tex/generic/gettitlestring/gettitlestring.s
ty (/usr/local/texlive/2026/texmf-dist/tex/latex/kvoptions/kvoptions.sty)))
(/usr/local/texlive/2026/texmf-dist/tex/generic/stringenc/stringenc.sty)
(/usr/local/texlive/2026/texmf-dist/tex/latex/hyperref/pd1enc.def)
(/usr/local/texlive/2026/texmf-dist/tex/generic/intcalc/intcalc.sty)
(/usr/local/texlive/2026/texmf-dist/tex/latex/hyperref/puenc.def)
(/usr/local/texlive/2026/texmf-dist/tex/latex/url/url.sty)
(/usr/local/texlive/2026/texmf-dist/tex/generic/bitset/bitset.sty
(/usr/local/texlive/2026/texmf-dist/tex/generic/bigintcalc/bigintcalc.sty))

Package hyperref Message: Stopped early.

) (/usr/local/texlive/2026/texmf-dist/tex/latex/hyperref/hpdftex.def
(/usr/local/texlive/2026/texmf-dist/tex/latex/rerunfilecheck/rerunfilecheck.sty

(/usr/local/texlive/2026/texmf-dist/tex/generic/uniquecounter/uniquecounter.sty
))) (/usr/local/texlive/2026/texmf-dist/tex/latex/beamer/beamerbaserequires.sty

(/usr/local/texlive/2026/texmf-dist/tex/latex/beamer/beamerbasecompatibility.st
y) (/usr/local/texlive/2026/texmf-dist/tex/latex/beamer/beamerbasefont.sty
(/usr/local/texlive/2026/texmf-dist/tex/latex/amsfonts/amssymb.sty
(/usr/local/texlive/2026/texmf-dist/tex/latex/amsfonts/amsfonts.sty))
(/usr/local/texlive/2026/texmf-dist/tex/latex/sansmathaccent/sansmathaccent.sty
(/usr/local/texlive/2026/texmf-dist/tex/latex/koma-script/scrlfile.sty
(/usr/local/texlive/2026/texmf-dist/tex/latex/koma-script/scrlfile-hook.sty
(/usr/local/texlive/2026/texmf-dist/tex/latex/koma-script/scrlogo.sty)))))
(/usr/local/texlive/2026/texmf-dist/tex/latex/beamer/beamerbasetranslator.sty
(/usr/local/texlive/2026/texmf-dist/tex/latex/translator/translator.sty))
(/usr/local/texlive/2026/texmf-dist/tex/latex/beamer/beamerbasemisc.sty)
(/usr/local/texlive/2026/texmf-dist/tex/latex/beamer/beamerbasetwoscreens.sty)
(/usr/local/texlive/2026/texmf-dist/tex/latex/beamer/beamerbaseoverlay.sty)
(/usr/local/texlive/2026/texmf-dist/tex/latex/beamer/beamerbasetitle.sty)
(/usr/local/texlive/2026/texmf-dist/tex/latex/beamer/beamerbasesection.sty)
(/usr/local/texlive/2026/texmf-dist/tex/latex/beamer/beamerbaseframe.sty)
(/usr/local/texlive/2026/texmf-dist/tex/latex/beamer/beamerbaseverbatim.sty)
(/usr/local/texlive/2026/texmf-dist/tex/latex/beamer/beamerbaseframesize.sty)
(/usr/local/texlive/2026/texmf-dist/tex/latex/beamer/beamerbaseframecomponents.
sty) (/usr/local/texlive/2026/texmf-dist/tex/latex/beamer/beamerbasecolor.sty)
(/usr/local/texlive/2026/texmf-dist/tex/latex/beamer/beamerbasenotes.sty)
(/usr/local/texlive/2026/texmf-dist/tex/latex/beamer/beamerbasetoc.sty)
(/usr/local/texlive/2026/texmf-dist/tex/latex/beamer/beamerbasetemplates.sty
(/usr/local/texlive/2026/texmf-dist/tex/latex/beamer/beamerbaseauxtemplates.sty
(/usr/local/texlive/2026/texmf-dist/tex/latex/beamer/beamerbaseboxes.sty)))
(/usr/local/texlive/2026/texmf-dist/tex/latex/beamer/beamerbaselocalstructure.s
ty (/usr/local/texlive/2026/texmf-dist/tex/latex/tools/enumerate.sty))
(/usr/local/texlive/2026/texmf-dist/tex/latex/beamer/beamerbasenavigation.sty
(/usr/local/texlive/2026/texmf-dist/tex/latex/beamer/beamerbasenavigationsymbol
s.tex))
(/usr/local/texlive/2026/texmf-dist/tex/latex/beamer/beamerbasetheorems.sty
(/usr/local/texlive/2026/texmf-dist/tex/latex/amsmath/amsmath.sty
For additional information on amsmath, use the `?' option.
(/usr/local/texlive/2026/texmf-dist/tex/latex/amsmath/amstext.sty
(/usr/local/texlive/2026/texmf-dist/tex/latex/amsmath/amsgen.sty))
(/usr/local/texlive/2026/texmf-dist/tex/latex/amsmath/amsbsy.sty)
(/usr/local/texlive/2026/texmf-dist/tex/latex/amsmath/amsopn.sty))
(/usr/local/texlive/2026/texmf-dist/tex/latex/amscls/amsthm.sty))
(/usr/local/texlive/2026/texmf-dist/tex/latex/beamer/beamerbasethemes.sty))
(/usr/local/texlive/2026/texmf-dist/tex/latex/beamer/beamerthemedefault.sty
(/usr/local/texlive/2026/texmf-dist/tex/latex/beamer/beamerfontthemedefault.sty
)
(/usr/local/texlive/2026/texmf-dist/tex/latex/beamer/beamercolorthemedefault.st
y)
(/usr/local/texlive/2026/texmf-dist/tex/latex/beamer/beamerinnerthemedefault.st
y)
(/usr/local/texlive/2026/texmf-dist/tex/latex/beamer/beamerouterthemedefault.st
y)))
(/usr/local/texlive/2026/texmf-dist/tex/latex/thubeamer/beamerthemethubeamer.st
y (/usr/local/texlive/2026/texmf-dist/tex/latex/pgf/frontendlayer/tikz.sty
(/usr/local/texlive/2026/texmf-dist/tex/latex/pgf/basiclayer/pgf.sty
(/usr/local/texlive/2026/texmf-dist/tex/generic/pgf/modules/pgfmoduleshapes.cod
e.tex)
(/usr/local/texlive/2026/texmf-dist/tex/generic/pgf/modules/pgfmoduleplot.code.
tex)
(/usr/local/texlive/2026/texmf-dist/tex/latex/pgf/compatibility/pgfcomp-version
-0-65.sty)
(/usr/local/texlive/2026/texmf-dist/tex/latex/pgf/compatibility/pgfcomp-version
-1-18.sty))
(/usr/local/texlive/2026/texmf-dist/tex/latex/pgf/utilities/pgffor.sty
(/usr/local/texlive/2026/texmf-dist/tex/generic/pgf/utilities/pgffor.code.tex))

(/usr/local/texlive/2026/texmf-dist/tex/generic/pgf/frontendlayer/tikz/tikz.cod
e.tex
(/usr/local/texlive/2026/texmf-dist/tex/generic/pgf/libraries/pgflibraryplothan
dlers.code.tex)
(/usr/local/texlive/2026/texmf-dist/tex/generic/pgf/modules/pgfmodulematrix.cod
e.tex)
(/usr/local/texlive/2026/texmf-dist/tex/generic/pgf/frontendlayer/tikz/librarie
s/tikzlibrarytopaths.code.tex)))
(/usr/local/texlive/2026/texmf-dist/tex/latex/pgf/frontendlayer/libraries/tikzl
ibraryexternal.code.tex
(/usr/local/texlive/2026/texmf-dist/tex/latex/base/atveryend-ltx.sty)
(/usr/local/texlive/2026/texmf-dist/tex/generic/pgf/frontendlayer/tikz/librarie
s/tikzexternalshared.code.tex))
(/usr/local/texlive/2026/texmf-dist/tex/latex/tools/multicol.sty)
(/usr/local/texlive/2026/texmf-dist/tex/latex/beamer/multimedia.sty
(/usr/local/texlive/2026/texmf-dist/tex/generic/iftex/ifpdf.sty))
(/usr/local/texlive/2026/texmf-dist/tex/latex/tools/calc.sty)
(/usr/local/texlive/2026/texmf-dist/tex/latex/tools/bm.sty)
(/usr/local/texlive/2026/texmf-dist/tex/latex/tools/tabularx.sty
(/usr/local/texlive/2026/texmf-dist/tex/latex/tools/array.sty))
(/usr/local/texlive/2026/texmf-dist/tex/latex/booktabs/booktabs.sty)
(/usr/local/texlive/2026/texmf-dist/tex/latex/multirow/multirow.sty)
(/usr/local/texlive/2026/texmf-dist/tex/latex/algorithms/algorithm.sty
(/usr/local/texlive/2026/texmf-dist/tex/latex/float/float.sty)
(/usr/local/texlive/2026/texmf-dist/tex/latex/base/ifthen.sty))
(/usr/local/texlive/2026/texmf-dist/tex/latex/algorithms/algorithmic.sty)
(/usr/local/texlive/2026/texmf-dist/tex/latex/base/fontenc.sty)
(/usr/local/texlive/2026/texmf-dist/tex/latex/base/latexsym.sty)
(/usr/local/texlive/2026/texmf-dist/tex/latex/fundus-calligra/calligra.sty)
(/usr/local/texlive/2026/texmf-dist/tex/latex/pstricks/pstricks.sty
(/usr/local/texlive/2026/texmf-dist/tex/generic/xkeyval/pst-xkey.tex
(/usr/local/texlive/2026/texmf-dist/tex/latex/xkeyval/xkeyval.sty
(/usr/local/texlive/2026/texmf-dist/tex/generic/xkeyval/xkeyval.tex
(/usr/local/texlive/2026/texmf-dist/tex/generic/xkeyval/xkvutils.tex))))
(/usr/local/texlive/2026/texmf-dist/tex/generic/pstricks/pstricks.tex
(/usr/local/texlive/2026/texmf-dist/tex/generic/pstricks/pst-fp.tex
`pst-fp' v0.06, 2020/11/20 (hv))
`PSTricks' v3.22A  <2025/12/13> (tvz,hv)
--- We are running latex or xelatex ---
(/usr/local/texlive/2026/texmf-dist/tex/generic/pstricks/pstricks.con)
(/usr/local/texlive/2026/texmf-dist/tex/generic/pstricks/pstricks-color.tex)
(/usr/local/texlive/2026/texmf-dist/tex/generic/pstricks/pstricks-arrows.tex)
(/usr/local/texlive/2026/texmf-dist/tex/generic/pstricks/pstricks-dots.tex)
(/usr/local/texlive/2026/texmf-dist/tex/generic/pstricks/pst-code-grid.tex)
(/usr/local/texlive/2026/texmf-dist/tex/generic/pstricks/pst-code-box.tex)
(/usr/local/texlive/2026/texmf-dist/tex/generic/pstricks/pst-code-arc.tex)
(/usr/local/texlive/2026/texmf-dist/tex/generic/pstricks/pst-code-circle_ellips
e.tex)
(/usr/local/texlive/2026/texmf-dist/tex/generic/pstricks/pst-code-ref_rot.tex)
(/usr/local/texlive/2026/texmf-dist/tex/generic/pstricks/pst-code-put.tex)
(/usr/local/texlive/2026/texmf-dist/tex/generic/pstricks/pst-code-pspicture.tex
) (/usr/local/texlive/2026/texmf-dist/tex/generic/pstricks/pstricks.con))
(/usr/local/texlive/2026/texmf-dist/tex/generic/pstricks/pst-fp.tex
`pst-fp' v0.06, 2020/11/20 (hv)))
(/usr/local/texlive/2026/texmf-dist/tex/latex/listings/listings.sty
(/usr/local/texlive/2026/texmf-dist/tex/latex/listings/lstpatch.sty)
(/usr/local/texlive/2026/texmf-dist/tex/latex/listings/lstmisc.sty)
(/usr/local/texlive/2026/texmf-dist/tex/latex/listings/listings.cfg))
==> First Aid for listings.sty no longer applied!
    Expected:
        2024/09/23 1.10c (Carsten Heinz)
    but found:
        2025/11/14 1.11b (Carsten Heinz)
    so I'm assuming it got fixed.
(/usr/local/texlive/2026/texmf-dist/tex/latex/stackengine/stackengine.sty
(/usr/local/texlive/2026/texmf-dist/tex/generic/listofitems/listofitems.sty
(/usr/local/texlive/2026/texmf-dist/tex/generic/listofitems/listofitems.tex)))
(/usr/local/texlive/2026/texmf-dist/tex/latex/natbib/natbib.sty)
(/usr/local/texlive/2026/texmf-dist/tex/latex/thubeamer/beamerinnerthemethubeam
er.sty
(/usr/local/texlive/2026/texmf-dist/tex/latex/beamer/beamerinnerthemecircles.st
y)
(/usr/local/texlive/2026/texmf-dist/tex/latex/beamer/beamerinnerthemerounded.st
y))
(/usr/local/texlive/2026/texmf-dist/tex/latex/thubeamer/beamerouterthemethubeam
er.sty
(/usr/local/texlive/2026/texmf-dist/tex/latex/beamer/beamerouterthemesmoothbars
.sty))
(/usr/local/texlive/2026/texmf-dist/tex/latex/thubeamer/beamercolorthemethubeam
er.sty))

LaTeX Warning: \include should only be used after \begin{document} on input lin
e 45.

(./macros.tex)

Package hyperref Warning: Token not allowed in a PDF string (Unicode):
(hyperref)                removing `\\' on input line 49.

(/usr/local/texlive/2026/texmf-dist/tex/latex/l3backend/l3backend-pdftex.def)
(./thubeamer-example-en.aux)
*geometry* driver: auto-detecting
*geometry* detected driver: pdftex
(/usr/local/texlive/2026/texmf-dist/tex/context/base/mkii/supp-pdf.mkii
[Loading MPS to PDF converter (version 2006.09.02).]
) (/usr/local/texlive/2026/texmf-dist/tex/latex/epstopdf-pkg/epstopdf-base.sty
(/usr/local/texlive/2026/texmf-dist/tex/latex/latexconfig/epstopdf-sys.cfg))
(./thubeamer-example-en.out) (./thubeamer-example-en.out)
(/usr/local/texlive/2026/texmf-dist/tex/latex/translator/translator-basic-dicti
onary-English.dict)
(/usr/local/texlive/2026/texmf-dist/tex/latex/translator/translator-bibliograph
y-dictionary-English.dict)
(/usr/local/texlive/2026/texmf-dist/tex/latex/translator/translator-environment
-dictionary-English.dict)
(/usr/local/texlive/2026/texmf-dist/tex/latex/translator/translator-months-dict
ionary-English.dict)
(/usr/local/texlive/2026/texmf-dist/tex/latex/translator/translator-numbers-dic
tionary-English.dict)
(/usr/local/texlive/2026/texmf-dist/tex/latex/translator/translator-theorem-dic
tionary-English.dict) (./thubeamer-example-en.nav) [1
Non-PDF special ignored!
<special> header=pstricks.pro
Non-PDF special ignored!
<special> header=pst-algparser.pro
Non-PDF special ignored!
<special> header=pst-tools.pro
Non-PDF special ignored!
<special> header=pst-dots.pro
{/usr/local/texlive/2026/texmf-var/fonts/map/pdftex/updmap/pdftex.map}{/usr/loc
al/texlive/2026/texmf-dist/fonts/enc/dvips/cm-super/cm-super-t1.enc}
Non-PDF special ignored!
<special> ps: /pssetRGBcolor /setrgbcolor load def /pssetCMYKcolor /setcmyk...
Non-PDF special ignored!
<special> ps:tx@Dict begin  gsave STV CP T /ps@rot 0 def grestore  end
Non-PDF special ignored!
<special> ps:tx@Dict begin  gsave STV CP T /ps@refangle 0.  def grestore  e...
] (./thubeamer-example-en.toc) [2] [3 </usr/local/texlive/2026/texmf-dist/tex/l
atex/thubeamer/thulogo.pdf>] [4] [5]
(/usr/local/texlive/2026/texmf-dist/tex/latex/amsfonts/umsa.fd)
(/usr/local/texlive/2026/texmf-dist/tex/latex/amsfonts/umsb.fd)
(/usr/local/texlive/2026/texmf-dist/tex/latex/sansmathaccent/ot1mathkerncmss.fd
) (/usr/local/texlive/2026/texmf-dist/tex/latex/base/ulasy.fd) [6] [7] [8]
[9] [10]

Package natbib Warning: Citation `webster2010' on page 11 undefined on input li
ne 206.


Package natbib Warning: Citation `jones2006' on page 11 undefined on input line
 206.


Package natbib Warning: Citation `mcmahan2005' on page 11 undefined on input li
ne 206.


Package natbib Warning: Citation `Gravagne2003' on page 11 undefined on input l
ine 206.

[11]
No file thubeamer-example-en.bbl.
[12] [13]

Package natbib Warning: There were undefined citations.

(./thubeamer-example-en.aux) )</usr/local/texlive/2026/texmf-dist/fonts/type1/p
ublic/calligra-type1/callig15.pfb></usr/local/texlive/2026/texmf-dist/fonts/typ
e1/public/amsfonts/cm/cmmi10.pfb></usr/local/texlive/2026/texmf-dist/fonts/type
1/public/amsfonts/cm/cmss10.pfb></usr/local/texlive/2026/texmf-dist/fonts/type1
/public/amsfonts/cm/cmssi10.pfb></usr/local/texlive/2026/texmf-dist/fonts/type1
/public/amsfonts/cm/cmssi8.pfb></usr/local/texlive/2026/texmf-dist/fonts/type1/
public/amsfonts/cm/cmsy10.pfb></usr/local/texlive/2026/texmf-dist/fonts/type1/p
ublic/amsfonts/cm/cmsy8.pfb></usr/local/texlive/2026/texmf-dist/fonts/type1/pub
lic/amsfonts/symbols/msbm10.pfb></usr/local/texlive/2026/texmf-dist/fonts/type1
/public/cm-super/sfso1000.pfb></usr/local/texlive/2026/texmf-dist/fonts/type1/p
ublic/cm-super/sfss0600.pfb></usr/local/texlive/2026/texmf-dist/fonts/type1/pub
lic/cm-super/sfss0800.pfb></usr/local/texlive/2026/texmf-dist/fonts/type1/publi
c/cm-super/sfss1000.pfb></usr/local/texlive/2026/texmf-dist/fonts/type1/public/
cm-super/sfss1095.pfb></usr/local/texlive/2026/texmf-dist/fonts/type1/public/cm
-super/sfss1200.pfb></usr/local/texlive/2026/texmf-dist/fonts/type1/public/cm-s
uper/sfss1440.pfb></usr/local/texlive/2026/texmf-dist/fonts/type1/public/cm-sup
er/sfss2488.pfb></usr/local/texlive/2026/texmf-dist/fonts/type1/public/cm-super
/sfsx1095.pfb>
Output written on thubeamer-example-en.pdf (13 pages, 319887 bytes).
Transcript written on thubeamer-example-en.log.
