This is pdfTeX, Version 3.141592653-2.6-1.40.29 (TeX Live 2026) (preloaded format=pdflatex)
 restricted \write18 enabled.
entering extended mode
(./sample-bxcjkjatype.tex
LaTeX2e <2025-11-01>
L3 programming layer <2026-01-19>
(/usr/local/texlive/2026/texmf-dist/tex/latex/base/article.cls
Document Class: article 2025/01/22 v1.4n Standard LaTeX document class
(/usr/local/texlive/2026/texmf-dist/tex/latex/base/size10.clo))
(/usr/local/texlive/2026/texmf-dist/tex/latex/bxcjkjatype/bxcjkjatype.sty
(/usr/local/texlive/2026/texmf-dist/tex/latex/graphics/keyval.sty)
(/usr/local/texlive/2026/texmf-dist/tex/latex/cjk/texinput/CJK.sty
(/usr/local/texlive/2026/texmf-dist/tex/latex/cjk/texinput/mule/MULEenc.sty)
(/usr/local/texlive/2026/texmf-dist/tex/latex/cjk/texinput/CJK.enc))
(/usr/local/texlive/2026/texmf-dist/tex/latex/cjk/texinput/CJKutf8.sty
(/usr/local/texlive/2026/texmf-dist/tex/generic/iftex/ifpdf.sty
(/usr/local/texlive/2026/texmf-dist/tex/generic/iftex/iftex.sty))
(/usr/local/texlive/2026/texmf-dist/tex/latex/base/inputenc.sty)
(/usr/local/texlive/2026/texmf-dist/tex/latex/base/fontenc.sty))
(/usr/local/texlive/2026/texmf-dist/tex/latex/cjk/texinput/CJKspace.sty)
(/usr/local/texlive/2026/texmf-dist/tex/latex/cjkpunct/CJKpunct.sty
(/usr/local/texlive/2026/texmf-dist/tex/latex/cjkpunct/CJKpunct.spa))
(/usr/local/texlive/2026/texmf-dist/tex/latex/etoolbox/etoolbox.sty)
(/usr/local/texlive/2026/texmf-dist/tex/latex/cjk/texinput/UTF8/UTF8.bdg))
(/usr/local/texlive/2026/texmf-dist/tex/latex/hyperref/hyperref.sty
(/usr/local/texlive/2026/texmf-dist/tex/latex/kvsetkeys/kvsetkeys.sty)
(/usr/local/texlive/2026/texmf-dist/tex/generic/kvdefinekeys/kvdefinekeys.sty)
(/usr/local/texlive/2026/texmf-dist/tex/generic/pdfescape/pdfescape.sty
(/usr/local/texlive/2026/texmf-dist/tex/generic/ltxcmds/ltxcmds.sty)
(/usr/local/texlive/2026/texmf-dist/tex/generic/pdftexcmds/pdftexcmds.sty
(/usr/local/texlive/2026/texmf-dist/tex/generic/infwarerr/infwarerr.sty)))
(/usr/local/texlive/2026/texmf-dist/tex/latex/hycolor/hycolor.sty)
(/usr/local/texlive/2026/texmf-dist/tex/latex/hyperref/nameref.sty
(/usr/local/texlive/2026/texmf-dist/tex/latex/refcount/refcount.sty)
(/usr/local/texlive/2026/texmf-dist/tex/generic/gettitlestring/gettitlestring.s
ty (/usr/local/texlive/2026/texmf-dist/tex/latex/kvoptions/kvoptions.sty)))
(/usr/local/texlive/2026/texmf-dist/tex/generic/stringenc/stringenc.sty)
(/usr/local/texlive/2026/texmf-dist/tex/latex/hyperref/pd1enc.def)
(/usr/local/texlive/2026/texmf-dist/tex/generic/intcalc/intcalc.sty)
(/usr/local/texlive/2026/texmf-dist/tex/latex/hyperref/puenc.def)
(/usr/local/texlive/2026/texmf-dist/tex/latex/url/url.sty)
(/usr/local/texlive/2026/texmf-dist/tex/generic/bitset/bitset.sty
(/usr/local/texlive/2026/texmf-dist/tex/generic/bigintcalc/bigintcalc.sty)))
(/usr/local/texlive/2026/texmf-dist/tex/latex/hyperref/hpdftex.def
(/usr/local/texlive/2026/texmf-dist/tex/latex/rerunfilecheck/rerunfilecheck.sty

(/usr/local/texlive/2026/texmf-dist/tex/generic/uniquecounter/uniquecounter.sty
)))
(/usr/local/texlive/2026/texmf-dist/tex/latex/l3backend/l3backend-pdftex.def)
No file sample-bxcjkjatype.aux.
{/usr/local/texlive/2026/texmf-var/fonts/map/pdftex/updmap/pdftex.map}{Unicode.
sfd} (/usr/local/texlive/2026/texmf-dist/tex/latex/cjk/texinput/UTF8/UTF8.enc)
(/usr/local/texlive/2026/texmf-dist/tex/latex/cjk/texinput/UTF8/UTF8.chr)
(/usr/local/texlive/2026/texmf-dist/tex/latex/graphics/color.sty
(/usr/local/texlive/2026/texmf-dist/tex/latex/graphics-cfg/color.cfg)
(/usr/local/texlive/2026/texmf-dist/tex/latex/graphics-def/pdftex.def
(/usr/local/texlive/2026/texmf-dist/tex/context/base/mkii/supp-pdf.mkii
[Loading MPS to PDF converter (version 2006.09.02).]
)) (/usr/local/texlive/2026/texmf-dist/tex/latex/graphics/mathcolor.ltx))
[1{/usr/local/texlive/2026/texmf-dist/fonts/enc/dvips/ipaex-type1/ipxt1-u65.enc
}{/usr/local/texlive/2026/texmf-dist/fonts/enc/dvips/ipaex-type1/ipxt1-u66.enc}
{/usr/local/texlive/2026/texmf-dist/fonts/enc/dvips/ipaex-type1/ipxt1-u67.enc}{
/usr/local/texlive/2026/texmf-dist/fonts/enc/dvips/ipaex-type1/ipxt1-u8a.enc}{/
usr/local/texlive/2026/texmf-dist/fonts/enc/dvips/cm-super/cm-super-ts1.enc}{/u
sr/local/texlive/2026/texmf-dist/fonts/enc/dvips/ipaex-type1/ipxt1-u30.enc}]
(./sample-bxcjkjatype.aux)

Package rerunfilecheck Warning: File `sample-bxcjkjatype.out' has changed.
(rerunfilecheck)                Rerun to get outlines right
(rerunfilecheck)                or use package `bookmark'.

 )
!pdfTeX error: pdflatex (file rounded-mplus-1c-regular.ttf): cannot open TrueTy
pe font file for reading
 ==> Fatal error occurred, no output PDF file produced!
