This is pdfTeX, Version 3.141592653-2.6-1.40.29 (TeX Live 2026) (preloaded format=pdflatex)
 restricted \write18 enabled.
entering extended mode
(./sampleEq.tex
LaTeX2e <2025-11-01>
L3 programming layer <2026-01-19>
(/usr/local/texlive/2026/texmf-dist/tex/latex/base/report.cls
Document Class: report 2025/01/22 v1.4n Standard LaTeX document class
(/usr/local/texlive/2026/texmf-dist/tex/latex/base/size12.clo))
(/usr/local/texlive/2026/texmf-dist/tex/latex/amsmath/amsmath.sty
For additional information on amsmath, use the `?' option.
(/usr/local/texlive/2026/texmf-dist/tex/latex/amsmath/amstext.sty
(/usr/local/texlive/2026/texmf-dist/tex/latex/amsmath/amsgen.sty))
(/usr/local/texlive/2026/texmf-dist/tex/latex/amsmath/amsbsy.sty)
(/usr/local/texlive/2026/texmf-dist/tex/latex/amsmath/amsopn.sty))
(/usr/local/texlive/2026/texmf-dist/tex/latex/hyperref/hyperref.sty
(/usr/local/texlive/2026/texmf-dist/tex/generic/iftex/iftex.sty)
(/usr/local/texlive/2026/texmf-dist/tex/latex/graphics/keyval.sty)
(/usr/local/texlive/2026/texmf-dist/tex/latex/kvsetkeys/kvsetkeys.sty)
(/usr/local/texlive/2026/texmf-dist/tex/generic/kvdefinekeys/kvdefinekeys.sty)
(/usr/local/texlive/2026/texmf-dist/tex/generic/pdfescape/pdfescape.sty
(/usr/local/texlive/2026/texmf-dist/tex/generic/ltxcmds/ltxcmds.sty)
(/usr/local/texlive/2026/texmf-dist/tex/generic/pdftexcmds/pdftexcmds.sty
(/usr/local/texlive/2026/texmf-dist/tex/generic/infwarerr/infwarerr.sty)))
(/usr/local/texlive/2026/texmf-dist/tex/latex/hycolor/hycolor.sty)
(/usr/local/texlive/2026/texmf-dist/tex/latex/hyperref/nameref.sty
(/usr/local/texlive/2026/texmf-dist/tex/latex/refcount/refcount.sty)
(/usr/local/texlive/2026/texmf-dist/tex/generic/gettitlestring/gettitlestring.s
ty (/usr/local/texlive/2026/texmf-dist/tex/latex/kvoptions/kvoptions.sty)))
(/usr/local/texlive/2026/texmf-dist/tex/latex/etoolbox/etoolbox.sty)
(/usr/local/texlive/2026/texmf-dist/tex/generic/stringenc/stringenc.sty)
(/usr/local/texlive/2026/texmf-dist/tex/latex/hyperref/pd1enc.def)
(/usr/local/texlive/2026/texmf-dist/tex/generic/intcalc/intcalc.sty)
(/usr/local/texlive/2026/texmf-dist/tex/latex/hyperref/puenc.def)
(/usr/local/texlive/2026/texmf-dist/tex/latex/url/url.sty)
(/usr/local/texlive/2026/texmf-dist/tex/generic/bitset/bitset.sty
(/usr/local/texlive/2026/texmf-dist/tex/generic/bigintcalc/bigintcalc.sty)))
(/usr/local/texlive/2026/texmf-dist/tex/latex/hyperref/hpdftex.def
(/usr/local/texlive/2026/texmf-dist/tex/latex/rerunfilecheck/rerunfilecheck.sty

(/usr/local/texlive/2026/texmf-dist/tex/generic/uniquecounter/uniquecounter.sty
)))
(/usr/local/texlive/2026/texmf-dist/tex/latex/glossaries/base/glossaries.sty
(/usr/local/texlive/2026/texmf-dist/tex/latex/base/ifthen.sty)
(/usr/local/texlive/2026/texmf-dist/tex/latex/xkeyval/xkeyval.sty
(/usr/local/texlive/2026/texmf-dist/tex/generic/xkeyval/xkeyval.tex
(/usr/local/texlive/2026/texmf-dist/tex/generic/xkeyval/xkvutils.tex)))
(/usr/local/texlive/2026/texmf-dist/tex/latex/mfirstuc/mfirstuc.sty)
(/usr/local/texlive/2026/texmf-dist/tex/latex/xfor/xfor.sty)
(/usr/local/texlive/2026/texmf-dist/tex/latex/datatool/datatool-base.sty
(/usr/local/texlive/2026/texmf-dist/tex/latex/tracklang/tracklang.sty
(/usr/local/texlive/2026/texmf-dist/tex/generic/tracklang/tracklang.tex))
(/usr/local/texlive/2026/texmf-dist/tex/latex/datatool/datatool-l3fp.def)
(/usr/local/texlive/2026/texmf-dist/tex/latex/datatool/datatool-utf8.ldf))
(/usr/local/texlive/2026/texmf-dist/tex/latex/glossaries/styles/glossary-hypern
av.sty)
(/usr/local/texlive/2026/texmf-dist/tex/latex/glossaries/styles/glossary-list.s
ty)
(/usr/local/texlive/2026/texmf-dist/tex/latex/glossaries/styles/glossary-long.s
ty (/usr/local/texlive/2026/texmf-dist/tex/latex/tools/longtable.sty))
(/usr/local/texlive/2026/texmf-dist/tex/latex/glossaries/styles/glossary-super.
sty (/usr/local/texlive/2026/texmf-dist/tex/latex/supertabular/supertabular.sty
))
(/usr/local/texlive/2026/texmf-dist/tex/latex/glossaries/styles/glossary-tree.s
ty))
(/usr/local/texlive/2026/texmf-dist/tex/latex/l3backend/l3backend-pdftex.def)
No file sampleEq.aux.
(/usr/local/texlive/2026/texmf-dist/tex/latex/graphics/color.sty
(/usr/local/texlive/2026/texmf-dist/tex/latex/graphics-cfg/color.cfg)
(/usr/local/texlive/2026/texmf-dist/tex/latex/graphics-def/pdftex.def
(/usr/local/texlive/2026/texmf-dist/tex/context/base/mkii/supp-pdf.mkii
[Loading MPS to PDF converter (version 2006.09.02).]
)) (/usr/local/texlive/2026/texmf-dist/tex/latex/graphics/mathcolor.ltx))
[1{/usr/local/texlive/2026/texmf-var/fonts/map/pdftex/updmap/pdftex.map}]
pdfTeX warning (ext4): destination with the same identifier (name{page.1}) has 
been already used, duplicate ignored
<to be read again> 
                   \relax 
l.110 \end{abstract}
                     [1]
No file sampleEq.gls.

pdfTeX warning (ext4): destination with the same identifier (name{page.1}) has 
been already used, duplicate ignored
<to be read again> 
                   \relax 
l.114 \chapter
              {Gamma Functions} [1]
Chapter 1.
[2] [3]
Chapter 2.
[4]
Chapter 3.
[5]
Chapter 4.
[6]
Chapter 5.
[7]
Chapter 6.
[8]
Chapter 7.
[9]
Chapter 8.
[10]
Chapter 9.
[11] (./sampleEq.aux)

Package rerunfilecheck Warning: File `sampleEq.out' has changed.
(rerunfilecheck)                Rerun to get outlines right
(rerunfilecheck)                or use package `bookmark'.

 )
(see the transcript file for additional information)
pdfTeX warning (dest): name{glo:G} has been referenced but does not exist, repl
aced by a fixed one


pdfTeX warning (dest): name{glo:C} has been referenced but does not exist, repl
aced by a fixed one


pdfTeX warning (dest): name{glo:F} has been referenced but does not exist, repl
aced by a fixed one


pdfTeX warning (dest): name{glo:Dp} has been referenced but does not exist, rep
laced by a fixed one


pdfTeX warning (dest): name{glo:knu} has been referenced but does not exist, re
placed by a fixed one


pdfTeX warning (dest): name{glo:Phi} has been referenced but does not exist, re
placed by a fixed one


pdfTeX warning (dest): name{glo:Znu} has been referenced but does not exist, re
placed by a fixed one


pdfTeX warning (dest): name{glo:Hn} has been referenced but does not exist, rep
laced by a fixed one


pdfTeX warning (dest): name{glo:Un} has been referenced but does not exist, rep
laced by a fixed one


pdfTeX warning (dest): name{glo:Tn} has been referenced but does not exist, rep
laced by a fixed one


pdfTeX warning (dest): name{glo:Bx} has been referenced but does not exist, rep
laced by a fixed one


pdfTeX warning (dest): name{glo:B} has been referenced but does not exist, repl
aced by a fixed one


pdfTeX warning (dest): name{glo:erfc} has been referenced but does not exist, r
eplaced by a fixed one


pdfTeX warning (dest): name{glo:erf} has been referenced but does not exist, re
placed by a fixed one


pdfTeX warning (dest): name{glo:psi} has been referenced but does not exist, re
placed by a fixed one


pdfTeX warning (dest): name{glo:iGamma} has been referenced but does not exist,
 replaced by a fixed one


pdfTeX warning (dest): name{glo:gamma} has been referenced but does not exist, 
replaced by a fixed one


pdfTeX warning (dest): name{glo:Gamma} has been referenced but does not exist, 
replaced by a fixed one

</usr/local/texlive/2026/texmf-dist/fonts/type1/public/amsfonts/cm/cmbx12.pfb><
/usr/local/texlive/2026/texmf-dist/fonts/type1/public/amsfonts/cm/cmex10.pfb></
usr/local/texlive/2026/texmf-dist/fonts/type1/public/amsfonts/cm/cmmi12.pfb></u
sr/local/texlive/2026/texmf-dist/fonts/type1/public/amsfonts/cm/cmmi6.pfb></usr
/local/texlive/2026/texmf-dist/fonts/type1/public/amsfonts/cm/cmmi8.pfb></usr/l
ocal/texlive/2026/texmf-dist/fonts/type1/public/amsfonts/cm/cmr12.pfb></usr/loc
al/texlive/2026/texmf-dist/fonts/type1/public/amsfonts/cm/cmr17.pfb></usr/local
/texlive/2026/texmf-dist/fonts/type1/public/amsfonts/cm/cmr6.pfb></usr/local/te
xlive/2026/texmf-dist/fonts/type1/public/amsfonts/cm/cmr8.pfb></usr/local/texli
ve/2026/texmf-dist/fonts/type1/public/amsfonts/cm/cmsl12.pfb></usr/local/texliv
e/2026/texmf-dist/fonts/type1/public/amsfonts/cm/cmss12.pfb></usr/local/texlive
/2026/texmf-dist/fonts/type1/public/amsfonts/cm/cmsy10.pfb></usr/local/texlive/
2026/texmf-dist/fonts/type1/public/amsfonts/cm/cmsy8.pfb></usr/local/texlive/20
26/texmf-dist/fonts/type1/public/amsfonts/cm/cmtt12.pfb>
Output written on sampleEq.pdf (13 pages, 160548 bytes).
Transcript written on sampleEq.log.


--- pass break ---

This is pdfTeX, Version 3.141592653-2.6-1.40.29 (TeX Live 2026) (preloaded format=pdflatex)
 restricted \write18 enabled.
entering extended mode
(./sampleEq.tex
LaTeX2e <2025-11-01>
L3 programming layer <2026-01-19>
(/usr/local/texlive/2026/texmf-dist/tex/latex/base/report.cls
Document Class: report 2025/01/22 v1.4n Standard LaTeX document class
(/usr/local/texlive/2026/texmf-dist/tex/latex/base/size12.clo))
(/usr/local/texlive/2026/texmf-dist/tex/latex/amsmath/amsmath.sty
For additional information on amsmath, use the `?' option.
(/usr/local/texlive/2026/texmf-dist/tex/latex/amsmath/amstext.sty
(/usr/local/texlive/2026/texmf-dist/tex/latex/amsmath/amsgen.sty))
(/usr/local/texlive/2026/texmf-dist/tex/latex/amsmath/amsbsy.sty)
(/usr/local/texlive/2026/texmf-dist/tex/latex/amsmath/amsopn.sty))
(/usr/local/texlive/2026/texmf-dist/tex/latex/hyperref/hyperref.sty
(/usr/local/texlive/2026/texmf-dist/tex/generic/iftex/iftex.sty)
(/usr/local/texlive/2026/texmf-dist/tex/latex/graphics/keyval.sty)
(/usr/local/texlive/2026/texmf-dist/tex/latex/kvsetkeys/kvsetkeys.sty)
(/usr/local/texlive/2026/texmf-dist/tex/generic/kvdefinekeys/kvdefinekeys.sty)
(/usr/local/texlive/2026/texmf-dist/tex/generic/pdfescape/pdfescape.sty
(/usr/local/texlive/2026/texmf-dist/tex/generic/ltxcmds/ltxcmds.sty)
(/usr/local/texlive/2026/texmf-dist/tex/generic/pdftexcmds/pdftexcmds.sty
(/usr/local/texlive/2026/texmf-dist/tex/generic/infwarerr/infwarerr.sty)))
(/usr/local/texlive/2026/texmf-dist/tex/latex/hycolor/hycolor.sty)
(/usr/local/texlive/2026/texmf-dist/tex/latex/hyperref/nameref.sty
(/usr/local/texlive/2026/texmf-dist/tex/latex/refcount/refcount.sty)
(/usr/local/texlive/2026/texmf-dist/tex/generic/gettitlestring/gettitlestring.s
ty (/usr/local/texlive/2026/texmf-dist/tex/latex/kvoptions/kvoptions.sty)))
(/usr/local/texlive/2026/texmf-dist/tex/latex/etoolbox/etoolbox.sty)
(/usr/local/texlive/2026/texmf-dist/tex/generic/stringenc/stringenc.sty)
(/usr/local/texlive/2026/texmf-dist/tex/latex/hyperref/pd1enc.def)
(/usr/local/texlive/2026/texmf-dist/tex/generic/intcalc/intcalc.sty)
(/usr/local/texlive/2026/texmf-dist/tex/latex/hyperref/puenc.def)
(/usr/local/texlive/2026/texmf-dist/tex/latex/url/url.sty)
(/usr/local/texlive/2026/texmf-dist/tex/generic/bitset/bitset.sty
(/usr/local/texlive/2026/texmf-dist/tex/generic/bigintcalc/bigintcalc.sty)))
(/usr/local/texlive/2026/texmf-dist/tex/latex/hyperref/hpdftex.def
(/usr/local/texlive/2026/texmf-dist/tex/latex/rerunfilecheck/rerunfilecheck.sty

(/usr/local/texlive/2026/texmf-dist/tex/generic/uniquecounter/uniquecounter.sty
)))
(/usr/local/texlive/2026/texmf-dist/tex/latex/glossaries/base/glossaries.sty
(/usr/local/texlive/2026/texmf-dist/tex/latex/base/ifthen.sty)
(/usr/local/texlive/2026/texmf-dist/tex/latex/xkeyval/xkeyval.sty
(/usr/local/texlive/2026/texmf-dist/tex/generic/xkeyval/xkeyval.tex
(/usr/local/texlive/2026/texmf-dist/tex/generic/xkeyval/xkvutils.tex)))
(/usr/local/texlive/2026/texmf-dist/tex/latex/mfirstuc/mfirstuc.sty)
(/usr/local/texlive/2026/texmf-dist/tex/latex/xfor/xfor.sty)
(/usr/local/texlive/2026/texmf-dist/tex/latex/datatool/datatool-base.sty
(/usr/local/texlive/2026/texmf-dist/tex/latex/tracklang/tracklang.sty
(/usr/local/texlive/2026/texmf-dist/tex/generic/tracklang/tracklang.tex))
(/usr/local/texlive/2026/texmf-dist/tex/latex/datatool/datatool-l3fp.def)
(/usr/local/texlive/2026/texmf-dist/tex/latex/datatool/datatool-utf8.ldf))
(/usr/local/texlive/2026/texmf-dist/tex/latex/glossaries/styles/glossary-hypern
av.sty)
(/usr/local/texlive/2026/texmf-dist/tex/latex/glossaries/styles/glossary-list.s
ty)
(/usr/local/texlive/2026/texmf-dist/tex/latex/glossaries/styles/glossary-long.s
ty (/usr/local/texlive/2026/texmf-dist/tex/latex/tools/longtable.sty))
(/usr/local/texlive/2026/texmf-dist/tex/latex/glossaries/styles/glossary-super.
sty (/usr/local/texlive/2026/texmf-dist/tex/latex/supertabular/supertabular.sty
))
(/usr/local/texlive/2026/texmf-dist/tex/latex/glossaries/styles/glossary-tree.s
ty))
(/usr/local/texlive/2026/texmf-dist/tex/latex/l3backend/l3backend-pdftex.def)
(./sampleEq.aux)
(/usr/local/texlive/2026/texmf-dist/tex/latex/graphics/color.sty
(/usr/local/texlive/2026/texmf-dist/tex/latex/graphics-cfg/color.cfg)
(/usr/local/texlive/2026/texmf-dist/tex/latex/graphics-def/pdftex.def
(/usr/local/texlive/2026/texmf-dist/tex/context/base/mkii/supp-pdf.mkii
[Loading MPS to PDF converter (version 2006.09.02).]
)) (/usr/local/texlive/2026/texmf-dist/tex/latex/graphics/mathcolor.ltx))
(./sampleEq.out) (./sampleEq.out) [1{/usr/local/texlive/2026/texmf-var/fonts/ma
p/pdftex/updmap/pdftex.map}]
pdfTeX warning (ext4): destination with the same identifier (name{page.1}) has 
been already used, duplicate ignored
<to be read again> 
                   \relax 
l.110 \end{abstract}
                     [1]
No file sampleEq.gls.

pdfTeX warning (ext4): destination with the same identifier (name{page.1}) has 
been already used, duplicate ignored
<to be read again> 
                   \relax 
l.114 \chapter
              {Gamma Functions} [1]
Chapter 1.
[2] [3]
Chapter 2.
[4]
Chapter 3.
[5]
Chapter 4.
[6]
Chapter 5.
[7]
Chapter 6.
[8]
Chapter 7.
[9]
Chapter 8.
[10]
Chapter 9.
[11] (./sampleEq.aux) )
(see the transcript file for additional information)
pdfTeX warning (dest): name{glo:G} has been referenced but does not exist, repl
aced by a fixed one


pdfTeX warning (dest): name{glo:C} has been referenced but does not exist, repl
aced by a fixed one


pdfTeX warning (dest): name{glo:F} has been referenced but does not exist, repl
aced by a fixed one


pdfTeX warning (dest): name{glo:Dp} has been referenced but does not exist, rep
laced by a fixed one


pdfTeX warning (dest): name{glo:knu} has been referenced but does not exist, re
placed by a fixed one


pdfTeX warning (dest): name{glo:Phi} has been referenced but does not exist, re
placed by a fixed one


pdfTeX warning (dest): name{glo:Znu} has been referenced but does not exist, re
placed by a fixed one


pdfTeX warning (dest): name{glo:Hn} has been referenced but does not exist, rep
laced by a fixed one


pdfTeX warning (dest): name{glo:Un} has been referenced but does not exist, rep
laced by a fixed one


pdfTeX warning (dest): name{glo:Tn} has been referenced but does not exist, rep
laced by a fixed one


pdfTeX warning (dest): name{glo:Bx} has been referenced but does not exist, rep
laced by a fixed one


pdfTeX warning (dest): name{glo:B} has been referenced but does not exist, repl
aced by a fixed one


pdfTeX warning (dest): name{glo:erfc} has been referenced but does not exist, r
eplaced by a fixed one


pdfTeX warning (dest): name{glo:erf} has been referenced but does not exist, re
placed by a fixed one


pdfTeX warning (dest): name{glo:psi} has been referenced but does not exist, re
placed by a fixed one


pdfTeX warning (dest): name{glo:iGamma} has been referenced but does not exist,
 replaced by a fixed one


pdfTeX warning (dest): name{glo:gamma} has been referenced but does not exist, 
replaced by a fixed one


pdfTeX warning (dest): name{glo:Gamma} has been referenced but does not exist, 
replaced by a fixed one

</usr/local/texlive/2026/texmf-dist/fonts/type1/public/amsfonts/cm/cmbx12.pfb><
/usr/local/texlive/2026/texmf-dist/fonts/type1/public/amsfonts/cm/cmex10.pfb></
usr/local/texlive/2026/texmf-dist/fonts/type1/public/amsfonts/cm/cmmi12.pfb></u
sr/local/texlive/2026/texmf-dist/fonts/type1/public/amsfonts/cm/cmmi6.pfb></usr
/local/texlive/2026/texmf-dist/fonts/type1/public/amsfonts/cm/cmmi8.pfb></usr/l
ocal/texlive/2026/texmf-dist/fonts/type1/public/amsfonts/cm/cmr12.pfb></usr/loc
al/texlive/2026/texmf-dist/fonts/type1/public/amsfonts/cm/cmr17.pfb></usr/local
/texlive/2026/texmf-dist/fonts/type1/public/amsfonts/cm/cmr6.pfb></usr/local/te
xlive/2026/texmf-dist/fonts/type1/public/amsfonts/cm/cmr8.pfb></usr/local/texli
ve/2026/texmf-dist/fonts/type1/public/amsfonts/cm/cmsl12.pfb></usr/local/texliv
e/2026/texmf-dist/fonts/type1/public/amsfonts/cm/cmss12.pfb></usr/local/texlive
/2026/texmf-dist/fonts/type1/public/amsfonts/cm/cmsy10.pfb></usr/local/texlive/
2026/texmf-dist/fonts/type1/public/amsfonts/cm/cmsy8.pfb></usr/local/texlive/20
26/texmf-dist/fonts/type1/public/amsfonts/cm/cmtt12.pfb>
Output written on sampleEq.pdf (13 pages, 161779 bytes).
Transcript written on sampleEq.log.
