This is pdfTeX, Version 3.141592653-2.6-1.40.29 (TeX Live 2026) (preloaded format=pdflatex)
 restricted \write18 enabled.
entering extended mode
(./hausarbeit-demo.tex
LaTeX2e <2025-11-01>
L3 programming layer <2026-01-19>

(/usr/local/texlive/2026/texmf-dist/tex/latex/hausarbeit-jura/hausarbeit-jura.c
ls
Document Class: hausarbeit-jura 2019/04/04 v2.0 A class for writing ``juristisc
he Hausarbeiten'' at German universities (ao, ms)
(/usr/local/texlive/2026/texmf-dist/tex/latex/base/ifthen.sty)
(/usr/local/texlive/2026/texmf-dist/tex/generic/iftex/iftex.sty)
(/usr/local/texlive/2026/texmf-dist/tex/latex/juramisc/jurabook.cls
Document Class: jurabook 2007/11/09 V0.91 (beta) juridical books (AS)
(/usr/local/texlive/2026/texmf-dist/tex/latex/juramisc/jurabase.sty
(/usr/local/texlive/2026/texmf-dist/tex/latex/tools/xspace.sty)
(/usr/local/texlive/2026/texmf-dist/tex/latex/tools/calc.sty))
(/usr/local/texlive/2026/texmf-dist/tex/latex/carlisle/remreset.sty

Package remreset Warning: The remreset package is obsolete:
(remreset)                \@removefromreset is defined.

) (/usr/local/texlive/2026/texmf-dist/tex/latex/fancyhdr/fancyhdr.sty)
(/usr/local/texlive/2026/texmf-dist/tex/latex/tools/multicol.sty)
(/usr/local/texlive/2026/texmf-dist/tex/latex/base/book.cls
Document Class: book 2025/01/22 v1.4n Standard LaTeX document class
(/usr/local/texlive/2026/texmf-dist/tex/latex/base/bk12.clo))
(/usr/local/texlive/2026/texmf-dist/tex/generic/iftex/ifpdf.sty)
No file hausarbeit-demo.dcs.
) (/usr/local/texlive/2026/texmf-dist/tex/latex/base/inputenc.sty)
(/usr/local/texlive/2026/texmf-dist/tex/latex/base/fontenc.sty)
(/usr/local/texlive/2026/texmf-dist/tex/latex/tex-gyre/tgtermes.sty
(/usr/local/texlive/2026/texmf-dist/tex/latex/kvoptions/kvoptions.sty
(/usr/local/texlive/2026/texmf-dist/tex/latex/graphics/keyval.sty)
(/usr/local/texlive/2026/texmf-dist/tex/generic/ltxcmds/ltxcmds.sty)
(/usr/local/texlive/2026/texmf-dist/tex/latex/kvsetkeys/kvsetkeys.sty)))
(/usr/local/texlive/2026/texmf-dist/tex/latex/tex-gyre/tgheros.sty
(/usr/local/texlive/2026/texmf-dist/tex/latex/tex-gyre/t1qtm.fd))
(/usr/local/texlive/2026/texmf-dist/tex/latex/tex-gyre/tgcursor.sty)
(/usr/local/texlive/2026/texmf-dist/tex/latex/base/textcomp.sty)
(/usr/local/texlive/2026/texmf-dist/tex/latex/eurosym/eurosym.sty)
(/usr/local/texlive/2026/texmf-dist/tex/generic/babel/babel.sty
(/usr/local/texlive/2026/texmf-dist/tex/generic/babel/txtbabel.def)
(/usr/local/texlive/2026/texmf-dist/tex/generic/babel/locale/en/babel-american.
tex)
(/usr/local/texlive/2026/texmf-dist/tex/generic/babel/locale/invalid/babel-nger
man.tex)
(/usr/local/texlive/2026/texmf-dist/tex/generic/babel-english/american.ldf
(/usr/local/texlive/2026/texmf-dist/tex/generic/babel-english/english.ldf))
(/usr/local/texlive/2026/texmf-dist/tex/generic/babel-german/ngerman.ldf
(/usr/local/texlive/2026/texmf-dist/tex/generic/babel-german/babel-german.def))
) (/usr/local/texlive/2026/texmf-dist/tex/latex/tools/indentfirst.sty)
(/usr/local/texlive/2026/texmf-dist/tex/latex/geometry/geometry.sty
(/usr/local/texlive/2026/texmf-dist/tex/generic/iftex/ifvtex.sty))
*geometry* verbose mode - [ newgeometry ] result:
* driver: 
* paper: <default>
* layout: <same size as paper>
* layoutoffset:(h,v)=(0.0pt,0.0pt)
* modes: 
* h-part:(L,W,R)=(56.9055pt, 483.69687pt, 56.9055pt)
* v-part:(T,H,B)=(56.9055pt, 731.23584pt, 56.9055pt)
* \paperwidth=597.50787pt
* \paperheight=845.04684pt
* \textwidth=483.69687pt
* \textheight=731.23584pt
* \oddsidemargin=-15.36449pt
* \evensidemargin=-15.36449pt
* \topmargin=-49.73828pt
* \headheight=14.5pt
* \headsep=19.8738pt
* \topskip=12.0pt
* \footskip=30.0pt
* \marginparwidth=38.0pt
* \marginparsep=7.0pt
* \columnsep=10.0pt
* \skip\footins=10.8pt plus 4.0pt minus 2.0pt
* \hoffset=0.0pt
* \voffset=0.0pt
* \mag=1000
* \@twocolumnfalse
* \@twosidefalse
* \@mparswitchfalse
* \@reversemarginfalse
* (1in=72.27pt=25.4mm, 1cm=28.453pt)

(/usr/local/texlive/2026/texmf-dist/tex/latex/ellipsis/ellipsis.sty)
(/usr/local/texlive/2026/texmf-dist/tex/latex/csquotes/csquotes.sty
(/usr/local/texlive/2026/texmf-dist/tex/latex/etoolbox/etoolbox.sty)
(/usr/local/texlive/2026/texmf-dist/tex/latex/csquotes/csquotes.def)
(/usr/local/texlive/2026/texmf-dist/tex/latex/csquotes/csquotes.cfg))
(/usr/local/texlive/2026/texmf-dist/tex/latex/microtype/microtype.sty
(/usr/local/texlive/2026/texmf-dist/tex/latex/microtype/microtype-pdftex.def)
(/usr/local/texlive/2026/texmf-dist/tex/latex/microtype/microtype.cfg))
(/usr/local/texlive/2026/texmf-dist/tex/latex/jurabib/jurabib.sty
(/usr/local/texlive/2026/texmf-dist/tex/latex/url/url.sty)
(/usr/local/texlive/2026/texmf-dist/tex/latex/tools/array.sty)

LaTeX Font Warning: Font shape `OT1/cmr/m/n' in size <8.43146> not available
(Font)              size <8> substituted on input line 3438.


LaTeX Font Warning: Font shape `OML/cmm/m/it' in size <8.43146> not available
(Font)              size <8> substituted on input line 3438.


LaTeX Font Warning: Font shape `OMS/cmsy/m/n' in size <8.43146> not available
(Font)              size <8> substituted on input line 3438.

Package jurabib Info: *** Local config file `' used ***

(/usr/local/texlive/2026/texmf-dist/tex/latex/tools/.tex File ignored)))
(/usr/local/texlive/2026/texmf-dist/tex/latex/blindtext/blindtext.sty)
(/usr/local/texlive/2026/texmf-dist/tex/latex/l3backend/l3backend-pdftex.def)
No file hausarbeit-demo.aux.

Package fancyhdr Warning: \fancyfoot's `E' option without twoside option is use
less.
(fancyhdr)                Please consider using the `twoside' option on input l
ine 6.

*geometry* driver: auto-detecting
*geometry* detected driver: pdftex
*geometry* verbose mode - [ preamble ] result:
* driver: pdftex
* paper: <default>
* layout: <same size as paper>
* layoutoffset:(h,v)=(0.0pt,0.0pt)
* modes: 
* h-part:(L,W,R)=(56.9055pt, 483.69687pt, 56.9055pt)
* v-part:(T,H,B)=(56.9055pt, 731.23584pt, 56.9055pt)
* \paperwidth=597.50787pt
* \paperheight=845.04684pt
* \textwidth=483.69687pt
* \textheight=731.23584pt
* \oddsidemargin=-15.36449pt
* \evensidemargin=-15.36449pt
* \topmargin=-49.73828pt
* \headheight=14.5pt
* \headsep=19.8738pt
* \topskip=12.0pt
* \footskip=30.0pt
* \marginparwidth=38.0pt
* \marginparsep=7.0pt
* \columnsep=10.0pt
* \skip\footins=10.8pt plus 4.0pt minus 2.0pt
* \hoffset=0.0pt
* \voffset=0.0pt
* \mag=1000
* \@twocolumnfalse
* \@twosidefalse
* \@mparswitchfalse
* \@reversemargintrue
* (1in=72.27pt=25.4mm, 1cm=28.453pt)

(/usr/local/texlive/2026/texmf-dist/tex/latex/microtype/mt-ptm.cfg)

Package jurabib Info: *** jurabib set up for babel ***

(/usr/local/texlive/2026/texmf-dist/tex/latex/jurabib/dejbbib.ldf)
(/usr/local/texlive/2026/texmf-dist/tex/latex/microtype/mt-cmr.cfg) [1{/usr/loc
al/texlive/2026/texmf-var/fonts/map/pdftex/updmap/pdftex.map}{/usr/local/texliv
e/2026/texmf-dist/fonts/enc/dvips/tex-gyre/q-ec.enc}]
Inhaltsverzeichnis
No file hausarbeit-demo.toc.
No file hausarbeit-demo.bbl.
[2]

Package fancyhdr Warning: \fancyfootoffset's `E' option without twoside option 
is useless.
(fancyhdr)                Please consider using the `twoside' option on input l
ine 20.

Chapter A)

Overfull \hbox (6.79999pt too wide) in paragraph at lines 21--21
[][] 

Class jurabook Warning: There is still something to do on input line 21.


Package fancyhdr Warning: \footskip is too small (14.22636pt): 
(fancyhdr)                Make it at least 14.49998pt, for example:
(fancyhdr)                \setlength{\footskip}{14.49998pt}.

[1]

LaTeX Warning: Citation `hau98' on page 2 undefined  on input line 26.


Package fancyhdr Warning: \footskip is too small (14.22636pt): 
(fancyhdr)                Make it at least 14.49998pt, for example:
(fancyhdr)                \setlength{\footskip}{14.49998pt}.

[2]

Package fancyhdr Warning: \footskip is too small (14.22636pt): 
(fancyhdr)                Make it at least 14.49998pt, for example:
(fancyhdr)                \setlength{\footskip}{14.49998pt}.

[3]
Chapter B)

LaTeX Warning: Reference `chap:ErstesKapitel' on page 4 undefined on input line
 56.


LaTeX Warning: Reference `chap:ErstesKapitel' on page 4 undefined on input line
 56.


LaTeX Warning: Reference `chap:ErstesKapitel' on page 4 undefined on input line
 58.


LaTeX Warning: Reference `chap:ErstesKapitel' on page 4 undefined on input line
 58.


Package fancyhdr Warning: \footskip is too small (14.22636pt): 
(fancyhdr)                Make it at least 14.49998pt, for example:
(fancyhdr)                \setlength{\footskip}{14.49998pt}.

[4] (./hausarbeit-demo.aux)

LaTeX Font Warning: Size substitutions with differences
(Font)              up to 0.43146pt have occurred.


LaTeX Warning: There were undefined references.


LaTeX Warning: Label(s) may have changed. Rerun to get cross-references right.

 )
(see the transcript file for additional information)</usr/local/texlive/2026/te
xmf-dist/fonts/type1/public/tex-gyre/qtmb.pfb></usr/local/texlive/2026/texmf-di
st/fonts/type1/public/tex-gyre/qtmr.pfb>
Output written on hausarbeit-demo.pdf (6 pages, 66561 bytes).
Transcript written on hausarbeit-demo.log.


--- pass break ---

This is pdfTeX, Version 3.141592653-2.6-1.40.29 (TeX Live 2026) (preloaded format=pdflatex)
 restricted \write18 enabled.
entering extended mode
(./hausarbeit-demo.tex
LaTeX2e <2025-11-01>
L3 programming layer <2026-01-19>

(/usr/local/texlive/2026/texmf-dist/tex/latex/hausarbeit-jura/hausarbeit-jura.c
ls
Document Class: hausarbeit-jura 2019/04/04 v2.0 A class for writing ``juristisc
he Hausarbeiten'' at German universities (ao, ms)
(/usr/local/texlive/2026/texmf-dist/tex/latex/base/ifthen.sty)
(/usr/local/texlive/2026/texmf-dist/tex/generic/iftex/iftex.sty)
(/usr/local/texlive/2026/texmf-dist/tex/latex/juramisc/jurabook.cls
Document Class: jurabook 2007/11/09 V0.91 (beta) juridical books (AS)
(/usr/local/texlive/2026/texmf-dist/tex/latex/juramisc/jurabase.sty
(/usr/local/texlive/2026/texmf-dist/tex/latex/tools/xspace.sty)
(/usr/local/texlive/2026/texmf-dist/tex/latex/tools/calc.sty))
(/usr/local/texlive/2026/texmf-dist/tex/latex/carlisle/remreset.sty

Package remreset Warning: The remreset package is obsolete:
(remreset)                \@removefromreset is defined.

) (/usr/local/texlive/2026/texmf-dist/tex/latex/fancyhdr/fancyhdr.sty)
(/usr/local/texlive/2026/texmf-dist/tex/latex/tools/multicol.sty)
(/usr/local/texlive/2026/texmf-dist/tex/latex/base/book.cls
Document Class: book 2025/01/22 v1.4n Standard LaTeX document class
(/usr/local/texlive/2026/texmf-dist/tex/latex/base/bk12.clo))
(/usr/local/texlive/2026/texmf-dist/tex/generic/iftex/ifpdf.sty)
(./hausarbeit-demo.dcs))
(/usr/local/texlive/2026/texmf-dist/tex/latex/base/inputenc.sty)
(/usr/local/texlive/2026/texmf-dist/tex/latex/base/fontenc.sty)
(/usr/local/texlive/2026/texmf-dist/tex/latex/tex-gyre/tgtermes.sty
(/usr/local/texlive/2026/texmf-dist/tex/latex/kvoptions/kvoptions.sty
(/usr/local/texlive/2026/texmf-dist/tex/latex/graphics/keyval.sty)
(/usr/local/texlive/2026/texmf-dist/tex/generic/ltxcmds/ltxcmds.sty)
(/usr/local/texlive/2026/texmf-dist/tex/latex/kvsetkeys/kvsetkeys.sty)))
(/usr/local/texlive/2026/texmf-dist/tex/latex/tex-gyre/tgheros.sty
(/usr/local/texlive/2026/texmf-dist/tex/latex/tex-gyre/t1qtm.fd))
(/usr/local/texlive/2026/texmf-dist/tex/latex/tex-gyre/tgcursor.sty)
(/usr/local/texlive/2026/texmf-dist/tex/latex/base/textcomp.sty)
(/usr/local/texlive/2026/texmf-dist/tex/latex/eurosym/eurosym.sty)
(/usr/local/texlive/2026/texmf-dist/tex/generic/babel/babel.sty
(/usr/local/texlive/2026/texmf-dist/tex/generic/babel/txtbabel.def)
(/usr/local/texlive/2026/texmf-dist/tex/generic/babel/locale/en/babel-american.
tex)
(/usr/local/texlive/2026/texmf-dist/tex/generic/babel/locale/invalid/babel-nger
man.tex)
(/usr/local/texlive/2026/texmf-dist/tex/generic/babel-english/american.ldf
(/usr/local/texlive/2026/texmf-dist/tex/generic/babel-english/english.ldf))
(/usr/local/texlive/2026/texmf-dist/tex/generic/babel-german/ngerman.ldf
(/usr/local/texlive/2026/texmf-dist/tex/generic/babel-german/babel-german.def))
) (/usr/local/texlive/2026/texmf-dist/tex/latex/tools/indentfirst.sty)
(/usr/local/texlive/2026/texmf-dist/tex/latex/geometry/geometry.sty
(/usr/local/texlive/2026/texmf-dist/tex/generic/iftex/ifvtex.sty))
*geometry* verbose mode - [ newgeometry ] result:
* driver: 
* paper: <default>
* layout: <same size as paper>
* layoutoffset:(h,v)=(0.0pt,0.0pt)
* modes: 
* h-part:(L,W,R)=(56.9055pt, 483.69687pt, 56.9055pt)
* v-part:(T,H,B)=(56.9055pt, 731.23584pt, 56.9055pt)
* \paperwidth=597.50787pt
* \paperheight=845.04684pt
* \textwidth=483.69687pt
* \textheight=731.23584pt
* \oddsidemargin=-15.36449pt
* \evensidemargin=-15.36449pt
* \topmargin=-49.73828pt
* \headheight=14.5pt
* \headsep=19.8738pt
* \topskip=12.0pt
* \footskip=30.0pt
* \marginparwidth=38.0pt
* \marginparsep=7.0pt
* \columnsep=10.0pt
* \skip\footins=10.8pt plus 4.0pt minus 2.0pt
* \hoffset=0.0pt
* \voffset=0.0pt
* \mag=1000
* \@twocolumnfalse
* \@twosidefalse
* \@mparswitchfalse
* \@reversemarginfalse
* (1in=72.27pt=25.4mm, 1cm=28.453pt)

(/usr/local/texlive/2026/texmf-dist/tex/latex/ellipsis/ellipsis.sty)
(/usr/local/texlive/2026/texmf-dist/tex/latex/csquotes/csquotes.sty
(/usr/local/texlive/2026/texmf-dist/tex/latex/etoolbox/etoolbox.sty)
(/usr/local/texlive/2026/texmf-dist/tex/latex/csquotes/csquotes.def)
(/usr/local/texlive/2026/texmf-dist/tex/latex/csquotes/csquotes.cfg))
(/usr/local/texlive/2026/texmf-dist/tex/latex/microtype/microtype.sty
(/usr/local/texlive/2026/texmf-dist/tex/latex/microtype/microtype-pdftex.def)
(/usr/local/texlive/2026/texmf-dist/tex/latex/microtype/microtype.cfg))
(/usr/local/texlive/2026/texmf-dist/tex/latex/jurabib/jurabib.sty
(/usr/local/texlive/2026/texmf-dist/tex/latex/url/url.sty)
(/usr/local/texlive/2026/texmf-dist/tex/latex/tools/array.sty)
(./hausarbeit-demo.url)

LaTeX Font Warning: Font shape `OT1/cmr/m/n' in size <8.43146> not available
(Font)              size <8> substituted on input line 3438.


LaTeX Font Warning: Font shape `OML/cmm/m/it' in size <8.43146> not available
(Font)              size <8> substituted on input line 3438.


LaTeX Font Warning: Font shape `OMS/cmsy/m/n' in size <8.43146> not available
(Font)              size <8> substituted on input line 3438.

Package jurabib Info: *** Local config file `' used ***

(/usr/local/texlive/2026/texmf-dist/tex/latex/tools/.tex File ignored)))
(/usr/local/texlive/2026/texmf-dist/tex/latex/blindtext/blindtext.sty)
(/usr/local/texlive/2026/texmf-dist/tex/latex/l3backend/l3backend-pdftex.def)
(./hausarbeit-demo.aux)

Package fancyhdr Warning: \fancyfoot's `E' option without twoside option is use
less.
(fancyhdr)                Please consider using the `twoside' option on input l
ine 6.

*geometry* driver: auto-detecting
*geometry* detected driver: pdftex
*geometry* verbose mode - [ preamble ] result:
* driver: pdftex
* paper: <default>
* layout: <same size as paper>
* layoutoffset:(h,v)=(0.0pt,0.0pt)
* modes: 
* h-part:(L,W,R)=(56.9055pt, 483.69687pt, 56.9055pt)
* v-part:(T,H,B)=(56.9055pt, 731.23584pt, 56.9055pt)
* \paperwidth=597.50787pt
* \paperheight=845.04684pt
* \textwidth=483.69687pt
* \textheight=731.23584pt
* \oddsidemargin=-15.36449pt
* \evensidemargin=-15.36449pt
* \topmargin=-49.73828pt
* \headheight=14.5pt
* \headsep=19.8738pt
* \topskip=12.0pt
* \footskip=30.0pt
* \marginparwidth=38.0pt
* \marginparsep=7.0pt
* \columnsep=10.0pt
* \skip\footins=10.8pt plus 4.0pt minus 2.0pt
* \hoffset=0.0pt
* \voffset=0.0pt
* \mag=1000
* \@twocolumnfalse
* \@twosidefalse
* \@mparswitchfalse
* \@reversemargintrue
* (1in=72.27pt=25.4mm, 1cm=28.453pt)

(/usr/local/texlive/2026/texmf-dist/tex/latex/microtype/mt-ptm.cfg)

Package jurabib Info: *** jurabib set up for babel ***

(/usr/local/texlive/2026/texmf-dist/tex/latex/jurabib/dejbbib.ldf)
(/usr/local/texlive/2026/texmf-dist/tex/latex/microtype/mt-cmr.cfg) [1{/usr/loc
al/texlive/2026/texmf-var/fonts/map/pdftex/updmap/pdftex.map}{/usr/local/texliv
e/2026/texmf-dist/fonts/enc/dvips/tex-gyre/q-ec.enc}]
Inhaltsverzeichnis
(./hausarbeit-demo.toc)
No file hausarbeit-demo.bbl.
[2]

Package fancyhdr Warning: \fancyfootoffset's `E' option without twoside option 
is useless.
(fancyhdr)                Please consider using the `twoside' option on input l
ine 20.

Chapter A)

Overfull \hbox (6.79999pt too wide) in paragraph at lines 21--21
[][] 

Class jurabook Warning: There is still something to do on input line 21.


Package fancyhdr Warning: \footskip is too small (14.22636pt): 
(fancyhdr)                Make it at least 14.49998pt, for example:
(fancyhdr)                \setlength{\footskip}{14.49998pt}.

[1]

LaTeX Warning: Citation `hau98' on page 2 undefined  on input line 26.


Package fancyhdr Warning: \footskip is too small (14.22636pt): 
(fancyhdr)                Make it at least 14.49998pt, for example:
(fancyhdr)                \setlength{\footskip}{14.49998pt}.

[2]

Package fancyhdr Warning: \footskip is too small (14.22636pt): 
(fancyhdr)                Make it at least 14.49998pt, for example:
(fancyhdr)                \setlength{\footskip}{14.49998pt}.

[3]
Chapter B)

Package fancyhdr Warning: \footskip is too small (14.22636pt): 
(fancyhdr)                Make it at least 14.49998pt, for example:
(fancyhdr)                \setlength{\footskip}{14.49998pt}.

[4] (./hausarbeit-demo.aux)

LaTeX Font Warning: Size substitutions with differences
(Font)              up to 0.43146pt have occurred.


LaTeX Warning: There were undefined references.

 )
(see the transcript file for additional information)</usr/local/texlive/2026/te
xmf-dist/fonts/type1/public/tex-gyre/qtmb.pfb></usr/local/texlive/2026/texmf-di
st/fonts/type1/public/tex-gyre/qtmr.pfb>
Output written on hausarbeit-demo.pdf (6 pages, 67116 bytes).
Transcript written on hausarbeit-demo.log.
