This is pdfTeX, Version 3.141592653-2.6-1.40.29 (TeX Live 2026) (preloaded format=pdflatex 2026.4.24)  12 JUL 2026 23:57
entering extended mode
 restricted \write18 enabled.
 %&-line parsing enabled.
**sample-book.tex
(./sample-book.tex
LaTeX2e <2025-11-01>
L3 programming layer <2026-01-19>
(/usr/local/texlive/2026/texmf-dist/tex/latex/tufte-latex/tufte-book.cls
Document Class: tufte-book 2015/06/21 v3.5.2 Tufte-book class
(/usr/local/texlive/2026/texmf-dist/tex/latex/tufte-latex/tufte-common.def
File: tufte-common.def 2015/06/21 v3.5.2 Common code for the Tufte-LaTeX styles


(/usr/local/texlive/2026/texmf-dist/tex/latex/xkeyval/xkeyval.sty
Package: xkeyval 2025/11/04 v2.10 package option processing (HA)

(/usr/local/texlive/2026/texmf-dist/tex/generic/xkeyval/xkeyval.tex
(/usr/local/texlive/2026/texmf-dist/tex/generic/xkeyval/xkvutils.tex
\XKV@toks=\toks17
\XKV@tempa@toks=\toks18
\XKV@tempb@toks=\toks19

(/usr/local/texlive/2026/texmf-dist/tex/generic/xkeyval/keyval.tex))
\XKV@depth=\count275
File: xkeyval.tex 2014/12/03 v2.7a key=value parser (HA)
))
(/usr/local/texlive/2026/texmf-dist/tex/latex/xifthen/xifthen.sty
Package: xifthen 2015/11/05 v1.4.0 Extended ifthen features

(/usr/local/texlive/2026/texmf-dist/tex/latex/tools/calc.sty
Package: calc 2025/03/01 v4.3b Infix arithmetic (KKT,FJ)
\calc@Acount=\count276
\calc@Bcount=\count277
\calc@Adimen=\dimen148
\calc@Bdimen=\dimen149
\calc@Askip=\skip49
\calc@Bskip=\skip50
LaTeX Info: Redefining \setlength on input line 86.
LaTeX Info: Redefining \addtolength on input line 87.
\calc@Ccount=\count278
\calc@Cskip=\skip51
)
(/usr/local/texlive/2026/texmf-dist/tex/latex/base/ifthen.sty
Package: ifthen 2024/03/16 v1.1e Standard LaTeX ifthen package (DPC)
)
(/usr/local/texlive/2026/texmf-dist/tex/latex/ifmtarg/ifmtarg.sty
Package: ifmtarg 2018/04/16 v1.2b check for an empty argument
))
(/usr/local/texlive/2026/texmf-dist/tex/latex/hardwrap/hardwrap.sty
Package: hardwrap 2011/02/12 v0.2 Hard wrap messages

(/usr/local/texlive/2026/texmf-dist/tex/latex/ifplatform/ifplatform.sty
Package: ifplatform 2017/10/13 v0.4a Testing for the operating system

(/usr/local/texlive/2026/texmf-dist/tex/latex/tools/shellesc.sty
Package: shellesc 2023/07/08 v1.0d unified shell escape interface for LaTeX
Package shellesc Info: Restricted shell escape enabled on input line 77.
)
(/usr/local/texlive/2026/texmf-dist/tex/generic/pdftexcmds/pdftexcmds.sty
Package: pdftexcmds 2020-06-27 v0.33 Utility functions of pdfTeX for LuaTeX (HO
)

(/usr/local/texlive/2026/texmf-dist/tex/generic/infwarerr/infwarerr.sty
Package: infwarerr 2019/12/03 v1.5 Providing info/warning/error messages (HO)
)
(/usr/local/texlive/2026/texmf-dist/tex/generic/iftex/iftex.sty
Package: iftex 2024/12/12 v1.0g TeX engine tests
)
(/usr/local/texlive/2026/texmf-dist/tex/generic/ltxcmds/ltxcmds.sty
Package: ltxcmds 2023-12-04 v1.26 LaTeX kernel commands for general use (HO)
)
Package pdftexcmds Info: \pdf@primitive is available.
Package pdftexcmds Info: \pdf@ifprimitive is available.
Package pdftexcmds Info: \pdfdraftmode found.
)
(/usr/local/texlive/2026/texmf-dist/tex/generic/catchfile/catchfile.sty
Package: catchfile 2019/12/09 v1.8 Catch the contents of a file (HO)

(/usr/local/texlive/2026/texmf-dist/tex/generic/etexcmds/etexcmds.sty
Package: etexcmds 2019/12/15 v1.7 Avoid name clashes with e-TeX commands (HO)
))
(/usr/local/texlive/2026/texmf-dist/tex/generic/iftex/ifluatex.sty
Package: ifluatex 2019/10/25 v1.5 ifluatex legacy package. Use iftex instead.
)

Package ifplatform Warning: 
    shell escape is disabled, so I can only detect \ifwindows.

) (/usr/local/texlive/2026/texmf-dist/tex/generic/iftex/ifxetex.sty
Package: ifxetex 2019/10/25 v0.7 ifxetex legacy package. Use iftex instead.
)
\hw@charcount=\count279
\hw@wordcount=\count280
\hw@maxprintline=\count281

(|kpsewhich -var-value=max_print_line))
Class tufte-book Info: Loading the base class `book'

(/usr/local/texlive/2026/texmf-dist/tex/latex/base/book.cls
Document Class: book 2025/01/22 v1.4n Standard LaTeX document class
(/usr/local/texlive/2026/texmf-dist/tex/latex/base/bk10.clo
File: bk10.clo 2025/01/22 v1.4n Standard LaTeX file (size option)
)
\c@part=\count282
\c@chapter=\count283
\c@section=\count284
\c@subsection=\count285
\c@subsubsection=\count286
\c@paragraph=\count287
\c@subparagraph=\count288
\c@figure=\count289
\c@table=\count290
\abovecaptionskip=\skip52
\belowcaptionskip=\skip53
\bibindent=\dimen150
)
(/usr/local/texlive/2026/texmf-dist/tex/generic/iftex/ifpdf.sty
Package: ifpdf 2019/10/25 v3.4 ifpdf legacy package. Use iftex instead.
)
(/usr/local/texlive/2026/texmf-dist/tex/latex/titlesec/titlesec.sty
Package: titlesec 2025/01/04 v2.17 Sectioning titles
\ttl@box=\box53
\beforetitleunit=\skip54
\aftertitleunit=\skip55
\ttl@plus=\dimen151
\ttl@minus=\dimen152
\ttl@toksa=\toks20
\titlewidth=\dimen153
\titlewidthlast=\dimen154
\titlewidthfirst=\dimen155
)
(/usr/local/texlive/2026/texmf-dist/tex/latex/titlesec/titletoc.sty
Package: titletoc 2025/01/04 v2.17 TOC entries
\ttl@leftsep=\dimen156
)
(/usr/local/texlive/2026/texmf-dist/tex/latex/hyperref/hyperref.sty
Package: hyperref 2026-01-29 v7.01p Hypertext links for LaTeX

(/usr/local/texlive/2026/texmf-dist/tex/latex/kvsetkeys/kvsetkeys.sty
Package: kvsetkeys 2022-10-05 v1.19 Key value parser (HO)
)
(/usr/local/texlive/2026/texmf-dist/tex/generic/kvdefinekeys/kvdefinekeys.sty
Package: kvdefinekeys 2019-12-19 v1.6 Define keys (HO)
)
(/usr/local/texlive/2026/texmf-dist/tex/generic/pdfescape/pdfescape.sty
Package: pdfescape 2019/12/09 v1.15 Implements pdfTeX's escape features (HO)
)
(/usr/local/texlive/2026/texmf-dist/tex/latex/hycolor/hycolor.sty
Package: hycolor 2020-01-27 v1.10 Color options for hyperref/bookmark (HO)
)
(/usr/local/texlive/2026/texmf-dist/tex/latex/hyperref/nameref.sty
Package: nameref 2026-01-29 v2.58 Cross-referencing by name of section

(/usr/local/texlive/2026/texmf-dist/tex/latex/refcount/refcount.sty
Package: refcount 2019/12/15 v3.6 Data extraction from label references (HO)
)
(/usr/local/texlive/2026/texmf-dist/tex/generic/gettitlestring/gettitlestring.s
ty
Package: gettitlestring 2019/12/15 v1.6 Cleanup title references (HO)
 (/usr/local/texlive/2026/texmf-dist/tex/latex/kvoptions/kvoptions.sty
Package: kvoptions 2022-06-15 v3.15 Key value format for package options (HO)
))
\c@section@level=\count291
)
(/usr/local/texlive/2026/texmf-dist/tex/latex/etoolbox/etoolbox.sty
Package: etoolbox 2025/10/02 v2.5m e-TeX tools for LaTeX (JAW)
\etb@tempcnta=\count292
)
(/usr/local/texlive/2026/texmf-dist/tex/generic/stringenc/stringenc.sty
Package: stringenc 2019/11/29 v1.12 Convert strings between diff. encodings (HO
)
)
\@linkdim=\dimen157
\Hy@linkcounter=\count293
\Hy@pagecounter=\count294

(/usr/local/texlive/2026/texmf-dist/tex/latex/hyperref/pd1enc.def
File: pd1enc.def 2026-01-29 v7.01p Hyperref: PDFDocEncoding definition (HO)
Now handling font encoding PD1 ...
... no UTF-8 mapping file for font encoding PD1
)
(/usr/local/texlive/2026/texmf-dist/tex/generic/intcalc/intcalc.sty
Package: intcalc 2019/12/15 v1.3 Expandable calculations with integers (HO)
)
\Hy@SavedSpaceFactor=\count295

(/usr/local/texlive/2026/texmf-dist/tex/latex/hyperref/puenc.def
File: puenc.def 2026-01-29 v7.01p Hyperref: PDF Unicode definition (HO)
Now handling font encoding PU ...
... no UTF-8 mapping file for font encoding PU
)
Package hyperref Info: Option `unicode' set `true' on input line 4072.
Package hyperref Info: Option `hyperfootnotes' set `false' on input line 4072.
Package hyperref Info: Hyper figures OFF on input line 4201.
Package hyperref Info: Link nesting OFF on input line 4206.
Package hyperref Info: Hyper index ON on input line 4209.
Package hyperref Info: Plain pages OFF on input line 4216.
Package hyperref Info: Backreferencing OFF on input line 4221.
Package hyperref Info: Implicit mode ON; LaTeX internals redefined.
Package hyperref Info: Bookmarks ON on input line 4468.
\c@Hy@tempcnt=\count296

(/usr/local/texlive/2026/texmf-dist/tex/latex/url/url.sty
\Urlmuskip=\muskip17
Package: url 2013/09/16  ver 3.4  Verb mode for urls, etc.
)
LaTeX Info: Redefining \url on input line 4807.
\XeTeXLinkMargin=\dimen158

(/usr/local/texlive/2026/texmf-dist/tex/generic/bitset/bitset.sty
Package: bitset 2019/12/09 v1.3 Handle bit-vector datatype (HO)

(/usr/local/texlive/2026/texmf-dist/tex/generic/bigintcalc/bigintcalc.sty
Package: bigintcalc 2019/12/15 v1.5 Expandable calculations on big integers (HO
)
))
\Fld@menulength=\count297
\Field@Width=\dimen159
\Fld@charsize=\dimen160
Package hyperref Info: Hyper figures OFF on input line 6084.
Package hyperref Info: Link nesting OFF on input line 6089.
Package hyperref Info: Hyper index ON on input line 6092.
Package hyperref Info: backreferencing OFF on input line 6099.
Package hyperref Info: Link coloring OFF on input line 6104.
Package hyperref Info: Link coloring with OCG OFF on input line 6109.
Package hyperref Info: PDF/A mode OFF on input line 6114.
\Hy@abspage=\count298
\c@Item=\count299
)
Package hyperref Info: Driver (autodetected): hpdftex.

(/usr/local/texlive/2026/texmf-dist/tex/latex/hyperref/hpdftex.def
File: hpdftex.def 2026-01-29 v7.01p Hyperref driver for pdfTeX
\Fld@listcount=\count300
\c@bookmark@seq@number=\count301

(/usr/local/texlive/2026/texmf-dist/tex/latex/rerunfilecheck/rerunfilecheck.sty
Package: rerunfilecheck 2025-06-21 v1.11 Rerun checks for auxiliary files (HO)

(/usr/local/texlive/2026/texmf-dist/tex/generic/uniquecounter/uniquecounter.sty
Package: uniquecounter 2019/12/15 v1.4 Provide unlimited unique counter (HO)
)
Package uniquecounter Info: New unique counter `rerunfilecheck' on input line 2
84.
)
\Hy@SectionHShift=\skip56
) (/usr/local/texlive/2026/texmf-dist/tex/latex/ragged2e/ragged2e.sty
Package: ragged2e 2023/06/22 v3.6 ragged2e Package
\CenteringLeftskip=\skip57
\RaggedLeftLeftskip=\skip58
\RaggedRightLeftskip=\skip59
\CenteringRightskip=\skip60
\RaggedLeftRightskip=\skip61
\RaggedRightRightskip=\skip62
\CenteringParfillskip=\skip63
\RaggedLeftParfillskip=\skip64
\RaggedRightParfillskip=\skip65
\JustifyingParfillskip=\skip66
\CenteringParindent=\skip67
\RaggedLeftParindent=\skip68
\RaggedRightParindent=\skip69
\JustifyingParindent=\skip70
)
(/usr/local/texlive/2026/texmf-dist/tex/latex/geometry/geometry.sty
Package: geometry 2026/03/07 v6.0 Page Geometry

(/usr/local/texlive/2026/texmf-dist/tex/generic/iftex/ifvtex.sty
Package: ifvtex 2019/10/25 v1.7 ifvtex legacy package. Use iftex instead.
)
\Gm@cnth=\count302
\Gm@cntv=\count303
\c@Gm@tempcnt=\count304
\Gm@bindingoffset=\dimen161
\Gm@wd@mp=\dimen162
\Gm@odd@mp=\dimen163
\Gm@even@mp=\dimen164
\Gm@layoutwidth=\dimen165
\Gm@layoutheight=\dimen166
\Gm@layouthoffset=\dimen167
\Gm@layoutvoffset=\dimen168
\Gm@dimlist=\toks21
)
(/usr/local/texlive/2026/texmf-dist/tex/latex/changepage/changepage.sty
Package: changepage 2009/10/20 v1.0c check page and change page layout
\c@cp@cntr=\count305
\cp@tempcnt=\count306
)
\@tufte@overhang=\skip71
\@tufte@fullwidth=\skip72
\@tufte@caption@fill=\skip73

(/usr/local/texlive/2026/texmf-dist/tex/latex/paralist/paralist.sty
Package: paralist 2017/01/22 v2.7 Extended list environments
\pltopsep=\skip74
\plpartopsep=\skip75
\plitemsep=\skip76
\plparsep=\skip77
\pl@lab=\toks22
)
(/usr/local/texlive/2026/texmf-dist/tex/latex/textcase/textcase.sty
Package: textcase 2025/02/16 v1.05 Text only upper/lower case changing (DPC)
Package textcase Info: Defining Legacy names on input line 20.
)
(/usr/local/texlive/2026/texmf-dist/tex/latex/microtype/letterspace.sty
Package: letterspace 2026/03/01 v3.2d Robust letterspacing (RS)
LaTeX Info: Redefining \lsstyle on input line 343.
LaTeX Info: Redefining \lslig on input line 344.
LaTeX Info: Redefining \textls on input line 372.
\MT@outer@kern=\dimen169
)
(/usr/local/texlive/2026/texmf-dist/tex/latex/setspace/setspace.sty
Package: setspace 2022/12/04 v6.7b set line spacing
)
(/usr/local/texlive/2026/texmf-dist/tex/latex/xcolor/xcolor.sty
Package: xcolor 2024/09/29 v3.02 LaTeX color extensions (UK)

(/usr/local/texlive/2026/texmf-dist/tex/latex/graphics-cfg/color.cfg
File: color.cfg 2016/01/02 v1.6 sample color configuration
)

Package xcolor Warning: Package option `usenames' is obsolete and ignored on in
put line 265.

Package xcolor Info: Driver file: pdftex.def on input line 274.
(/usr/local/texlive/2026/texmf-dist/tex/latex/graphics-def/pdftex.def
File: pdftex.def 2025/09/29 v1.2d Graphics/color driver for pdftex
)
(/usr/local/texlive/2026/texmf-dist/tex/latex/graphics/mathcolor.ltx)
Package xcolor Info: Model `cmy' substituted by `cmy0' on input line 1349.
Package xcolor Info: Model `hsb' substituted by `rgb' on input line 1353.
Package xcolor Info: Model `RGB' extended on input line 1365.
Package xcolor Info: Model `HTML' substituted by `rgb' on input line 1367.
Package xcolor Info: Model `Hsb' substituted by `hsb' on input line 1368.
Package xcolor Info: Model `tHsb' substituted by `hsb' on input line 1369.
Package xcolor Info: Model `HSB' substituted by `hsb' on input line 1370.
Package xcolor Info: Model `Gray' substituted by `gray' on input line 1371.
Package xcolor Info: Model `wave' substituted by `hsb' on input line 1372.
)
(/usr/local/texlive/2026/texmf-dist/tex/latex/graphics/dvipsnam.def
File: dvipsnam.def 2016/06/17 v3.0m Driver-dependent file (DPC,SPQR)
)
(/usr/local/texlive/2026/texmf-dist/tex/latex/xcolor/svgnam.def
File: svgnam.def 2024/09/29 v3.02 Predefined colors according to SVG 1.1 (UK)
)
(/usr/local/texlive/2026/texmf-dist/tex/latex/natbib/natbib.sty
Package: natbib 2010/09/13 8.31b (PWD, AO)
\bibhang=\skip78
\bibsep=\skip79
LaTeX Info: Redefining \cite on input line 694.
\c@NAT@ctr=\count307
)
(/usr/local/texlive/2026/texmf-dist/tex/latex/natbib/bibentry.sty
Package: bibentry 2007/10/30 1.5 (PWD)
)
No file sample-book.bbl.
\c@@tufte@num@bibkeys=\count308
(/usr/local/texlive/2026/texmf-dist/tex/latex/sauerj/optparams.sty
Package: optparams 2004/08/14 v0.9 multiple optional parameters in macros
)
\@tufte@sidenote@vertical@offset=\skip80

(/usr/local/texlive/2026/texmf-dist/tex/latex/placeins/placeins.sty
Package: placeins 2005/04/18  v 2.2
)
\@tufte@margin@floatbox=\box54
\@tufte@figure@box=\box55
\@tufte@caption@box=\box56
\@tufte@caption@vertical@offset=\skip81
\@tufte@float@contents@width=\skip82

(/usr/local/texlive/2026/texmf-dist/tex/latex/psnfss/mathpazo.sty
Package: mathpazo 2020/03/25 PSNFSS-v9.3 Palatino w/ Pazo Math (D.Puga, WaS) 
\symupright=\mathgroup4
)
(/usr/local/texlive/2026/texmf-dist/tex/latex/psnfss/helvet.sty
Package: helvet 2020/03/25 PSNFSS-v9.3 (WaS) 
)
(/usr/local/texlive/2026/texmf-dist/tex/latex/bera/beramono.sty
Package: beramono 2004/01/31 (WaS)
)
(/usr/local/texlive/2026/texmf-dist/tex/latex/base/fontenc.sty
Package: fontenc 2025/07/18 v2.1d Standard LaTeX package
LaTeX Font Info:    Trying to load font information for T1+pplj on input line 1
16.

(/usr/local/texlive/2026/texmf-dist/tex/latex/psnfss/t1pplj.fd
File: t1pplj.fd 2004/09/06 font definitions for T1/pplj.
))
(/usr/local/texlive/2026/texmf-dist/tex/latex/base/textcomp.sty
Package: textcomp 2024/04/24 v2.1b Standard LaTeX package
)
(/usr/local/texlive/2026/texmf-dist/tex/latex/fancyhdr/fancyhdr.sty
Package: fancyhdr 2025/02/07 v5.2 Extensive control of page headers and footers

\f@nch@headwidth=\skip83
\f@nch@offset@elh=\skip84
\f@nch@offset@erh=\skip85
\f@nch@offset@olh=\skip86
\f@nch@offset@orh=\skip87
\f@nch@offset@elf=\skip88
\f@nch@offset@erf=\skip89
\f@nch@offset@olf=\skip90
\f@nch@offset@orf=\skip91
\f@nch@height=\skip92
\f@nch@footalignment=\skip93
\f@nch@widthL=\skip94
\f@nch@widthC=\skip95
\f@nch@widthR=\skip96
\@temptokenb=\toks23
)
\tufteskipamount=\skip97

(/usr/local/texlive/2026/texmf-dist/tex/latex/tools/multicol.sty
Package: multicol 2025/10/21 v2.0b multicolumn formatting (FMi)
\c@tracingmulticols=\count309
\mult@box=\box57
\multicol@leftmargin=\dimen170
\c@unbalance=\count310
\c@collectmore=\count311
\doublecol@number=\count312
\multicoltolerance=\count313
\multicolpretolerance=\count314
\full@width=\dimen171
\page@free=\dimen172
\premulticols=\dimen173
\postmulticols=\dimen174
\multicolsep=\skip98
\multicolbaselineskip=\skip99
\partial@page=\box58
\last@line=\box59
\mc@boxedresult=\box60
\maxbalancingoverflow=\dimen175
\mult@rightbox=\box61
\mult@grightbox=\box62
\mult@firstbox=\box63
\mult@gfirstbox=\box64
\@tempa=\box65
\@tempa=\box66
\@tempa=\box67
\@tempa=\box68
\@tempa=\box69
\@tempa=\box70
\@tempa=\box71
\@tempa=\box72
\@tempa=\box73
\@tempa=\box74
\@tempa=\box75
\@tempa=\box76
\@tempa=\box77
\@tempa=\box78
\@tempa=\box79
\@tempa=\box80
\@tempa=\box81
\@tempa=\box82
\@tempa=\box83
\@tempa=\box84
\@tempa=\box85
\@tempa=\box86
\@tempa=\box87
\@tempa=\box88
\@tempa=\box89
\@tempa=\box90
\@tempa=\box91
\@tempa=\box92
\@tempa=\box93
\@tempa=\box94
\@tempa=\box95
\@tempa=\box96
\@tempa=\box97
\@tempa=\box98
\@tempa=\box99
\@tempa=\box100
\c@minrows=\count315
\c@columnbadness=\count316
\c@finalcolumnbadness=\count317
\last@try=\dimen176
\multicolovershoot=\dimen177
\multicolundershoot=\dimen178
\mult@nat@firstbox=\box101
\colbreak@box=\box102
\mc@col@check@num=\count318
\g__mc_curr_col_int=\count319
)))
Package hyperref Info: Option `colorlinks' set `true' on input line 3.

(/usr/local/texlive/2026/texmf-dist/tex/latex/lipsum/lipsum.sty
(/usr/local/texlive/2026/texmf-dist/tex/latex/l3packages/l3keys2e/l3keys2e.sty
(/usr/local/texlive/2026/texmf-dist/tex/latex/l3kernel/expl3.sty
Package: expl3 2026-01-19 L3 programming layer (loader) 

(/usr/local/texlive/2026/texmf-dist/tex/latex/l3backend/l3backend-pdftex.def
File: l3backend-pdftex.def 2025-10-09 L3 backend support: PDF output (pdfTeX)
\l__color_backend_stack_int=\count320
))
Package: l3keys2e 2025-10-09 LaTeX2e option processing using LaTeX3 keys
)
Package: lipsum 2021-09-20 v2.7 150 paragraphs of Lorem Ipsum dummy text
\g__lipsum_par_int=\count321
\l__lipsum_a_int=\count322
\l__lipsum_b_int=\count323
(/usr/local/texlive/2026/texmf-dist/tex/latex/lipsum/lipsum.ltd.tex))
(/usr/local/texlive/2026/texmf-dist/tex/latex/booktabs/booktabs.sty
Package: booktabs 2020/01/12 v1.61803398 Publication quality tables
\heavyrulewidth=\dimen179
\lightrulewidth=\dimen180
\cmidrulewidth=\dimen181
\belowrulesep=\dimen182
\belowbottomsep=\dimen183
\aboverulesep=\dimen184
\abovetopsep=\dimen185
\cmidrulesep=\dimen186
\cmidrulekern=\dimen187
\defaultaddspace=\dimen188
\@cmidla=\count324
\@cmidlb=\count325
\@aboverulesep=\dimen189
\@belowrulesep=\dimen190
\@thisruleclass=\count326
\@lastruleclass=\count327
\@thisrulewidth=\dimen191
)
(/usr/local/texlive/2026/texmf-dist/tex/latex/graphics/graphicx.sty
Package: graphicx 2024/12/31 v1.2e Enhanced LaTeX Graphics (DPC,SPQR)

(/usr/local/texlive/2026/texmf-dist/tex/latex/graphics/graphics.sty
Package: graphics 2024/08/06 v1.4g Standard LaTeX Graphics (DPC,SPQR)

(/usr/local/texlive/2026/texmf-dist/tex/latex/graphics/trig.sty
Package: trig 2023/12/02 v1.11 sin cos tan (DPC)
)
(/usr/local/texlive/2026/texmf-dist/tex/latex/graphics-cfg/graphics.cfg
File: graphics.cfg 2016/06/04 v1.11 sample graphics configuration
)
Package graphics Info: Driver file: pdftex.def on input line 106.
)
\Gin@req@height=\dimen192
\Gin@req@width=\dimen193
)
(/usr/local/texlive/2026/texmf-dist/tex/latex/fancyvrb/fancyvrb.sty
Package: fancyvrb 2025/07/28 4.6 verbatim text (tvz,hv)
\FV@CodeLineNo=\count328
\FV@InFile=\read2
\FV@TabBox=\box103
\c@FancyVerbLine=\count329
\FV@StepNumber=\count330
\FV@OutFile=\write3
)
(/usr/local/texlive/2026/texmf-dist/tex/latex/tools/xspace.sty
Package: xspace 2014/10/28 v1.13 Space after command names (DPC,MH)
)
(/usr/local/texlive/2026/texmf-dist/tex/latex/units/units.sty
Package: units 1998/08/04 v0.9b Typesetting units

(/usr/local/texlive/2026/texmf-dist/tex/latex/units/nicefrac.sty
Package: nicefrac 1998/08/04 v0.9b Nice fractions
\L@UnitsRaiseDisplaystyle=\skip100
\L@UnitsRaiseTextstyle=\skip101
\L@UnitsRaiseScriptstyle=\skip102
))
(/usr/local/texlive/2026/texmf-dist/tex/latex/base/makeidx.sty
Package: makeidx 2021/10/04 v1.0m Standard LaTeX package
)
\@indexfile=\write4
\openout4 = `sample-book.idx'.


Writing index file sample-book.idx
(./sample-book.aux)
\openout1 = `sample-book.aux'.

LaTeX Font Info:    Checking defaults for OML/cmm/m/it on input line 148.
LaTeX Font Info:    ... okay on input line 148.
LaTeX Font Info:    Checking defaults for OMS/cmsy/m/n on input line 148.
LaTeX Font Info:    ... okay on input line 148.
LaTeX Font Info:    Checking defaults for OT1/cmr/m/n on input line 148.
LaTeX Font Info:    ... okay on input line 148.
LaTeX Font Info:    Checking defaults for T1/cmr/m/n on input line 148.
LaTeX Font Info:    ... okay on input line 148.
LaTeX Font Info:    Checking defaults for TS1/cmr/m/n on input line 148.
LaTeX Font Info:    ... okay on input line 148.
LaTeX Font Info:    Checking defaults for OMX/cmex/m/n on input line 148.
LaTeX Font Info:    ... okay on input line 148.
LaTeX Font Info:    Checking defaults for U/cmr/m/n on input line 148.
LaTeX Font Info:    ... okay on input line 148.
LaTeX Font Info:    Checking defaults for PD1/pdf/m/n on input line 148.
LaTeX Font Info:    ... okay on input line 148.
LaTeX Font Info:    Checking defaults for PU/pdf/m/n on input line 148.
LaTeX Font Info:    ... okay on input line 148.
Package hyperref Info: Link coloring ON on input line 148.
 (./sample-book.out) (./sample-book.out)
\@outlinefile=\write5
\openout5 = `sample-book.out'.


*geometry* driver: auto-detecting
*geometry* detected driver: pdftex
*geometry* verbose mode - [ preamble ] result:
* driver: pdftex
* paper: letterpaper
* layout: <same size as paper>
* layoutoffset:(h,v)=(0.0pt,0.0pt)
* modes: twoside asymmetric 
* h-part:(L,W,R)=(72.26999pt, 312.0pt, 230.02501pt)
* v-part:(T,H,B)=(72.26999pt, 616.0pt, 106.7pt)
* \paperwidth=614.295pt
* \paperheight=794.96999pt
* \textwidth=312.0pt
* \textheight=616.0pt
* \oddsidemargin=0.0pt
* \evensidemargin=0.0pt
* \topmargin=-42.0pt
* \headheight=14.0pt
* \headsep=28.0pt
* \topskip=10.0pt
* \footskip=25.29494pt
* \marginparwidth=144.0pt
* \marginparsep=24.0pt
* \columnsep=10.0pt
* \skip\footins=9.0pt plus 4.0pt minus 2.0pt
* \hoffset=0.0pt
* \voffset=0.0pt
* \mag=1000
* \@twocolumnfalse
* \@twosidetrue
* \@mparswitchfalse
* \@reversemarginfalse
* (1in=72.27pt=25.4mm, 1cm=28.453pt)

\langwohyphens=\language91
(/usr/local/texlive/2026/texmf-dist/tex/context/base/mkii/supp-pdf.mkii
[Loading MPS to PDF converter (version 2006.09.02).]
\scratchcounter=\count331
\scratchdimen=\dimen194
\scratchbox=\box104
\nofMPsegments=\count332
\nofMParguments=\count333
\everyMPshowfont=\toks24
\MPscratchCnt=\count334
\MPscratchDim=\dimen195
\MPnumerator=\count335
\makeMPintoPDFobject=\count336
\everyMPtoPDFconversion=\toks25
) (/usr/local/texlive/2026/texmf-dist/tex/latex/epstopdf-pkg/epstopdf-base.sty
Package: epstopdf-base 2020-01-24 v2.11 Base part for package epstopdf
Package epstopdf-base Info: Redefining graphics rule for `.eps' on input line 4
85.

(/usr/local/texlive/2026/texmf-dist/tex/latex/latexconfig/epstopdf-sys.cfg
File: epstopdf-sys.cfg 2010/07/13 v1.3 Configuration of (r)epstopdf for TeX Liv
e
))
\big@size=\dimen196

[1


]
LaTeX Font Info:    Trying to load font information for T1+phv on input line 16
4.
 (/usr/local/texlive/2026/texmf-dist/tex/latex/psnfss/t1phv.fd
File: t1phv.fd 2020/03/25 scalable font definitions for T1/phv.
)
LaTeX Font Info:    Font shape `T1/phv/m/n' will be
(Font)              scaled to size 8.99994pt on input line 164.
LaTeX Font Info:    Font shape `T1/phv/m/n' will be
(Font)              scaled to size 9.85492pt on input line 164.

Overfull \hbox (7.34093pt too wide) in paragraph at lines 170--170
[]\T1/phv/m/n/10.95/200ls A DE-SIGNER KNOWS THAT HE HAS ACHIEVED PER-FEC-TION N
OT WHEN THERE 
 []

[2{/usr/local/texlive/2026/texmf-var/fonts/map/pdftex/updmap/pdftex.map}{/usr/l
ocal/texlive/2026/texmf-dist/fonts/enc/dvips/base/8r.enc}]
LaTeX Font Info:    Font shape `T1/phv/m/n' will be
(Font)              scaled to size 16.19989pt on input line 183.
LaTeX Font Info:    Font shape `T1/phv/m/n' will be
(Font)              scaled to size 32.39978pt on input line 183.
LaTeX Font Info:    Font shape `T1/phv/m/n' will be
(Font)              scaled to size 12.59991pt on input line 183.
 [3

]
LaTeX Font Info:    Trying to load font information for TS1+pplj on input line 
193.

(/usr/local/texlive/2026/texmf-dist/tex/latex/psnfss/ts1pplj.fd
File: ts1pplj.fd 2004/09/06 font definitions for TS1/pplj.
)
LaTeX Font Info:    Trying to load font information for T1+fvm on input line 20
1.

(/usr/local/texlive/2026/texmf-dist/tex/latex/bera/t1fvm.fd
File: t1fvm.fd 2004/09/07 scalable font definitions for T1/fvm.
)
LaTeX Font Info:    Font shape `T1/fvm/m/n' will be
(Font)              scaled to size 8.50006pt on input line 201.
LaTeX Font Info:    Trying to load font information for OT1+pplx on input line 
201.

(/usr/local/texlive/2026/texmf-dist/tex/latex/psnfss/ot1pplx.fd
File: ot1pplx.fd 2004/09/06 font definitions for OT1/pplx.
)
LaTeX Font Info:    Trying to load font information for OML+zplm on input line 
201.

(/usr/local/texlive/2026/texmf-dist/tex/latex/psnfss/omlzplm.fd
File: omlzplm.fd 2002/09/08 Fontinst v1.914 font definitions for OML/zplm.
)
LaTeX Font Info:    Trying to load font information for OMS+zplm on input line 
201.

(/usr/local/texlive/2026/texmf-dist/tex/latex/psnfss/omszplm.fd
File: omszplm.fd 2002/09/08 Fontinst v1.914 font definitions for OMS/zplm.
)
LaTeX Font Info:    Trying to load font information for OMX+zplm on input line 
201.

(/usr/local/texlive/2026/texmf-dist/tex/latex/psnfss/omxzplm.fd
File: omxzplm.fd 2002/09/08 Fontinst v1.914 font definitions for OMX/zplm.
)
LaTeX Font Info:    Trying to load font information for OT1+zplm on input line 
201.

(/usr/local/texlive/2026/texmf-dist/tex/latex/psnfss/ot1zplm.fd
File: ot1zplm.fd 2002/09/08 Fontinst v1.914 font definitions for OT1/zplm.
) [4

]
(./sample-book.toc)
\tf@toc=\write6
\openout6 = `sample-book.toc'.

 [5

] [6

] (./sample-book.lof
Overfull \hbox (0.66245pt too wide) in paragraph at lines 3--3
 [][] [][][]\T1/pplj/m/n/10 This is a mar-gin fig-ure. The he-lix is de-fined b
y $\OML/zplm/m/it/10 x \OT1/zplm/m/n/10 = [](\OT1/pplx/m/n/10 2\OML/zplm/m/it/1
0 ^^Yz\OT1/zplm/m/n/10 )$\T1/pplj/m/n/10 , $\OML/zplm/m/it/10 y \OT1/zplm/m/n/1
0 =
 []


Overfull \hbox (1.91158pt too wide) in paragraph at lines 3--3
 []\OT1/zplm/m/n/10 (\OT1/pplx/m/n/10 2\OML/zplm/m/it/10 ^^Yz\OT1/zplm/m/n/10 )
$\T1/pplj/m/n/10 , and $\OML/zplm/m/it/10 z \OT1/zplm/m/n/10 = [\OT1/pplx/m/n/1
0 0, 2.7\OT1/zplm/m/n/10 ]$\T1/pplj/m/n/10 . The fig-ure was drawn us-ing Asymp
-tote
 []

)
\tf@lof=\write7
\openout7 = `sample-book.lof'.

 [7] [8

] (./sample-book.lot
Overfull \hbox (58.32143pt too wide) in paragraph at lines 2--2
 [][] [][][]\T1/pplj/m/n/10 A list of L[]T[]X font sizes as de-fined by the Tuf
te-L[]T[]X doc-u-ment classes.[][] 19 
 []


Overfull \hbox (2.00974pt too wide) in paragraph at lines 6--6
 [][] [][][]\T1/pplj/m/n/10 Here are the di-men-sions of the var-i-ous mar-gins
 used in the Tufte-
 []

)
\tf@lot=\write8
\openout8 = `sample-book.lot'.

 [9] [10

]
LaTeX Font Info:    Calculating math sizes for size <18> on input line 224.

Overfull \hbox (94.52998pt too wide) in paragraph at lines 222--227
\T1/pplj/m/it/18 and the work of [] and [].  
 []

[11] [12

]

Package natbib Warning: Citation `Tufte2001' undefined on input line 237.


Package natbib Warning: Citation `Tufte1990' undefined on input line 237.


Package natbib Warning: Citation `Tufte1997' undefined on input line 237.


Package natbib Warning: Citation `Tufte2006' undefined on input line 237.


LaTeX Warning: Marginpar on page 13 moved.

[13

] [14

]
Overfull \hbox (12.0pt too wide) in paragraph at lines 263--290
[]$[]$ 
 []

[15

]
<graphics/vdqi-title.pdf, id=218, 614.295pt x 758.835pt>
File: graphics/vdqi-title.pdf Graphic file (type pdf)
<use graphics/vdqi-title.pdf>
Package pdftex.def Info: graphics/vdqi-title.pdf  used on input line 356.
(pdftex.def)             Requested size: 216.00005pt x 266.8236pt.
<graphics/ei-title.pdf, id=219, 614.295pt x 758.835pt>
File: graphics/ei-title.pdf Graphic file (type pdf)
<use graphics/ei-title.pdf>
Package pdftex.def Info: graphics/ei-title.pdf  used on input line 358.
(pdftex.def)             Requested size: 216.00005pt x 266.8236pt.
<graphics/ve-title.pdf, id=220, 614.295pt x 758.835pt>
File: graphics/ve-title.pdf Graphic file (type pdf)
<use graphics/ve-title.pdf>
Package pdftex.def Info: graphics/ve-title.pdf  used on input line 360.
(pdftex.def)             Requested size: 216.00005pt x 266.8236pt.
<graphics/be-title.pdf, id=221, 614.295pt x 758.835pt>
File: graphics/be-title.pdf Graphic file (type pdf)
<use graphics/be-title.pdf>
Package pdftex.def Info: graphics/be-title.pdf  used on input line 362.
(pdftex.def)             Requested size: 216.00005pt x 266.8236pt.
<graphics/vdqi-contents.pdf, id=222, 614.295pt x 758.835pt>
File: graphics/vdqi-contents.pdf Graphic file (type pdf)
<use graphics/vdqi-contents.pdf>
Package pdftex.def Info: graphics/vdqi-contents.pdf  used on input line 371.
(pdftex.def)             Requested size: 216.00005pt x 266.8236pt.
<graphics/ei-contents.pdf, id=223, 614.295pt x 758.835pt>
File: graphics/ei-contents.pdf Graphic file (type pdf)
<use graphics/ei-contents.pdf>
Package pdftex.def Info: graphics/ei-contents.pdf  used on input line 373.
(pdftex.def)             Requested size: 216.00005pt x 266.8236pt.
<graphics/ve-contents.pdf, id=224, 614.295pt x 758.835pt>
File: graphics/ve-contents.pdf Graphic file (type pdf)
<use graphics/ve-contents.pdf>
Package pdftex.def Info: graphics/ve-contents.pdf  used on input line 375.
(pdftex.def)             Requested size: 216.00005pt x 266.8236pt.
<graphics/be-contents.pdf, id=225, 614.295pt x 758.835pt>
File: graphics/be-contents.pdf Graphic file (type pdf)
<use graphics/be-contents.pdf>
Package pdftex.def Info: graphics/be-contents.pdf  used on input line 377.
(pdftex.def)             Requested size: 216.00005pt x 266.8236pt.
 [16] [17 <./graphics/vdqi-title.pdf> <./graphics/ei-title.pdf> <./graphics/ve-
title.pdf> <./graphics/be-title.pdf>] [18 <./graphics/vdqi-contents.pdf> <./gra
phics/ei-contents.pdf> <./graphics/ve-contents.pdf> <./graphics/be-contents.pdf
>]
LaTeX Font Info:    Font shape `T1/fvm/m/n' will be
(Font)              scaled to size 6.80005pt on input line 402.


LaTeX Warning: Marginpar on page 19 moved.


Overfull \hbox (8.62125pt too wide) in paragraph at lines 456--466
 [] 
 []


LaTeX Warning: `h' float specifier changed to `ht'.

[19] [20]
LaTeX Font Info:    Font shape `T1/fvm/m/it' in size <20.74> not available
(Font)              Font shape `T1/fvm/m/sl' tried instead on input line 472.
LaTeX Font Info:    Font shape `T1/fvm/m/sl' will be
(Font)              scaled to size 17.62912pt on input line 472.

Overfull \hbox (7.68355pt too wide) in paragraph at lines 484--486
\T1/pplj/m/n/10 This style pro-vides \T1/pplj/m/sc/10/50ls a\T1/pplj/m/n/10 - a
nd \T1/pplj/m/sc/10/50ls b\T1/pplj/m/n/10 -heads (that is, [] and []), 
 []


Package natbib Warning: Citation `Bringhurst2005' undefined on input line 490.


LaTeX Warning: Marginpar on page 21 moved.


Package natbib Warning: Citation `Tufte2006' undefined on input line 497.


pdfTeX warning (ext4): destination with the same identifier (name{cite.Tufte200
6}) has been already used, duplicate ignored
<to be read again> 
                   \relax 
l.497 ...ught{In his later books},\cite{Tufte2006}
                                                   Tufte

LaTeX Warning: Marginpar on page 21 moved.

LaTeX Font Info:    Font shape `T1/fvm/m/n' will be
(Font)              scaled to size 7.65005pt on input line 501.

LaTeX Warning: Marginpar on page 21 moved.


LaTeX Warning: Marginpar on page 21 moved.

[21

]

LaTeX Warning: Marginpar on page 22 moved.


Package natbib Warning: Citation `Tufte2006' undefined on input line 567.


pdfTeX warning (ext4): destination with the same identifier (name{cite.Tufte200
6}) has been already used, duplicate ignored
<to be read again> 
                   \relax 
l.567 ...ite[-3\baselineskip]{Tufte2006,Tufte1990}
                                                   you can

Package natbib Warning: Citation `Tufte1990' undefined on input line 567.


pdfTeX warning (ext4): destination with the same identifier (name{cite.Tufte199
0}) has been already used, duplicate ignored
<to be read again> 
                   \relax 
l.567 ...ite[-3\baselineskip]{Tufte2006,Tufte1990}
                                                   you can [22]
<graphics/helix.pdf, id=377, 221.8689pt x 201.71361pt>
File: graphics/helix.pdf Graphic file (type pdf)
<use graphics/helix.pdf>
Package pdftex.def Info: graphics/helix.pdf  used on input line 586.
(pdftex.def)             Requested size: 144.00317pt x 130.92145pt.
<graphics/sine.pdf, id=382, 505.89pt x 51.04068pt>
File: graphics/sine.pdf Graphic file (type pdf)
<use graphics/sine.pdf>
Package pdftex.def Info: graphics/sine.pdf  used on input line 617.
(pdftex.def)             Requested size: 480.0061pt x 48.42917pt.
<graphics/hilbertcurves.pdf, id=383, 308.47346pt x 76.72565pt>
File: graphics/hilbertcurves.pdf Graphic file (type pdf)
<use graphics/hilbertcurves.pdf>
Package pdftex.def Info: graphics/hilbertcurves.pdf  used on input line 624.
(pdftex.def)             Requested size: 312.0029pt x 77.6035pt.

Underfull \hbox (badness 10000) in paragraph at lines 624--629

 []

[23 <./graphics/helix.pdf> <./graphics/sine.pdf> <./graphics/hilbertcurves.pdf>
]
LaTeX Font Info:    Trying to load font information for T1+ppl on input line 66
0.
 (/usr/local/texlive/2026/texmf-dist/tex/latex/psnfss/t1ppl.fd
File: t1ppl.fd 2001/06/04 font definitions for T1/ppl.
)
Overfull \hbox (6.44302pt too wide) in paragraph at lines 687--690
\T1/pplj/m/n/10 this lim-i-ta-tion, the Tufte-L[]T[]X doc-u-ment classes pro-vi
de a []\T1/fvm/m/n/10 \morefloats[][][] 
 []

[24]
Overfull \hbox (56.13647pt too wide) in paragraph at lines 724--727
[] []\T1/pplj/m/it/10 Ver-ti-cal align-ment[] \T1/pplj/m/n/10 To over-ride the 
ver-ti-cal align-ment, use the \T1/fvm/m/n/10 \setfloatalignment[] 
 []

[25]

Package natbib Warning: Citation `Bringhurst2005' undefined on input line 800.


pdfTeX warning (ext4): destination with the same identifier (name{cite.Bringhur
st2005}) has been already used, duplicate ignored
<to be read again> 
                   \relax 
l.800 increased slightly.\cite{Bringhurst2005}
                                                The \doccmddef{allcaps} comm...

LaTeX Warning: Marginpar on page 26 moved.

[26]
Underfull \vbox (badness 10000) has occurred while \output is active []

 [27]
[28]
LaTeX Font Info:    Font shape `T1/fvm/m/it' in size <10> not available
(Font)              Font shape `T1/fvm/m/sl' tried instead on input line 903.
LaTeX Font Info:    Font shape `T1/fvm/m/sl' will be
(Font)              scaled to size 8.50006pt on input line 903.
 [29

]

Package natbib Warning: Citation `pkg-geometry' undefined on input line 965.


LaTeX Warning: Marginpar on page 30 moved.

[30]
Overfull \hbox (29.76787pt too wide) in paragraph at lines 1004--1006
[]\T1/fvm/m/n/9 \documentclass[symmetric,justified,marginals=raggedouter]{tufte
-book}  
 []

[31] [32

]
LaTeX Font Info:    Font shape `T1/fvm/m/it' in size <12> not available
(Font)              Font shape `T1/fvm/m/sl' tried instead on input line 1038.
LaTeX Font Info:    Font shape `T1/fvm/m/sl' will be
(Font)              scaled to size 10.20007pt on input line 1038.
 [33] [34

] [35] [36] [37] [38

]
No file sample-book.bbl.
No file sample-book.ind.

Package natbib Warning: There were undefined citations.

(./sample-book.aux)
 ***********
LaTeX2e <2025-11-01>
L3 programming layer <2026-01-19>
 ***********
Package rerunfilecheck Info: File `sample-book.out' has not changed.
(rerunfilecheck)             Checksum: D63257C28F930366810471F975A23639;4409.
 ) 
Here is how much of TeX's memory you used:
 14598 strings out of 467525
 235980 string characters out of 5418982
 767615 words of memory out of 5000000
 43061 multiletter control sequences out of 15000+600000
 755494 words of font info for 216 fonts, out of 8000000 for 9000
 1141 hyphenation exceptions out of 8191
 97i,14n,101p,353b,556s stack positions out of 10000i,1000n,20000p,200000b,200000s
</usr/local/texlive/2026/texmf-dist/fonts/type1/public/amsfonts/cm/cmr10.pfb>
</usr/local/texlive/2026/texmf-dist/fonts/type1/public/amsfonts/cm/cmsy10.pfb><
/usr/local/texlive/2026/texmf-dist/fonts/type1/public/mathpazo/fplmri.pfb></usr
/local/texlive/2026/texmf-dist/fonts/type1/public/fpl/fplrc8a.pfb></usr/local/t
exlive/2026/texmf-dist/fonts/type1/public/fpl/fplrij8a.pfb></usr/local/texlive/
2026/texmf-dist/fonts/type1/public/bera/fvmr8a.pfb></usr/local/texlive/2026/tex
mf-dist/fonts/type1/public/bera/fvmro8a.pfb></usr/local/texlive/2026/texmf-dist
/fonts/type1/urw/helvetic/uhvr8a.pfb></usr/local/texlive/2026/texmf-dist/fonts/
type1/urw/palatino/uplr8a.pfb></usr/local/texlive/2026/texmf-dist/fonts/type1/u
rw/palatino/uplri8a.pfb>
Output written on sample-book.pdf (38 pages, 294945 bytes).
PDF statistics:
 565 PDF objects out of 1000 (max. 8388607)
 460 compressed objects within 5 object streams
 84 named destinations out of 1000 (max. 500000)
 4880 words of extra memory for PDF output out of 10000 (max. 10000000)

