This is pdfTeX, Version 3.141592653-2.6-1.40.29 (TeX Live 2026) (preloaded format=pdflatex 2026.4.24)  13 JUL 2026 00:19
entering extended mode
 restricted \write18 enabled.
 %&-line parsing enabled.
**skeyval-view-pokayoke1.tex
(./skeyval-view-pokayoke1.tex
LaTeX2e <2025-11-01>
L3 programming layer <2026-01-19>
(/usr/local/texlive/2026/texmf-dist/tex/latex/skeyval/skeyval-testclass.cls
Document Class: skeyval-testclass 2013/05/15 v1.3 skeyval test class (AM)
(/usr/local/texlive/2026/texmf-dist/tex/latex/skeyval/skeyval.sty
Package: skeyval 2013/05/15 v1.3 Robust key-value parser (AM)

(/usr/local/texlive/2026/texmf-dist/tex/latex/skeyval/skeyval-core.tex
\skvz@=\dimen148
\skvm@ne=\count275
File: skeyval-core.tex 2013/05/15 v1.3 Base file of skeyval package (AM)
\skv@temptoks=\toks17
\skv@toksa=\toks18
\skv@tempcnt=\count276
\skv@cnta=\count277

(/usr/local/texlive/2026/texmf-dist/tex/latex/skeyval/skeyval-for.tex
File: skeyval-for.tex 2013/05/15 v1.3 Loops for skeyval package (AM)
\skv@recurse@cnt=\count278
)

! Package skeyval Error: Patching '\end' failed!
(skeyval)                '\skvAtEndEnvironment' will not work

See the skeyval package documentation for explanation.
Type  H <return>  for immediate help.
 ...                                              
                                                  
l.8460   }
          
You're in trouble here.  Try typing  <return>  to proceed.
If that doesn't work, type  X <return>  to quit.

 
Here is how much of TeX's memory you used:
 2423 strings out of 467525
 53223 string characters out of 5418982
 591809 words of memory out of 5000000
 31417 multiletter control sequences out of 15000+600000
 627721 words of font info for 40 fonts, out of 8000000 for 9000
 1141 hyphenation exceptions out of 8191
 61i,0n,63p,554b,154s stack positions out of 10000i,1000n,20000p,200000b,200000s
!  ==> Fatal error occurred, no output PDF file produced!
