This is pdfTeX, Version 3.141592653-2.6-1.40.29 (TeX Live 2026) (preloaded format=pdflatex 2026.4.24)  12 JUL 2026 23:49
entering extended mode
 restricted \write18 enabled.
 %&-line parsing enabled.
**sample.tex
(./sample.tex
LaTeX2e <2025-11-01>
L3 programming layer <2026-01-19>
(/usr/local/texlive/2026/texmf-dist/tex/latex/emulateapj/emulateapj.cls
Document Class: emulateapj 
\bibbaselineskip=\skip49
(/usr/local/texlive/2026/texmf-dist/tex/latex/revtex4-1/revtex4-1.cls
Document Class: revtex4-1 2020/09/30 4.1s (http://publish.aps.org/revtex4/ for 
documentation)
 Copyright (c) 2009 The American Physical Society.
 mailto:revtex@aps.org
 Licensed under the LPPL:
http://www.ctan.org/tex-archive/macros/latex/base/lppl.txt
 Arthur Ogawa <arthur_ogawa at sbcglobal dot net>
 Based on work by David Carlisle <david at dcarlisle.demon.co.uk>.
ltxutil[2020/09/30 4.1s utilities package (portions licensed from W. E. Baxter 
web at superscript.com)]
LaTeX Info: Redefining \@centercr on input line 346.
Class revtex4-1 Info: Repairing hyperref-unfriendly LaTeX definition of \mpfoot
note on input line 471.
Class revtex4-1 Info: Repairing broken LateX \@sect on input line 793.
\intertabularlinepenalty=\count275
\@tbpen=\count276
\@arstrutbox@hline=\box53
Class revtex4-1 Info: Repairing broken LaTeX \@xbitor on input line 1824.
Class revtex4-1 Info: Making \typeout \long on input line 2089.
ltxfront[2020/09/30 4.1s frontmatter package (AO,DPC)]
\c@affil=\count277
\c@collab=\count278
\absbox=\box54
ltxgrid[2020/09/30 4.1s page grid package (portions licensed from W. E. Baxter 
web at superscript.com)]
\c@linecount=\count279
\output@latex=\toks17
\box@size@1=\box55
\box@size@2=\box56
\@protection@box=\box57
\@topmark@saved=\toks18
\footins@saved=\box58
\footins@recovered=\box59
\column@recovered=\box60
\pagesofar=\box61
\footsofar=\box62
\pagegrid@col=\count280
Class revtex4-1 Info: Overriding \@vspace, \@vspacer, \@no@pgbk, \@newline, and
 \\  on input line 5655.
\c@part=\count281
\c@section=\count282
\c@subsection=\count283
\c@subsubsection=\count284
\c@paragraph=\count285
\c@subparagraph=\count286
\abovecaptionskip=\skip50
\belowcaptionskip=\skip51
\c@figure=\count287
\fbox@1=\box63
\c@table=\count288
\fbox@2=\box64
\c@video=\count289
\fbox@4=\box65
\@bibdataout=\write3
\widetext@top=\box66
\widetext@bot=\box67
Class revtex4-1 Info: Selecting society aps on input line 7616.
(/usr/local/texlive/2026/texmf-dist/tex/latex/revtex4-1/aps4-1.rtx
File: aps4-1 2020/09/30 4.1s (http://publish.aps.org/revtex4/ for documentation
)
Class revtex4-1 Info: RevTeX society APS selected on input line 31.
)
Class revtex4-1 Info: Selecting journal pra on input line 7618.
Class revtex4-1 Info: APS journal PRA selected on input line 7619.

(/usr/local/texlive/2026/texmf-dist/tex/latex/revtex4-1/aps10pt4-1.rtx
File: aps10pt4-1 2020/09/30 4.1s (http://publish.aps.org/revtex4/ for documenta
tion)
Class revtex4-1 Info: RevTeX pointsize 10pt selected on input line 30.
)
(/usr/local/texlive/2026/texmf-dist/tex/latex/textcase/textcase.sty
Package: textcase 2025/02/16 v1.05 Text only upper/lower case changing (DPC)
Package textcase Info: Defining Legacy names on input line 20.
)
(/usr/local/texlive/2026/texmf-dist/tex/latex/url/url.sty
\Urlmuskip=\muskip17
Package: url 2013/09/16  ver 3.4  Verb mode for urls, etc.
)
(/usr/local/texlive/2026/texmf-dist/tex/latex/natbib/natbib.sty
Package: natbib 2010/09/13 8.31b (PWD, AO)
\bibhang=\skip52
\bibsep=\skip53
LaTeX Info: Redefining \cite on input line 694.
\c@NAT@ctr=\count290
)
Class revtex4-1 Info: Repairing natbib's \BibitemShut on input line 7623.

(/usr/local/texlive/2026/texmf-dist/tex/latex/revtex4-1/revsymb4-1.sty
Package: revsymb4-1 2020/09/30 4.1s (http://publish.aps.org/revtex4/ for docume
ntation)
LaTeX Info: Redefining \REV@mathfrak on input line 119.
))
(/usr/local/texlive/2026/texmf-dist/tex/latex/base/latexsym.sty
Package: latexsym 1998/08/17 v2.2e Standard LaTeX package (lasy symbols)
\symlasy=\mathgroup4
LaTeX Font Info:    Overwriting symbol font `lasy' in version `bold'
(Font)                  U/lasy/m/n --> U/lasy/b/n on input line 52.
)
(/usr/local/texlive/2026/texmf-dist/tex/latex/graphics/graphicx.sty
Package: graphicx 2024/12/31 v1.2e Enhanced LaTeX Graphics (DPC,SPQR)

(/usr/local/texlive/2026/texmf-dist/tex/latex/graphics/keyval.sty
Package: keyval 2022/05/29 v1.15 key=value parser (DPC)
\KV@toks@=\toks19
)
(/usr/local/texlive/2026/texmf-dist/tex/latex/graphics/graphics.sty
Package: graphics 2024/08/06 v1.4g Standard LaTeX Graphics (DPC,SPQR)

(/usr/local/texlive/2026/texmf-dist/tex/latex/graphics/trig.sty
Package: trig 2023/12/02 v1.11 sin cos tan (DPC)
)
(/usr/local/texlive/2026/texmf-dist/tex/latex/graphics-cfg/graphics.cfg
File: graphics.cfg 2016/06/04 v1.11 sample graphics configuration
)
Package graphics Info: Driver file: pdftex.def on input line 106.

(/usr/local/texlive/2026/texmf-dist/tex/latex/graphics-def/pdftex.def
File: pdftex.def 2025/09/29 v1.2d Graphics/color driver for pdftex
))
\Gin@req@height=\dimen148
\Gin@req@width=\dimen149
)
(/usr/local/texlive/2026/texmf-dist/tex/latex/amsfonts/amssymb.sty
Package: amssymb 2013/01/14 v3.01 AMS font symbols

(/usr/local/texlive/2026/texmf-dist/tex/latex/amsfonts/amsfonts.sty
Package: amsfonts 2013/01/14 v3.01 Basic AMSFonts support
\@emptytoks=\toks20
\symAMSa=\mathgroup5
\symAMSb=\mathgroup6
LaTeX Font Info:    Redeclaring math symbol \hbar on input line 98.
LaTeX Font Info:    Overwriting math alphabet `\mathfrak' in version `bold'
(Font)                  U/euf/m/n --> U/euf/b/n on input line 106.
LaTeX Info: Redefining \frak on input line 111.
LaTeX Info: Redefining \Bbb on input line 113.
))
(/usr/local/texlive/2026/texmf-dist/tex/latex/tools/longtable.sty
Package: longtable 2025-10-13 v4.24 Multi-page Table package (DPC)
\LTleft=\skip54
\LTright=\skip55
\LTpre=\skip56
\LTpost=\skip57
\LTchunksize=\count291
\LTcapwidth=\dimen150
\LT@head=\box68
\LT@firsthead=\box69
\LT@foot=\box70
\LT@lastfoot=\box71
\LT@gbox=\box72
\LT@cols=\count292
\LT@rows=\count293
\c@LT@tables=\count294
\c@LT@chunks=\count295
\LT@p@ftn=\toks21
)
(/usr/local/texlive/2026/texmf-dist/tex/generic/epsf/epsf.sty
This is `epsf.tex' v2.7.4 <14 February 2011>
\epsffilein=\read2
\epsfframemargin=\dimen151
\epsfframethickness=\dimen152
\epsfrsize=\dimen153
\epsftmp=\dimen154
\epsftsize=\dimen155
\epsfxsize=\dimen156
\epsfysize=\dimen157
\pspoints=\dimen158
)
\c@front@matter@foot@note=\count296
\alt@affil@toks=\toks22
\alt@affil@toks@count=\toks23
\keys@width=\skip58
\c@lastfootnote=\count297
\c@remember@figure@num=\count298
\c@remember@table@num=\count299
\bibindent=\dimen159
\plot@width=\skip59
\c@table@save=\count300
\table@note@skip=\skip60
\deluxe@table@width=\skip61
\@d@t@a=\skip62
\c@deluxe@table@num=\count301
\abovedeluxetableskip=\skip63
\belowdeluxetableskip=\skip64
\lastrowheight=\dimen160
\DT@p@ftn=\toks24
\pt@column=\count302
\pt@ncol=\count303
)
Class revtex4-1 Info: Unrecognized LaTeX tabular. Please update this document c
lass! (Proceeding with fingers crossed.) on input line 25.
Class revtex4-1 Info: Patching unrecognized longtable package. (Proceeding with
 fingers crossed) on input line 25.
Class revtex4-1 Info: cite was not loaded (OK!) on input line 25.
Class revtex4-1 Info: mcite was not loaded (OK!) on input line 25.
Class revtex4-1 Info: multicol was not loaded (OK!) on input line 25.
 (/usr/local/texlive/2026/texmf-dist/tex/latex/l3backend/l3backend-pdftex.def
File: l3backend-pdftex.def 2025-10-09 L3 backend support: PDF output (pdfTeX)
\l__color_backend_stack_int=\count304
)
No file sample.aux.
\openout1 = `sample.aux'.

LaTeX Font Info:    Checking defaults for OML/cmm/m/it on input line 25.
LaTeX Font Info:    ... okay on input line 25.
LaTeX Font Info:    Checking defaults for OMS/cmsy/m/n on input line 25.
LaTeX Font Info:    ... okay on input line 25.
LaTeX Font Info:    Checking defaults for OT1/cmr/m/n on input line 25.
LaTeX Font Info:    ... okay on input line 25.
LaTeX Font Info:    Checking defaults for T1/cmr/m/n on input line 25.
LaTeX Font Info:    ... okay on input line 25.
LaTeX Font Info:    Checking defaults for TS1/cmr/m/n on input line 25.
LaTeX Font Info:    ... okay on input line 25.
LaTeX Font Info:    Checking defaults for OMX/cmex/m/n on input line 25.
LaTeX Font Info:    ... okay on input line 25.
LaTeX Font Info:    Checking defaults for U/cmr/m/n on input line 25.
LaTeX Font Info:    ... okay on input line 25.
(/usr/local/texlive/2026/texmf-dist/tex/context/base/mkii/supp-pdf.mkii
[Loading MPS to PDF converter (version 2006.09.02).]
\scratchcounter=\count305
\scratchdimen=\dimen161
\scratchbox=\box73
\nofMPsegments=\count306
\nofMParguments=\count307
\everyMPshowfont=\toks25
\MPscratchCnt=\count308
\MPscratchDim=\dimen162
\MPnumerator=\count309
\makeMPintoPDFobject=\count310
\everyMPtoPDFconversion=\toks26
) (/usr/local/texlive/2026/texmf-dist/tex/latex/epstopdf-pkg/epstopdf-base.sty
Package: epstopdf-base 2020-01-24 v2.11 Base part for package epstopdf
Package epstopdf-base Info: Redefining graphics rule for `.eps' on input line 4
85.

(/usr/local/texlive/2026/texmf-dist/tex/latex/latexconfig/epstopdf-sys.cfg
File: epstopdf-sys.cfg 2010/07/13 v1.3 Configuration of (r)epstopdf for TeX Liv
e
))
\openout3 = `sampleNotes.bib'.

LaTeX Font Info:    Trying to load font information for U+lasy on input line 11
3.

(/usr/local/texlive/2026/texmf-dist/tex/latex/base/ulasy.fd
File: ulasy.fd 1998/08/17 v2.2e LaTeX symbol font definitions
)
LaTeX Font Info:    Trying to load font information for U+msa on input line 113
.

(/usr/local/texlive/2026/texmf-dist/tex/latex/amsfonts/umsa.fd
File: umsa.fd 2013/01/14 v3.01 AMS symbols A
)
LaTeX Font Info:    Trying to load font information for U+msb on input line 113
.

(/usr/local/texlive/2026/texmf-dist/tex/latex/amsfonts/umsb.fd
File: umsb.fd 2013/01/14 v3.01 AMS symbols B
)

Package natbib Warning: Citation `hen61' on page 1 undefined on input line 117.



Package natbib Warning: Citation `lyn68' on page 1 undefined on input line 117.



Package natbib Warning: Citation `spi85' on page 1 undefined on input line 117.



Package natbib Warning: Citation `kin75' on page 1 undefined on input line 119.



Package natbib Warning: Citation `new78' on page 1 undefined on input line 119.



Package natbib Warning: Citation `aur82' on page 1 undefined on input line 120.



Package natbib Warning: Citation `djo84' on page 1 undefined on input line 121.



Package natbib Warning: Citation `can78' on page 1 undefined on input line 123.



Package natbib Warning: Citation `kin68' on page 1 undefined on input line 154.



Package natbib Warning: Citation `pet76' on page 1 undefined on input line 154.



Package natbib Warning: Citation `har84' on page 1 undefined on input line 154.



Package natbib Warning: Citation `ort85' on page 1 undefined on input line 154.



Package natbib Warning: Citation `kin66' on page 1 undefined on input line 155.



Package natbib Warning: Citation `kin75' on page 1 undefined on input line 155.



Package natbib Warning: Citation `kro84' on page 1 undefined on input line 156.



Package natbib Warning: Citation `hag86' on page 1 undefined on input line 182.


[1{/usr/local/texlive/2026/texmf-var/fonts/map/pdftex/updmap/pdftex.map}]

LaTeX Warning: Reference `tbl-1' on page 2 undefined on input line 296.


LaTeX Warning: Reference `bozomath' on page 2 undefined on input line 317.


Package natbib Warning: Citation `heiles03' on page 2 undefined on input line 4
71.

[2]

Package natbib Warning: Citation `rudnick03' on page 3 undefined on input line 
484.


Package natbib Warning: Citation `kim03' on page 3 undefined on input line 495.


[3]

Package natbib Warning: Citation `treu03' on page 4 undefined on input line 542
.


Package natbib Warning: Citation `treu03' on page 4 undefined on input line 543
.


Package longtable Warning: Column widths have changed
(longtable)                in table 1 on input line 573.


LaTeX Warning: Reference `tbl-1' on page 4 undefined on input line 573.


LaTeX Warning: Reference `tbl-1' on page 4 undefined on input line 573.


LaTeX Warning: Reference `tbl-1' on page 4 undefined on input line 573.


Overfull \hbox (276.88464pt too wide) in paragraph at lines 573--573
[][] 
 []

[4]
Overfull \hbox (121.7414pt too wide) in paragraph at lines 586--601
 []$ 
 []

! Missing number, treated as zero.
<to be read again> 
                   a
l.605 ...rated with the \LaTeX\ table environment}
                                                  
A number should have been here; I inserted `0'.
(If you can't figure out why I needed to see a number,
look up `weird error' in the index to The TeXbook.)

 
Here is how much of TeX's memory you used:
 4569 strings out of 467525
 64932 string characters out of 5418982
 492235 words of memory out of 5000000
 33447 multiletter control sequences out of 15000+600000
 639146 words of font info for 86 fonts, out of 8000000 for 9000
 1141 hyphenation exceptions out of 8191
 72i,12n,79p,209b,561s stack positions out of 10000i,1000n,20000p,200000b,200000s
!  ==> Fatal error occurred, no output PDF file produced!
