This is pdfTeX, Version 3.141592653-2.6-1.40.29 (TeX Live 2026) (preloaded format=pdflatex 2026.4.24)  12 JUL 2026 23:50
entering extended mode
 restricted \write18 enabled.
 %&-line parsing enabled.
**sample-news2.tex
(./sample-news2.tex
LaTeX2e <2025-11-01>
L3 programming layer <2026-01-19>
(/usr/local/texlive/2026/texmf-dist/tex/latex/base/article.cls
Document Class: article 2025/01/22 v1.4n Standard LaTeX document class
(/usr/local/texlive/2026/texmf-dist/tex/latex/base/size12.clo
File: size12.clo 2025/01/22 v1.4n Standard LaTeX file (size option)
)
\c@part=\count275
\c@section=\count276
\c@subsection=\count277
\c@subsubsection=\count278
\c@paragraph=\count279
\c@subparagraph=\count280
\c@figure=\count281
\c@table=\count282
\abovecaptionskip=\skip49
\belowcaptionskip=\skip50
\bibindent=\dimen148
)
(/usr/local/texlive/2026/texmf-dist/tex/latex/graphics/graphicx.sty
Package: graphicx 2024/12/31 v1.2e Enhanced LaTeX Graphics (DPC,SPQR)

(/usr/local/texlive/2026/texmf-dist/tex/latex/graphics/keyval.sty
Package: keyval 2022/05/29 v1.15 key=value parser (DPC)
\KV@toks@=\toks17
)
(/usr/local/texlive/2026/texmf-dist/tex/latex/graphics/graphics.sty
Package: graphics 2024/08/06 v1.4g Standard LaTeX Graphics (DPC,SPQR)

(/usr/local/texlive/2026/texmf-dist/tex/latex/graphics/trig.sty
Package: trig 2023/12/02 v1.11 sin cos tan (DPC)
)
(/usr/local/texlive/2026/texmf-dist/tex/latex/graphics-cfg/graphics.cfg
File: graphics.cfg 2016/06/04 v1.11 sample graphics configuration
)
Package graphics Info: Driver file: pdftex.def on input line 106.

(/usr/local/texlive/2026/texmf-dist/tex/latex/graphics-def/pdftex.def
File: pdftex.def 2025/09/29 v1.2d Graphics/color driver for pdftex
))
\Gin@req@height=\dimen149
\Gin@req@width=\dimen150
)
(/usr/local/texlive/2026/texmf-dist/tex/latex/graphics/color.sty
Package: color 2025/01/14 v1.3e Standard LaTeX Color (DPC)

(/usr/local/texlive/2026/texmf-dist/tex/latex/graphics-cfg/color.cfg
File: color.cfg 2016/01/02 v1.6 sample color configuration
)
Package color Info: Driver file: pdftex.def on input line 149.

(/usr/local/texlive/2026/texmf-dist/tex/latex/graphics/mathcolor.ltx))
(/usr/local/texlive/2026/texmf-dist/tex/latex/flowfram/flowfram.sty
Package: flowfram 2026/02/23 v2.1 (NLCT)

(/usr/local/texlive/2026/texmf-dist/tex/latex/rerunfilecheck/rerunfilecheck.sty
Package: rerunfilecheck 2025-06-21 v1.11 Rerun checks for auxiliary files (HO)
(/usr/local/texlive/2026/texmf-dist/tex/latex/kvoptions/kvoptions.sty
Package: kvoptions 2022-06-15 v3.15 Key value format for package options (HO)

(/usr/local/texlive/2026/texmf-dist/tex/generic/ltxcmds/ltxcmds.sty
Package: ltxcmds 2023-12-04 v1.26 LaTeX kernel commands for general use (HO)
)
(/usr/local/texlive/2026/texmf-dist/tex/latex/kvsetkeys/kvsetkeys.sty
Package: kvsetkeys 2022-10-05 v1.19 Key value parser (HO)
))
(/usr/local/texlive/2026/texmf-dist/tex/generic/infwarerr/infwarerr.sty
Package: infwarerr 2019/12/03 v1.5 Providing info/warning/error messages (HO)
)
(/usr/local/texlive/2026/texmf-dist/tex/generic/pdftexcmds/pdftexcmds.sty
Package: pdftexcmds 2020-06-27 v0.33 Utility functions of pdfTeX for LuaTeX (HO
)

(/usr/local/texlive/2026/texmf-dist/tex/generic/iftex/iftex.sty
Package: iftex 2024/12/12 v1.0g TeX engine tests
)
Package pdftexcmds Info: \pdf@primitive is available.
Package pdftexcmds Info: \pdf@ifprimitive is available.
Package pdftexcmds Info: \pdfdraftmode found.
)
(/usr/local/texlive/2026/texmf-dist/tex/generic/uniquecounter/uniquecounter.sty
Package: uniquecounter 2019/12/15 v1.4 Provide unlimited unique counter (HO)
(/usr/local/texlive/2026/texmf-dist/tex/generic/bigintcalc/bigintcalc.sty
Package: bigintcalc 2019/12/15 v1.5 Expandable calculations on big integers (HO
)
))
Package uniquecounter Info: New unique counter `rerunfilecheck' on input line 2
84.
)
(/usr/local/texlive/2026/texmf-dist/tex/latex/tools/afterpage.sty
Package: afterpage 2023/07/04 v1.08 After-Page Package (DPC)
\AP@output=\toks18
\AP@partial=\box53
\AP@footins=\box54
)
(/usr/local/texlive/2026/texmf-dist/tex/latex/etoolbox/etoolbox.sty
Package: etoolbox 2025/10/02 v2.5m e-TeX tools for LaTeX (JAW)
\etb@tempcnta=\count283
)
\fflabelsep=\skip51
\c@absolutepage=\count284
\c_flowfram_max_page_int=\count285
\typeblockwidth=\skip52
\typeblockheight=\skip53
\typeblockoffsety=\skip54
\c@maxflow=\count286
\c@thisframe=\count287
\c@displayedframe=\count288
\c@maxstatic=\count289
\c@maxdynamic=\count290
\l__flowfram_current_frame_int=\count291
\l__flowfram_current_abspage_int=\count292
\l__flowfram_current_static_int=\count293
\l__flowfram_current_dynamic_int=\count294
\l__flowfram_col_int=\count295
\l__flowfram_tmpa_int=\count296
\l__flowfram_tmpb_int=\count297
\l__flowfram_id_int=\count298
\l__flowfram_id_ii_int=\count299
\l__flowfram_type_int=\count300
\l__flowfram_type_ii_int=\count301
\l__flowfram_range_start_int=\count302
\l__flowfram_range_end_int=\count303
\l__flowfram_shape_int=\count304
\l__flowfram_tmpa_dim=\dimen151
\l__flowfram_tmpb_dim=\dimen152
\l__flowfram_sfdf_height_dim=\dimen153
\l__flowfram_sfdf_width_dim=\dimen154
\l__flowfram_x_dim=\dimen155
\l__flowfram_evenx_dim=\dimen156
\l__flowfram_y_dim=\dimen157
\l__flowfram_eveny_dim=\dimen158
\l__flowfram_width_dim=\dimen159
\l__flowfram_height_dim=\dimen160
\l__flowfram_offset_dim=\dimen161
\sdfparindent=\skip55
\g__flowfram_html_opts_int=\count305
\flowframesep=\skip56
\flowframerule=\skip57
\staticframe=\box55
\ffareawidth=\skip58
\ffareaheight=\skip59
\ffareax=\skip60
\ffareay=\skip61
\ffareaevenx=\skip62
\ffareaeveny=\skip63
\fftolerance=\skip64
\g__flowfram_saved_thisframe_int=\count306
\g__flowfram_dynamic_header_int=\count307
\g__flowfram_dynamic_even_header_int=\count308
\g__flowfram_dynamic_footer_int=\count309
\g__flowfram_dynamic_even_footer_int=\count310
\g__flowfram_current_page_int=\count311
\l__all_content_box=\box56
\l__all_content_height_dim=\dimen162
\g__flowfram_next_frame_int=\count312
\vcolumnsep=\skip65
\l__flowfram_adjust_height_int=\count313
\l__flowfram_this_strip_int=\count314
\ffcolumnseprule=\skip66
\l__flowfram_left_x_dim=\dimen163
\l__flowfram_left_y_dim=\dimen164
\l__flowfram_left_evenx_dim=\dimen165
\l__flowfram_left_eveny_dim=\dimen166
\l__flowfram_left_width_dim=\dimen167
\l__flowfram_left_height_dim=\dimen168
\g__flowfram_chaphead_frame_id=\count315
\g__flowfram_chaphead_id_int=\count316
\c@maxthumbtabs=\count317
\c@thumbtabnonum=\count318
\thumbtabwidth=\skip67
\g__flowfram_minitoc_level_int=\count319
\c@maxtocunits=\count320
\c@maxminitoc=\count321
\g__flowfram_toc_level_int=\count322
\c_flowfram_level_part_int=\count323
\beforeminitocskip=\skip68
\afterminitocskip=\skip69
\g__flowfram_minitoc_frame_id=\count324
\c@minitoc=\count325
)
(/usr/local/texlive/2026/texmf-dist/tex/latex/geometry/geometry.sty
Package: geometry 2026/03/07 v6.0 Page Geometry

(/usr/local/texlive/2026/texmf-dist/tex/generic/iftex/ifvtex.sty
Package: ifvtex 2019/10/25 v1.7 ifvtex legacy package. Use iftex instead.
)
\Gm@cnth=\count326
\Gm@cntv=\count327
\c@Gm@tempcnt=\count328
\Gm@bindingoffset=\dimen169
\Gm@wd@mp=\dimen170
\Gm@odd@mp=\dimen171
\Gm@even@mp=\dimen172
\Gm@layoutwidth=\dimen173
\Gm@layoutheight=\dimen174
\Gm@layouthoffset=\dimen175
\Gm@layoutvoffset=\dimen176
\Gm@dimlist=\toks19
)
\leftX=\skip70
\leftY=\skip71
\leftH=\skip72
\leftW=\skip73
\rightX=\skip74
\rightY=\skip75
\rightH=\skip76
\rightW=\skip77
\g__flowfram_static_width_i_dim=\dimen177
\g__flowfram_static_height_i_dim=\dimen178
\g__flowfram_static_posx_i_dim=\dimen179
\g__flowfram_static_posy_i_dim=\dimen180
\g__flowfram_static_evenx_i_dim=\dimen181
\g__flowfram_static_eveny_i_dim=\dimen182
\g__flowfram_static_content_i_box=\box57
\g__flowfram_static_width_ii_dim=\dimen183
\g__flowfram_static_height_ii_dim=\dimen184
\g__flowfram_static_posx_ii_dim=\dimen185
\g__flowfram_static_posy_ii_dim=\dimen186
\g__flowfram_static_evenx_ii_dim=\dimen187
\g__flowfram_static_eveny_ii_dim=\dimen188
\g__flowfram_static_content_ii_box=\box58
\g__flowfram_static_width_iii_dim=\dimen189
\g__flowfram_static_height_iii_dim=\dimen190
\g__flowfram_static_posx_iii_dim=\dimen191
\g__flowfram_static_posy_iii_dim=\dimen192
\g__flowfram_static_evenx_iii_dim=\dimen193
\g__flowfram_static_eveny_iii_dim=\dimen194
\g__flowfram_static_content_iii_box=\box59
<egg.png, id=1, 71.26625pt x 76.285pt>
File: egg.png Graphic file (type png)
<use egg.png>
Package pdftex.def Info: egg.png  used on input line 73.
(pdftex.def)             Requested size: 64.139pt x 68.65585pt.
LaTeX Font Info:    External font `cmex10' loaded for size
(Font)              <12> on input line 73.
LaTeX Font Info:    External font `cmex10' loaded for size
(Font)              <8> on input line 73.
LaTeX Font Info:    External font `cmex10' loaded for size
(Font)              <6> on input line 73.
\g__flowfram_static_width_iv_dim=\dimen195
\g__flowfram_static_height_iv_dim=\dimen196
\g__flowfram_static_posx_iv_dim=\dimen197
\g__flowfram_static_posy_iv_dim=\dimen198
\g__flowfram_static_evenx_iv_dim=\dimen199
\g__flowfram_static_eveny_iv_dim=\dimen256
\g__flowfram_static_content_iv_box=\box60
\g__flowfram_static_width_v_dim=\dimen257
\g__flowfram_static_height_v_dim=\dimen258
\g__flowfram_static_posx_v_dim=\dimen259
\g__flowfram_static_posy_v_dim=\dimen260
\g__flowfram_static_evenx_v_dim=\dimen261
\g__flowfram_static_eveny_v_dim=\dimen262
\g__flowfram_static_content_v_box=\box61
\g__flowfram_static_width_vi_dim=\dimen263
\g__flowfram_static_height_vi_dim=\dimen264
\g__flowfram_static_posx_vi_dim=\dimen265
\g__flowfram_static_posy_vi_dim=\dimen266
\g__flowfram_static_evenx_vi_dim=\dimen267
\g__flowfram_static_eveny_vi_dim=\dimen268
\g__flowfram_static_content_vi_box=\box62
\g__flowfram_static_width_vii_dim=\dimen269
\g__flowfram_static_height_vii_dim=\dimen270
\g__flowfram_static_posx_vii_dim=\dimen271
\g__flowfram_static_posy_vii_dim=\dimen272
\g__flowfram_static_evenx_vii_dim=\dimen273
\g__flowfram_static_eveny_vii_dim=\dimen274
\g__flowfram_static_content_vii_box=\box63
\g__flowfram_flow_width_i_dim=\dimen275
\g__flowfram_flow_height_i_dim=\dimen276
\g__flowfram_flow_posx_i_dim=\dimen277
\g__flowfram_flow_posy_i_dim=\dimen278
\g__flowfram_flow_evenx_i_dim=\dimen279
\g__flowfram_flow_eveny_i_dim=\dimen280
\g__flowfram_flow_column_i_box=\box64
\g__flowfram_flow_width_ii_dim=\dimen281
\g__flowfram_flow_height_ii_dim=\dimen282
\g__flowfram_flow_posx_ii_dim=\dimen283
\g__flowfram_flow_posy_ii_dim=\dimen284
\g__flowfram_flow_evenx_ii_dim=\dimen285
\g__flowfram_flow_eveny_ii_dim=\dimen286
\g__flowfram_flow_column_ii_box=\box65
\g__flowfram_static_width_viii_dim=\dimen287
\g__flowfram_static_height_viii_dim=\dimen288
\g__flowfram_static_posx_viii_dim=\dimen289
\g__flowfram_static_posy_viii_dim=\dimen290
\g__flowfram_static_evenx_viii_dim=\dimen291
\g__flowfram_static_eveny_viii_dim=\dimen292
\g__flowfram_static_content_viii_box=\box66
<sheep.png, id=3, 58.2175pt x 46.1725pt>
File: sheep.png Graphic file (type png)
<use sheep.png>
Package pdftex.def Info: sheep.png  used on input line 133.
(pdftex.def)             Requested size: 69.86063pt x 55.4067pt.

(/usr/local/texlive/2026/texmf-dist/tex/latex/l3backend/l3backend-pdftex.def
File: l3backend-pdftex.def 2025-10-09 L3 backend support: PDF output (pdfTeX)
\l__color_backend_stack_int=\count329
)
(./sample-news2.aux)
\openout1 = `sample-news2.aux'.

LaTeX Font Info:    Checking defaults for OML/cmm/m/it on input line 138.
LaTeX Font Info:    ... okay on input line 138.
LaTeX Font Info:    Checking defaults for OMS/cmsy/m/n on input line 138.
LaTeX Font Info:    ... okay on input line 138.
LaTeX Font Info:    Checking defaults for OT1/cmr/m/n on input line 138.
LaTeX Font Info:    ... okay on input line 138.
LaTeX Font Info:    Checking defaults for T1/cmr/m/n on input line 138.
LaTeX Font Info:    ... okay on input line 138.
LaTeX Font Info:    Checking defaults for TS1/cmr/m/n on input line 138.
LaTeX Font Info:    ... okay on input line 138.
LaTeX Font Info:    Checking defaults for OMX/cmex/m/n on input line 138.
LaTeX Font Info:    ... okay on input line 138.
LaTeX Font Info:    Checking defaults for U/cmr/m/n on input line 138.
LaTeX Font Info:    ... okay on input line 138.

(/usr/local/texlive/2026/texmf-dist/tex/context/base/mkii/supp-pdf.mkii
[Loading MPS to PDF converter (version 2006.09.02).]
\scratchcounter=\count330
\scratchdimen=\dimen293
\scratchbox=\box67
\nofMPsegments=\count331
\nofMParguments=\count332
\everyMPshowfont=\toks20
\MPscratchCnt=\count333
\MPscratchDim=\dimen294
\MPnumerator=\count334
\makeMPintoPDFobject=\count335
\everyMPtoPDFconversion=\toks21
) (/usr/local/texlive/2026/texmf-dist/tex/latex/epstopdf-pkg/epstopdf-base.sty
Package: epstopdf-base 2020-01-24 v2.11 Base part for package epstopdf
Package epstopdf-base Info: Redefining graphics rule for `.eps' on input line 4
85.

(/usr/local/texlive/2026/texmf-dist/tex/latex/latexconfig/epstopdf-sys.cfg
File: epstopdf-sys.cfg 2010/07/13 v1.3 Configuration of (r)epstopdf for TeX Liv
e
))
*geometry* driver: auto-detecting
*geometry* detected driver: pdftex
*geometry* verbose mode - [ preamble ] result:
* driver: pdftex
* paper: a4paper
* layout: <same size as paper>
* layoutoffset:(h,v)=(0.0pt,0.0pt)
* modes: 
* h-part:(L,W,R)=(56.9055pt, 483.69687pt, 56.9055pt)
* v-part:(T,H,B)=(56.9055pt, 731.23584pt, 56.9055pt)
* \paperwidth=597.50787pt
* \paperheight=845.04684pt
* \textwidth=483.69687pt
* \textheight=217.5pt
* \oddsidemargin=-15.36449pt
* \evensidemargin=-15.36449pt
* \topmargin=-52.36449pt
* \headheight=12.0pt
* \headsep=25.0pt
* \topskip=12.0pt
* \footskip=30.0pt
* \marginparwidth=44.0pt
* \marginparsep=10.0pt
* \columnsep=10.0pt
* \skip\footins=10.8pt plus 4.0pt minus 2.0pt
* \hoffset=0.0pt
* \voffset=0.0pt
* \mag=1000
* \@twocolumntrue
* \@twosidefalse
* \@mparswitchfalse
* \@reversemargintrue
* (1in=72.27pt=25.4mm, 1cm=28.453pt)


Overfull \hbox (259.47325pt too wide) in paragraph at lines 148--172
| $[]$ 
 []


Overfull \hbox (17.62482pt too wide) in paragraph at lines 175--190
| $[]$ 
 []


Underfull \hbox (badness 2245) in paragraph at lines 175--190
| \OT1/cmr/m/n/12 Humpty Dumpty was be-lieved to be
 []


Overfull \hbox (5.13377pt too wide) in paragraph at lines 196--199
[]\OT1/cmr/m/n/12 There was much cel-e-bra-tion yes-ter-day morn-
 []


Overfull \hbox (2.35327pt too wide) in paragraph at lines 196--199
\OT1/cmr/m/n/12 ing when Lit-tle Bo Peep's sheep fi-nally re-turned
 []


Overfull \hbox (6.13469pt too wide) in paragraph at lines 213--219
\OT1/cmr/m/n/12 press con-fer-ence yes-ter-day af-ter-noon. The sheep
 []


Overfull \hbox (7.3532pt too wide) in paragraph at lines 219--222
\OT1/cmr/m/n/12 still try-ing to de-ter-mine what hap-pened to them.
 []

[1{/usr/local/texlive/2026/texmf-var/fonts/map/pdftex/updmap/pdftex.map}

 <./egg.png> <./sheep.png (PNG copy)>] (./sample-news2.aux)
 ***********
LaTeX2e <2025-11-01>
L3 programming layer <2026-01-19>
 ***********
 ) 
Here is how much of TeX's memory you used:
 5173 strings out of 467525
 108685 string characters out of 5418982
 540462 words of memory out of 5000000
 34057 multiletter control sequences out of 15000+600000
 632492 words of font info for 56 fonts, out of 8000000 for 9000
 1141 hyphenation exceptions out of 8191
 76i,9n,79p,261b,372s stack positions out of 10000i,1000n,20000p,200000b,200000s
</usr/local/texlive/2026/texmf-dist/fonts/type1/public/amsfonts/cm/cmbx12.pfb
></usr/local/texlive/2026/texmf-dist/fonts/type1/public/amsfonts/cm/cmr12.pfb><
/usr/local/texlive/2026/texmf-dist/fonts/type1/public/amsfonts/cm/cmti10.pfb></
usr/local/texlive/2026/texmf-dist/fonts/type1/public/amsfonts/cm/cmtt12.pfb>
Output written on sample-news2.pdf (1 page, 56063 bytes).
PDF statistics:
 32 PDF objects out of 1000 (max. 8388607)
 17 compressed objects within 1 object stream
 0 named destinations out of 1000 (max. 500000)
 11 words of extra memory for PDF output out of 10000 (max. 10000000)

