This is pdfTeX, Version 3.141592653-2.6-1.40.29 (TeX Live 2026) (preloaded format=pdflatex)
 restricted \write18 enabled.
entering extended mode
(./demo-arguelles.tex
LaTeX2e <2025-11-01>
L3 programming layer <2026-01-19>
(/usr/local/texlive/2026/texmf-dist/tex/latex/beamer/beamer.cls
Document Class: beamer 2026/01/22 v3.77 A class for typesetting presentations
(/usr/local/texlive/2026/texmf-dist/tex/latex/beamer/beamerbasemodes.sty
(/usr/local/texlive/2026/texmf-dist/tex/latex/etoolbox/etoolbox.sty)
(/usr/local/texlive/2026/texmf-dist/tex/latex/beamer/beamerbasedecode.sty))
(/usr/local/texlive/2026/texmf-dist/tex/generic/iftex/iftex.sty)
(/usr/local/texlive/2026/texmf-dist/tex/latex/beamer/beamerbaseoptions.sty
(/usr/local/texlive/2026/texmf-dist/tex/latex/graphics/keyval.sty))
(/usr/local/texlive/2026/texmf-dist/tex/latex/geometry/geometry.sty
(/usr/local/texlive/2026/texmf-dist/tex/generic/iftex/ifvtex.sty))
(/usr/local/texlive/2026/texmf-dist/tex/latex/pgf/math/pgfmath.sty
(/usr/local/texlive/2026/texmf-dist/tex/latex/pgf/utilities/pgfrcs.sty
(/usr/local/texlive/2026/texmf-dist/tex/generic/pgf/utilities/pgfutil-common.te
x)
(/usr/local/texlive/2026/texmf-dist/tex/generic/pgf/utilities/pgfutil-latex.def
) (/usr/local/texlive/2026/texmf-dist/tex/generic/pgf/utilities/pgfrcs.code.tex
(/usr/local/texlive/2026/texmf-dist/tex/generic/pgf/pgf.revision.tex)))
(/usr/local/texlive/2026/texmf-dist/tex/latex/pgf/utilities/pgfkeys.sty
(/usr/local/texlive/2026/texmf-dist/tex/generic/pgf/utilities/pgfkeys.code.tex
(/usr/local/texlive/2026/texmf-dist/tex/generic/pgf/utilities/pgfkeyslibraryfil
tered.code.tex)))
(/usr/local/texlive/2026/texmf-dist/tex/generic/pgf/math/pgfmath.code.tex
(/usr/local/texlive/2026/texmf-dist/tex/generic/pgf/math/pgfmathutil.code.tex)
(/usr/local/texlive/2026/texmf-dist/tex/generic/pgf/math/pgfmathparser.code.tex
)
(/usr/local/texlive/2026/texmf-dist/tex/generic/pgf/math/pgfmathfunctions.code.
tex)
(/usr/local/texlive/2026/texmf-dist/tex/generic/pgf/math/pgfmathfunctions.basic
.code.tex)
(/usr/local/texlive/2026/texmf-dist/tex/generic/pgf/math/pgfmathfunctions.trigo
nometric.code.tex)
(/usr/local/texlive/2026/texmf-dist/tex/generic/pgf/math/pgfmathfunctions.rando
m.code.tex)
(/usr/local/texlive/2026/texmf-dist/tex/generic/pgf/math/pgfmathfunctions.compa
rison.code.tex)
(/usr/local/texlive/2026/texmf-dist/tex/generic/pgf/math/pgfmathfunctions.base.
code.tex)
(/usr/local/texlive/2026/texmf-dist/tex/generic/pgf/math/pgfmathfunctions.round
.code.tex)
(/usr/local/texlive/2026/texmf-dist/tex/generic/pgf/math/pgfmathfunctions.misc.
code.tex)
(/usr/local/texlive/2026/texmf-dist/tex/generic/pgf/math/pgfmathfunctions.integ
erarithmetics.code.tex)
(/usr/local/texlive/2026/texmf-dist/tex/generic/pgf/math/pgfmathcalc.code.tex)
(/usr/local/texlive/2026/texmf-dist/tex/generic/pgf/math/pgfmathfloat.code.tex)
)) (/usr/local/texlive/2026/texmf-dist/tex/latex/base/size12.clo)
(/usr/local/texlive/2026/texmf-dist/tex/latex/pgf/basiclayer/pgfcore.sty
(/usr/local/texlive/2026/texmf-dist/tex/latex/graphics/graphicx.sty
(/usr/local/texlive/2026/texmf-dist/tex/latex/graphics/graphics.sty
(/usr/local/texlive/2026/texmf-dist/tex/latex/graphics/trig.sty)
(/usr/local/texlive/2026/texmf-dist/tex/latex/graphics-cfg/graphics.cfg)
(/usr/local/texlive/2026/texmf-dist/tex/latex/graphics-def/pdftex.def)))
(/usr/local/texlive/2026/texmf-dist/tex/latex/pgf/systemlayer/pgfsys.sty
(/usr/local/texlive/2026/texmf-dist/tex/generic/pgf/systemlayer/pgfsys.code.tex
(/usr/local/texlive/2026/texmf-dist/tex/generic/pgf/systemlayer/pgf.cfg)
(/usr/local/texlive/2026/texmf-dist/tex/generic/pgf/systemlayer/pgfsys-pdftex.d
ef
(/usr/local/texlive/2026/texmf-dist/tex/generic/pgf/systemlayer/pgfsys-common-p
df.def)))
(/usr/local/texlive/2026/texmf-dist/tex/generic/pgf/systemlayer/pgfsyssoftpath.
code.tex)
(/usr/local/texlive/2026/texmf-dist/tex/generic/pgf/systemlayer/pgfsysprotocol.
code.tex)) (/usr/local/texlive/2026/texmf-dist/tex/latex/xcolor/xcolor.sty
(/usr/local/texlive/2026/texmf-dist/tex/latex/graphics-cfg/color.cfg)
(/usr/local/texlive/2026/texmf-dist/tex/latex/graphics/mathcolor.ltx))
(/usr/local/texlive/2026/texmf-dist/tex/generic/pgf/basiclayer/pgfcore.code.tex
(/usr/local/texlive/2026/texmf-dist/tex/generic/pgf/math/pgfint.code.tex)
(/usr/local/texlive/2026/texmf-dist/tex/generic/pgf/basiclayer/pgfcorepoints.co
de.tex)
(/usr/local/texlive/2026/texmf-dist/tex/generic/pgf/basiclayer/pgfcorepathconst
ruct.code.tex)
(/usr/local/texlive/2026/texmf-dist/tex/generic/pgf/basiclayer/pgfcorepathusage
.code.tex)
(/usr/local/texlive/2026/texmf-dist/tex/generic/pgf/basiclayer/pgfcorescopes.co
de.tex)
(/usr/local/texlive/2026/texmf-dist/tex/generic/pgf/basiclayer/pgfcoregraphicst
ate.code.tex)
(/usr/local/texlive/2026/texmf-dist/tex/generic/pgf/basiclayer/pgfcoretransform
ations.code.tex)
(/usr/local/texlive/2026/texmf-dist/tex/generic/pgf/basiclayer/pgfcorequick.cod
e.tex)
(/usr/local/texlive/2026/texmf-dist/tex/generic/pgf/basiclayer/pgfcoreobjects.c
ode.tex)
(/usr/local/texlive/2026/texmf-dist/tex/generic/pgf/basiclayer/pgfcorepathproce
ssing.code.tex)
(/usr/local/texlive/2026/texmf-dist/tex/generic/pgf/basiclayer/pgfcorearrows.co
de.tex)
(/usr/local/texlive/2026/texmf-dist/tex/generic/pgf/basiclayer/pgfcoreshade.cod
e.tex)
(/usr/local/texlive/2026/texmf-dist/tex/generic/pgf/basiclayer/pgfcoreimage.cod
e.tex)
(/usr/local/texlive/2026/texmf-dist/tex/generic/pgf/basiclayer/pgfcoreexternal.
code.tex)
(/usr/local/texlive/2026/texmf-dist/tex/generic/pgf/basiclayer/pgfcorelayers.co
de.tex)
(/usr/local/texlive/2026/texmf-dist/tex/generic/pgf/basiclayer/pgfcoretranspare
ncy.code.tex)
(/usr/local/texlive/2026/texmf-dist/tex/generic/pgf/basiclayer/pgfcorepatterns.
code.tex)
(/usr/local/texlive/2026/texmf-dist/tex/generic/pgf/basiclayer/pgfcorerdf.code.
tex))) (/usr/local/texlive/2026/texmf-dist/tex/latex/pgf/utilities/xxcolor.sty)
 (/usr/local/texlive/2026/texmf-dist/tex/latex/base/atbegshi-ltx.sty)
(/usr/local/texlive/2026/texmf-dist/tex/latex/hyperref/hyperref.sty
(/usr/local/texlive/2026/texmf-dist/tex/latex/kvsetkeys/kvsetkeys.sty)
(/usr/local/texlive/2026/texmf-dist/tex/generic/kvdefinekeys/kvdefinekeys.sty)
(/usr/local/texlive/2026/texmf-dist/tex/generic/pdfescape/pdfescape.sty
(/usr/local/texlive/2026/texmf-dist/tex/generic/ltxcmds/ltxcmds.sty)
(/usr/local/texlive/2026/texmf-dist/tex/generic/pdftexcmds/pdftexcmds.sty
(/usr/local/texlive/2026/texmf-dist/tex/generic/infwarerr/infwarerr.sty)))
(/usr/local/texlive/2026/texmf-dist/tex/latex/hycolor/hycolor.sty)
(/usr/local/texlive/2026/texmf-dist/tex/latex/hyperref/nameref.sty
(/usr/local/texlive/2026/texmf-dist/tex/latex/refcount/refcount.sty)
(/usr/local/texlive/2026/texmf-dist/tex/generic/gettitlestring/gettitlestring.s
ty (/usr/local/texlive/2026/texmf-dist/tex/latex/kvoptions/kvoptions.sty)))
(/usr/local/texlive/2026/texmf-dist/tex/generic/stringenc/stringenc.sty)
(/usr/local/texlive/2026/texmf-dist/tex/latex/hyperref/pd1enc.def)
(/usr/local/texlive/2026/texmf-dist/tex/generic/intcalc/intcalc.sty)
(/usr/local/texlive/2026/texmf-dist/tex/latex/hyperref/puenc.def)
(/usr/local/texlive/2026/texmf-dist/tex/latex/url/url.sty)
(/usr/local/texlive/2026/texmf-dist/tex/generic/bitset/bitset.sty
(/usr/local/texlive/2026/texmf-dist/tex/generic/bigintcalc/bigintcalc.sty))

Package hyperref Message: Stopped early.

) (/usr/local/texlive/2026/texmf-dist/tex/latex/hyperref/hpdftex.def
(/usr/local/texlive/2026/texmf-dist/tex/latex/rerunfilecheck/rerunfilecheck.sty

(/usr/local/texlive/2026/texmf-dist/tex/generic/uniquecounter/uniquecounter.sty
))) (/usr/local/texlive/2026/texmf-dist/tex/latex/beamer/beamerbaserequires.sty

(/usr/local/texlive/2026/texmf-dist/tex/latex/beamer/beamerbasecompatibility.st
y) (/usr/local/texlive/2026/texmf-dist/tex/latex/beamer/beamerbasefont.sty
(/usr/local/texlive/2026/texmf-dist/tex/latex/amsfonts/amssymb.sty
(/usr/local/texlive/2026/texmf-dist/tex/latex/amsfonts/amsfonts.sty))
(/usr/local/texlive/2026/texmf-dist/tex/latex/sansmathaccent/sansmathaccent.sty
(/usr/local/texlive/2026/texmf-dist/tex/latex/koma-script/scrlfile.sty
(/usr/local/texlive/2026/texmf-dist/tex/latex/koma-script/scrlfile-hook.sty
(/usr/local/texlive/2026/texmf-dist/tex/latex/koma-script/scrlogo.sty)))))
(/usr/local/texlive/2026/texmf-dist/tex/latex/beamer/beamerbasetranslator.sty
(/usr/local/texlive/2026/texmf-dist/tex/latex/translator/translator.sty))
(/usr/local/texlive/2026/texmf-dist/tex/latex/beamer/beamerbasemisc.sty)
(/usr/local/texlive/2026/texmf-dist/tex/latex/beamer/beamerbasetwoscreens.sty)
(/usr/local/texlive/2026/texmf-dist/tex/latex/beamer/beamerbaseoverlay.sty)
(/usr/local/texlive/2026/texmf-dist/tex/latex/beamer/beamerbasetitle.sty)
(/usr/local/texlive/2026/texmf-dist/tex/latex/beamer/beamerbasesection.sty)
(/usr/local/texlive/2026/texmf-dist/tex/latex/beamer/beamerbaseframe.sty)
(/usr/local/texlive/2026/texmf-dist/tex/latex/beamer/beamerbaseverbatim.sty)
(/usr/local/texlive/2026/texmf-dist/tex/latex/beamer/beamerbaseframesize.sty)
(/usr/local/texlive/2026/texmf-dist/tex/latex/beamer/beamerbaseframecomponents.
sty) (/usr/local/texlive/2026/texmf-dist/tex/latex/beamer/beamerbasecolor.sty)
(/usr/local/texlive/2026/texmf-dist/tex/latex/beamer/beamerbasenotes.sty)
(/usr/local/texlive/2026/texmf-dist/tex/latex/beamer/beamerbasetoc.sty)
(/usr/local/texlive/2026/texmf-dist/tex/latex/beamer/beamerbasetemplates.sty
(/usr/local/texlive/2026/texmf-dist/tex/latex/beamer/beamerbaseauxtemplates.sty
(/usr/local/texlive/2026/texmf-dist/tex/latex/beamer/beamerbaseboxes.sty)))
(/usr/local/texlive/2026/texmf-dist/tex/latex/beamer/beamerbaselocalstructure.s
ty (/usr/local/texlive/2026/texmf-dist/tex/latex/tools/enumerate.sty))
(/usr/local/texlive/2026/texmf-dist/tex/latex/beamer/beamerbasenavigation.sty
(/usr/local/texlive/2026/texmf-dist/tex/latex/beamer/beamerbasenavigationsymbol
s.tex))
(/usr/local/texlive/2026/texmf-dist/tex/latex/beamer/beamerbasetheorems.sty
(/usr/local/texlive/2026/texmf-dist/tex/latex/amsmath/amsmath.sty
For additional information on amsmath, use the `?' option.
(/usr/local/texlive/2026/texmf-dist/tex/latex/amsmath/amstext.sty
(/usr/local/texlive/2026/texmf-dist/tex/latex/amsmath/amsgen.sty))
(/usr/local/texlive/2026/texmf-dist/tex/latex/amsmath/amsbsy.sty)
(/usr/local/texlive/2026/texmf-dist/tex/latex/amsmath/amsopn.sty))
(/usr/local/texlive/2026/texmf-dist/tex/latex/amscls/amsthm.sty))
(/usr/local/texlive/2026/texmf-dist/tex/latex/beamer/beamerbasethemes.sty))
(/usr/local/texlive/2026/texmf-dist/tex/latex/beamer/beamerthemedefault.sty
(/usr/local/texlive/2026/texmf-dist/tex/latex/beamer/beamerfontthemedefault.sty
)
(/usr/local/texlive/2026/texmf-dist/tex/latex/beamer/beamercolorthemedefault.st
y)
(/usr/local/texlive/2026/texmf-dist/tex/latex/beamer/beamerinnerthemedefault.st
y)
(/usr/local/texlive/2026/texmf-dist/tex/latex/beamer/beamerouterthemedefault.st
y)))
(/usr/local/texlive/2026/texmf-dist/tex/latex/beamertheme-arguelles/beamertheme
Arguelles.sty
(/usr/local/texlive/2026/texmf-dist/tex/generic/iftex/ifluatex.sty)
(/usr/local/texlive/2026/texmf-dist/tex/generic/iftex/ifxetex.sty)
(/usr/local/texlive/2026/texmf-dist/tex/latex/base/inputenc.sty)
(/usr/local/texlive/2026/texmf-dist/tex/latex/base/fontenc.sty)
(/usr/local/texlive/2026/texmf-dist/tex/latex/alegreya/Alegreya.sty
(/usr/local/texlive/2026/texmf-dist/tex/latex/base/textcomp.sty)
(/usr/local/texlive/2026/texmf-dist/tex/latex/xkeyval/xkeyval.sty
(/usr/local/texlive/2026/texmf-dist/tex/generic/xkeyval/xkeyval.tex
(/usr/local/texlive/2026/texmf-dist/tex/generic/xkeyval/xkvutils.tex)))
(/usr/local/texlive/2026/texmf-dist/tex/latex/base/fontenc.sty)
(/usr/local/texlive/2026/texmf-dist/tex/latex/fontaxes/fontaxes.sty
(/usr/local/texlive/2026/texmf-dist/tex/latex/figureversions/figureversions.sty
))) (/usr/local/texlive/2026/texmf-dist/tex/latex/alegreya/AlegreyaSans.sty
(/usr/local/texlive/2026/texmf-dist/tex/latex/base/fontenc.sty))
(/usr/local/texlive/2026/texmf-dist/tex/latex/eulervm/eulervm.sty)
(/usr/local/texlive/2026/texmf-dist/tex/latex/mathalpha/mathalpha.sty
`mathalpha' v1.145, 2025/01/17, a renaming of mathalfa (msharpe))
(/usr/local/texlive/2026/texmf-dist/tex/latex/microtype/microtype.sty
(/usr/local/texlive/2026/texmf-dist/tex/latex/microtype/microtype-pdftex.def)
(/usr/local/texlive/2026/texmf-dist/tex/latex/microtype/microtype.cfg))
(/usr/local/texlive/2026/texmf-dist/tex/latex/fontawesome5/fontawesome5.sty
(/usr/local/texlive/2026/texmf-dist/tex/latex/l3kernel/expl3.sty
(/usr/local/texlive/2026/texmf-dist/tex/latex/l3backend/l3backend-pdftex.def))
(/usr/local/texlive/2026/texmf-dist/tex/latex/l3packages/l3keys2e/l3keys2e.sty)
 (/usr/local/texlive/2026/texmf-dist/tex/latex/l3packages/xparse/xparse.sty)
(/usr/local/texlive/2026/texmf-dist/tex/latex/fontawesome5/fontawesome5-generic
-helper.sty
(/usr/local/texlive/2026/texmf-dist/tex/latex/fontawesome5/fontawesome5-mapping
.def))) (/usr/local/texlive/2026/texmf-dist/tex/latex/opencolor/opencolor.sty)
(/usr/local/texlive/2026/texmf-dist/tex/latex/enumitem/enumitem.sty)
(/usr/local/texlive/2026/texmf-dist/tex/latex/parskip/parskip.sty)
(/usr/local/texlive/2026/texmf-dist/tex/latex/pgf/frontendlayer/tikz.sty
(/usr/local/texlive/2026/texmf-dist/tex/latex/pgf/basiclayer/pgf.sty
(/usr/local/texlive/2026/texmf-dist/tex/generic/pgf/modules/pgfmoduleshapes.cod
e.tex)
(/usr/local/texlive/2026/texmf-dist/tex/generic/pgf/modules/pgfmoduleplot.code.
tex)
(/usr/local/texlive/2026/texmf-dist/tex/latex/pgf/compatibility/pgfcomp-version
-0-65.sty)
(/usr/local/texlive/2026/texmf-dist/tex/latex/pgf/compatibility/pgfcomp-version
-1-18.sty))
(/usr/local/texlive/2026/texmf-dist/tex/latex/pgf/utilities/pgffor.sty
(/usr/local/texlive/2026/texmf-dist/tex/generic/pgf/utilities/pgffor.code.tex))

(/usr/local/texlive/2026/texmf-dist/tex/generic/pgf/frontendlayer/tikz/tikz.cod
e.tex
(/usr/local/texlive/2026/texmf-dist/tex/generic/pgf/libraries/pgflibraryplothan
dlers.code.tex)
(/usr/local/texlive/2026/texmf-dist/tex/generic/pgf/modules/pgfmodulematrix.cod
e.tex)
(/usr/local/texlive/2026/texmf-dist/tex/generic/pgf/frontendlayer/tikz/librarie
s/tikzlibrarytopaths.code.tex)))
(/usr/local/texlive/2026/texmf-dist/tex/latex/tcolorbox/tcolorbox.sty
(/usr/local/texlive/2026/texmf-dist/tex/latex/tools/verbatim.sty)
(/usr/local/texlive/2026/texmf-dist/tex/latex/environ/environ.sty
(/usr/local/texlive/2026/texmf-dist/tex/latex/trimspaces/trimspaces.sty))
(/usr/local/texlive/2026/texmf-dist/tex/latex/tcolorbox/tcbskins.code.tex
Library (tcolorbox): 'tcbskins.code.tex' version '6.9.0'
(/usr/local/texlive/2026/texmf-dist/tex/latex/tikzfill/tikzfill.image.sty
(/usr/local/texlive/2026/texmf-dist/tex/latex/tikzfill/tikzfill-common.sty)
(/usr/local/texlive/2026/texmf-dist/tex/latex/tikzfill/tikzlibraryfill.image.co
de.tex))
(/usr/local/texlive/2026/texmf-dist/tex/latex/tcolorbox/tcbskinsjigsaw.code.tex
Library (tcolorbox): 'tcbskinsjigsaw.code.tex' version '6.9.0'
)))
(/usr/local/texlive/2026/texmf-dist/tex/generic/pgf/frontendlayer/tikz/librarie
s/tikzlibrarycalc.code.tex)
(/usr/local/texlive/2026/texmf-dist/tex/latex/beamertheme-arguelles/beamerinner
themeArguelles.sty)
(/usr/local/texlive/2026/texmf-dist/tex/latex/beamertheme-arguelles/beamerouter
themeArguelles.sty)
(/usr/local/texlive/2026/texmf-dist/tex/latex/beamertheme-arguelles/beamercolor
themeArguelles.sty)
(/usr/local/texlive/2026/texmf-dist/tex/latex/beamertheme-arguelles/beamerfontt
hemeArguelles.sty)
(/usr/local/texlive/2026/texmf-dist/tex/latex/beamer/beamerfontthemeserif.sty))
(/usr/local/texlive/2026/texmf-dist/tex/latex/alegreya/T1Alegreya-OsF.fd)
No file demo-arguelles.aux.
*geometry* driver: auto-detecting
*geometry* detected driver: pdftex
(/usr/local/texlive/2026/texmf-dist/tex/context/base/mkii/supp-pdf.mkii
[Loading MPS to PDF converter (version 2006.09.02).]
) (/usr/local/texlive/2026/texmf-dist/tex/latex/epstopdf-pkg/epstopdf-base.sty
(/usr/local/texlive/2026/texmf-dist/tex/latex/latexconfig/epstopdf-sys.cfg))
(/usr/local/texlive/2026/texmf-dist/tex/latex/translator/translator-basic-dicti
onary-English.dict)
(/usr/local/texlive/2026/texmf-dist/tex/latex/translator/translator-bibliograph
y-dictionary-English.dict)
(/usr/local/texlive/2026/texmf-dist/tex/latex/translator/translator-environment
-dictionary-English.dict)
(/usr/local/texlive/2026/texmf-dist/tex/latex/translator/translator-months-dict
ionary-English.dict)
(/usr/local/texlive/2026/texmf-dist/tex/latex/translator/translator-numbers-dic
tionary-English.dict)
(/usr/local/texlive/2026/texmf-dist/tex/latex/translator/translator-theorem-dic
tionary-English.dict)
No file demo-arguelles.nav.
(/usr/local/texlive/2026/texmf-dist/tex/latex/alegreya/T1AlegreyaSans-OsF.fd)
(/usr/local/texlive/2026/texmf-dist/tex/latex/fontawesome5/ufontawesomefree1.fd
)
(/usr/local/texlive/2026/texmf-dist/tex/latex/fontawesome5/ufontawesomebrands0.
fd) [1{/usr/local/texlive/2026/texmf-var/fonts/map/pdftex/updmap/pdftex.map}{/u
sr/local/texlive/2026/texmf-dist/fonts/enc/dvips/alegreya/algr_p7kywn.enc}{/usr
/local/texlive/2026/texmf-dist/fonts/enc/dvips/alegreya/algr_u7nq5p.enc}{/usr/l
ocal/texlive/2026/texmf-dist/fonts/enc/dvips/fontawesome5/fa5free1.enc}{/usr/lo
cal/texlive/2026/texmf-dist/fonts/enc/dvips/fontawesome5/fa5brands0.enc}]
(/usr/local/texlive/2026/texmf-dist/tex/latex/eulervm/uzeur.fd)
(/usr/local/texlive/2026/texmf-dist/tex/latex/microtype/mt-eur.cfg)
(/usr/local/texlive/2026/texmf-dist/tex/latex/eulervm/uzeus.fd)
(/usr/local/texlive/2026/texmf-dist/tex/latex/microtype/mt-eus.cfg)
(/usr/local/texlive/2026/texmf-dist/tex/latex/eulervm/uzeuex.fd)
(/usr/local/texlive/2026/texmf-dist/tex/latex/microtype/mt-msa.cfg)
(/usr/local/texlive/2026/texmf-dist/tex/latex/microtype/mt-msb.cfg) [2]
[3] [4{/usr/local/texlive/2026/texmf-dist/fonts/enc/dvips/cm-super/cm-super-t1.
enc} <./demo-arguelles.png (PNG copy)>] [5] [6{/usr/local/texlive/2026/texmf-di
st/fonts/enc/dvips/alegreya/algr_hxyeky.enc}] [7] (./demo-arguelles.aux)

Package rerunfilecheck Warning: File `demo-arguelles.out' has changed.
(rerunfilecheck)                Rerun to get outlines right
(rerunfilecheck)                or use package `bookmark'.

 )</usr/local/texlive/2026/texmf-dist/fonts/type1/huerta/alegreya/Alegreya-Blac
k.pfb></usr/local/texlive/2026/texmf-dist/fonts/type1/huerta/alegreya/Alegreya-
Bold.pfb></usr/local/texlive/2026/texmf-dist/fonts/type1/huerta/alegreya/Alegre
ya-BoldItalic.pfb></usr/local/texlive/2026/texmf-dist/fonts/type1/huerta/alegre
ya/Alegreya-ExtraBold.pfb></usr/local/texlive/2026/texmf-dist/fonts/type1/huert
a/alegreya/Alegreya-Italic.pfb></usr/local/texlive/2026/texmf-dist/fonts/type1/
huerta/alegreya/Alegreya-Medium.pfb></usr/local/texlive/2026/texmf-dist/fonts/t
ype1/huerta/alegreya/Alegreya-MediumItalic.pfb></usr/local/texlive/2026/texmf-d
ist/fonts/type1/huerta/alegreya/Alegreya-Regular.pfb></usr/local/texlive/2026/t
exmf-dist/fonts/type1/huerta/alegreya/AlegreyaSans-Black.pfb></usr/local/texliv
e/2026/texmf-dist/fonts/type1/huerta/alegreya/AlegreyaSans-ExtraBold.pfb></usr/
local/texlive/2026/texmf-dist/fonts/type1/huerta/alegreya/AlegreyaSans-Light.pf
b></usr/local/texlive/2026/texmf-dist/fonts/type1/huerta/alegreya/AlegreyaSans-
Medium.pfb></usr/local/texlive/2026/texmf-dist/fonts/type1/huerta/alegreya/Aleg
reyaSans-Regular.pfb></usr/local/texlive/2026/texmf-dist/fonts/type1/huerta/ale
greya/AlegreyaSans-Thin.pfb></usr/local/texlive/2026/texmf-dist/fonts/type1/pub
lic/fontawesome5/FontAwesome5Brands-Regular.pfb></usr/local/texlive/2026/texmf-
dist/fonts/type1/public/fontawesome5/FontAwesome5Free-Solid.pfb></usr/local/tex
live/2026/texmf-dist/fonts/type1/public/amsfonts/cm/cmsy10.pfb></usr/local/texl
ive/2026/texmf-dist/fonts/type1/public/amsfonts/euler/eufm10.pfb></usr/local/te
xlive/2026/texmf-dist/fonts/type1/public/amsfonts/euler/eurm10.pfb></usr/local/
texlive/2026/texmf-dist/fonts/type1/public/amsfonts/euler/eurm7.pfb></usr/local
/texlive/2026/texmf-dist/fonts/type1/public/cm-super/sftt1095.pfb></usr/local/t
exlive/2026/texmf-dist/fonts/type1/public/cm-super/sftt1200.pfb>
Output written on demo-arguelles.pdf (7 pages, 1760108 bytes).
Transcript written on demo-arguelles.log.


--- pass break ---

This is pdfTeX, Version 3.141592653-2.6-1.40.29 (TeX Live 2026) (preloaded format=pdflatex)
 restricted \write18 enabled.
entering extended mode
(./demo-arguelles.tex
LaTeX2e <2025-11-01>
L3 programming layer <2026-01-19>
(/usr/local/texlive/2026/texmf-dist/tex/latex/beamer/beamer.cls
Document Class: beamer 2026/01/22 v3.77 A class for typesetting presentations
(/usr/local/texlive/2026/texmf-dist/tex/latex/beamer/beamerbasemodes.sty
(/usr/local/texlive/2026/texmf-dist/tex/latex/etoolbox/etoolbox.sty)
(/usr/local/texlive/2026/texmf-dist/tex/latex/beamer/beamerbasedecode.sty))
(/usr/local/texlive/2026/texmf-dist/tex/generic/iftex/iftex.sty)
(/usr/local/texlive/2026/texmf-dist/tex/latex/beamer/beamerbaseoptions.sty
(/usr/local/texlive/2026/texmf-dist/tex/latex/graphics/keyval.sty))
(/usr/local/texlive/2026/texmf-dist/tex/latex/geometry/geometry.sty
(/usr/local/texlive/2026/texmf-dist/tex/generic/iftex/ifvtex.sty))
(/usr/local/texlive/2026/texmf-dist/tex/latex/pgf/math/pgfmath.sty
(/usr/local/texlive/2026/texmf-dist/tex/latex/pgf/utilities/pgfrcs.sty
(/usr/local/texlive/2026/texmf-dist/tex/generic/pgf/utilities/pgfutil-common.te
x)
(/usr/local/texlive/2026/texmf-dist/tex/generic/pgf/utilities/pgfutil-latex.def
) (/usr/local/texlive/2026/texmf-dist/tex/generic/pgf/utilities/pgfrcs.code.tex
(/usr/local/texlive/2026/texmf-dist/tex/generic/pgf/pgf.revision.tex)))
(/usr/local/texlive/2026/texmf-dist/tex/latex/pgf/utilities/pgfkeys.sty
(/usr/local/texlive/2026/texmf-dist/tex/generic/pgf/utilities/pgfkeys.code.tex
(/usr/local/texlive/2026/texmf-dist/tex/generic/pgf/utilities/pgfkeyslibraryfil
tered.code.tex)))
(/usr/local/texlive/2026/texmf-dist/tex/generic/pgf/math/pgfmath.code.tex
(/usr/local/texlive/2026/texmf-dist/tex/generic/pgf/math/pgfmathutil.code.tex)
(/usr/local/texlive/2026/texmf-dist/tex/generic/pgf/math/pgfmathparser.code.tex
)
(/usr/local/texlive/2026/texmf-dist/tex/generic/pgf/math/pgfmathfunctions.code.
tex)
(/usr/local/texlive/2026/texmf-dist/tex/generic/pgf/math/pgfmathfunctions.basic
.code.tex)
(/usr/local/texlive/2026/texmf-dist/tex/generic/pgf/math/pgfmathfunctions.trigo
nometric.code.tex)
(/usr/local/texlive/2026/texmf-dist/tex/generic/pgf/math/pgfmathfunctions.rando
m.code.tex)
(/usr/local/texlive/2026/texmf-dist/tex/generic/pgf/math/pgfmathfunctions.compa
rison.code.tex)
(/usr/local/texlive/2026/texmf-dist/tex/generic/pgf/math/pgfmathfunctions.base.
code.tex)
(/usr/local/texlive/2026/texmf-dist/tex/generic/pgf/math/pgfmathfunctions.round
.code.tex)
(/usr/local/texlive/2026/texmf-dist/tex/generic/pgf/math/pgfmathfunctions.misc.
code.tex)
(/usr/local/texlive/2026/texmf-dist/tex/generic/pgf/math/pgfmathfunctions.integ
erarithmetics.code.tex)
(/usr/local/texlive/2026/texmf-dist/tex/generic/pgf/math/pgfmathcalc.code.tex)
(/usr/local/texlive/2026/texmf-dist/tex/generic/pgf/math/pgfmathfloat.code.tex)
)) (/usr/local/texlive/2026/texmf-dist/tex/latex/base/size12.clo)
(/usr/local/texlive/2026/texmf-dist/tex/latex/pgf/basiclayer/pgfcore.sty
(/usr/local/texlive/2026/texmf-dist/tex/latex/graphics/graphicx.sty
(/usr/local/texlive/2026/texmf-dist/tex/latex/graphics/graphics.sty
(/usr/local/texlive/2026/texmf-dist/tex/latex/graphics/trig.sty)
(/usr/local/texlive/2026/texmf-dist/tex/latex/graphics-cfg/graphics.cfg)
(/usr/local/texlive/2026/texmf-dist/tex/latex/graphics-def/pdftex.def)))
(/usr/local/texlive/2026/texmf-dist/tex/latex/pgf/systemlayer/pgfsys.sty
(/usr/local/texlive/2026/texmf-dist/tex/generic/pgf/systemlayer/pgfsys.code.tex
(/usr/local/texlive/2026/texmf-dist/tex/generic/pgf/systemlayer/pgf.cfg)
(/usr/local/texlive/2026/texmf-dist/tex/generic/pgf/systemlayer/pgfsys-pdftex.d
ef
(/usr/local/texlive/2026/texmf-dist/tex/generic/pgf/systemlayer/pgfsys-common-p
df.def)))
(/usr/local/texlive/2026/texmf-dist/tex/generic/pgf/systemlayer/pgfsyssoftpath.
code.tex)
(/usr/local/texlive/2026/texmf-dist/tex/generic/pgf/systemlayer/pgfsysprotocol.
code.tex)) (/usr/local/texlive/2026/texmf-dist/tex/latex/xcolor/xcolor.sty
(/usr/local/texlive/2026/texmf-dist/tex/latex/graphics-cfg/color.cfg)
(/usr/local/texlive/2026/texmf-dist/tex/latex/graphics/mathcolor.ltx))
(/usr/local/texlive/2026/texmf-dist/tex/generic/pgf/basiclayer/pgfcore.code.tex
(/usr/local/texlive/2026/texmf-dist/tex/generic/pgf/math/pgfint.code.tex)
(/usr/local/texlive/2026/texmf-dist/tex/generic/pgf/basiclayer/pgfcorepoints.co
de.tex)
(/usr/local/texlive/2026/texmf-dist/tex/generic/pgf/basiclayer/pgfcorepathconst
ruct.code.tex)
(/usr/local/texlive/2026/texmf-dist/tex/generic/pgf/basiclayer/pgfcorepathusage
.code.tex)
(/usr/local/texlive/2026/texmf-dist/tex/generic/pgf/basiclayer/pgfcorescopes.co
de.tex)
(/usr/local/texlive/2026/texmf-dist/tex/generic/pgf/basiclayer/pgfcoregraphicst
ate.code.tex)
(/usr/local/texlive/2026/texmf-dist/tex/generic/pgf/basiclayer/pgfcoretransform
ations.code.tex)
(/usr/local/texlive/2026/texmf-dist/tex/generic/pgf/basiclayer/pgfcorequick.cod
e.tex)
(/usr/local/texlive/2026/texmf-dist/tex/generic/pgf/basiclayer/pgfcoreobjects.c
ode.tex)
(/usr/local/texlive/2026/texmf-dist/tex/generic/pgf/basiclayer/pgfcorepathproce
ssing.code.tex)
(/usr/local/texlive/2026/texmf-dist/tex/generic/pgf/basiclayer/pgfcorearrows.co
de.tex)
(/usr/local/texlive/2026/texmf-dist/tex/generic/pgf/basiclayer/pgfcoreshade.cod
e.tex)
(/usr/local/texlive/2026/texmf-dist/tex/generic/pgf/basiclayer/pgfcoreimage.cod
e.tex)
(/usr/local/texlive/2026/texmf-dist/tex/generic/pgf/basiclayer/pgfcoreexternal.
code.tex)
(/usr/local/texlive/2026/texmf-dist/tex/generic/pgf/basiclayer/pgfcorelayers.co
de.tex)
(/usr/local/texlive/2026/texmf-dist/tex/generic/pgf/basiclayer/pgfcoretranspare
ncy.code.tex)
(/usr/local/texlive/2026/texmf-dist/tex/generic/pgf/basiclayer/pgfcorepatterns.
code.tex)
(/usr/local/texlive/2026/texmf-dist/tex/generic/pgf/basiclayer/pgfcorerdf.code.
tex))) (/usr/local/texlive/2026/texmf-dist/tex/latex/pgf/utilities/xxcolor.sty)
 (/usr/local/texlive/2026/texmf-dist/tex/latex/base/atbegshi-ltx.sty)
(/usr/local/texlive/2026/texmf-dist/tex/latex/hyperref/hyperref.sty
(/usr/local/texlive/2026/texmf-dist/tex/latex/kvsetkeys/kvsetkeys.sty)
(/usr/local/texlive/2026/texmf-dist/tex/generic/kvdefinekeys/kvdefinekeys.sty)
(/usr/local/texlive/2026/texmf-dist/tex/generic/pdfescape/pdfescape.sty
(/usr/local/texlive/2026/texmf-dist/tex/generic/ltxcmds/ltxcmds.sty)
(/usr/local/texlive/2026/texmf-dist/tex/generic/pdftexcmds/pdftexcmds.sty
(/usr/local/texlive/2026/texmf-dist/tex/generic/infwarerr/infwarerr.sty)))
(/usr/local/texlive/2026/texmf-dist/tex/latex/hycolor/hycolor.sty)
(/usr/local/texlive/2026/texmf-dist/tex/latex/hyperref/nameref.sty
(/usr/local/texlive/2026/texmf-dist/tex/latex/refcount/refcount.sty)
(/usr/local/texlive/2026/texmf-dist/tex/generic/gettitlestring/gettitlestring.s
ty (/usr/local/texlive/2026/texmf-dist/tex/latex/kvoptions/kvoptions.sty)))
(/usr/local/texlive/2026/texmf-dist/tex/generic/stringenc/stringenc.sty)
(/usr/local/texlive/2026/texmf-dist/tex/latex/hyperref/pd1enc.def)
(/usr/local/texlive/2026/texmf-dist/tex/generic/intcalc/intcalc.sty)
(/usr/local/texlive/2026/texmf-dist/tex/latex/hyperref/puenc.def)
(/usr/local/texlive/2026/texmf-dist/tex/latex/url/url.sty)
(/usr/local/texlive/2026/texmf-dist/tex/generic/bitset/bitset.sty
(/usr/local/texlive/2026/texmf-dist/tex/generic/bigintcalc/bigintcalc.sty))

Package hyperref Message: Stopped early.

) (/usr/local/texlive/2026/texmf-dist/tex/latex/hyperref/hpdftex.def
(/usr/local/texlive/2026/texmf-dist/tex/latex/rerunfilecheck/rerunfilecheck.sty

(/usr/local/texlive/2026/texmf-dist/tex/generic/uniquecounter/uniquecounter.sty
))) (/usr/local/texlive/2026/texmf-dist/tex/latex/beamer/beamerbaserequires.sty

(/usr/local/texlive/2026/texmf-dist/tex/latex/beamer/beamerbasecompatibility.st
y) (/usr/local/texlive/2026/texmf-dist/tex/latex/beamer/beamerbasefont.sty
(/usr/local/texlive/2026/texmf-dist/tex/latex/amsfonts/amssymb.sty
(/usr/local/texlive/2026/texmf-dist/tex/latex/amsfonts/amsfonts.sty))
(/usr/local/texlive/2026/texmf-dist/tex/latex/sansmathaccent/sansmathaccent.sty
(/usr/local/texlive/2026/texmf-dist/tex/latex/koma-script/scrlfile.sty
(/usr/local/texlive/2026/texmf-dist/tex/latex/koma-script/scrlfile-hook.sty
(/usr/local/texlive/2026/texmf-dist/tex/latex/koma-script/scrlogo.sty)))))
(/usr/local/texlive/2026/texmf-dist/tex/latex/beamer/beamerbasetranslator.sty
(/usr/local/texlive/2026/texmf-dist/tex/latex/translator/translator.sty))
(/usr/local/texlive/2026/texmf-dist/tex/latex/beamer/beamerbasemisc.sty)
(/usr/local/texlive/2026/texmf-dist/tex/latex/beamer/beamerbasetwoscreens.sty)
(/usr/local/texlive/2026/texmf-dist/tex/latex/beamer/beamerbaseoverlay.sty)
(/usr/local/texlive/2026/texmf-dist/tex/latex/beamer/beamerbasetitle.sty)
(/usr/local/texlive/2026/texmf-dist/tex/latex/beamer/beamerbasesection.sty)
(/usr/local/texlive/2026/texmf-dist/tex/latex/beamer/beamerbaseframe.sty)
(/usr/local/texlive/2026/texmf-dist/tex/latex/beamer/beamerbaseverbatim.sty)
(/usr/local/texlive/2026/texmf-dist/tex/latex/beamer/beamerbaseframesize.sty)
(/usr/local/texlive/2026/texmf-dist/tex/latex/beamer/beamerbaseframecomponents.
sty) (/usr/local/texlive/2026/texmf-dist/tex/latex/beamer/beamerbasecolor.sty)
(/usr/local/texlive/2026/texmf-dist/tex/latex/beamer/beamerbasenotes.sty)
(/usr/local/texlive/2026/texmf-dist/tex/latex/beamer/beamerbasetoc.sty)
(/usr/local/texlive/2026/texmf-dist/tex/latex/beamer/beamerbasetemplates.sty
(/usr/local/texlive/2026/texmf-dist/tex/latex/beamer/beamerbaseauxtemplates.sty
(/usr/local/texlive/2026/texmf-dist/tex/latex/beamer/beamerbaseboxes.sty)))
(/usr/local/texlive/2026/texmf-dist/tex/latex/beamer/beamerbaselocalstructure.s
ty (/usr/local/texlive/2026/texmf-dist/tex/latex/tools/enumerate.sty))
(/usr/local/texlive/2026/texmf-dist/tex/latex/beamer/beamerbasenavigation.sty
(/usr/local/texlive/2026/texmf-dist/tex/latex/beamer/beamerbasenavigationsymbol
s.tex))
(/usr/local/texlive/2026/texmf-dist/tex/latex/beamer/beamerbasetheorems.sty
(/usr/local/texlive/2026/texmf-dist/tex/latex/amsmath/amsmath.sty
For additional information on amsmath, use the `?' option.
(/usr/local/texlive/2026/texmf-dist/tex/latex/amsmath/amstext.sty
(/usr/local/texlive/2026/texmf-dist/tex/latex/amsmath/amsgen.sty))
(/usr/local/texlive/2026/texmf-dist/tex/latex/amsmath/amsbsy.sty)
(/usr/local/texlive/2026/texmf-dist/tex/latex/amsmath/amsopn.sty))
(/usr/local/texlive/2026/texmf-dist/tex/latex/amscls/amsthm.sty))
(/usr/local/texlive/2026/texmf-dist/tex/latex/beamer/beamerbasethemes.sty))
(/usr/local/texlive/2026/texmf-dist/tex/latex/beamer/beamerthemedefault.sty
(/usr/local/texlive/2026/texmf-dist/tex/latex/beamer/beamerfontthemedefault.sty
)
(/usr/local/texlive/2026/texmf-dist/tex/latex/beamer/beamercolorthemedefault.st
y)
(/usr/local/texlive/2026/texmf-dist/tex/latex/beamer/beamerinnerthemedefault.st
y)
(/usr/local/texlive/2026/texmf-dist/tex/latex/beamer/beamerouterthemedefault.st
y)))
(/usr/local/texlive/2026/texmf-dist/tex/latex/beamertheme-arguelles/beamertheme
Arguelles.sty
(/usr/local/texlive/2026/texmf-dist/tex/generic/iftex/ifluatex.sty)
(/usr/local/texlive/2026/texmf-dist/tex/generic/iftex/ifxetex.sty)
(/usr/local/texlive/2026/texmf-dist/tex/latex/base/inputenc.sty)
(/usr/local/texlive/2026/texmf-dist/tex/latex/base/fontenc.sty)
(/usr/local/texlive/2026/texmf-dist/tex/latex/alegreya/Alegreya.sty
(/usr/local/texlive/2026/texmf-dist/tex/latex/base/textcomp.sty)
(/usr/local/texlive/2026/texmf-dist/tex/latex/xkeyval/xkeyval.sty
(/usr/local/texlive/2026/texmf-dist/tex/generic/xkeyval/xkeyval.tex
(/usr/local/texlive/2026/texmf-dist/tex/generic/xkeyval/xkvutils.tex)))
(/usr/local/texlive/2026/texmf-dist/tex/latex/base/fontenc.sty)
(/usr/local/texlive/2026/texmf-dist/tex/latex/fontaxes/fontaxes.sty
(/usr/local/texlive/2026/texmf-dist/tex/latex/figureversions/figureversions.sty
))) (/usr/local/texlive/2026/texmf-dist/tex/latex/alegreya/AlegreyaSans.sty
(/usr/local/texlive/2026/texmf-dist/tex/latex/base/fontenc.sty))
(/usr/local/texlive/2026/texmf-dist/tex/latex/eulervm/eulervm.sty)
(/usr/local/texlive/2026/texmf-dist/tex/latex/mathalpha/mathalpha.sty
`mathalpha' v1.145, 2025/01/17, a renaming of mathalfa (msharpe))
(/usr/local/texlive/2026/texmf-dist/tex/latex/microtype/microtype.sty
(/usr/local/texlive/2026/texmf-dist/tex/latex/microtype/microtype-pdftex.def)
(/usr/local/texlive/2026/texmf-dist/tex/latex/microtype/microtype.cfg))
(/usr/local/texlive/2026/texmf-dist/tex/latex/fontawesome5/fontawesome5.sty
(/usr/local/texlive/2026/texmf-dist/tex/latex/l3kernel/expl3.sty
(/usr/local/texlive/2026/texmf-dist/tex/latex/l3backend/l3backend-pdftex.def))
(/usr/local/texlive/2026/texmf-dist/tex/latex/l3packages/l3keys2e/l3keys2e.sty)
 (/usr/local/texlive/2026/texmf-dist/tex/latex/l3packages/xparse/xparse.sty)
(/usr/local/texlive/2026/texmf-dist/tex/latex/fontawesome5/fontawesome5-generic
-helper.sty
(/usr/local/texlive/2026/texmf-dist/tex/latex/fontawesome5/fontawesome5-mapping
.def))) (/usr/local/texlive/2026/texmf-dist/tex/latex/opencolor/opencolor.sty)
(/usr/local/texlive/2026/texmf-dist/tex/latex/enumitem/enumitem.sty)
(/usr/local/texlive/2026/texmf-dist/tex/latex/parskip/parskip.sty)
(/usr/local/texlive/2026/texmf-dist/tex/latex/pgf/frontendlayer/tikz.sty
(/usr/local/texlive/2026/texmf-dist/tex/latex/pgf/basiclayer/pgf.sty
(/usr/local/texlive/2026/texmf-dist/tex/generic/pgf/modules/pgfmoduleshapes.cod
e.tex)
(/usr/local/texlive/2026/texmf-dist/tex/generic/pgf/modules/pgfmoduleplot.code.
tex)
(/usr/local/texlive/2026/texmf-dist/tex/latex/pgf/compatibility/pgfcomp-version
-0-65.sty)
(/usr/local/texlive/2026/texmf-dist/tex/latex/pgf/compatibility/pgfcomp-version
-1-18.sty))
(/usr/local/texlive/2026/texmf-dist/tex/latex/pgf/utilities/pgffor.sty
(/usr/local/texlive/2026/texmf-dist/tex/generic/pgf/utilities/pgffor.code.tex))

(/usr/local/texlive/2026/texmf-dist/tex/generic/pgf/frontendlayer/tikz/tikz.cod
e.tex
(/usr/local/texlive/2026/texmf-dist/tex/generic/pgf/libraries/pgflibraryplothan
dlers.code.tex)
(/usr/local/texlive/2026/texmf-dist/tex/generic/pgf/modules/pgfmodulematrix.cod
e.tex)
(/usr/local/texlive/2026/texmf-dist/tex/generic/pgf/frontendlayer/tikz/librarie
s/tikzlibrarytopaths.code.tex)))
(/usr/local/texlive/2026/texmf-dist/tex/latex/tcolorbox/tcolorbox.sty
(/usr/local/texlive/2026/texmf-dist/tex/latex/tools/verbatim.sty)
(/usr/local/texlive/2026/texmf-dist/tex/latex/environ/environ.sty
(/usr/local/texlive/2026/texmf-dist/tex/latex/trimspaces/trimspaces.sty))
(/usr/local/texlive/2026/texmf-dist/tex/latex/tcolorbox/tcbskins.code.tex
Library (tcolorbox): 'tcbskins.code.tex' version '6.9.0'
(/usr/local/texlive/2026/texmf-dist/tex/latex/tikzfill/tikzfill.image.sty
(/usr/local/texlive/2026/texmf-dist/tex/latex/tikzfill/tikzfill-common.sty)
(/usr/local/texlive/2026/texmf-dist/tex/latex/tikzfill/tikzlibraryfill.image.co
de.tex))
(/usr/local/texlive/2026/texmf-dist/tex/latex/tcolorbox/tcbskinsjigsaw.code.tex
Library (tcolorbox): 'tcbskinsjigsaw.code.tex' version '6.9.0'
)))
(/usr/local/texlive/2026/texmf-dist/tex/generic/pgf/frontendlayer/tikz/librarie
s/tikzlibrarycalc.code.tex)
(/usr/local/texlive/2026/texmf-dist/tex/latex/beamertheme-arguelles/beamerinner
themeArguelles.sty)
(/usr/local/texlive/2026/texmf-dist/tex/latex/beamertheme-arguelles/beamerouter
themeArguelles.sty)
(/usr/local/texlive/2026/texmf-dist/tex/latex/beamertheme-arguelles/beamercolor
themeArguelles.sty)
(/usr/local/texlive/2026/texmf-dist/tex/latex/beamertheme-arguelles/beamerfontt
hemeArguelles.sty)
(/usr/local/texlive/2026/texmf-dist/tex/latex/beamer/beamerfontthemeserif.sty))
(/usr/local/texlive/2026/texmf-dist/tex/latex/alegreya/T1Alegreya-OsF.fd)
(./demo-arguelles.aux)
*geometry* driver: auto-detecting
*geometry* detected driver: pdftex
(/usr/local/texlive/2026/texmf-dist/tex/context/base/mkii/supp-pdf.mkii
[Loading MPS to PDF converter (version 2006.09.02).]
) (/usr/local/texlive/2026/texmf-dist/tex/latex/epstopdf-pkg/epstopdf-base.sty
(/usr/local/texlive/2026/texmf-dist/tex/latex/latexconfig/epstopdf-sys.cfg))
(./demo-arguelles.out) (./demo-arguelles.out)
(/usr/local/texlive/2026/texmf-dist/tex/latex/translator/translator-basic-dicti
onary-English.dict)
(/usr/local/texlive/2026/texmf-dist/tex/latex/translator/translator-bibliograph
y-dictionary-English.dict)
(/usr/local/texlive/2026/texmf-dist/tex/latex/translator/translator-environment
-dictionary-English.dict)
(/usr/local/texlive/2026/texmf-dist/tex/latex/translator/translator-months-dict
ionary-English.dict)
(/usr/local/texlive/2026/texmf-dist/tex/latex/translator/translator-numbers-dic
tionary-English.dict)
(/usr/local/texlive/2026/texmf-dist/tex/latex/translator/translator-theorem-dic
tionary-English.dict) (./demo-arguelles.nav)
(/usr/local/texlive/2026/texmf-dist/tex/latex/alegreya/T1AlegreyaSans-OsF.fd)
(/usr/local/texlive/2026/texmf-dist/tex/latex/fontawesome5/ufontawesomefree1.fd
)
(/usr/local/texlive/2026/texmf-dist/tex/latex/fontawesome5/ufontawesomebrands0.
fd) [1{/usr/local/texlive/2026/texmf-var/fonts/map/pdftex/updmap/pdftex.map}{/u
sr/local/texlive/2026/texmf-dist/fonts/enc/dvips/alegreya/algr_p7kywn.enc}{/usr
/local/texlive/2026/texmf-dist/fonts/enc/dvips/alegreya/algr_u7nq5p.enc}{/usr/l
ocal/texlive/2026/texmf-dist/fonts/enc/dvips/fontawesome5/fa5free1.enc}{/usr/lo
cal/texlive/2026/texmf-dist/fonts/enc/dvips/fontawesome5/fa5brands0.enc}]
(/usr/local/texlive/2026/texmf-dist/tex/latex/eulervm/uzeur.fd)
(/usr/local/texlive/2026/texmf-dist/tex/latex/microtype/mt-eur.cfg)
(/usr/local/texlive/2026/texmf-dist/tex/latex/eulervm/uzeus.fd)
(/usr/local/texlive/2026/texmf-dist/tex/latex/microtype/mt-eus.cfg)
(/usr/local/texlive/2026/texmf-dist/tex/latex/eulervm/uzeuex.fd)
(/usr/local/texlive/2026/texmf-dist/tex/latex/microtype/mt-msa.cfg)
(/usr/local/texlive/2026/texmf-dist/tex/latex/microtype/mt-msb.cfg) [2{/usr/loc
al/texlive/2026/texmf-dist/fonts/enc/dvips/alegreya/algr_dte76s.enc}] [3]
[4{/usr/local/texlive/2026/texmf-dist/fonts/enc/dvips/cm-super/cm-super-t1.enc}
 <./demo-arguelles.png (PNG copy)>] [5] [6{/usr/local/texlive/2026/texmf-dist/f
onts/enc/dvips/alegreya/algr_hxyeky.enc}] [7] (./demo-arguelles.aux) )</usr/loc
al/texlive/2026/texmf-dist/fonts/type1/huerta/alegreya/Alegreya-Black.pfb></usr
/local/texlive/2026/texmf-dist/fonts/type1/huerta/alegreya/Alegreya-Bold.pfb></
usr/local/texlive/2026/texmf-dist/fonts/type1/huerta/alegreya/Alegreya-BoldItal
ic.pfb></usr/local/texlive/2026/texmf-dist/fonts/type1/huerta/alegreya/Alegreya
-ExtraBold.pfb></usr/local/texlive/2026/texmf-dist/fonts/type1/huerta/alegreya/
Alegreya-Italic.pfb></usr/local/texlive/2026/texmf-dist/fonts/type1/huerta/aleg
reya/Alegreya-Medium.pfb></usr/local/texlive/2026/texmf-dist/fonts/type1/huerta
/alegreya/Alegreya-MediumItalic.pfb></usr/local/texlive/2026/texmf-dist/fonts/t
ype1/huerta/alegreya/Alegreya-Regular.pfb></usr/local/texlive/2026/texmf-dist/f
onts/type1/huerta/alegreya/AlegreyaSans-Black.pfb></usr/local/texlive/2026/texm
f-dist/fonts/type1/huerta/alegreya/AlegreyaSans-ExtraBold.pfb></usr/local/texli
ve/2026/texmf-dist/fonts/type1/huerta/alegreya/AlegreyaSans-Light.pfb></usr/loc
al/texlive/2026/texmf-dist/fonts/type1/huerta/alegreya/AlegreyaSans-Medium.pfb>
</usr/local/texlive/2026/texmf-dist/fonts/type1/huerta/alegreya/AlegreyaSans-Re
gular.pfb></usr/local/texlive/2026/texmf-dist/fonts/type1/huerta/alegreya/Alegr
eyaSans-Thin.pfb></usr/local/texlive/2026/texmf-dist/fonts/type1/public/fontawe
some5/FontAwesome5Brands-Regular.pfb></usr/local/texlive/2026/texmf-dist/fonts/
type1/public/fontawesome5/FontAwesome5Free-Solid.pfb></usr/local/texlive/2026/t
exmf-dist/fonts/type1/public/amsfonts/cm/cmsy10.pfb></usr/local/texlive/2026/te
xmf-dist/fonts/type1/public/amsfonts/euler/eufm10.pfb></usr/local/texlive/2026/
texmf-dist/fonts/type1/public/amsfonts/euler/eurm10.pfb></usr/local/texlive/202
6/texmf-dist/fonts/type1/public/amsfonts/euler/eurm7.pfb></usr/local/texlive/20
26/texmf-dist/fonts/type1/public/cm-super/sftt1095.pfb></usr/local/texlive/2026
/texmf-dist/fonts/type1/public/cm-super/sftt1200.pfb>
Output written on demo-arguelles.pdf (7 pages, 1762956 bytes).
Transcript written on demo-arguelles.log.
