This is pdfTeX, Version 3.141592653-2.6-1.40.29 (TeX Live 2026) (preloaded format=pdflatex)
 restricted \write18 enabled.
entering extended mode
(./caspervector.tex
LaTeX2e <2025-11-01>
L3 programming layer <2026-01-19>
(/usr/local/texlive/2026/texmf-dist/tex/latex/ctex/ctexart.cls
(/usr/local/texlive/2026/texmf-dist/tex/latex/ctex/config/ctexbackend.cfg)
(/usr/local/texlive/2026/texmf-dist/tex/latex/l3kernel/expl3.sty
(/usr/local/texlive/2026/texmf-dist/tex/latex/l3backend/l3backend-pdftex.def))
Document Class: ctexart 2022/07/14 v2.5.10 Chinese adapter for class article (C
TEX)
(/usr/local/texlive/2026/texmf-dist/tex/latex/ctex/ctexhook.sty)
(/usr/local/texlive/2026/texmf-dist/tex/latex/ctex/ctexpatch.sty)
(/usr/local/texlive/2026/texmf-dist/tex/latex/base/fix-cm.sty
(/usr/local/texlive/2026/texmf-dist/tex/latex/base/ts1enc.def))
(/usr/local/texlive/2026/texmf-dist/tex/latex/ctex/config/ctexopts.cfg)
(/usr/local/texlive/2026/texmf-dist/tex/latex/base/article.cls
Document Class: article 2025/01/22 v1.4n Standard LaTeX document class
(/usr/local/texlive/2026/texmf-dist/tex/latex/base/size10.clo))
(/usr/local/texlive/2026/texmf-dist/tex/latex/ctex/engine/ctex-engine-pdftex.de
f (/usr/local/texlive/2026/texmf-dist/tex/latex/cjk/texinput/CJKutf8.sty
(/usr/local/texlive/2026/texmf-dist/tex/generic/iftex/ifpdf.sty
(/usr/local/texlive/2026/texmf-dist/tex/generic/iftex/iftex.sty))
(/usr/local/texlive/2026/texmf-dist/tex/latex/base/inputenc.sty)
(/usr/local/texlive/2026/texmf-dist/tex/latex/cjk/texinput/CJK.sty
(/usr/local/texlive/2026/texmf-dist/tex/latex/cjk/texinput/mule/MULEenc.sty)
(/usr/local/texlive/2026/texmf-dist/tex/latex/cjk/texinput/CJK.enc))
(/usr/local/texlive/2026/texmf-dist/tex/latex/base/fontenc.sty))
(/usr/local/texlive/2026/texmf-dist/tex/latex/cjkpunct/CJKpunct.sty
(/usr/local/texlive/2026/texmf-dist/tex/latex/cjkpunct/CJKpunct.spa))
(/usr/local/texlive/2026/texmf-dist/tex/latex/cjk/texinput/CJKspace.sty)
(/usr/local/texlive/2026/texmf-dist/tex/latex/cjk/texinput/UTF8/UTF8.bdg)
(/usr/local/texlive/2026/texmf-dist/tex/latex/ctex/ctexspa.def))
(/usr/local/texlive/2026/texmf-dist/tex/latex/zhnumber/zhnumber.sty
(/usr/local/texlive/2026/texmf-dist/tex/latex/zhnumber/zhnumber-utf8.cfg))
(/usr/local/texlive/2026/texmf-dist/tex/latex/ctex/scheme/ctex-scheme-chinese-a
rticle.def
(/usr/local/texlive/2026/texmf-dist/tex/latex/ctex/config/ctex-name-utf8.cfg))
(/usr/local/texlive/2026/texmf-dist/tex/latex/ctex/ctex-c5size.clo)
(/usr/local/texlive/2026/texmf-dist/tex/latex/ctex/fontset/ctex-fontset-mac.def

(/usr/local/texlive/2026/texmf-dist/tex/latex/ctex/fontset/ctex-fontset-macold.
def

! Critical Class ctexart Error: CTeX fontset `mac' is unavailable in current
(ctexart)                       mode.

Type <return> to continue.
 ...                                              
                                                  
l.44   }
        
!  ==> Fatal error occurred, no output PDF file produced!
Transcript written on caspervector.log.
