This is pdfTeX, Version 3.141592653-2.6-1.40.29 (TeX Live 2026) (preloaded format=pdflatex)
 restricted \write18 enabled.
entering extended mode
(./example.tex
LaTeX2e <2025-11-01>
L3 programming layer <2026-01-19>
(/usr/local/texlive/2026/texmf-dist/tex/latex/base/article.cls
Document Class: article 2025/01/22 v1.4n Standard LaTeX document class
(/usr/local/texlive/2026/texmf-dist/tex/latex/base/size11.clo))
(/usr/local/texlive/2026/texmf-dist/tex/latex/chemcono/chemcono.sty
ffbibliography,)
(/usr/local/texlive/2026/texmf-dist/tex/latex/l3backend/l3backend-pdftex.def)
No file example.aux.

LaTeX Warning: ffcitation `f2' on page 1 undefined on input line 33.


LaTeX Warning: ffcitation `f3' on page 1 undefined on input line 34.


LaTeX Warning: ffcitation `f8' on page 1 undefined on input line 34.


LaTeX Warning: Citation `c1' on page 1 undefined on input line 47.


LaTeX Warning: ffcitation `f1' on page 1 undefined on input line 49.


LaTeX Warning: Citation `c2' on page 1 undefined on input line 49.


LaTeX Warning: Citation `c3' on page 1 undefined on input line 50.


LaTeX Warning: Citation `c1' on page 1 undefined on input line 51.


LaTeX Warning: Citation `c4' on page 1 undefined on input line 51.


LaTeX Warning: Citation `c7' on page 1 undefined on input line 51.


LaTeX Warning: ffcitation `f1' on page 1 undefined on input line 53.


LaTeX Warning: ffcitation `f1' on page 1 undefined on input line 58.


LaTeX Warning: ffcitation `f2' on page 1 undefined on input line 58.


LaTeX Warning: ffcitation `f3' on page 1 undefined on input line 59.


LaTeX Warning: Citation `c5' on page 1 undefined on input line 60.


LaTeX Warning: ffcitation `f1' on page 1 undefined on input line 60.


LaTeX Warning: ffcitation `f2' on page 1 undefined on input line 61.


LaTeX Warning: ffcitation `f3' on page 1 undefined on input line 61.


LaTeX Warning: Citation `c5' on page 1 undefined on input line 64.


LaTeX Warning: ffcitation `f3' on page 1 undefined on input line 66.


LaTeX Warning: Citation `c5' on page 1 undefined on input line 69.


LaTeX Warning: Reference `f2' on page 1 undefined on input line 70.


LaTeX Warning: Reference `f2' on page 1 undefined on input line 71.

[1{/usr/local/texlive/2026/texmf-var/fonts/map/pdftex/updmap/pdftex.map}]

LaTeX Warning: ffcitation `f2' on page 2 undefined on input line 83.


LaTeX Warning: Reference `f3' on page 2 undefined on input line 84.


LaTeX Warning: Reference `f3' on page 2 undefined on input line 84.


LaTeX Warning: ffcitation `f2' on page 2 undefined on input line 91.


LaTeX Warning: ffcitation `f2' on page 2 undefined on input line 91.


LaTeX Warning: ffcitation `f2' on page 2 undefined on input line 95.


LaTeX Warning: ffcitation `f3' on page 2 undefined on input line 101.


LaTeX Warning: Citation `c5' on page 2 undefined on input line 102.


LaTeX Warning: ffcitation `f3' on page 2 undefined on input line 103.


Overfull \hbox (3.47964pt too wide) in paragraph at lines 100--105
[]\OT1/cmr/m/n/10.95 Another pheromone com-po-nent not re-ported from na-ture b
e-fore is 2-hydroxy-
[2] [3] [4] (./example.aux)

LaTeX Warning: There were undefined references.


LaTeX Warning: Label(s) may have changed. Rerun to get cross-references right.

 )
(see the transcript file for additional information)</usr/local/texlive/2026/te
xmf-dist/fonts/type1/public/amsfonts/cm/cmbx10.pfb></usr/local/texlive/2026/tex
mf-dist/fonts/type1/public/amsfonts/cm/cmbx12.pfb></usr/local/texlive/2026/texm
f-dist/fonts/type1/public/amsfonts/cm/cmbxti10.pfb></usr/local/texlive/2026/tex
mf-dist/fonts/type1/public/amsfonts/cm/cmmi10.pfb></usr/local/texlive/2026/texm
f-dist/fonts/type1/public/amsfonts/cm/cmmi8.pfb></usr/local/texlive/2026/texmf-
dist/fonts/type1/public/amsfonts/cm/cmr10.pfb></usr/local/texlive/2026/texmf-di
st/fonts/type1/public/amsfonts/cm/cmr8.pfb></usr/local/texlive/2026/texmf-dist/
fonts/type1/public/amsfonts/cm/cmss10.pfb></usr/local/texlive/2026/texmf-dist/f
onts/type1/public/amsfonts/cm/cmsy8.pfb></usr/local/texlive/2026/texmf-dist/fon
ts/type1/public/amsfonts/cm/cmti10.pfb>
Output written on example.pdf (4 pages, 133618 bytes).
Transcript written on example.log.


--- pass break ---

This is pdfTeX, Version 3.141592653-2.6-1.40.29 (TeX Live 2026) (preloaded format=pdflatex)
 restricted \write18 enabled.
entering extended mode
(./example.tex
LaTeX2e <2025-11-01>
L3 programming layer <2026-01-19>
(/usr/local/texlive/2026/texmf-dist/tex/latex/base/article.cls
Document Class: article 2025/01/22 v1.4n Standard LaTeX document class
(/usr/local/texlive/2026/texmf-dist/tex/latex/base/size11.clo))
(/usr/local/texlive/2026/texmf-dist/tex/latex/chemcono/chemcono.sty
ffbibliography,)
(/usr/local/texlive/2026/texmf-dist/tex/latex/l3backend/l3backend-pdftex.def)
(./example.aux) [1{/usr/local/texlive/2026/texmf-var/fonts/map/pdftex/updmap/pd
ftex.map}]

LaTeX Warning: Reference `f3' on page 2 undefined on input line 84.


LaTeX Warning: Reference `f3' on page 2 undefined on input line 84.


Overfull \hbox (3.47964pt too wide) in paragraph at lines 100--105
[]\OT1/cmr/m/n/10.95 Another pheromone com-po-nent not re-ported from na-ture b
e-fore is 2-hydroxy-
[2] [3] [4] (./example.aux)

LaTeX Warning: There were undefined references.

 )
(see the transcript file for additional information)</usr/local/texlive/2026/te
xmf-dist/fonts/type1/public/amsfonts/cm/cmbx10.pfb></usr/local/texlive/2026/tex
mf-dist/fonts/type1/public/amsfonts/cm/cmbx12.pfb></usr/local/texlive/2026/texm
f-dist/fonts/type1/public/amsfonts/cm/cmbxti10.pfb></usr/local/texlive/2026/tex
mf-dist/fonts/type1/public/amsfonts/cm/cmmi10.pfb></usr/local/texlive/2026/texm
f-dist/fonts/type1/public/amsfonts/cm/cmmi8.pfb></usr/local/texlive/2026/texmf-
dist/fonts/type1/public/amsfonts/cm/cmr10.pfb></usr/local/texlive/2026/texmf-di
st/fonts/type1/public/amsfonts/cm/cmr8.pfb></usr/local/texlive/2026/texmf-dist/
fonts/type1/public/amsfonts/cm/cmss10.pfb></usr/local/texlive/2026/texmf-dist/f
onts/type1/public/amsfonts/cm/cmsy8.pfb></usr/local/texlive/2026/texmf-dist/fon
ts/type1/public/amsfonts/cm/cmti10.pfb>
Output written on example.pdf (4 pages, 133601 bytes).
Transcript written on example.log.
