This is pdfTeX, Version 3.141592653-2.6-1.40.29 (TeX Live 2026) (preloaded format=pdflatex)
 restricted \write18 enabled.
entering extended mode
(./general2.tex
LaTeX2e <2025-11-01>
L3 programming layer <2026-01-19>
(/usr/local/texlive/2026/texmf-dist/tex/latex/eskdx/eskdtext.cls
Document Class: eskdtext 2010/01/14 v0.98 Textual Documentation
(/usr/local/texlive/2026/texmf-dist/tex/latex/extsizes/extarticle.cls
Document Class: extarticle 1996/10/08 v1.0 Non Standard LaTeX document class
(/usr/local/texlive/2026/texmf-dist/tex/latex/extsizes/size14.clo)
(/usr/local/texlive/2026/texmf-dist/tex/latex/base/exscale.sty))
(/usr/local/texlive/2026/texmf-dist/tex/latex/eskdx/eskdlang.sty
(/usr/local/texlive/2026/texmf-dist/tex/latex/base/inputenc.sty
(/usr/local/texlive/2026/texmf-dist/tex/latex/cyrillic/koi8-r.def))
(/usr/local/texlive/2026/texmf-dist/tex/generic/babel/babel.sty
(/usr/local/texlive/2026/texmf-dist/tex/generic/babel/txtbabel.def)
(/usr/local/texlive/2026/texmf-dist/tex/generic/babel/locale/ru/babel-russian.t
ex) (/usr/local/texlive/2026/texmf-dist/tex/generic/babel-russian/russianb.ldf

Package babel Warning: No Cyrillic font encoding has been loaded so far.
(babel)                A font encoding should be declared before babel.
(babel)                Default `T2A' encoding will be loaded  on input line 78.


(/usr/local/texlive/2026/texmf-dist/tex/latex/cyrillic/t2aenc.def
(/usr/local/texlive/2026/texmf-dist/tex/latex/base/t2aenc.dfu))))
(/usr/local/texlive/2026/texmf-dist/tex/latex/eskdx/eskdrussian.def))
(/usr/local/texlive/2026/texmf-dist/tex/latex/eskdx/eskdstamp.sty
(/usr/local/texlive/2026/texmf-dist/tex/latex/tools/calc.sty)
(/usr/local/texlive/2026/texmf-dist/tex/latex/graphics/keyval.sty)
(/usr/local/texlive/2026/texmf-dist/tex/latex/geometry/geometry.sty
(/usr/local/texlive/2026/texmf-dist/tex/generic/iftex/ifvtex.sty
(/usr/local/texlive/2026/texmf-dist/tex/generic/iftex/iftex.sty)))
(/usr/local/texlive/2026/texmf-dist/tex/latex/lastpage/lastpage.sty
(/usr/local/texlive/2026/texmf-dist/tex/latex/lastpage/lastpage2e.sty
(/usr/local/texlive/2026/texmf-dist/tex/latex/lastpage/lastpagemodern.sty) 
)) (/usr/local/texlive/2026/texmf-dist/tex/latex/eskdx/eskdfont.sty)
(/usr/local/texlive/2026/texmf-dist/tex/latex/graphics/rotating.sty
(/usr/local/texlive/2026/texmf-dist/tex/latex/graphics/graphicx.sty
(/usr/local/texlive/2026/texmf-dist/tex/latex/graphics/graphics.sty
(/usr/local/texlive/2026/texmf-dist/tex/latex/graphics/trig.sty)
(/usr/local/texlive/2026/texmf-dist/tex/latex/graphics-cfg/graphics.cfg)
(/usr/local/texlive/2026/texmf-dist/tex/latex/graphics-def/pdftex.def)))
(/usr/local/texlive/2026/texmf-dist/tex/latex/base/ifthen.sty))
(/usr/local/texlive/2026/texmf-dist/tex/latex/eskdx/eskdhash.sty)
(/usr/local/texlive/2026/texmf-dist/tex/latex/everyshi/everyshi.sty)
(/usr/local/texlive/2026/texmf-dist/tex/latex/changepage/chngpage.sty)
(/usr/local/texlive/2026/texmf-dist/tex/generic/iftex/ifpdf.sty)
(/usr/local/texlive/2026/texmf-dist/tex/latex/eskdx/eskdinfo.sty
(/usr/local/texlive/2026/texmf-dist/tex/latex/eskdx/eskdafterpkg.sty)))
(/usr/local/texlive/2026/texmf-dist/tex/latex/eskdx/eskdindent.sty
(/usr/local/texlive/2026/texmf-dist/tex/latex/tools/indentfirst.sty))
(/usr/local/texlive/2026/texmf-dist/tex/latex/eskdx/eskdlist.sty)
(/usr/local/texlive/2026/texmf-dist/tex/latex/eskdx/eskdsect.sty

! LaTeX Error: Command \theHpoint already defined.
               Or name \end... illegal, see p.192 of the manual.

See the LaTeX manual or LaTeX Companion for explanation.
Type  H <return>  for immediate help.
 ...                                              
                                                  
l.134 ...meuse{ESKD@point@style@\ESKD@point@style}
                                                  
!  ==> Fatal error occurred, no output PDF file produced!
Transcript written on general2.log.
