This is pdfTeX, Version 3.141592653-2.6-1.40.29 (TeX Live 2026) (preloaded format=pdflatex)
 restricted \write18 enabled.
entering extended mode
(./sample.tex
LaTeX2e <2025-11-01>
L3 programming layer <2026-01-19>
(/usr/local/texlive/2026/texmf-dist/tex/latex/base/book.cls
Document Class: book 2025/01/22 v1.4n Standard LaTeX document class
(/usr/local/texlive/2026/texmf-dist/tex/latex/base/bk10.clo))
(/usr/local/texlive/2026/texmf-dist/tex/latex/psnfss/times.sty)
(/usr/local/texlive/2026/texmf-dist/tex/latex/psnfss/courier.sty)
(/usr/local/texlive/2026/texmf-dist/tex/latex/psnfss/helvet.sty
(/usr/local/texlive/2026/texmf-dist/tex/latex/graphics/keyval.sty))
(/usr/local/texlive/2026/texmf-dist/tex/latex/geometry/geometry.sty
(/usr/local/texlive/2026/texmf-dist/tex/generic/iftex/ifvtex.sty
(/usr/local/texlive/2026/texmf-dist/tex/generic/iftex/iftex.sty)))
(/usr/local/texlive/2026/texmf-dist/tex/latex/hyperref/hyperref.sty
(/usr/local/texlive/2026/texmf-dist/tex/latex/kvsetkeys/kvsetkeys.sty)
(/usr/local/texlive/2026/texmf-dist/tex/generic/kvdefinekeys/kvdefinekeys.sty)
(/usr/local/texlive/2026/texmf-dist/tex/generic/pdfescape/pdfescape.sty
(/usr/local/texlive/2026/texmf-dist/tex/generic/ltxcmds/ltxcmds.sty)
(/usr/local/texlive/2026/texmf-dist/tex/generic/pdftexcmds/pdftexcmds.sty
(/usr/local/texlive/2026/texmf-dist/tex/generic/infwarerr/infwarerr.sty)))
(/usr/local/texlive/2026/texmf-dist/tex/latex/hycolor/hycolor.sty)
(/usr/local/texlive/2026/texmf-dist/tex/latex/hyperref/nameref.sty
(/usr/local/texlive/2026/texmf-dist/tex/latex/refcount/refcount.sty)
(/usr/local/texlive/2026/texmf-dist/tex/generic/gettitlestring/gettitlestring.s
ty (/usr/local/texlive/2026/texmf-dist/tex/latex/kvoptions/kvoptions.sty)))
(/usr/local/texlive/2026/texmf-dist/tex/latex/etoolbox/etoolbox.sty)
(/usr/local/texlive/2026/texmf-dist/tex/generic/stringenc/stringenc.sty)
(/usr/local/texlive/2026/texmf-dist/tex/latex/hyperref/pd1enc.def)
(/usr/local/texlive/2026/texmf-dist/tex/generic/intcalc/intcalc.sty)
(/usr/local/texlive/2026/texmf-dist/tex/latex/hyperref/puenc.def)
(/usr/local/texlive/2026/texmf-dist/tex/latex/url/url.sty)
(/usr/local/texlive/2026/texmf-dist/tex/generic/bitset/bitset.sty
(/usr/local/texlive/2026/texmf-dist/tex/generic/bigintcalc/bigintcalc.sty)))
(/usr/local/texlive/2026/texmf-dist/tex/latex/hyperref/hpdftex.def
(/usr/local/texlive/2026/texmf-dist/tex/latex/rerunfilecheck/rerunfilecheck.sty

(/usr/local/texlive/2026/texmf-dist/tex/generic/uniquecounter/uniquecounter.sty
))) (/usr/local/texlive/2026/texmf-dist/tex/latex/fancybox/fancybox.sty
Style option: `fancybox' v1.4 <2010/05/15> (tvz)
) (/usr/local/texlive/2026/texmf-dist/tex/latex/graphics/color.sty
(/usr/local/texlive/2026/texmf-dist/tex/latex/graphics-cfg/color.cfg)
(/usr/local/texlive/2026/texmf-dist/tex/latex/graphics-def/pdftex.def)
(/usr/local/texlive/2026/texmf-dist/tex/latex/graphics/mathcolor.ltx))
(/usr/local/texlive/2026/texmf-dist/tex/latex/base/ifthen.sty)
(/usr/local/texlive/2026/texmf-dist/tex/latex/flowfram/flowfram.sty
(/usr/local/texlive/2026/texmf-dist/tex/latex/graphics/graphics.sty
(/usr/local/texlive/2026/texmf-dist/tex/latex/graphics/trig.sty)
(/usr/local/texlive/2026/texmf-dist/tex/latex/graphics-cfg/graphics.cfg))
(/usr/local/texlive/2026/texmf-dist/tex/latex/tools/afterpage.sty))
No file sample.ttb.

Package flowfram Warning: Can't find thumbtab number `1', ttb file may not be
(flowfram)                up-to-date


Package flowfram Warning: Can't find thumbtab number `2', ttb file may not be
(flowfram)                up-to-date


Package flowfram Warning: Can't find thumbtab number `3', ttb file may not be
(flowfram)                up-to-date


Package flowfram Warning: Can't find thumbtab number `4', ttb file may not be
(flowfram)                up-to-date


Package flowfram Warning: Can't find thumbtab number `4', ttb file may not be
(flowfram)                up-to-date

(/usr/local/texlive/2026/texmf-dist/tex/latex/psnfss/ot1ptm.fd)
(/usr/local/texlive/2026/texmf-dist/tex/latex/l3backend/l3backend-pdftex.def)
No file sample.aux.
*geometry* driver: auto-detecting
*geometry* detected driver: pdftex
(/usr/local/texlive/2026/texmf-dist/tex/context/base/mkii/supp-pdf.mkii
[Loading MPS to PDF converter (version 2006.09.02).]
) (/usr/local/texlive/2026/texmf-dist/tex/latex/epstopdf-pkg/epstopdf-base.sty
(/usr/local/texlive/2026/texmf-dist/tex/latex/latexconfig/epstopdf-sys.cfg))
(/usr/local/texlive/2026/texmf-dist/tex/latex/psnfss/ot1pcr.fd)
(/usr/local/texlive/2026/texmf-dist/tex/latex/psnfss/ot1phv.fd) [1{/usr/local/t
exlive/2026/texmf-var/fonts/map/pdftex/updmap/pdftex.map}{/usr/local/texlive/20
26/texmf-dist/fonts/enc/dvips/base/8r.enc}] [2]

Package flowfram Warning: No thumb tabs defined. Rerun may be required

Chapter 1.

Underfull \hbox (badness 10000) in paragraph at lines 160--160
[]\OT1/ptm/m/n/10 A marginal
[1] [2]
Chapter 2.

Overfull \hbox (4.1144pt too wide) in paragraph at lines 171--174
[]\OT1/ptm/m/n/10 The \OT1/phv/m/n/10 flowfram \OT1/ptm/m/n/10 pack-age pro-vid
es three types of frame: flow frames,
[3] [4]
Chapter 3.
(/usr/local/texlive/2026/texmf-dist/tex/latex/psnfss/omlptm.fd)
Overfull \hbox (4.62083pt too wide) in paragraph at lines 263--266
[]\OT1/ptm/m/n/10 If this value is set, the static frame will be cleared

Overfull \hbox (12.01483pt too wide) in paragraph at lines 267--276
\OT1/ptm/m/n/10 mand that takes a sin-gle ar-gu-ment, for ex-am-ple [][]\OT1/pc
r/m/n/10 style=textbf
[5] [6]
Chapter 4.

Overfull \hbox (5.30424pt too wide) in paragraph at lines 290--294
[]\OT1/ptm/m/n/10 You can see the lay-out for the cur-rent page (ir-re-spec-tiv
e of whether

Overfull \hbox (8.315pt too wide) in paragraph at lines 295--298
\OT1/ptm/m/n/10 shown in draft mode), ac-cord-ing to the for-mat given by \OT1/
pcr/m/n/10 \pagestyle\OT1/ptm/m/n/10 . 
[7] (/usr/local/texlive/2026/texmf-dist/tex/latex/psnfss/ts1ptm.fd)
Underfull \hbox (badness 10000) in paragraph at lines 383--383
[]\OT1/ptm/m/n/10 Another

Overfull \hbox (23.75484pt too wide) in paragraph at lines 381--384
[]\OT1/ptm/m/n/10 The fol-low-ing are lengths, which can be changed us-ing \OT1
/pcr/m/n/10 \setlength\OT1/ptm/m/n/10 :
[8] [9] [10] (./sample.aux)

LaTeX Warning: Label(s) may have changed. Rerun to get cross-references right.


Package rerunfilecheck Warning: File `sample.out' has changed.
(rerunfilecheck)                Rerun to get outlines right
(rerunfilecheck)                or use package `bookmark'.


Package rerunfilecheck Warning: File `sample.toc' has changed. Rerun.

 )
(see the transcript file for additional information)</usr/local/texlive/2026/te
xmf-dist/fonts/type1/public/amsfonts/cm/cmmi10.pfb></usr/local/texlive/2026/tex
mf-dist/fonts/type1/urw/courier/ucrr8a.pfb></usr/local/texlive/2026/texmf-dist/
fonts/type1/urw/helvetic/uhvr8a.pfb></usr/local/texlive/2026/texmf-dist/fonts/t
ype1/urw/times/utmb8a.pfb></usr/local/texlive/2026/texmf-dist/fonts/type1/urw/t
imes/utmr8a.pfb></usr/local/texlive/2026/texmf-dist/fonts/type1/urw/times/utmri
8a.pfb>
Output written on sample.pdf (12 pages, 90775 bytes).
Transcript written on sample.log.


--- pass break ---

This is pdfTeX, Version 3.141592653-2.6-1.40.29 (TeX Live 2026) (preloaded format=pdflatex)
 restricted \write18 enabled.
entering extended mode
(./sample.tex
LaTeX2e <2025-11-01>
L3 programming layer <2026-01-19>
(/usr/local/texlive/2026/texmf-dist/tex/latex/base/book.cls
Document Class: book 2025/01/22 v1.4n Standard LaTeX document class
(/usr/local/texlive/2026/texmf-dist/tex/latex/base/bk10.clo))
(/usr/local/texlive/2026/texmf-dist/tex/latex/psnfss/times.sty)
(/usr/local/texlive/2026/texmf-dist/tex/latex/psnfss/courier.sty)
(/usr/local/texlive/2026/texmf-dist/tex/latex/psnfss/helvet.sty
(/usr/local/texlive/2026/texmf-dist/tex/latex/graphics/keyval.sty))
(/usr/local/texlive/2026/texmf-dist/tex/latex/geometry/geometry.sty
(/usr/local/texlive/2026/texmf-dist/tex/generic/iftex/ifvtex.sty
(/usr/local/texlive/2026/texmf-dist/tex/generic/iftex/iftex.sty)))
(/usr/local/texlive/2026/texmf-dist/tex/latex/hyperref/hyperref.sty
(/usr/local/texlive/2026/texmf-dist/tex/latex/kvsetkeys/kvsetkeys.sty)
(/usr/local/texlive/2026/texmf-dist/tex/generic/kvdefinekeys/kvdefinekeys.sty)
(/usr/local/texlive/2026/texmf-dist/tex/generic/pdfescape/pdfescape.sty
(/usr/local/texlive/2026/texmf-dist/tex/generic/ltxcmds/ltxcmds.sty)
(/usr/local/texlive/2026/texmf-dist/tex/generic/pdftexcmds/pdftexcmds.sty
(/usr/local/texlive/2026/texmf-dist/tex/generic/infwarerr/infwarerr.sty)))
(/usr/local/texlive/2026/texmf-dist/tex/latex/hycolor/hycolor.sty)
(/usr/local/texlive/2026/texmf-dist/tex/latex/hyperref/nameref.sty
(/usr/local/texlive/2026/texmf-dist/tex/latex/refcount/refcount.sty)
(/usr/local/texlive/2026/texmf-dist/tex/generic/gettitlestring/gettitlestring.s
ty (/usr/local/texlive/2026/texmf-dist/tex/latex/kvoptions/kvoptions.sty)))
(/usr/local/texlive/2026/texmf-dist/tex/latex/etoolbox/etoolbox.sty)
(/usr/local/texlive/2026/texmf-dist/tex/generic/stringenc/stringenc.sty)
(/usr/local/texlive/2026/texmf-dist/tex/latex/hyperref/pd1enc.def)
(/usr/local/texlive/2026/texmf-dist/tex/generic/intcalc/intcalc.sty)
(/usr/local/texlive/2026/texmf-dist/tex/latex/hyperref/puenc.def)
(/usr/local/texlive/2026/texmf-dist/tex/latex/url/url.sty)
(/usr/local/texlive/2026/texmf-dist/tex/generic/bitset/bitset.sty
(/usr/local/texlive/2026/texmf-dist/tex/generic/bigintcalc/bigintcalc.sty)))
(/usr/local/texlive/2026/texmf-dist/tex/latex/hyperref/hpdftex.def
(/usr/local/texlive/2026/texmf-dist/tex/latex/rerunfilecheck/rerunfilecheck.sty

(/usr/local/texlive/2026/texmf-dist/tex/generic/uniquecounter/uniquecounter.sty
))) (/usr/local/texlive/2026/texmf-dist/tex/latex/fancybox/fancybox.sty
Style option: `fancybox' v1.4 <2010/05/15> (tvz)
) (/usr/local/texlive/2026/texmf-dist/tex/latex/graphics/color.sty
(/usr/local/texlive/2026/texmf-dist/tex/latex/graphics-cfg/color.cfg)
(/usr/local/texlive/2026/texmf-dist/tex/latex/graphics-def/pdftex.def)
(/usr/local/texlive/2026/texmf-dist/tex/latex/graphics/mathcolor.ltx))
(/usr/local/texlive/2026/texmf-dist/tex/latex/base/ifthen.sty)
(/usr/local/texlive/2026/texmf-dist/tex/latex/flowfram/flowfram.sty
(/usr/local/texlive/2026/texmf-dist/tex/latex/graphics/graphics.sty
(/usr/local/texlive/2026/texmf-dist/tex/latex/graphics/trig.sty)
(/usr/local/texlive/2026/texmf-dist/tex/latex/graphics-cfg/graphics.cfg))
(/usr/local/texlive/2026/texmf-dist/tex/latex/tools/afterpage.sty))
(./sample.ttb) (/usr/local/texlive/2026/texmf-dist/tex/latex/psnfss/ot1ptm.fd)
(/usr/local/texlive/2026/texmf-dist/tex/latex/l3backend/l3backend-pdftex.def)
(./sample.aux)
*geometry* driver: auto-detecting
*geometry* detected driver: pdftex
(./sample.out) (./sample.out)
(/usr/local/texlive/2026/texmf-dist/tex/context/base/mkii/supp-pdf.mkii
[Loading MPS to PDF converter (version 2006.09.02).]
) (/usr/local/texlive/2026/texmf-dist/tex/latex/epstopdf-pkg/epstopdf-base.sty
(/usr/local/texlive/2026/texmf-dist/tex/latex/latexconfig/epstopdf-sys.cfg))
(/usr/local/texlive/2026/texmf-dist/tex/latex/psnfss/ot1pcr.fd)
(/usr/local/texlive/2026/texmf-dist/tex/latex/psnfss/ot1phv.fd) [1{/usr/local/t
exlive/2026/texmf-var/fonts/map/pdftex/updmap/pdftex.map}{/usr/local/texlive/20
26/texmf-dist/fonts/enc/dvips/base/8r.enc}] [2] [1] [2]
Chapter 1.

Underfull \hbox (badness 10000) in paragraph at lines 160--160
[]\OT1/ptm/m/n/10 A marginal
[1] [2]
Chapter 2.

Overfull \hbox (4.1144pt too wide) in paragraph at lines 171--174
[]\OT1/ptm/m/n/10 The \OT1/phv/m/n/10 flowfram \OT1/ptm/m/n/10 pack-age pro-vid
es three types of frame: flow frames,
[3] [4]
Chapter 3.
(/usr/local/texlive/2026/texmf-dist/tex/latex/psnfss/omlptm.fd)
Overfull \hbox (4.62083pt too wide) in paragraph at lines 263--266
[]\OT1/ptm/m/n/10 If this value is set, the static frame will be cleared

Overfull \hbox (12.01483pt too wide) in paragraph at lines 267--276
\OT1/ptm/m/n/10 mand that takes a sin-gle ar-gu-ment, for ex-am-ple [][]\OT1/pc
r/m/n/10 style=textbf
[5] [6]
Chapter 4.

Overfull \hbox (5.30424pt too wide) in paragraph at lines 290--294
[]\OT1/ptm/m/n/10 You can see the lay-out for the cur-rent page (ir-re-spec-tiv
e of whether

Overfull \hbox (8.315pt too wide) in paragraph at lines 295--298
\OT1/ptm/m/n/10 shown in draft mode), ac-cord-ing to the for-mat given by \OT1/
pcr/m/n/10 \pagestyle\OT1/ptm/m/n/10 . 
[7] (/usr/local/texlive/2026/texmf-dist/tex/latex/psnfss/ts1ptm.fd)
Underfull \hbox (badness 10000) in paragraph at lines 383--383
[]\OT1/ptm/m/n/10 Another

Overfull \hbox (23.75484pt too wide) in paragraph at lines 381--384
[]\OT1/ptm/m/n/10 The fol-low-ing are lengths, which can be changed us-ing \OT1
/pcr/m/n/10 \setlength\OT1/ptm/m/n/10 :
[8] [9] [10] (./sample.aux) )
(see the transcript file for additional information)</usr/local/texlive/2026/te
xmf-dist/fonts/type1/public/amsfonts/cm/cmmi10.pfb></usr/local/texlive/2026/tex
mf-dist/fonts/type1/urw/courier/ucrr8a.pfb></usr/local/texlive/2026/texmf-dist/
fonts/type1/urw/helvetic/uhvr8a.pfb></usr/local/texlive/2026/texmf-dist/fonts/t
ype1/urw/times/utmb8a.pfb></usr/local/texlive/2026/texmf-dist/fonts/type1/urw/t
imes/utmr8a.pfb></usr/local/texlive/2026/texmf-dist/fonts/type1/urw/times/utmri
8a.pfb>
Output written on sample.pdf (14 pages, 98735 bytes).
Transcript written on sample.log.
