This is pdfTeX, Version 3.141592653-2.6-1.40.29 (TeX Live 2026) (preloaded format=pdflatex)
 restricted \write18 enabled.
entering extended mode
(./sample-autoindex-hyp.tex
LaTeX2e <2025-11-01>
L3 programming layer <2026-01-19>
(/usr/local/texlive/2026/texmf-dist/tex/latex/koma-script/scrreprt.cls
Document Class: scrreprt 2026/02/02 v3.49.2 KOMA-Script document class (report)

(/usr/local/texlive/2026/texmf-dist/tex/latex/koma-script/scrkbase.sty
(/usr/local/texlive/2026/texmf-dist/tex/latex/koma-script/scrbase.sty
(/usr/local/texlive/2026/texmf-dist/tex/latex/koma-script/scrlfile.sty
(/usr/local/texlive/2026/texmf-dist/tex/latex/koma-script/scrlfile-hook.sty
(/usr/local/texlive/2026/texmf-dist/tex/latex/koma-script/scrlogo.sty)))
(/usr/local/texlive/2026/texmf-dist/tex/latex/graphics/keyval.sty)))
(/usr/local/texlive/2026/texmf-dist/tex/latex/koma-script/tocbasic.sty)
(/usr/local/texlive/2026/texmf-dist/tex/latex/koma-script/scrsize11pt.clo)
(/usr/local/texlive/2026/texmf-dist/tex/latex/koma-script/typearea.sty))
(/usr/local/texlive/2026/texmf-dist/tex/latex/base/fontenc.sty)
(/usr/local/texlive/2026/texmf-dist/tex/latex/base/makeidx.sty)
(/usr/local/texlive/2026/texmf-dist/tex/latex/hyperref/hyperref.sty
(/usr/local/texlive/2026/texmf-dist/tex/generic/iftex/iftex.sty)
(/usr/local/texlive/2026/texmf-dist/tex/latex/kvsetkeys/kvsetkeys.sty)
(/usr/local/texlive/2026/texmf-dist/tex/generic/kvdefinekeys/kvdefinekeys.sty)
(/usr/local/texlive/2026/texmf-dist/tex/generic/pdfescape/pdfescape.sty
(/usr/local/texlive/2026/texmf-dist/tex/generic/ltxcmds/ltxcmds.sty)
(/usr/local/texlive/2026/texmf-dist/tex/generic/pdftexcmds/pdftexcmds.sty
(/usr/local/texlive/2026/texmf-dist/tex/generic/infwarerr/infwarerr.sty)))
(/usr/local/texlive/2026/texmf-dist/tex/latex/hycolor/hycolor.sty)
(/usr/local/texlive/2026/texmf-dist/tex/latex/hyperref/nameref.sty
(/usr/local/texlive/2026/texmf-dist/tex/latex/refcount/refcount.sty)
(/usr/local/texlive/2026/texmf-dist/tex/generic/gettitlestring/gettitlestring.s
ty (/usr/local/texlive/2026/texmf-dist/tex/latex/kvoptions/kvoptions.sty)))
(/usr/local/texlive/2026/texmf-dist/tex/latex/etoolbox/etoolbox.sty)
(/usr/local/texlive/2026/texmf-dist/tex/generic/stringenc/stringenc.sty)
(/usr/local/texlive/2026/texmf-dist/tex/latex/hyperref/pd1enc.def)
(/usr/local/texlive/2026/texmf-dist/tex/generic/intcalc/intcalc.sty)
(/usr/local/texlive/2026/texmf-dist/tex/latex/hyperref/puenc.def)
(/usr/local/texlive/2026/texmf-dist/tex/latex/url/url.sty)
(/usr/local/texlive/2026/texmf-dist/tex/generic/bitset/bitset.sty
(/usr/local/texlive/2026/texmf-dist/tex/generic/bigintcalc/bigintcalc.sty)))
(/usr/local/texlive/2026/texmf-dist/tex/latex/hyperref/hpdftex.def
(/usr/local/texlive/2026/texmf-dist/tex/latex/rerunfilecheck/rerunfilecheck.sty

(/usr/local/texlive/2026/texmf-dist/tex/generic/uniquecounter/uniquecounter.sty
)))
(/usr/local/texlive/2026/texmf-dist/tex/latex/glossaries-extra/glossaries-extra
.sty (/usr/local/texlive/2026/texmf-dist/tex/latex/xkeyval/xkeyval.sty
(/usr/local/texlive/2026/texmf-dist/tex/generic/xkeyval/xkeyval.tex
(/usr/local/texlive/2026/texmf-dist/tex/generic/xkeyval/xkvutils.tex)))
(/usr/local/texlive/2026/texmf-dist/tex/latex/glossaries/base/glossaries.sty
(/usr/local/texlive/2026/texmf-dist/tex/latex/base/ifthen.sty)
(/usr/local/texlive/2026/texmf-dist/tex/latex/mfirstuc/mfirstuc.sty)
(/usr/local/texlive/2026/texmf-dist/tex/latex/xfor/xfor.sty)
(/usr/local/texlive/2026/texmf-dist/tex/latex/amsmath/amsgen.sty)
(/usr/local/texlive/2026/texmf-dist/tex/latex/datatool/datatool-base.sty
(/usr/local/texlive/2026/texmf-dist/tex/latex/amsmath/amsmath.sty
For additional information on amsmath, use the `?' option.
(/usr/local/texlive/2026/texmf-dist/tex/latex/amsmath/amstext.sty)
(/usr/local/texlive/2026/texmf-dist/tex/latex/amsmath/amsbsy.sty)
(/usr/local/texlive/2026/texmf-dist/tex/latex/amsmath/amsopn.sty))
(/usr/local/texlive/2026/texmf-dist/tex/latex/tracklang/tracklang.sty
(/usr/local/texlive/2026/texmf-dist/tex/generic/tracklang/tracklang.tex))
(/usr/local/texlive/2026/texmf-dist/tex/latex/datatool/datatool-l3fp.def)
(/usr/local/texlive/2026/texmf-dist/tex/latex/datatool/datatool-utf8.ldf))
(/usr/local/texlive/2026/texmf-dist/tex/latex/glossaries/styles/glossary-hypern
av.sty)
(/usr/local/texlive/2026/texmf-dist/tex/latex/glossaries/styles/glossary-list.s
ty)
(/usr/local/texlive/2026/texmf-dist/tex/latex/glossaries/styles/glossary-long.s
ty (/usr/local/texlive/2026/texmf-dist/tex/latex/tools/longtable.sty))
(/usr/local/texlive/2026/texmf-dist/tex/latex/glossaries/styles/glossary-super.
sty (/usr/local/texlive/2026/texmf-dist/tex/latex/supertabular/supertabular.sty
))
(/usr/local/texlive/2026/texmf-dist/tex/latex/glossaries/styles/glossary-tree.s
ty))
(/usr/local/texlive/2026/texmf-dist/tex/latex/glossaries-extra/glossaries-extra
-abbrstyles.def))
Writing index file sample-autoindex-hyp.idx
(/usr/local/texlive/2026/texmf-dist/tex/latex/bookmark/bookmark.sty
(/usr/local/texlive/2026/texmf-dist/tex/latex/bookmark/bkm-pdftex.def))
(/usr/local/texlive/2026/texmf-dist/tex/latex/l3backend/l3backend-pdftex.def)
No file sample-autoindex-hyp.aux.
(/usr/local/texlive/2026/texmf-dist/tex/latex/graphics/color.sty
(/usr/local/texlive/2026/texmf-dist/tex/latex/graphics-cfg/color.cfg)
(/usr/local/texlive/2026/texmf-dist/tex/latex/graphics-def/pdftex.def
(/usr/local/texlive/2026/texmf-dist/tex/context/base/mkii/supp-pdf.mkii
[Loading MPS to PDF converter (version 2006.09.02).]
)) (/usr/local/texlive/2026/texmf-dist/tex/latex/graphics/mathcolor.ltx))
[1{/usr/local/texlive/2026/texmf-var/fonts/map/pdftex/updmap/pdftex.map}{/usr/l
ocal/texlive/2026/texmf-dist/fonts/enc/dvips/cm-super/cm-super-t1.enc}]
No file sample-autoindex-hyp.toc.
[2]
chapter 1.
[3]
chapter 2.
[4] [5]
chapter 3.
No file sample-autoindex-hyp.gls.

Package glossaries-extra Warning: Glossary `main' is missing on input line 124.


[6]
No file sample-autoindex-hyp.gls-abr.

Package glossaries-extra Warning: Glossary `abbreviations' is missing on input 
line 124.

[7{/usr/local/texlive/2026/texmf-dist/fonts/enc/dvips/cm-super/cm-super-ts1.enc
}]
No file sample-autoindex-hyp.ind.
[8] (./sample-autoindex-hyp.aux) )
pdfTeX warning (dest): name{glo:xml} has been referenced but does not exist, re
placed by a fixed one


pdfTeX warning (dest): name{glo:html} has been referenced but does not exist, r
eplaced by a fixed one


pdfTeX warning (dest): name{glo:encap} has been referenced but does not exist, 
replaced by a fixed one


pdfTeX warning (dest): name{glo:level} has been referenced but does not exist, 
replaced by a fixed one


pdfTeX warning (dest): name{glo:esc} has been referenced but does not exist, re
placed by a fixed one


pdfTeX warning (dest): name{glo:at} has been referenced but does not exist, rep
laced by a fixed one


pdfTeX warning (dest): name{glo:parrot} has been referenced but does not exist,
 replaced by a fixed one


pdfTeX warning (dest): name{glo:duck} has been referenced but does not exist, r
eplaced by a fixed one

</usr/local/texlive/2026/texmf-dist/fonts/type1/public/cm-super/sfcc1095.pfb></
usr/local/texlive/2026/texmf-dist/fonts/type1/public/cm-super/sfrm0800.pfb></us
r/local/texlive/2026/texmf-dist/fonts/type1/public/cm-super/sfrm1095.pfb></usr/
local/texlive/2026/texmf-dist/fonts/type1/public/cm-super/sfrm1440.pfb></usr/lo
cal/texlive/2026/texmf-dist/fonts/type1/public/cm-super/sfsx2074.pfb></usr/loca
l/texlive/2026/texmf-dist/fonts/type1/public/cm-super/sftt1095.pfb>
Output written on sample-autoindex-hyp.pdf (8 pages, 104124 bytes).
Transcript written on sample-autoindex-hyp.log.


--- pass break ---

This is pdfTeX, Version 3.141592653-2.6-1.40.29 (TeX Live 2026) (preloaded format=pdflatex)
 restricted \write18 enabled.
entering extended mode
(./sample-autoindex-hyp.tex
LaTeX2e <2025-11-01>
L3 programming layer <2026-01-19>
(/usr/local/texlive/2026/texmf-dist/tex/latex/koma-script/scrreprt.cls
Document Class: scrreprt 2026/02/02 v3.49.2 KOMA-Script document class (report)

(/usr/local/texlive/2026/texmf-dist/tex/latex/koma-script/scrkbase.sty
(/usr/local/texlive/2026/texmf-dist/tex/latex/koma-script/scrbase.sty
(/usr/local/texlive/2026/texmf-dist/tex/latex/koma-script/scrlfile.sty
(/usr/local/texlive/2026/texmf-dist/tex/latex/koma-script/scrlfile-hook.sty
(/usr/local/texlive/2026/texmf-dist/tex/latex/koma-script/scrlogo.sty)))
(/usr/local/texlive/2026/texmf-dist/tex/latex/graphics/keyval.sty)))
(/usr/local/texlive/2026/texmf-dist/tex/latex/koma-script/tocbasic.sty)
(/usr/local/texlive/2026/texmf-dist/tex/latex/koma-script/scrsize11pt.clo)
(/usr/local/texlive/2026/texmf-dist/tex/latex/koma-script/typearea.sty))
(/usr/local/texlive/2026/texmf-dist/tex/latex/base/fontenc.sty)
(/usr/local/texlive/2026/texmf-dist/tex/latex/base/makeidx.sty)
(/usr/local/texlive/2026/texmf-dist/tex/latex/hyperref/hyperref.sty
(/usr/local/texlive/2026/texmf-dist/tex/generic/iftex/iftex.sty)
(/usr/local/texlive/2026/texmf-dist/tex/latex/kvsetkeys/kvsetkeys.sty)
(/usr/local/texlive/2026/texmf-dist/tex/generic/kvdefinekeys/kvdefinekeys.sty)
(/usr/local/texlive/2026/texmf-dist/tex/generic/pdfescape/pdfescape.sty
(/usr/local/texlive/2026/texmf-dist/tex/generic/ltxcmds/ltxcmds.sty)
(/usr/local/texlive/2026/texmf-dist/tex/generic/pdftexcmds/pdftexcmds.sty
(/usr/local/texlive/2026/texmf-dist/tex/generic/infwarerr/infwarerr.sty)))
(/usr/local/texlive/2026/texmf-dist/tex/latex/hycolor/hycolor.sty)
(/usr/local/texlive/2026/texmf-dist/tex/latex/hyperref/nameref.sty
(/usr/local/texlive/2026/texmf-dist/tex/latex/refcount/refcount.sty)
(/usr/local/texlive/2026/texmf-dist/tex/generic/gettitlestring/gettitlestring.s
ty (/usr/local/texlive/2026/texmf-dist/tex/latex/kvoptions/kvoptions.sty)))
(/usr/local/texlive/2026/texmf-dist/tex/latex/etoolbox/etoolbox.sty)
(/usr/local/texlive/2026/texmf-dist/tex/generic/stringenc/stringenc.sty)
(/usr/local/texlive/2026/texmf-dist/tex/latex/hyperref/pd1enc.def)
(/usr/local/texlive/2026/texmf-dist/tex/generic/intcalc/intcalc.sty)
(/usr/local/texlive/2026/texmf-dist/tex/latex/hyperref/puenc.def)
(/usr/local/texlive/2026/texmf-dist/tex/latex/url/url.sty)
(/usr/local/texlive/2026/texmf-dist/tex/generic/bitset/bitset.sty
(/usr/local/texlive/2026/texmf-dist/tex/generic/bigintcalc/bigintcalc.sty)))
(/usr/local/texlive/2026/texmf-dist/tex/latex/hyperref/hpdftex.def
(/usr/local/texlive/2026/texmf-dist/tex/latex/rerunfilecheck/rerunfilecheck.sty

(/usr/local/texlive/2026/texmf-dist/tex/generic/uniquecounter/uniquecounter.sty
)))
(/usr/local/texlive/2026/texmf-dist/tex/latex/glossaries-extra/glossaries-extra
.sty (/usr/local/texlive/2026/texmf-dist/tex/latex/xkeyval/xkeyval.sty
(/usr/local/texlive/2026/texmf-dist/tex/generic/xkeyval/xkeyval.tex
(/usr/local/texlive/2026/texmf-dist/tex/generic/xkeyval/xkvutils.tex)))
(/usr/local/texlive/2026/texmf-dist/tex/latex/glossaries/base/glossaries.sty
(/usr/local/texlive/2026/texmf-dist/tex/latex/base/ifthen.sty)
(/usr/local/texlive/2026/texmf-dist/tex/latex/mfirstuc/mfirstuc.sty)
(/usr/local/texlive/2026/texmf-dist/tex/latex/xfor/xfor.sty)
(/usr/local/texlive/2026/texmf-dist/tex/latex/amsmath/amsgen.sty)
(/usr/local/texlive/2026/texmf-dist/tex/latex/datatool/datatool-base.sty
(/usr/local/texlive/2026/texmf-dist/tex/latex/amsmath/amsmath.sty
For additional information on amsmath, use the `?' option.
(/usr/local/texlive/2026/texmf-dist/tex/latex/amsmath/amstext.sty)
(/usr/local/texlive/2026/texmf-dist/tex/latex/amsmath/amsbsy.sty)
(/usr/local/texlive/2026/texmf-dist/tex/latex/amsmath/amsopn.sty))
(/usr/local/texlive/2026/texmf-dist/tex/latex/tracklang/tracklang.sty
(/usr/local/texlive/2026/texmf-dist/tex/generic/tracklang/tracklang.tex))
(/usr/local/texlive/2026/texmf-dist/tex/latex/datatool/datatool-l3fp.def)
(/usr/local/texlive/2026/texmf-dist/tex/latex/datatool/datatool-utf8.ldf))
(/usr/local/texlive/2026/texmf-dist/tex/latex/glossaries/styles/glossary-hypern
av.sty)
(/usr/local/texlive/2026/texmf-dist/tex/latex/glossaries/styles/glossary-list.s
ty)
(/usr/local/texlive/2026/texmf-dist/tex/latex/glossaries/styles/glossary-long.s
ty (/usr/local/texlive/2026/texmf-dist/tex/latex/tools/longtable.sty))
(/usr/local/texlive/2026/texmf-dist/tex/latex/glossaries/styles/glossary-super.
sty (/usr/local/texlive/2026/texmf-dist/tex/latex/supertabular/supertabular.sty
))
(/usr/local/texlive/2026/texmf-dist/tex/latex/glossaries/styles/glossary-tree.s
ty))
(/usr/local/texlive/2026/texmf-dist/tex/latex/glossaries-extra/glossaries-extra
-abbrstyles.def))
Writing index file sample-autoindex-hyp.idx
(/usr/local/texlive/2026/texmf-dist/tex/latex/bookmark/bookmark.sty
(/usr/local/texlive/2026/texmf-dist/tex/latex/bookmark/bkm-pdftex.def))
(/usr/local/texlive/2026/texmf-dist/tex/latex/l3backend/l3backend-pdftex.def)
(./sample-autoindex-hyp.aux)
(/usr/local/texlive/2026/texmf-dist/tex/latex/graphics/color.sty
(/usr/local/texlive/2026/texmf-dist/tex/latex/graphics-cfg/color.cfg)
(/usr/local/texlive/2026/texmf-dist/tex/latex/graphics-def/pdftex.def
(/usr/local/texlive/2026/texmf-dist/tex/context/base/mkii/supp-pdf.mkii
[Loading MPS to PDF converter (version 2006.09.02).]
)) (/usr/local/texlive/2026/texmf-dist/tex/latex/graphics/mathcolor.ltx))
[1{/usr/local/texlive/2026/texmf-var/fonts/map/pdftex/updmap/pdftex.map}{/usr/l
ocal/texlive/2026/texmf-dist/fonts/enc/dvips/cm-super/cm-super-t1.enc}]
(./sample-autoindex-hyp.toc) [2]
chapter 1.
[3]
chapter 2.
[4] [5]
chapter 3.
No file sample-autoindex-hyp.gls.

Package glossaries-extra Warning: Glossary `main' is missing on input line 124.


[6]
No file sample-autoindex-hyp.gls-abr.

Package glossaries-extra Warning: Glossary `abbreviations' is missing on input 
line 124.

[7{/usr/local/texlive/2026/texmf-dist/fonts/enc/dvips/cm-super/cm-super-ts1.enc
}]
No file sample-autoindex-hyp.ind.
[8] (./sample-autoindex-hyp.aux) )
pdfTeX warning (dest): name{glo:xml} has been referenced but does not exist, re
placed by a fixed one


pdfTeX warning (dest): name{glo:html} has been referenced but does not exist, r
eplaced by a fixed one


pdfTeX warning (dest): name{glo:encap} has been referenced but does not exist, 
replaced by a fixed one


pdfTeX warning (dest): name{glo:level} has been referenced but does not exist, 
replaced by a fixed one


pdfTeX warning (dest): name{glo:esc} has been referenced but does not exist, re
placed by a fixed one


pdfTeX warning (dest): name{glo:at} has been referenced but does not exist, rep
laced by a fixed one


pdfTeX warning (dest): name{glo:parrot} has been referenced but does not exist,
 replaced by a fixed one


pdfTeX warning (dest): name{glo:duck} has been referenced but does not exist, r
eplaced by a fixed one

</usr/local/texlive/2026/texmf-dist/fonts/type1/public/cm-super/sfcc1095.pfb></
usr/local/texlive/2026/texmf-dist/fonts/type1/public/cm-super/sfrm0800.pfb></us
r/local/texlive/2026/texmf-dist/fonts/type1/public/cm-super/sfrm1095.pfb></usr/
local/texlive/2026/texmf-dist/fonts/type1/public/cm-super/sfrm1440.pfb></usr/lo
cal/texlive/2026/texmf-dist/fonts/type1/public/cm-super/sfsx1095.pfb></usr/loca
l/texlive/2026/texmf-dist/fonts/type1/public/cm-super/sfsx2074.pfb></usr/local/
texlive/2026/texmf-dist/fonts/type1/public/cm-super/sftt1095.pfb>
Output written on sample-autoindex-hyp.pdf (8 pages, 122062 bytes).
Transcript written on sample-autoindex-hyp.log.
