This is pdfTeX, Version 3.141592653-2.6-1.40.29 (TeX Live 2026) (preloaded format=pdflatex)
 restricted \write18 enabled.
entering extended mode
(./sample.tex
LaTeX2e <2025-11-01>
L3 programming layer <2026-01-19>
(/usr/local/texlive/2026/texmf-dist/tex/latex/base/book.cls
Document Class: book 2025/01/22 v1.4n Standard LaTeX document class
(/usr/local/texlive/2026/texmf-dist/tex/latex/base/bk10.clo))
(/usr/local/texlive/2026/texmf-dist/tex/latex/index/index.sty

LaTeX Warning: Command \addtocontents  has changed.
               Check if current package is valid.

) (/usr/local/texlive/2026/texmf-dist/tex/latex/l3backend/l3backend-pdftex.def)

No file sample.aux.
No file sample.toc.
[1{/usr/local/texlive/2026/texmf-var/fonts/map/pdftex/updmap/pdftex.map}]
[2]
Chapter 1.
[3] [4]
No file sample.nnd: Run makeindex -o sample.nnd sample.ndx
No file sample.and: Run makeindex -o sample.and sample.adx
No file sample.lnd: Run makeindex -o sample.lnd sample.ldx
No file sample.ind: Run makeindex -o sample.ind sample.idx
[5] (./sample.aux)

 *File List*
    book.cls    2025/01/22 v1.4n Standard LaTeX document class
    bk10.clo    2025/01/22 v1.4n Standard LaTeX file (size option)
   index.sty    2025/02/06 v4.04 Improved index support (dmj)
l3backend-pdftex.def    2025-10-09 L3 backend support: PDF output (pdfTeX)
 ***********

 )</usr/local/texlive/2026/texmf-dist/fonts/type1/public/amsfonts/cm/cmbx12.pfb
></usr/local/texlive/2026/texmf-dist/fonts/type1/public/amsfonts/cm/cmmi10.pfb>
</usr/local/texlive/2026/texmf-dist/fonts/type1/public/amsfonts/cm/cmmi7.pfb></
usr/local/texlive/2026/texmf-dist/fonts/type1/public/amsfonts/cm/cmr10.pfb></us
r/local/texlive/2026/texmf-dist/fonts/type1/public/amsfonts/cm/cmr7.pfb></usr/l
ocal/texlive/2026/texmf-dist/fonts/type1/public/amsfonts/cm/cmsl10.pfb></usr/lo
cal/texlive/2026/texmf-dist/fonts/type1/public/amsfonts/cm/cmtt8.pfb>
Output written on sample.pdf (5 pages, 74059 bytes).
Transcript written on sample.log.


--- pass break ---

This is pdfTeX, Version 3.141592653-2.6-1.40.29 (TeX Live 2026) (preloaded format=pdflatex)
 restricted \write18 enabled.
entering extended mode
(./sample.tex
LaTeX2e <2025-11-01>
L3 programming layer <2026-01-19>
(/usr/local/texlive/2026/texmf-dist/tex/latex/base/book.cls
Document Class: book 2025/01/22 v1.4n Standard LaTeX document class
(/usr/local/texlive/2026/texmf-dist/tex/latex/base/bk10.clo))
(/usr/local/texlive/2026/texmf-dist/tex/latex/index/index.sty

LaTeX Warning: Command \addtocontents  has changed.
               Check if current package is valid.

) (/usr/local/texlive/2026/texmf-dist/tex/latex/l3backend/l3backend-pdftex.def)
 (./sample.aux) (./sample.toc) [1{/usr/local/texlive/2026/texmf-var/fonts/map/p
dftex/updmap/pdftex.map}] [2]
Chapter 1.
[3] [4]
No file sample.nnd: Run makeindex -o sample.nnd sample.ndx
No file sample.and: Run makeindex -o sample.and sample.adx
No file sample.lnd: Run makeindex -o sample.lnd sample.ldx
No file sample.ind: Run makeindex -o sample.ind sample.idx
[5] (./sample.aux)

 *File List*
    book.cls    2025/01/22 v1.4n Standard LaTeX document class
    bk10.clo    2025/01/22 v1.4n Standard LaTeX file (size option)
   index.sty    2025/02/06 v4.04 Improved index support (dmj)
l3backend-pdftex.def    2025-10-09 L3 backend support: PDF output (pdfTeX)
 ***********

 )</usr/local/texlive/2026/texmf-dist/fonts/type1/public/amsfonts/cm/cmbx10.pfb
></usr/local/texlive/2026/texmf-dist/fonts/type1/public/amsfonts/cm/cmbx12.pfb>
</usr/local/texlive/2026/texmf-dist/fonts/type1/public/amsfonts/cm/cmmi10.pfb><
/usr/local/texlive/2026/texmf-dist/fonts/type1/public/amsfonts/cm/cmmi7.pfb></u
sr/local/texlive/2026/texmf-dist/fonts/type1/public/amsfonts/cm/cmr10.pfb></usr
/local/texlive/2026/texmf-dist/fonts/type1/public/amsfonts/cm/cmr7.pfb></usr/lo
cal/texlive/2026/texmf-dist/fonts/type1/public/amsfonts/cm/cmsl10.pfb></usr/loc
al/texlive/2026/texmf-dist/fonts/type1/public/amsfonts/cm/cmtt8.pfb>
Output written on sample.pdf (5 pages, 86478 bytes).
Transcript written on sample.log.
