This is pdfTeX, Version 3.141592653-2.6-1.40.29 (TeX Live 2026) (preloaded format=pdflatex)
 restricted \write18 enabled.
entering extended mode
(./LaTeX_RefSheet.tex
LaTeX2e <2025-11-01>
L3 programming layer <2026-01-19>
(/usr/local/texlive/2026/texmf-dist/tex/latex/koma-script/scrartcl.cls
Document Class: scrartcl 2026/02/02 v3.49.2 KOMA-Script document class (article
)
(/usr/local/texlive/2026/texmf-dist/tex/latex/koma-script/scrkbase.sty
(/usr/local/texlive/2026/texmf-dist/tex/latex/koma-script/scrbase.sty
(/usr/local/texlive/2026/texmf-dist/tex/latex/koma-script/scrlfile.sty
(/usr/local/texlive/2026/texmf-dist/tex/latex/koma-script/scrlfile-hook.sty
(/usr/local/texlive/2026/texmf-dist/tex/latex/koma-script/scrlogo.sty)))
(/usr/local/texlive/2026/texmf-dist/tex/latex/graphics/keyval.sty)))
(/usr/local/texlive/2026/texmf-dist/tex/latex/koma-script/tocbasic.sty)
(/usr/local/texlive/2026/texmf-dist/tex/latex/koma-script/typearea.sty

Package typearea Info: DIV calculation for classic typearea. on input line 1810
.


Package typearea Warning: Very low DIV value!
(typearea)                DIV values less than 6 result in textwidth/-height
(typearea)                smaller than total marginwidth/-height.
(typearea)                You should e.g. increase DIV, increase fontsize or
(typearea)                change papersize.

)) (/usr/local/texlive/2026/texmf-dist/tex/latex/base/inputenc.sty)
(/usr/local/texlive/2026/texmf-dist/tex/latex/base/fontenc.sty)
(/usr/local/texlive/2026/texmf-dist/tex/generic/babel/babel.sty
(/usr/local/texlive/2026/texmf-dist/tex/generic/babel/txtbabel.def)
(/usr/local/texlive/2026/texmf-dist/tex/generic/babel/locale/en/babel-english.t
ex)
(/usr/local/texlive/2026/texmf-dist/tex/generic/babel/locale/invalid/babel-nger
man.tex)
(/usr/local/texlive/2026/texmf-dist/tex/generic/babel/locale/fr/babel-french.te
x)
(/usr/local/texlive/2026/texmf-dist/tex/generic/babel/locale/en/babel-english.t
ex) (/usr/local/texlive/2026/texmf-dist/tex/generic/babel-german/ngerman.ldf
(/usr/local/texlive/2026/texmf-dist/tex/generic/babel-german/babel-german.def))
(/usr/local/texlive/2026/texmf-dist/tex/generic/babel-french/french.ldf
(/usr/local/texlive/2026/texmf-dist/tex/generic/babel-french/french3.ldf))
(/usr/local/texlive/2026/texmf-dist/tex/generic/babel-english/english.ldf))
(/usr/local/texlive/2026/texmf-dist/tex/latex/carlisle/scalefnt.sty)
(/usr/local/texlive/2026/texmf-dist/tex/latex/cmbright/cmbright.sty
(/usr/local/texlive/2026/texmf-dist/tex/latex/cmbright/t1cmbr.fd))
(/usr/local/texlive/2026/texmf-dist/tex/latex/bera/beramono.sty)
(/usr/local/texlive/2026/texmf-dist/tex/latex/xcolor/xcolor.sty
(/usr/local/texlive/2026/texmf-dist/tex/latex/graphics-cfg/color.cfg)
(/usr/local/texlive/2026/texmf-dist/tex/latex/graphics-def/pdftex.def)
(/usr/local/texlive/2026/texmf-dist/tex/latex/graphics/mathcolor.ltx))
(/usr/local/texlive/2026/texmf-dist/tex/latex/colortbl/colortbl.sty
(/usr/local/texlive/2026/texmf-dist/tex/latex/tools/array.sty))
(/usr/local/texlive/2026/texmf-dist/tex/latex/graphics/graphicx.sty
(/usr/local/texlive/2026/texmf-dist/tex/latex/graphics/graphics.sty
(/usr/local/texlive/2026/texmf-dist/tex/latex/graphics/trig.sty)
(/usr/local/texlive/2026/texmf-dist/tex/latex/graphics-cfg/graphics.cfg)))
(/usr/local/texlive/2026/texmf-dist/tex/latex/geometry/geometry.sty
(/usr/local/texlive/2026/texmf-dist/tex/generic/iftex/ifvtex.sty
(/usr/local/texlive/2026/texmf-dist/tex/generic/iftex/iftex.sty)))

Package geometry Warning: Over-specification in `h'-direction.
    `width' (211.26173pt) is ignored.


Package geometry Warning: Over-specification in `v'-direction.
    `height' (149.99963pt) is ignored.

(/usr/local/texlive/2026/texmf-dist/tex/latex/tabulary/tabulary.sty)
(/usr/local/texlive/2026/texmf-dist/tex/latex/tools/multicol.sty)
(/usr/local/texlive/2026/texmf-dist/tex/latex/booktabs/booktabs.sty)
(/usr/local/texlive/2026/texmf-dist/tex/latex/microtype/microtype.sty
(/usr/local/texlive/2026/texmf-dist/tex/latex/etoolbox/etoolbox.sty)
(/usr/local/texlive/2026/texmf-dist/tex/latex/microtype/microtype-pdftex.def)
(/usr/local/texlive/2026/texmf-dist/tex/latex/microtype/microtype.cfg))
(/usr/local/texlive/2026/texmf-dist/tex/latex/pdfpages/pdfpages.sty
(/usr/local/texlive/2026/texmf-dist/tex/latex/base/ifthen.sty)
(/usr/local/texlive/2026/texmf-dist/tex/latex/tools/calc.sty)
(/usr/local/texlive/2026/texmf-dist/tex/latex/eso-pic/eso-pic.sty)
(/usr/local/texlive/2026/texmf-dist/tex/latex/pdfpages/pppdftex.def))
(/usr/local/texlive/2026/texmf-dist/tex/latex/csquotes/csquotes.sty
(/usr/local/texlive/2026/texmf-dist/tex/latex/csquotes/csquotes.def)
(/usr/local/texlive/2026/texmf-dist/tex/latex/csquotes/csquotes.cfg))
(/usr/local/texlive/2026/texmf-dist/tex/latex/amsmath/amsmath.sty
For additional information on amsmath, use the `?' option.
(/usr/local/texlive/2026/texmf-dist/tex/latex/amsmath/amstext.sty
(/usr/local/texlive/2026/texmf-dist/tex/latex/amsmath/amsgen.sty))
(/usr/local/texlive/2026/texmf-dist/tex/latex/amsmath/amsbsy.sty)
(/usr/local/texlive/2026/texmf-dist/tex/latex/amsmath/amsopn.sty))
(/usr/local/texlive/2026/texmf-dist/tex/latex/amsfonts/amssymb.sty
(/usr/local/texlive/2026/texmf-dist/tex/latex/amsfonts/amsfonts.sty))
(/usr/local/texlive/2026/texmf-dist/tex/latex/units/nicefrac.sty)
(/usr/local/texlive/2026/texmf-dist/tex/latex/enumitem/enumitem.sty)
(/usr/local/texlive/2026/texmf-dist/tex/latex/psnfss/pifont.sty
(/usr/local/texlive/2026/texmf-dist/tex/latex/psnfss/upzd.fd)
(/usr/local/texlive/2026/texmf-dist/tex/latex/psnfss/upsy.fd))
(/usr/local/texlive/2026/texmf-dist/tex/latex/base/textcomp.sty)
(/usr/local/texlive/2026/texmf-dist/tex/latex/siunitx/siunitx.sty
(/usr/local/texlive/2026/texmf-dist/tex/latex/translations/translations.sty
(/usr/local/texlive/2026/texmf-dist/tex/generic/pdftexcmds/pdftexcmds.sty
(/usr/local/texlive/2026/texmf-dist/tex/generic/infwarerr/infwarerr.sty)
(/usr/local/texlive/2026/texmf-dist/tex/generic/ltxcmds/ltxcmds.sty))))
(/usr/local/texlive/2026/texmf-dist/tex/latex/biblatex/biblatex.sty
(/usr/local/texlive/2026/texmf-dist/tex/latex/kvoptions/kvoptions.sty
(/usr/local/texlive/2026/texmf-dist/tex/latex/kvsetkeys/kvsetkeys.sty))
(/usr/local/texlive/2026/texmf-dist/tex/latex/logreq/logreq.sty
(/usr/local/texlive/2026/texmf-dist/tex/latex/logreq/logreq.def))
(/usr/local/texlive/2026/texmf-dist/tex/latex/url/url.sty)
(/usr/local/texlive/2026/texmf-dist/tex/latex/biblatex/blx-dm.def)
(/usr/local/texlive/2026/texmf-dist/tex/latex/biblatex/blx-compat.def)
(/usr/local/texlive/2026/texmf-dist/tex/latex/biblatex/biblatex.def)
(/usr/local/texlive/2026/texmf-dist/tex/latex/biblatex/bbx/verbose.bbx
(/usr/local/texlive/2026/texmf-dist/tex/latex/biblatex/bbx/authortitle.bbx
(/usr/local/texlive/2026/texmf-dist/tex/latex/biblatex/bbx/standard.bbx)))
(/usr/local/texlive/2026/texmf-dist/tex/latex/biblatex/cbx/verbose.cbx)
(/usr/local/texlive/2026/texmf-dist/tex/latex/biblatex/biblatex.cfg)
(/usr/local/texlive/2026/texmf-dist/tex/latex/l3kernel/expl3.sty
(/usr/local/texlive/2026/texmf-dist/tex/latex/l3backend/l3backend-pdftex.def))
(/usr/local/texlive/2026/texmf-dist/tex/latex/biblatex/blx-case-expl3.sty
(/usr/local/texlive/2026/texmf-dist/tex/latex/l3packages/xparse/xparse.sty)))
(/usr/local/texlive/2026/texmf-dist/tex/latex/cprotect/cprotect.sty
(/usr/local/texlive/2026/texmf-dist/tex/latex/bigfoot/suffix.sty))
(/usr/local/texlive/2026/texmf-dist/tex/latex/hyperref/hyperref.sty
(/usr/local/texlive/2026/texmf-dist/tex/generic/kvdefinekeys/kvdefinekeys.sty)
(/usr/local/texlive/2026/texmf-dist/tex/generic/pdfescape/pdfescape.sty)
(/usr/local/texlive/2026/texmf-dist/tex/latex/hycolor/hycolor.sty)
(/usr/local/texlive/2026/texmf-dist/tex/latex/hyperref/nameref.sty
(/usr/local/texlive/2026/texmf-dist/tex/latex/refcount/refcount.sty)
(/usr/local/texlive/2026/texmf-dist/tex/generic/gettitlestring/gettitlestring.s
ty)) (/usr/local/texlive/2026/texmf-dist/tex/generic/stringenc/stringenc.sty)
(/usr/local/texlive/2026/texmf-dist/tex/latex/hyperref/pd1enc.def)
(/usr/local/texlive/2026/texmf-dist/tex/generic/intcalc/intcalc.sty)
(/usr/local/texlive/2026/texmf-dist/tex/latex/hyperref/puenc.def)
(/usr/local/texlive/2026/texmf-dist/tex/generic/bitset/bitset.sty
(/usr/local/texlive/2026/texmf-dist/tex/generic/bigintcalc/bigintcalc.sty)))
(/usr/local/texlive/2026/texmf-dist/tex/latex/hyperref/hpdftex.def
(/usr/local/texlive/2026/texmf-dist/tex/latex/rerunfilecheck/rerunfilecheck.sty

(/usr/local/texlive/2026/texmf-dist/tex/generic/uniquecounter/uniquecounter.sty
))) (/usr/local/texlive/2026/texmf-dist/tex/latex/listings/listings.sty
(/usr/local/texlive/2026/texmf-dist/tex/latex/listings/lstpatch.sty)
(/usr/local/texlive/2026/texmf-dist/tex/latex/listings/lstmisc.sty)
(/usr/local/texlive/2026/texmf-dist/tex/latex/listings/listings.cfg))
==> First Aid for listings.sty no longer applied!
    Expected:
        2024/09/23 1.10c (Carsten Heinz)
    but found:
        2025/11/14 1.11b (Carsten Heinz)
    so I'm assuming it got fixed.
(/usr/local/texlive/2026/texmf-dist/tex/latex/bookmark/bookmark.sty
(/usr/local/texlive/2026/texmf-dist/tex/latex/bookmark/bkm-pdftex.def))
No file LaTeX_RefSheet.aux.
(/usr/local/texlive/2026/texmf-dist/tex/context/base/mkii/supp-pdf.mkii
[Loading MPS to PDF converter (version 2006.09.02).]
) (/usr/local/texlive/2026/texmf-dist/tex/latex/epstopdf-pkg/epstopdf-base.sty
(/usr/local/texlive/2026/texmf-dist/tex/latex/latexconfig/epstopdf-sys.cfg))
*geometry* driver: auto-detecting
*geometry* detected driver: pdftex
(/usr/local/texlive/2026/texmf-dist/tex/latex/pdflscape/pdflscape.sty
(/usr/local/texlive/2026/texmf-dist/tex/latex/pdflscape/pdflscape-nometadata.st
y (/usr/local/texlive/2026/texmf-dist/tex/latex/graphics/lscape.sty)))
(/usr/local/texlive/2026/texmf-dist/tex/latex/translations/translations-basic-d
ictionary-english.trsl)
(/usr/local/texlive/2026/texmf-dist/tex/latex/translations/translations-basic-d
ictionary-french.trsl)
(/usr/local/texlive/2026/texmf-dist/tex/latex/translations/translations-basic-d
ictionary-german.trsl)
(/usr/local/texlive/2026/texmf-dist/tex/latex/biblatex/lbx/english.lbx)
(/usr/local/texlive/2026/texmf-dist/tex/latex/biblatex/lbx/french.lbx)
(/usr/local/texlive/2026/texmf-dist/tex/latex/biblatex/lbx/ngerman.lbx
(/usr/local/texlive/2026/texmf-dist/tex/latex/biblatex/lbx/german.lbx)
(/usr/local/texlive/2026/texmf-dist/tex/latex/biblatex/lbx/german.lbx))
No file LaTeX_RefSheet.bbl.
(/usr/local/texlive/2026/texmf-dist/tex/latex/cmbright/ot1cmbr.fd)
(/usr/local/texlive/2026/texmf-dist/tex/latex/cmbright/omlcmbrm.fd)
(/usr/local/texlive/2026/texmf-dist/tex/latex/cmbright/omscmbrs.fd)
(/usr/local/texlive/2026/texmf-dist/tex/latex/microtype/mt-msa.cfg)
(/usr/local/texlive/2026/texmf-dist/tex/latex/microtype/mt-msb.cfg)
Overfull \hbox (6.67502pt too wide) in paragraph at lines 148--149
[]$[]$ 
(./LaTeX_RefSheet-1.cpt
(/usr/local/texlive/2026/texmf-dist/tex/latex/bera/t1fvm.fd)

LaTeX Font Warning: Font shape `T1/cmbr/bx/n' in size <6> not available
(Font)              Font shape `T1/cmbr/sb/n' tried instead on input line 6.


LaTeX Warning: Reference `sec:pack' on page 1 undefined on input line 6.

)
Overfull \hbox (9.14377pt too wide) in paragraph at lines 159--160
[]| [][][] 
(./LaTeX_RefSheet-2.cpt)
Overfull \hbox (9.14377pt too wide) in paragraph at lines 183--184
| [][][] 
(./LaTeX_RefSheet-3.cpt

LaTeX Warning: Reference `sec:textchars' on page 1 undefined on input line 2.


LaTeX Warning: Reference `sec:math' on page 1 undefined on input line 2.


LaTeX Warning: Reference `sec:textchars' on page 1 undefined on input line 12.

)
Overfull \hbox (9.14377pt too wide) in paragraph at lines 199--200
[]| [][][] 
(./LaTeX_RefSheet-4.cpt
Overfull \hbox (1.1912pt too wide) in paragraph at lines 5--22
[][]  
)
Overfull \hbox (9.14377pt too wide) in paragraph at lines 232--233
| [][][] 
(./LaTeX_RefSheet-5.cpt)
Overfull \hbox (9.14377pt too wide) in paragraph at lines 238--239
[]| [][][] 
(./LaTeX_RefSheet-6.cpt
(/usr/local/texlive/2026/texmf-dist/tex/latex/listings/lstlang1.sty)
(/usr/local/texlive/2026/texmf-dist/tex/latex/listings/lstlang2.sty)
(/usr/local/texlive/2026/texmf-dist/tex/latex/listings/lstlang3.sty)
(/usr/local/texlive/2026/texmf-dist/tex/latex/listings/lstlang1.sty)
(/usr/local/texlive/2026/texmf-dist/tex/latex/listings/lstlang2.sty)
(/usr/local/texlive/2026/texmf-dist/tex/latex/listings/lstlang3.sty)
(/usr/local/texlive/2026/texmf-dist/tex/latex/listings/lstlang1.sty)
(/usr/local/texlive/2026/texmf-dist/tex/latex/listings/lstlang2.sty)
(/usr/local/texlive/2026/texmf-dist/tex/latex/listings/lstlang3.sty)
(/usr/local/texlive/2026/texmf-dist/tex/latex/listings/lstmisc.sty))
Overfull \hbox (9.14377pt too wide) in paragraph at lines 246--247
[]| [][][] 
(./LaTeX_RefSheet-7.cpt)
Overfull \hbox (9.14377pt too wide) in paragraph at lines 257--258
[]| [][][] 
(./LaTeX_RefSheet-8.cpt

LaTeX Warning: Reference `sec:pagelayout' on page 1 undefined on input line 11.


)
Overfull \hbox (9.14377pt too wide) in paragraph at lines 281--282
| [][][] 
(./LaTeX_RefSheet-9.cpt
Overfull \hbox (12.25061pt too wide) in paragraph at lines 17--18
[][][][][][][][][][][][][][][][][][][][] 
)
Overfull \hbox (9.14377pt too wide) in paragraph at lines 302--303
[]| [][][] 
(./LaTeX_RefSheet-10.cpt)
Overfull \hbox (9.14377pt too wide) in paragraph at lines 307--308
[]| [][][] 

LaTeX Font Warning: Font shape `T1/cmbr/bx/n' in size <7.19998> not available
(Font)              Font shape `T1/cmbr/sb/n' tried instead on input line 311.


LaTeX Warning: Reference `sec:inpfile' on page 1 undefined on input line 311.

(./LaTeX_RefSheet-11.cpt)
Overfull \hbox (9.14377pt too wide) in paragraph at lines 317--318
| [][][] 
(./LaTeX_RefSheet-12.cpt)
Overfull \hbox (9.14377pt too wide) in paragraph at lines 323--324
[]| [][][] 
(./LaTeX_RefSheet-13.cpt

LaTeX Warning: Reference `sec:acro' on page 1 undefined on input line 2.


LaTeX Warning: Reference `sec:bibl' on page 1 undefined on input line 2.


LaTeX Warning: Reference `sec:options' on page 1 undefined on input line 4.

)
Overfull \hbox (9.14377pt too wide) in paragraph at lines 329--330
[]| [][][] 
(./LaTeX_RefSheet-14.cpt
Overfull \hbox (2.4816pt too wide) in paragraph at lines 26--26
[][][][][][][][][][][][][][]  
)
Overfull \hbox (9.14377pt too wide) in paragraph at lines 359--360
[]| [][][] 
(./LaTeX_RefSheet-15.cpt)
Overfull \hbox (9.14377pt too wide) in paragraph at lines 370--371
[]| [][][] 
(./LaTeX_RefSheet-16.cpt)
Overfull \hbox (9.14377pt too wide) in paragraph at lines 387--388
[]| [][][] 
(./LaTeX_RefSheet-17.cpt
Underfull \hbox (badness 10000) in paragraph at lines 5--10

)
Overfull \hbox (9.14377pt too wide) in paragraph at lines 435--436
[]| [][][] 
(./LaTeX_RefSheet-18.cpt)
Overfull \hbox (9.14377pt too wide) in paragraph at lines 450--451
[]| [][][] 
(./LaTeX_RefSheet-19.cpt

Package hyperref Warning: Token not allowed in a PDF string (Unicode):
(hyperref)                removing `math shift' on input line 2.


Package hyperref Warning: Token not allowed in a PDF string (Unicode):
(hyperref)                removing `\approx' on input line 2.


Package hyperref Warning: Token not allowed in a PDF string (Unicode):
(hyperref)                removing `math shift' on input line 2.

)
Overfull \hbox (9.14377pt too wide) in paragraph at lines 461--462
| [][][] 
(./LaTeX_RefSheet-20.cpt

LaTeX Warning: Reference `sec:specchars' on page 1 undefined on input line 2.

(/usr/local/texlive/2026/texmf-dist/tex/latex/cmbright/ts1cmbr.fd))
Overfull \hbox (9.14377pt too wide) in paragraph at lines 476--477
[]| [][][] 
(./LaTeX_RefSheet-21.cpt
(/usr/local/texlive/2026/texmf-dist/tex/latex/microtype/mt-cmr.cfg))
Overfull \hbox (9.14377pt too wide) in paragraph at lines 520--521
[]| [][][] 
(./LaTeX_RefSheet-22.cpt)
Overfull \hbox (9.14377pt too wide) in paragraph at lines 542--543
[]| [][][] 
(./LaTeX_RefSheet-23.cpt)
Overfull \hbox (9.14377pt too wide) in paragraph at lines 557--558
[]| [][][] 
(./LaTeX_RefSheet-24.cpt)
Overfull \hbox (9.14377pt too wide) in paragraph at lines 566--567
[]| [][][] 
(./LaTeX_RefSheet-25.cpt
Overfull \hbox (2.0488pt too wide) in paragraph at lines 3--7
[]  
)
Overfull \hbox (9.14377pt too wide) in paragraph at lines 587--588
[]| [][][] 
(./LaTeX_RefSheet-26.cpt
Overfull \hbox (3.38107pt too wide) in paragraph at lines 4--5
[][][][][][][][][][][][][][][][][][][][][][][][][][][][][][][][][][][][][][][][
][] 
)
Overfull \hbox (9.14377pt too wide) in paragraph at lines 601--602
[]| [][][] 
(./LaTeX_RefSheet-27.cpt

LaTeX Warning: Reference `sec:options' on page 1 undefined on input line 5.


Overfull \hbox (3.38107pt too wide) in paragraph at lines 11--12
[][][][][][][][][][][][][][][][][][][][][][][][][][][][][][][][][][][][][][][][
][][][][][][][][][][][][][][] 
)
Overfull \hbox (2.46875pt too wide) in paragraph at lines 633--635
| [][][] 

Overfull \hbox (7.6521pt too wide) in paragraph at lines 633--635
[]$ 
(./LaTeX_RefSheet-28.cpt)
Overfull \hbox (9.14377pt too wide) in paragraph at lines 651--652
[]| [][][] 
[1{/usr/local/texlive/2026/texmf-var/fonts/map/pdftex/updmap/pdftex.map}{/usr/l
ocal/texlive/2026/texmf-dist/fonts/enc/dvips/cm-super/cm-super-t1.enc}{/usr/loc
al/texlive/2026/texmf-dist/fonts/enc/dvips/base/8r.enc}{/usr/local/texlive/2026
/texmf-dist/fonts/enc/dvips/cm-super/cm-super-ts1.enc} <./header-graph.pdf>]
(./LaTeX_RefSheet-29.cpt

LaTeX Warning: Reference `sec:figure' on page 2 undefined on input line 3.

)
Overfull \hbox (9.14377pt too wide) in paragraph at lines 673--674
[]| [][][] 
(./LaTeX_RefSheet-30.cpt)
Overfull \hbox (9.14377pt too wide) in paragraph at lines 682--683
[]| [][][] 
(./LaTeX_RefSheet-31.cpt)
Overfull \hbox (9.14377pt too wide) in paragraph at lines 692--693
[]| [][][] 
(./LaTeX_RefSheet-32.cpt
(/usr/local/texlive/2026/texmf-dist/tex/latex/listings/lstlang1.sty))
Overfull \hbox (9.14377pt too wide) in paragraph at lines 732--733
[]| [][][] 
(./LaTeX_RefSheet-33.cpt)
Overfull \hbox (9.14377pt too wide) in paragraph at lines 744--745
[]| [][][] 
(./LaTeX_RefSheet-34.cpt)
Overfull \hbox (9.14377pt too wide) in paragraph at lines 760--761
| [][][] 
(./LaTeX_RefSheet-35.cpt

LaTeX Warning: Reference `sec:inpfile' on page 2 undefined on input line 2.

)
Overfull \hbox (9.14377pt too wide) in paragraph at lines 769--770
[]| [][][] 
(./LaTeX_RefSheet-36.cpt)
Overfull \hbox (9.14377pt too wide) in paragraph at lines 778--779
[]| [][][] 
(./LaTeX_RefSheet-37.cpt

LaTeX Warning: Reference `sec:options' on page 2 undefined on input line 13.

)
Overfull \hbox (9.14377pt too wide) in paragraph at lines 793--794
[]| [][][] 
(./LaTeX_RefSheet-38.cpt)
Overfull \hbox (9.14377pt too wide) in paragraph at lines 798--799
[]| [][][] 
(./LaTeX_RefSheet-39.cpt)
Overfull \hbox (9.14377pt too wide) in paragraph at lines 817--818
| [][][] 
(./LaTeX_RefSheet-40.cpt)
Overfull \hbox (9.14377pt too wide) in paragraph at lines 835--836
[]| [][][] 
(./LaTeX_RefSheet-41.cpt

LaTeX Warning: Reference `owncmds' on page 2 undefined on input line 9.

)
Overfull \hbox (9.14377pt too wide) in paragraph at lines 846--847
[]| [][][] 
(./LaTeX_RefSheet-42.cpt)
Overfull \hbox (10.5773pt too wide) in paragraph at lines 4--857
[] 

Overfull \hbox (9.14377pt too wide) in paragraph at lines 857--858
[]| [][][] 
(./LaTeX_RefSheet-43.cpt

Package hyperref Warning: Token not allowed in a PDF string (Unicode):
(hyperref)                \kern -1.11273pt
(hyperref)                removed on input line 2.


Package hyperref Warning: Token not allowed in a PDF string (Unicode):
(hyperref)                removing `\lower' on input line 2.


Package hyperref Warning: Token not allowed in a PDF string (Unicode):
(hyperref)                removing `\hbox' on input line 2.


Package hyperref Warning: Token not allowed in a PDF string (Unicode):
(hyperref)                \kern -0.83437pt
(hyperref)                removed on input line 2.

(/usr/local/texlive/2026/texmf-dist/tex/latex/amsfonts/ueuf.fd)
(/usr/local/texlive/2026/texmf-dist/tex/latex/microtype/mt-euf.cfg))
Overfull \hbox (9.14377pt too wide) in paragraph at lines 865--866
[]| [][][] 
(./LaTeX_RefSheet-44.cpt

LaTeX Font Warning: Command \boldmath invalid in math mode on input line 19.


LaTeX Font Warning: Command \mathversion invalid in math mode on input line 19.


)
Overfull \hbox (2.98299pt too wide) in paragraph at lines 11--891
[][] 

Overfull \hbox (9.14377pt too wide) in paragraph at lines 891--892
[]| [][][] 
(./LaTeX_RefSheet-45.cpt
Overfull \hbox (2.15909pt too wide) in paragraph at lines 3--16
[]  

LaTeX Warning: Reference `sec:units' on page 2 undefined on input line 23.

)
Overfull \hbox (9.14377pt too wide) in paragraph at lines 925--926
[]| [][][] 
(./LaTeX_RefSheet-46.cpt

Package hyperref Warning: Token not allowed in a PDF string (Unicode):
(hyperref)                \kern -1.11273pt
(hyperref)                removed on input line 2.


Package hyperref Warning: Token not allowed in a PDF string (Unicode):
(hyperref)                removing `\lower' on input line 2.


Package hyperref Warning: Token not allowed in a PDF string (Unicode):
(hyperref)                removing `\hbox' on input line 2.


Package hyperref Warning: Token not allowed in a PDF string (Unicode):
(hyperref)                \kern -0.83437pt
(hyperref)                removed on input line 2.


Overfull \hbox (0.81104pt too wide) detected at line 38
[]
)
Overfull \hbox (9.14377pt too wide) in paragraph at lines 967--968
[]| [][][] 
(./LaTeX_RefSheet-47.cpt

Package hyperref Warning: Token not allowed in a PDF string (Unicode):
(hyperref)                \kern -1.11273pt
(hyperref)                removed on input line 2.


Package hyperref Warning: Token not allowed in a PDF string (Unicode):
(hyperref)                removing `\lower' on input line 2.


Package hyperref Warning: Token not allowed in a PDF string (Unicode):
(hyperref)                removing `\hbox' on input line 2.


Package hyperref Warning: Token not allowed in a PDF string (Unicode):
(hyperref)                \kern -0.83437pt
(hyperref)                removed on input line 2.


Overfull \hbox (2.86044pt too wide) in paragraph at lines 7--8
[][][][][][][][][][][][][][][][][][][][][][][][][][][][][] 
)
Overfull \hbox (9.14377pt too wide) in paragraph at lines 990--991
[]| [][][] 
(./LaTeX_RefSheet-48.cpt

Package hyperref Warning: Token not allowed in a PDF string (Unicode):
(hyperref)                \kern -1.11273pt
(hyperref)                removed on input line 2.


Package hyperref Warning: Token not allowed in a PDF string (Unicode):
(hyperref)                removing `\lower' on input line 2.


Package hyperref Warning: Token not allowed in a PDF string (Unicode):
(hyperref)                removing `\hbox' on input line 2.


Package hyperref Warning: Token not allowed in a PDF string (Unicode):
(hyperref)                \kern -0.83437pt
(hyperref)                removed on input line 2.


Underfull \hbox (badness 10000) in paragraph at lines 7--8
[][][][][][][][][][][][][][][][][][][][][][][][][][]
)
Overfull \hbox (9.14377pt too wide) in paragraph at lines 1010--1011
[]| [][][] 
(./LaTeX_RefSheet-49.cpt

Package hyperref Warning: Token not allowed in a PDF string (Unicode):
(hyperref)                \kern -1.11273pt
(hyperref)                removed on input line 2.


Package hyperref Warning: Token not allowed in a PDF string (Unicode):
(hyperref)                removing `\lower' on input line 2.


Package hyperref Warning: Token not allowed in a PDF string (Unicode):
(hyperref)                removing `\hbox' on input line 2.


Package hyperref Warning: Token not allowed in a PDF string (Unicode):
(hyperref)                \kern -0.83437pt
(hyperref)                removed on input line 2.


LaTeX Font Warning: Font shape `OT1/cmbr/bx/n' in size <6> not available
(Font)              Font shape `OT1/cmbr/m/n' tried instead on input line 18.


LaTeX Font Warning: Font shape `OT1/cmbr/bx/n' in size <5> not available
(Font)              Font shape `OT1/cmbr/m/n' tried instead on input line 18.

)
Overfull \hbox (9.14377pt too wide) in paragraph at lines 1030--1031
[]| [][][] 
(./LaTeX_RefSheet-50.cpt

Package hyperref Warning: Token not allowed in a PDF string (Unicode):
(hyperref)                \kern -1.11273pt
(hyperref)                removed on input line 2.


Package hyperref Warning: Token not allowed in a PDF string (Unicode):
(hyperref)                removing `\lower' on input line 2.


Package hyperref Warning: Token not allowed in a PDF string (Unicode):
(hyperref)                removing `\hbox' on input line 2.


Package hyperref Warning: Token not allowed in a PDF string (Unicode):
(hyperref)                \kern -0.83437pt
(hyperref)                removed on input line 2.

)
Overfull \hbox (9.14377pt too wide) in paragraph at lines 1054--1055
[]| [][][] 
(./LaTeX_RefSheet-51.cpt

Package hyperref Warning: Token not allowed in a PDF string (Unicode):
(hyperref)                \kern -1.11273pt
(hyperref)                removed on input line 2.


Package hyperref Warning: Token not allowed in a PDF string (Unicode):
(hyperref)                removing `\lower' on input line 2.


Package hyperref Warning: Token not allowed in a PDF string (Unicode):
(hyperref)                removing `\hbox' on input line 2.


Package hyperref Warning: Token not allowed in a PDF string (Unicode):
(hyperref)                \kern -0.83437pt
(hyperref)                removed on input line 2.

)
Overfull \hbox (9.14377pt too wide) in paragraph at lines 1069--1070
[]| [][][] 
(./LaTeX_RefSheet-52.cpt)
Overfull \hbox (9.14377pt too wide) in paragraph at lines 1086--1087
[]| [][][] 
(./LaTeX_RefSheet-53.cpt)
Overfull \hbox (9.14377pt too wide) in paragraph at lines 1104--1105
[]| [][][] 
[2
pdfTeX warning (ext4): destination with the same identifier (name{equation.1}) 
has been already used, duplicate ignored
<argument> ...shipout:D \box_use:N \l_shipout_box 
                                                  \__shipout_drop_firstpage_...
l.1122 }
        
pdfTeX warning (ext4): destination with the same identifier (name{equation.1}) 
has been already used, duplicate ignored
<argument> ...shipout:D \box_use:N \l_shipout_box 
                                                  \__shipout_drop_firstpage_...
l.1122 }
        
pdfTeX warning (ext4): destination with the same identifier (name{equation.2}) 
has been already used, duplicate ignored
<argument> ...shipout:D \box_use:N \l_shipout_box 
                                                  \__shipout_drop_firstpage_...
l.1122 }
        
pdfTeX warning (ext4): destination with the same identifier (name{equation.1}) 
has been already used, duplicate ignored
<argument> ...shipout:D \box_use:N \l_shipout_box 
                                                  \__shipout_drop_firstpage_...
l.1122 }
        
pdfTeX warning (ext4): destination with the same identifier (name{equation.2}) 
has been already used, duplicate ignored
<argument> ...shipout:D \box_use:N \l_shipout_box 
                                                  \__shipout_drop_firstpage_...
l.1122 }
        
pdfTeX warning (ext4): destination with the same identifier (name{equation.3}) 
has been already used, duplicate ignored
<argument> ...shipout:D \box_use:N \l_shipout_box 
                                                  \__shipout_drop_firstpage_...
l.1122 }
        
pdfTeX warning (ext4): destination with the same identifier (name{equation.1}) 
has been already used, duplicate ignored
<argument> ...shipout:D \box_use:N \l_shipout_box 
                                                  \__shipout_drop_firstpage_...
l.1122 }
        
pdfTeX warning (ext4): destination with the same identifier (name{equation.2}) 
has been already used, duplicate ignored
<argument> ...shipout:D \box_use:N \l_shipout_box 
                                                  \__shipout_drop_firstpage_...
l.1122 }
        ] (./LaTeX_RefSheet-54.cpt)
Overfull \hbox (9.14377pt too wide) in paragraph at lines 1122--1123
[]| [][][] 
(./LaTeX_RefSheet-55.cpt

LaTeX Warning: Reference `mathsymbols' on page 3 undefined on input line 2.

)
Overfull \hbox (9.14377pt too wide) in paragraph at lines 1139--1140
| [][][] 
(./LaTeX_RefSheet-56.cpt)
Overfull \hbox (9.14377pt too wide) in paragraph at lines 1151--1152
[]| [][][] 
(./LaTeX_RefSheet-57.cpt)
Overfull \hbox (9.14377pt too wide) in paragraph at lines 1161--1162
[]| [][][] 
(./LaTeX_RefSheet-58.cpt)
Overfull \hbox (9.14377pt too wide) in paragraph at lines 1176--1177
[]| [][][] 
(./LaTeX_RefSheet-59.cpt

LaTeX Warning: Reference `sec:units' on page 3 undefined on input line 3.

)
Overfull \hbox (9.14377pt too wide) in paragraph at lines 1191--1192
[]| [][][] 
(./LaTeX_RefSheet-60.cpt

LaTeX Warning: Reference `sec:para' on page 3 undefined on input line 5.


LaTeX Warning: Reference `sec:units' on page 3 undefined on input line 8.


LaTeX Warning: Reference `sec:units' on page 3 undefined on input line 13.

)
Overfull \hbox (9.14377pt too wide) in paragraph at lines 1209--1210
[]| [][][] 
(./LaTeX_RefSheet-61.cpt

LaTeX Warning: Reference `sec:units' on page 3 undefined on input line 11.

)
Overfull \hbox (9.14377pt too wide) in paragraph at lines 1223--1224
[]| [][][] 
(./LaTeX_RefSheet-62.cpt)
Overfull \hbox (9.14377pt too wide) in paragraph at lines 1239--1240
[]| [][][] 
(./LaTeX_RefSheet-63.cpt)
Overfull \hbox (9.14377pt too wide) in paragraph at lines 1255--1256
[]| [][][] 
(./LaTeX_RefSheet-64.cpt)
Overfull \hbox (9.14377pt too wide) in paragraph at lines 1274--1275
| [][][] 
(./LaTeX_RefSheet-65.cpt)
Overfull \hbox (3.05116pt too wide) in paragraph at lines 3--1290
[]  

Overfull \hbox (9.14377pt too wide) in paragraph at lines 1290--1291
[]| [][][] 
(./LaTeX_RefSheet-66.cpt)
Overfull \hbox (9.14377pt too wide) in paragraph at lines 1302--1303
[]| [][][] 
(./LaTeX_RefSheet-67.cpt)
Overfull \hbox (9.14377pt too wide) in paragraph at lines 1310--1311
[]| [][][] 
(./LaTeX_RefSheet-68.cpt)
Overfull \hbox (9.14377pt too wide) in paragraph at lines 1322--1323
[]| [][][] 
(./LaTeX_RefSheet-69.cpt)
Overfull \hbox (1.51907pt too wide) in paragraph at lines 2--1347
[][]  

Overfull \hbox (9.14377pt too wide) in paragraph at lines 1347--1348
| [][][] 
(./LaTeX_RefSheet-70.cpt)
Overfull \hbox (9.14377pt too wide) in paragraph at lines 1382--1383
[]| [][][] 
(./LaTeX_RefSheet-71.cpt (./thesis.tex) (./thesis.bib))
Overfull \hbox (9.14377pt too wide) in paragraph at lines 1392--1393
| [][][] 
[3 <./layout.pdf>] [4 <./thesis.pdf> <./thesis.pdf> <./thesis.pdf> <./thesis.pd
f> <./thesis.pdf> <./thesis.pdf> <./thesis.pdf> <./thesis.pdf> <./thesis.pdf> <
./acknowledgements.pdf>] (./LaTeX_RefSheet.aux)

LaTeX Warning: There were undefined references.


LaTeX Warning: Label(s) may have changed. Rerun to get cross-references right.


Package biblatex Warning: Please (re)run Biber on the file:
(biblatex)                LaTeX_RefSheet
(biblatex)                and rerun LaTeX afterwards.

 )
(see the transcript file for additional information)</usr/local/texlive/2026/te
xmf-dist/fonts/type1/public/amsfonts/cmextra/cmex7.pfb></usr/local/texlive/2026
/texmf-dist/fonts/type1/public/amsfonts/cm/cmmi12.pfb></usr/local/texlive/2026/
texmf-dist/fonts/type1/public/amsfonts/cm/cmmi8.pfb></usr/local/texlive/2026/te
xmf-dist/fonts/type1/public/amsfonts/cm/cmr12.pfb></usr/local/texlive/2026/texm
f-dist/fonts/type1/public/amsfonts/cm/cmr6.pfb></usr/local/texlive/2026/texmf-d
ist/fonts/type1/public/amsfonts/cm/cmr8.pfb></usr/local/texlive/2026/texmf-dist
/fonts/type1/public/amsfonts/cm/cmsy10.pfb></usr/local/texlive/2026/texmf-dist/
fonts/type1/public/amsfonts/cm/cmsy6.pfb></usr/local/texlive/2026/texmf-dist/fo
nts/type1/public/amsfonts/cm/cmsy8.pfb></usr/local/texlive/2026/texmf-dist/font
s/type1/public/amsfonts/euler/eufm7.pfb></usr/local/texlive/2026/texmf-dist/fon
ts/type1/public/bera/fvmb8a.pfb></usr/local/texlive/2026/texmf-dist/fonts/type1
/public/bera/fvmr8a.pfb></usr/local/texlive/2026/texmf-dist/fonts/type1/public/
hfbright/hfbr8.pfb></usr/local/texlive/2026/texmf-dist/fonts/type1/public/hfbri
ght/hfbras8.pfb></usr/local/texlive/2026/texmf-dist/fonts/type1/public/hfbright
/hfbrbs8.pfb></usr/local/texlive/2026/texmf-dist/fonts/type1/public/hfbright/hf
brmb10.pfb></usr/local/texlive/2026/texmf-dist/fonts/type1/public/hfbright/hfbr
mi8.pfb></usr/local/texlive/2026/texmf-dist/fonts/type1/public/hfbright/hfbrsy8
.pfb></usr/local/texlive/2026/texmf-dist/fonts/type1/public/hfbright/hfbrsy9.pf
b></usr/local/texlive/2026/texmf-dist/fonts/type1/public/amsfonts/latxfont/lcir
cle1.pfb></usr/local/texlive/2026/texmf-dist/fonts/type1/public/amsfonts/latxfo
nt/line10.pfb></usr/local/texlive/2026/texmf-dist/fonts/type1/public/cm-super/s
fbmo8.pfb></usr/local/texlive/2026/texmf-dist/fonts/type1/public/cm-super/sfbmr
10.pfb></usr/local/texlive/2026/texmf-dist/fonts/type1/public/cm-super/sfbmr8.p
fb></usr/local/texlive/2026/texmf-dist/fonts/type1/public/cm-super/sfbsr8.pfb><
/usr/local/texlive/2026/texmf-dist/fonts/type1/public/cm-super/sfbx1200.pfb></u
sr/local/texlive/2026/texmf-dist/fonts/type1/public/cm-super/sfcc0600.pfb></usr
/local/texlive/2026/texmf-dist/fonts/type1/public/cm-super/sfrm0600.pfb></usr/l
ocal/texlive/2026/texmf-dist/fonts/type1/public/cm-super/sfrm0700.pfb></usr/loc
al/texlive/2026/texmf-dist/fonts/type1/public/cm-super/sfrm0800.pfb></usr/local
/texlive/2026/texmf-dist/fonts/type1/public/cm-super/sfrm1000.pfb></usr/local/t
exlive/2026/texmf-dist/fonts/type1/public/cm-super/sfrm1200.pfb></usr/local/tex
live/2026/texmf-dist/fonts/type1/public/cm-super/sfrm1728.pfb></usr/local/texli
ve/2026/texmf-dist/fonts/type1/public/cm-super/sfsl0600.pfb></usr/local/texlive
/2026/texmf-dist/fonts/type1/public/cm-super/sfsl1200.pfb></usr/local/texlive/2
026/texmf-dist/fonts/type1/public/cm-super/sfss1200.pfb></usr/local/texlive/202
6/texmf-dist/fonts/type1/public/cm-super/sfss1440.pfb></usr/local/texlive/2026/
texmf-dist/fonts/type1/public/cm-super/sfss1728.pfb></usr/local/texlive/2026/te
xmf-dist/fonts/type1/public/cm-super/sfss2488.pfb></usr/local/texlive/2026/texm
f-dist/fonts/type1/public/cm-super/sfti1000.pfb></usr/local/texlive/2026/texmf-
dist/fonts/type1/public/cm-super/sfti1200.pfb></usr/local/texlive/2026/texmf-di
st/fonts/type1/public/cm-super/sftt1000.pfb></usr/local/texlive/2026/texmf-dist
/fonts/type1/public/cm-super/sftt1200.pfb></usr/local/texlive/2026/texmf-dist/f
onts/type1/urw/zapfding/uzdr.pfb>
Output written on LaTeX_RefSheet.pdf (4 pages, 2667736 bytes).
Transcript written on LaTeX_RefSheet.log.


--- pass break ---

This is pdfTeX, Version 3.141592653-2.6-1.40.29 (TeX Live 2026) (preloaded format=pdflatex)
 restricted \write18 enabled.
entering extended mode
(./LaTeX_RefSheet.tex
LaTeX2e <2025-11-01>
L3 programming layer <2026-01-19>
(/usr/local/texlive/2026/texmf-dist/tex/latex/koma-script/scrartcl.cls
Document Class: scrartcl 2026/02/02 v3.49.2 KOMA-Script document class (article
)
(/usr/local/texlive/2026/texmf-dist/tex/latex/koma-script/scrkbase.sty
(/usr/local/texlive/2026/texmf-dist/tex/latex/koma-script/scrbase.sty
(/usr/local/texlive/2026/texmf-dist/tex/latex/koma-script/scrlfile.sty
(/usr/local/texlive/2026/texmf-dist/tex/latex/koma-script/scrlfile-hook.sty
(/usr/local/texlive/2026/texmf-dist/tex/latex/koma-script/scrlogo.sty)))
(/usr/local/texlive/2026/texmf-dist/tex/latex/graphics/keyval.sty)))
(/usr/local/texlive/2026/texmf-dist/tex/latex/koma-script/tocbasic.sty)
(/usr/local/texlive/2026/texmf-dist/tex/latex/koma-script/typearea.sty

Package typearea Info: DIV calculation for classic typearea. on input line 1810
.


Package typearea Warning: Very low DIV value!
(typearea)                DIV values less than 6 result in textwidth/-height
(typearea)                smaller than total marginwidth/-height.
(typearea)                You should e.g. increase DIV, increase fontsize or
(typearea)                change papersize.

)) (/usr/local/texlive/2026/texmf-dist/tex/latex/base/inputenc.sty)
(/usr/local/texlive/2026/texmf-dist/tex/latex/base/fontenc.sty)
(/usr/local/texlive/2026/texmf-dist/tex/generic/babel/babel.sty
(/usr/local/texlive/2026/texmf-dist/tex/generic/babel/txtbabel.def)
(/usr/local/texlive/2026/texmf-dist/tex/generic/babel/locale/en/babel-english.t
ex)
(/usr/local/texlive/2026/texmf-dist/tex/generic/babel/locale/invalid/babel-nger
man.tex)
(/usr/local/texlive/2026/texmf-dist/tex/generic/babel/locale/fr/babel-french.te
x)
(/usr/local/texlive/2026/texmf-dist/tex/generic/babel/locale/en/babel-english.t
ex) (/usr/local/texlive/2026/texmf-dist/tex/generic/babel-german/ngerman.ldf
(/usr/local/texlive/2026/texmf-dist/tex/generic/babel-german/babel-german.def))
(/usr/local/texlive/2026/texmf-dist/tex/generic/babel-french/french.ldf
(/usr/local/texlive/2026/texmf-dist/tex/generic/babel-french/french3.ldf))
(/usr/local/texlive/2026/texmf-dist/tex/generic/babel-english/english.ldf))
(/usr/local/texlive/2026/texmf-dist/tex/latex/carlisle/scalefnt.sty)
(/usr/local/texlive/2026/texmf-dist/tex/latex/cmbright/cmbright.sty
(/usr/local/texlive/2026/texmf-dist/tex/latex/cmbright/t1cmbr.fd))
(/usr/local/texlive/2026/texmf-dist/tex/latex/bera/beramono.sty)
(/usr/local/texlive/2026/texmf-dist/tex/latex/xcolor/xcolor.sty
(/usr/local/texlive/2026/texmf-dist/tex/latex/graphics-cfg/color.cfg)
(/usr/local/texlive/2026/texmf-dist/tex/latex/graphics-def/pdftex.def)
(/usr/local/texlive/2026/texmf-dist/tex/latex/graphics/mathcolor.ltx))
(/usr/local/texlive/2026/texmf-dist/tex/latex/colortbl/colortbl.sty
(/usr/local/texlive/2026/texmf-dist/tex/latex/tools/array.sty))
(/usr/local/texlive/2026/texmf-dist/tex/latex/graphics/graphicx.sty
(/usr/local/texlive/2026/texmf-dist/tex/latex/graphics/graphics.sty
(/usr/local/texlive/2026/texmf-dist/tex/latex/graphics/trig.sty)
(/usr/local/texlive/2026/texmf-dist/tex/latex/graphics-cfg/graphics.cfg)))
(/usr/local/texlive/2026/texmf-dist/tex/latex/geometry/geometry.sty
(/usr/local/texlive/2026/texmf-dist/tex/generic/iftex/ifvtex.sty
(/usr/local/texlive/2026/texmf-dist/tex/generic/iftex/iftex.sty)))

Package geometry Warning: Over-specification in `h'-direction.
    `width' (211.26173pt) is ignored.


Package geometry Warning: Over-specification in `v'-direction.
    `height' (149.99963pt) is ignored.

(/usr/local/texlive/2026/texmf-dist/tex/latex/tabulary/tabulary.sty)
(/usr/local/texlive/2026/texmf-dist/tex/latex/tools/multicol.sty)
(/usr/local/texlive/2026/texmf-dist/tex/latex/booktabs/booktabs.sty)
(/usr/local/texlive/2026/texmf-dist/tex/latex/microtype/microtype.sty
(/usr/local/texlive/2026/texmf-dist/tex/latex/etoolbox/etoolbox.sty)
(/usr/local/texlive/2026/texmf-dist/tex/latex/microtype/microtype-pdftex.def)
(/usr/local/texlive/2026/texmf-dist/tex/latex/microtype/microtype.cfg))
(/usr/local/texlive/2026/texmf-dist/tex/latex/pdfpages/pdfpages.sty
(/usr/local/texlive/2026/texmf-dist/tex/latex/base/ifthen.sty)
(/usr/local/texlive/2026/texmf-dist/tex/latex/tools/calc.sty)
(/usr/local/texlive/2026/texmf-dist/tex/latex/eso-pic/eso-pic.sty)
(/usr/local/texlive/2026/texmf-dist/tex/latex/pdfpages/pppdftex.def))
(/usr/local/texlive/2026/texmf-dist/tex/latex/csquotes/csquotes.sty
(/usr/local/texlive/2026/texmf-dist/tex/latex/csquotes/csquotes.def)
(/usr/local/texlive/2026/texmf-dist/tex/latex/csquotes/csquotes.cfg))
(/usr/local/texlive/2026/texmf-dist/tex/latex/amsmath/amsmath.sty
For additional information on amsmath, use the `?' option.
(/usr/local/texlive/2026/texmf-dist/tex/latex/amsmath/amstext.sty
(/usr/local/texlive/2026/texmf-dist/tex/latex/amsmath/amsgen.sty))
(/usr/local/texlive/2026/texmf-dist/tex/latex/amsmath/amsbsy.sty)
(/usr/local/texlive/2026/texmf-dist/tex/latex/amsmath/amsopn.sty))
(/usr/local/texlive/2026/texmf-dist/tex/latex/amsfonts/amssymb.sty
(/usr/local/texlive/2026/texmf-dist/tex/latex/amsfonts/amsfonts.sty))
(/usr/local/texlive/2026/texmf-dist/tex/latex/units/nicefrac.sty)
(/usr/local/texlive/2026/texmf-dist/tex/latex/enumitem/enumitem.sty)
(/usr/local/texlive/2026/texmf-dist/tex/latex/psnfss/pifont.sty
(/usr/local/texlive/2026/texmf-dist/tex/latex/psnfss/upzd.fd)
(/usr/local/texlive/2026/texmf-dist/tex/latex/psnfss/upsy.fd))
(/usr/local/texlive/2026/texmf-dist/tex/latex/base/textcomp.sty)
(/usr/local/texlive/2026/texmf-dist/tex/latex/siunitx/siunitx.sty
(/usr/local/texlive/2026/texmf-dist/tex/latex/translations/translations.sty
(/usr/local/texlive/2026/texmf-dist/tex/generic/pdftexcmds/pdftexcmds.sty
(/usr/local/texlive/2026/texmf-dist/tex/generic/infwarerr/infwarerr.sty)
(/usr/local/texlive/2026/texmf-dist/tex/generic/ltxcmds/ltxcmds.sty))))
(/usr/local/texlive/2026/texmf-dist/tex/latex/biblatex/biblatex.sty
(/usr/local/texlive/2026/texmf-dist/tex/latex/kvoptions/kvoptions.sty
(/usr/local/texlive/2026/texmf-dist/tex/latex/kvsetkeys/kvsetkeys.sty))
(/usr/local/texlive/2026/texmf-dist/tex/latex/logreq/logreq.sty
(/usr/local/texlive/2026/texmf-dist/tex/latex/logreq/logreq.def))
(/usr/local/texlive/2026/texmf-dist/tex/latex/url/url.sty)
(/usr/local/texlive/2026/texmf-dist/tex/latex/biblatex/blx-dm.def)
(/usr/local/texlive/2026/texmf-dist/tex/latex/biblatex/blx-compat.def)
(/usr/local/texlive/2026/texmf-dist/tex/latex/biblatex/biblatex.def)
(/usr/local/texlive/2026/texmf-dist/tex/latex/biblatex/bbx/verbose.bbx
(/usr/local/texlive/2026/texmf-dist/tex/latex/biblatex/bbx/authortitle.bbx
(/usr/local/texlive/2026/texmf-dist/tex/latex/biblatex/bbx/standard.bbx)))
(/usr/local/texlive/2026/texmf-dist/tex/latex/biblatex/cbx/verbose.cbx)
(/usr/local/texlive/2026/texmf-dist/tex/latex/biblatex/biblatex.cfg)
(/usr/local/texlive/2026/texmf-dist/tex/latex/l3kernel/expl3.sty
(/usr/local/texlive/2026/texmf-dist/tex/latex/l3backend/l3backend-pdftex.def))
(/usr/local/texlive/2026/texmf-dist/tex/latex/biblatex/blx-case-expl3.sty
(/usr/local/texlive/2026/texmf-dist/tex/latex/l3packages/xparse/xparse.sty)))
(/usr/local/texlive/2026/texmf-dist/tex/latex/cprotect/cprotect.sty
(/usr/local/texlive/2026/texmf-dist/tex/latex/bigfoot/suffix.sty))
(/usr/local/texlive/2026/texmf-dist/tex/latex/hyperref/hyperref.sty
(/usr/local/texlive/2026/texmf-dist/tex/generic/kvdefinekeys/kvdefinekeys.sty)
(/usr/local/texlive/2026/texmf-dist/tex/generic/pdfescape/pdfescape.sty)
(/usr/local/texlive/2026/texmf-dist/tex/latex/hycolor/hycolor.sty)
(/usr/local/texlive/2026/texmf-dist/tex/latex/hyperref/nameref.sty
(/usr/local/texlive/2026/texmf-dist/tex/latex/refcount/refcount.sty)
(/usr/local/texlive/2026/texmf-dist/tex/generic/gettitlestring/gettitlestring.s
ty)) (/usr/local/texlive/2026/texmf-dist/tex/generic/stringenc/stringenc.sty)
(/usr/local/texlive/2026/texmf-dist/tex/latex/hyperref/pd1enc.def)
(/usr/local/texlive/2026/texmf-dist/tex/generic/intcalc/intcalc.sty)
(/usr/local/texlive/2026/texmf-dist/tex/latex/hyperref/puenc.def)
(/usr/local/texlive/2026/texmf-dist/tex/generic/bitset/bitset.sty
(/usr/local/texlive/2026/texmf-dist/tex/generic/bigintcalc/bigintcalc.sty)))
(/usr/local/texlive/2026/texmf-dist/tex/latex/hyperref/hpdftex.def
(/usr/local/texlive/2026/texmf-dist/tex/latex/rerunfilecheck/rerunfilecheck.sty

(/usr/local/texlive/2026/texmf-dist/tex/generic/uniquecounter/uniquecounter.sty
))) (/usr/local/texlive/2026/texmf-dist/tex/latex/listings/listings.sty
(/usr/local/texlive/2026/texmf-dist/tex/latex/listings/lstpatch.sty)
(/usr/local/texlive/2026/texmf-dist/tex/latex/listings/lstmisc.sty)
(/usr/local/texlive/2026/texmf-dist/tex/latex/listings/listings.cfg))
==> First Aid for listings.sty no longer applied!
    Expected:
        2024/09/23 1.10c (Carsten Heinz)
    but found:
        2025/11/14 1.11b (Carsten Heinz)
    so I'm assuming it got fixed.
(/usr/local/texlive/2026/texmf-dist/tex/latex/bookmark/bookmark.sty
(/usr/local/texlive/2026/texmf-dist/tex/latex/bookmark/bkm-pdftex.def))
(./LaTeX_RefSheet.aux)
(/usr/local/texlive/2026/texmf-dist/tex/context/base/mkii/supp-pdf.mkii
[Loading MPS to PDF converter (version 2006.09.02).]
) (/usr/local/texlive/2026/texmf-dist/tex/latex/epstopdf-pkg/epstopdf-base.sty
(/usr/local/texlive/2026/texmf-dist/tex/latex/latexconfig/epstopdf-sys.cfg))
*geometry* driver: auto-detecting
*geometry* detected driver: pdftex
(/usr/local/texlive/2026/texmf-dist/tex/latex/pdflscape/pdflscape.sty
(/usr/local/texlive/2026/texmf-dist/tex/latex/pdflscape/pdflscape-nometadata.st
y (/usr/local/texlive/2026/texmf-dist/tex/latex/graphics/lscape.sty)))
(/usr/local/texlive/2026/texmf-dist/tex/latex/translations/translations-basic-d
ictionary-english.trsl)
(/usr/local/texlive/2026/texmf-dist/tex/latex/translations/translations-basic-d
ictionary-french.trsl)
(/usr/local/texlive/2026/texmf-dist/tex/latex/translations/translations-basic-d
ictionary-german.trsl)
(/usr/local/texlive/2026/texmf-dist/tex/latex/biblatex/lbx/english.lbx)
(/usr/local/texlive/2026/texmf-dist/tex/latex/biblatex/lbx/french.lbx)
(/usr/local/texlive/2026/texmf-dist/tex/latex/biblatex/lbx/ngerman.lbx
(/usr/local/texlive/2026/texmf-dist/tex/latex/biblatex/lbx/german.lbx)
(/usr/local/texlive/2026/texmf-dist/tex/latex/biblatex/lbx/german.lbx))
No file LaTeX_RefSheet.bbl.
(/usr/local/texlive/2026/texmf-dist/tex/latex/cmbright/ot1cmbr.fd)
(/usr/local/texlive/2026/texmf-dist/tex/latex/cmbright/omlcmbrm.fd)
(/usr/local/texlive/2026/texmf-dist/tex/latex/cmbright/omscmbrs.fd)
(/usr/local/texlive/2026/texmf-dist/tex/latex/microtype/mt-msa.cfg)
(/usr/local/texlive/2026/texmf-dist/tex/latex/microtype/mt-msb.cfg)
Overfull \hbox (6.67502pt too wide) in paragraph at lines 148--149
[]$[]$ 
(./LaTeX_RefSheet-1.cpt
(/usr/local/texlive/2026/texmf-dist/tex/latex/bera/t1fvm.fd))
Overfull \hbox (9.14377pt too wide) in paragraph at lines 159--160
[]| [][][] 
(./LaTeX_RefSheet-2.cpt)
Overfull \hbox (9.14377pt too wide) in paragraph at lines 183--184
| [][][] 
(./LaTeX_RefSheet-3.cpt)
Overfull \hbox (9.14377pt too wide) in paragraph at lines 199--200
[]| [][][] 
(./LaTeX_RefSheet-4.cpt
Overfull \hbox (1.1912pt too wide) in paragraph at lines 5--22
[][]  
)
Overfull \hbox (9.14377pt too wide) in paragraph at lines 232--233
| [][][] 
(./LaTeX_RefSheet-5.cpt)
Overfull \hbox (9.14377pt too wide) in paragraph at lines 238--239
[]| [][][] 
(./LaTeX_RefSheet-6.cpt
(/usr/local/texlive/2026/texmf-dist/tex/latex/listings/lstlang1.sty)
(/usr/local/texlive/2026/texmf-dist/tex/latex/listings/lstlang2.sty)
(/usr/local/texlive/2026/texmf-dist/tex/latex/listings/lstlang3.sty)
(/usr/local/texlive/2026/texmf-dist/tex/latex/listings/lstlang1.sty)
(/usr/local/texlive/2026/texmf-dist/tex/latex/listings/lstlang2.sty)
(/usr/local/texlive/2026/texmf-dist/tex/latex/listings/lstlang3.sty)
(/usr/local/texlive/2026/texmf-dist/tex/latex/listings/lstlang1.sty)
(/usr/local/texlive/2026/texmf-dist/tex/latex/listings/lstlang2.sty)
(/usr/local/texlive/2026/texmf-dist/tex/latex/listings/lstlang3.sty)
(/usr/local/texlive/2026/texmf-dist/tex/latex/listings/lstmisc.sty))
Overfull \hbox (9.14377pt too wide) in paragraph at lines 246--247
[]| [][][] 
(./LaTeX_RefSheet-7.cpt)
Overfull \hbox (9.14377pt too wide) in paragraph at lines 257--258
[]| [][][] 
(./LaTeX_RefSheet-8.cpt)
Overfull \hbox (9.14377pt too wide) in paragraph at lines 281--282
| [][][] 
(./LaTeX_RefSheet-9.cpt
Overfull \hbox (12.25061pt too wide) in paragraph at lines 17--18
[][][][][][][][][][][][][][][][][][][][] 
)
Overfull \hbox (9.14377pt too wide) in paragraph at lines 302--303
[]| [][][] 
(./LaTeX_RefSheet-10.cpt)
Overfull \hbox (9.14377pt too wide) in paragraph at lines 307--308
[]| [][][] 
(./LaTeX_RefSheet-11.cpt)
Overfull \hbox (9.14377pt too wide) in paragraph at lines 317--318
| [][][] 
(./LaTeX_RefSheet-12.cpt)
Overfull \hbox (9.14377pt too wide) in paragraph at lines 323--324
[]| [][][] 
(./LaTeX_RefSheet-13.cpt)
Overfull \hbox (9.14377pt too wide) in paragraph at lines 329--330
[]| [][][] 
(./LaTeX_RefSheet-14.cpt
Overfull \hbox (2.4816pt too wide) in paragraph at lines 26--26
[][][][][][][][][][][][][][]  
)
Overfull \hbox (9.14377pt too wide) in paragraph at lines 359--360
[]| [][][] 
(./LaTeX_RefSheet-15.cpt)
Overfull \hbox (9.14377pt too wide) in paragraph at lines 370--371
[]| [][][] 
(./LaTeX_RefSheet-16.cpt)
Overfull \hbox (9.14377pt too wide) in paragraph at lines 387--388
[]| [][][] 
(./LaTeX_RefSheet-17.cpt
Underfull \hbox (badness 10000) in paragraph at lines 5--10

)
Overfull \hbox (9.14377pt too wide) in paragraph at lines 435--436
[]| [][][] 
(./LaTeX_RefSheet-18.cpt)
Overfull \hbox (9.14377pt too wide) in paragraph at lines 450--451
[]| [][][] 
(./LaTeX_RefSheet-19.cpt

Package hyperref Warning: Token not allowed in a PDF string (Unicode):
(hyperref)                removing `math shift' on input line 2.


Package hyperref Warning: Token not allowed in a PDF string (Unicode):
(hyperref)                removing `\approx' on input line 2.


Package hyperref Warning: Token not allowed in a PDF string (Unicode):
(hyperref)                removing `math shift' on input line 2.

)
Overfull \hbox (9.14377pt too wide) in paragraph at lines 461--462
| [][][] 
(./LaTeX_RefSheet-20.cpt
(/usr/local/texlive/2026/texmf-dist/tex/latex/cmbright/ts1cmbr.fd))
Overfull \hbox (9.14377pt too wide) in paragraph at lines 476--477
[]| [][][] 
(./LaTeX_RefSheet-21.cpt
(/usr/local/texlive/2026/texmf-dist/tex/latex/microtype/mt-cmr.cfg)

LaTeX Font Warning: Font shape `T1/cmbr/bx/n' in size <6> not available
(Font)              Font shape `T1/cmbr/sb/n' tried instead on input line 19.

)
Overfull \hbox (9.14377pt too wide) in paragraph at lines 520--521
[]| [][][] 
(./LaTeX_RefSheet-22.cpt)
Overfull \hbox (9.14377pt too wide) in paragraph at lines 542--543
[]| [][][] 
(./LaTeX_RefSheet-23.cpt)
Overfull \hbox (9.14377pt too wide) in paragraph at lines 557--558
[]| [][][] 
(./LaTeX_RefSheet-24.cpt)
Overfull \hbox (9.14377pt too wide) in paragraph at lines 566--567
[]| [][][] 
(./LaTeX_RefSheet-25.cpt
Overfull \hbox (2.0488pt too wide) in paragraph at lines 3--7
[]  
)
Overfull \hbox (9.14377pt too wide) in paragraph at lines 587--588
[]| [][][] 
(./LaTeX_RefSheet-26.cpt
Overfull \hbox (3.38107pt too wide) in paragraph at lines 4--5
[][][][][][][][][][][][][][][][][][][][][][][][][][][][][][][][][][][][][][][][
][] 
)
Overfull \hbox (9.14377pt too wide) in paragraph at lines 601--602
[]| [][][] 
(./LaTeX_RefSheet-27.cpt
Overfull \hbox (3.38107pt too wide) in paragraph at lines 11--12
[][][][][][][][][][][][][][][][][][][][][][][][][][][][][][][][][][][][][][][][
][][][][][][][][][][][][][][] 
)
Overfull \hbox (2.46875pt too wide) in paragraph at lines 633--635
| [][][] 

Overfull \hbox (7.6521pt too wide) in paragraph at lines 633--635
[]$ 
(./LaTeX_RefSheet-28.cpt)
Overfull \hbox (9.14377pt too wide) in paragraph at lines 651--652
[]| [][][] 
[1{/usr/local/texlive/2026/texmf-var/fonts/map/pdftex/updmap/pdftex.map}{/usr/l
ocal/texlive/2026/texmf-dist/fonts/enc/dvips/cm-super/cm-super-t1.enc}{/usr/loc
al/texlive/2026/texmf-dist/fonts/enc/dvips/base/8r.enc}{/usr/local/texlive/2026
/texmf-dist/fonts/enc/dvips/cm-super/cm-super-ts1.enc} <./header-graph.pdf>]
(./LaTeX_RefSheet-29.cpt)
Overfull \hbox (9.14377pt too wide) in paragraph at lines 673--674
[]| [][][] 
(./LaTeX_RefSheet-30.cpt)
Overfull \hbox (9.14377pt too wide) in paragraph at lines 682--683
[]| [][][] 
(./LaTeX_RefSheet-31.cpt)
Overfull \hbox (9.14377pt too wide) in paragraph at lines 692--693
[]| [][][] 
(./LaTeX_RefSheet-32.cpt
(/usr/local/texlive/2026/texmf-dist/tex/latex/listings/lstlang1.sty))
Overfull \hbox (9.14377pt too wide) in paragraph at lines 732--733
[]| [][][] 
(./LaTeX_RefSheet-33.cpt)
Overfull \hbox (9.14377pt too wide) in paragraph at lines 744--745
[]| [][][] 
(./LaTeX_RefSheet-34.cpt)
Overfull \hbox (9.14377pt too wide) in paragraph at lines 760--761
| [][][] 
(./LaTeX_RefSheet-35.cpt)
Overfull \hbox (9.14377pt too wide) in paragraph at lines 769--770
[]| [][][] 
(./LaTeX_RefSheet-36.cpt)
Overfull \hbox (9.14377pt too wide) in paragraph at lines 778--779
[]| [][][] 
(./LaTeX_RefSheet-37.cpt)
Overfull \hbox (9.14377pt too wide) in paragraph at lines 793--794
[]| [][][] 
(./LaTeX_RefSheet-38.cpt)
Overfull \hbox (9.14377pt too wide) in paragraph at lines 798--799
[]| [][][] 
(./LaTeX_RefSheet-39.cpt)
Overfull \hbox (9.14377pt too wide) in paragraph at lines 817--818
| [][][] 
(./LaTeX_RefSheet-40.cpt)
Overfull \hbox (9.14377pt too wide) in paragraph at lines 835--836
[]| [][][] 
(./LaTeX_RefSheet-41.cpt)
Overfull \hbox (9.14377pt too wide) in paragraph at lines 846--847
[]| [][][] 
(./LaTeX_RefSheet-42.cpt)
Overfull \hbox (10.5773pt too wide) in paragraph at lines 4--857
[] 

Overfull \hbox (9.14377pt too wide) in paragraph at lines 857--858
[]| [][][] 
(./LaTeX_RefSheet-43.cpt

Package hyperref Warning: Token not allowed in a PDF string (Unicode):
(hyperref)                \kern -1.11273pt
(hyperref)                removed on input line 2.


Package hyperref Warning: Token not allowed in a PDF string (Unicode):
(hyperref)                removing `\lower' on input line 2.


Package hyperref Warning: Token not allowed in a PDF string (Unicode):
(hyperref)                removing `\hbox' on input line 2.


Package hyperref Warning: Token not allowed in a PDF string (Unicode):
(hyperref)                \kern -0.83437pt
(hyperref)                removed on input line 2.

(/usr/local/texlive/2026/texmf-dist/tex/latex/amsfonts/ueuf.fd)
(/usr/local/texlive/2026/texmf-dist/tex/latex/microtype/mt-euf.cfg))
Overfull \hbox (9.14377pt too wide) in paragraph at lines 865--866
[]| [][][] 
(./LaTeX_RefSheet-44.cpt

LaTeX Font Warning: Command \boldmath invalid in math mode on input line 19.


LaTeX Font Warning: Command \mathversion invalid in math mode on input line 19.


)
Overfull \hbox (2.98299pt too wide) in paragraph at lines 11--891
[][] 

Overfull \hbox (9.14377pt too wide) in paragraph at lines 891--892
[]| [][][] 
(./LaTeX_RefSheet-45.cpt
Overfull \hbox (2.15909pt too wide) in paragraph at lines 3--16
[]  
)
Overfull \hbox (9.14377pt too wide) in paragraph at lines 925--926
[]| [][][] 
(./LaTeX_RefSheet-46.cpt

Package hyperref Warning: Token not allowed in a PDF string (Unicode):
(hyperref)                \kern -1.11273pt
(hyperref)                removed on input line 2.


Package hyperref Warning: Token not allowed in a PDF string (Unicode):
(hyperref)                removing `\lower' on input line 2.


Package hyperref Warning: Token not allowed in a PDF string (Unicode):
(hyperref)                removing `\hbox' on input line 2.


Package hyperref Warning: Token not allowed in a PDF string (Unicode):
(hyperref)                \kern -0.83437pt
(hyperref)                removed on input line 2.


Overfull \hbox (0.81104pt too wide) detected at line 38
[]
)
Overfull \hbox (9.14377pt too wide) in paragraph at lines 967--968
[]| [][][] 
(./LaTeX_RefSheet-47.cpt

Package hyperref Warning: Token not allowed in a PDF string (Unicode):
(hyperref)                \kern -1.11273pt
(hyperref)                removed on input line 2.


Package hyperref Warning: Token not allowed in a PDF string (Unicode):
(hyperref)                removing `\lower' on input line 2.


Package hyperref Warning: Token not allowed in a PDF string (Unicode):
(hyperref)                removing `\hbox' on input line 2.


Package hyperref Warning: Token not allowed in a PDF string (Unicode):
(hyperref)                \kern -0.83437pt
(hyperref)                removed on input line 2.


Overfull \hbox (2.86044pt too wide) in paragraph at lines 7--8
[][][][][][][][][][][][][][][][][][][][][][][][][][][][][] 
)
Overfull \hbox (9.14377pt too wide) in paragraph at lines 990--991
[]| [][][] 
(./LaTeX_RefSheet-48.cpt

Package hyperref Warning: Token not allowed in a PDF string (Unicode):
(hyperref)                \kern -1.11273pt
(hyperref)                removed on input line 2.


Package hyperref Warning: Token not allowed in a PDF string (Unicode):
(hyperref)                removing `\lower' on input line 2.


Package hyperref Warning: Token not allowed in a PDF string (Unicode):
(hyperref)                removing `\hbox' on input line 2.


Package hyperref Warning: Token not allowed in a PDF string (Unicode):
(hyperref)                \kern -0.83437pt
(hyperref)                removed on input line 2.


Underfull \hbox (badness 10000) in paragraph at lines 7--8
[][][][][][][][][][][][][][][][][][][][][][][][][][]
)
Overfull \hbox (9.14377pt too wide) in paragraph at lines 1010--1011
[]| [][][] 
(./LaTeX_RefSheet-49.cpt

Package hyperref Warning: Token not allowed in a PDF string (Unicode):
(hyperref)                \kern -1.11273pt
(hyperref)                removed on input line 2.


Package hyperref Warning: Token not allowed in a PDF string (Unicode):
(hyperref)                removing `\lower' on input line 2.


Package hyperref Warning: Token not allowed in a PDF string (Unicode):
(hyperref)                removing `\hbox' on input line 2.


Package hyperref Warning: Token not allowed in a PDF string (Unicode):
(hyperref)                \kern -0.83437pt
(hyperref)                removed on input line 2.


LaTeX Font Warning: Font shape `OT1/cmbr/bx/n' in size <6> not available
(Font)              Font shape `OT1/cmbr/m/n' tried instead on input line 18.


LaTeX Font Warning: Font shape `OT1/cmbr/bx/n' in size <5> not available
(Font)              Font shape `OT1/cmbr/m/n' tried instead on input line 18.

)
Overfull \hbox (9.14377pt too wide) in paragraph at lines 1030--1031
[]| [][][] 
(./LaTeX_RefSheet-50.cpt

Package hyperref Warning: Token not allowed in a PDF string (Unicode):
(hyperref)                \kern -1.11273pt
(hyperref)                removed on input line 2.


Package hyperref Warning: Token not allowed in a PDF string (Unicode):
(hyperref)                removing `\lower' on input line 2.


Package hyperref Warning: Token not allowed in a PDF string (Unicode):
(hyperref)                removing `\hbox' on input line 2.


Package hyperref Warning: Token not allowed in a PDF string (Unicode):
(hyperref)                \kern -0.83437pt
(hyperref)                removed on input line 2.

)
Overfull \hbox (9.14377pt too wide) in paragraph at lines 1054--1055
[]| [][][] 
(./LaTeX_RefSheet-51.cpt

Package hyperref Warning: Token not allowed in a PDF string (Unicode):
(hyperref)                \kern -1.11273pt
(hyperref)                removed on input line 2.


Package hyperref Warning: Token not allowed in a PDF string (Unicode):
(hyperref)                removing `\lower' on input line 2.


Package hyperref Warning: Token not allowed in a PDF string (Unicode):
(hyperref)                removing `\hbox' on input line 2.


Package hyperref Warning: Token not allowed in a PDF string (Unicode):
(hyperref)                \kern -0.83437pt
(hyperref)                removed on input line 2.

)
Overfull \hbox (9.14377pt too wide) in paragraph at lines 1069--1070
[]| [][][] 
(./LaTeX_RefSheet-52.cpt)
Overfull \hbox (9.14377pt too wide) in paragraph at lines 1086--1087
[]| [][][] 
(./LaTeX_RefSheet-53.cpt)
Overfull \hbox (9.14377pt too wide) in paragraph at lines 1104--1105
[]| [][][] 
[2
pdfTeX warning (ext4): destination with the same identifier (name{equation.1}) 
has been already used, duplicate ignored
<argument> ...shipout:D \box_use:N \l_shipout_box 
                                                  \__shipout_drop_firstpage_...
l.1122 }
        
pdfTeX warning (ext4): destination with the same identifier (name{equation.1}) 
has been already used, duplicate ignored
<argument> ...shipout:D \box_use:N \l_shipout_box 
                                                  \__shipout_drop_firstpage_...
l.1122 }
        
pdfTeX warning (ext4): destination with the same identifier (name{equation.2}) 
has been already used, duplicate ignored
<argument> ...shipout:D \box_use:N \l_shipout_box 
                                                  \__shipout_drop_firstpage_...
l.1122 }
        
pdfTeX warning (ext4): destination with the same identifier (name{equation.1}) 
has been already used, duplicate ignored
<argument> ...shipout:D \box_use:N \l_shipout_box 
                                                  \__shipout_drop_firstpage_...
l.1122 }
        
pdfTeX warning (ext4): destination with the same identifier (name{equation.2}) 
has been already used, duplicate ignored
<argument> ...shipout:D \box_use:N \l_shipout_box 
                                                  \__shipout_drop_firstpage_...
l.1122 }
        
pdfTeX warning (ext4): destination with the same identifier (name{equation.3}) 
has been already used, duplicate ignored
<argument> ...shipout:D \box_use:N \l_shipout_box 
                                                  \__shipout_drop_firstpage_...
l.1122 }
        
pdfTeX warning (ext4): destination with the same identifier (name{equation.1}) 
has been already used, duplicate ignored
<argument> ...shipout:D \box_use:N \l_shipout_box 
                                                  \__shipout_drop_firstpage_...
l.1122 }
        
pdfTeX warning (ext4): destination with the same identifier (name{equation.2}) 
has been already used, duplicate ignored
<argument> ...shipout:D \box_use:N \l_shipout_box 
                                                  \__shipout_drop_firstpage_...
l.1122 }
        ] (./LaTeX_RefSheet-54.cpt)
Overfull \hbox (9.14377pt too wide) in paragraph at lines 1122--1123
[]| [][][] 
(./LaTeX_RefSheet-55.cpt)
Overfull \hbox (9.14377pt too wide) in paragraph at lines 1139--1140
| [][][] 
(./LaTeX_RefSheet-56.cpt)
Overfull \hbox (9.14377pt too wide) in paragraph at lines 1151--1152
[]| [][][] 
(./LaTeX_RefSheet-57.cpt)
Overfull \hbox (9.14377pt too wide) in paragraph at lines 1161--1162
[]| [][][] 
(./LaTeX_RefSheet-58.cpt)
Overfull \hbox (9.14377pt too wide) in paragraph at lines 1176--1177
[]| [][][] 
(./LaTeX_RefSheet-59.cpt)
Overfull \hbox (9.14377pt too wide) in paragraph at lines 1191--1192
[]| [][][] 
(./LaTeX_RefSheet-60.cpt)
Overfull \hbox (9.14377pt too wide) in paragraph at lines 1209--1210
[]| [][][] 
(./LaTeX_RefSheet-61.cpt)
Overfull \hbox (9.14377pt too wide) in paragraph at lines 1223--1224
[]| [][][] 
(./LaTeX_RefSheet-62.cpt)
Overfull \hbox (9.14377pt too wide) in paragraph at lines 1239--1240
[]| [][][] 
(./LaTeX_RefSheet-63.cpt)
Overfull \hbox (9.14377pt too wide) in paragraph at lines 1255--1256
[]| [][][] 
(./LaTeX_RefSheet-64.cpt)
Overfull \hbox (9.14377pt too wide) in paragraph at lines 1274--1275
| [][][] 
(./LaTeX_RefSheet-65.cpt)
Overfull \hbox (3.05116pt too wide) in paragraph at lines 3--1290
[]  

Overfull \hbox (9.14377pt too wide) in paragraph at lines 1290--1291
[]| [][][] 
(./LaTeX_RefSheet-66.cpt)
Overfull \hbox (9.14377pt too wide) in paragraph at lines 1302--1303
[]| [][][] 
(./LaTeX_RefSheet-67.cpt)
Overfull \hbox (9.14377pt too wide) in paragraph at lines 1310--1311
[]| [][][] 
(./LaTeX_RefSheet-68.cpt)
Overfull \hbox (9.14377pt too wide) in paragraph at lines 1322--1323
[]| [][][] 
(./LaTeX_RefSheet-69.cpt)
Overfull \hbox (1.51907pt too wide) in paragraph at lines 2--1347
[][]  

Overfull \hbox (9.14377pt too wide) in paragraph at lines 1347--1348
| [][][] 
(./LaTeX_RefSheet-70.cpt)
Overfull \hbox (9.14377pt too wide) in paragraph at lines 1382--1383
[]| [][][] 
(./LaTeX_RefSheet-71.cpt (./thesis.tex) (./thesis.bib))
Overfull \hbox (9.14377pt too wide) in paragraph at lines 1392--1393
| [][][] 
[3 <./layout.pdf>] [4 <./thesis.pdf> <./thesis.pdf> <./thesis.pdf> <./thesis.pd
f> <./thesis.pdf> <./thesis.pdf> <./thesis.pdf> <./thesis.pdf> <./thesis.pdf> <
./acknowledgements.pdf>] (./LaTeX_RefSheet.aux) )
(see the transcript file for additional information)</usr/local/texlive/2026/te
xmf-dist/fonts/type1/public/amsfonts/cmextra/cmex7.pfb></usr/local/texlive/2026
/texmf-dist/fonts/type1/public/amsfonts/cm/cmmi12.pfb></usr/local/texlive/2026/
texmf-dist/fonts/type1/public/amsfonts/cm/cmmi8.pfb></usr/local/texlive/2026/te
xmf-dist/fonts/type1/public/amsfonts/cm/cmr12.pfb></usr/local/texlive/2026/texm
f-dist/fonts/type1/public/amsfonts/cm/cmr6.pfb></usr/local/texlive/2026/texmf-d
ist/fonts/type1/public/amsfonts/cm/cmr8.pfb></usr/local/texlive/2026/texmf-dist
/fonts/type1/public/amsfonts/cm/cmsy10.pfb></usr/local/texlive/2026/texmf-dist/
fonts/type1/public/amsfonts/cm/cmsy6.pfb></usr/local/texlive/2026/texmf-dist/fo
nts/type1/public/amsfonts/cm/cmsy8.pfb></usr/local/texlive/2026/texmf-dist/font
s/type1/public/amsfonts/euler/eufm7.pfb></usr/local/texlive/2026/texmf-dist/fon
ts/type1/public/bera/fvmb8a.pfb></usr/local/texlive/2026/texmf-dist/fonts/type1
/public/bera/fvmr8a.pfb></usr/local/texlive/2026/texmf-dist/fonts/type1/public/
hfbright/hfbr8.pfb></usr/local/texlive/2026/texmf-dist/fonts/type1/public/hfbri
ght/hfbras8.pfb></usr/local/texlive/2026/texmf-dist/fonts/type1/public/hfbright
/hfbrbs8.pfb></usr/local/texlive/2026/texmf-dist/fonts/type1/public/hfbright/hf
brmb10.pfb></usr/local/texlive/2026/texmf-dist/fonts/type1/public/hfbright/hfbr
mi8.pfb></usr/local/texlive/2026/texmf-dist/fonts/type1/public/hfbright/hfbrsy8
.pfb></usr/local/texlive/2026/texmf-dist/fonts/type1/public/hfbright/hfbrsy9.pf
b></usr/local/texlive/2026/texmf-dist/fonts/type1/public/amsfonts/latxfont/lcir
cle1.pfb></usr/local/texlive/2026/texmf-dist/fonts/type1/public/amsfonts/latxfo
nt/line10.pfb></usr/local/texlive/2026/texmf-dist/fonts/type1/public/cm-super/s
fbmo8.pfb></usr/local/texlive/2026/texmf-dist/fonts/type1/public/cm-super/sfbmr
10.pfb></usr/local/texlive/2026/texmf-dist/fonts/type1/public/cm-super/sfbmr8.p
fb></usr/local/texlive/2026/texmf-dist/fonts/type1/public/cm-super/sfbsr8.pfb><
/usr/local/texlive/2026/texmf-dist/fonts/type1/public/cm-super/sfbx1200.pfb></u
sr/local/texlive/2026/texmf-dist/fonts/type1/public/cm-super/sfcc0600.pfb></usr
/local/texlive/2026/texmf-dist/fonts/type1/public/cm-super/sfrm0600.pfb></usr/l
ocal/texlive/2026/texmf-dist/fonts/type1/public/cm-super/sfrm0700.pfb></usr/loc
al/texlive/2026/texmf-dist/fonts/type1/public/cm-super/sfrm0800.pfb></usr/local
/texlive/2026/texmf-dist/fonts/type1/public/cm-super/sfrm1000.pfb></usr/local/t
exlive/2026/texmf-dist/fonts/type1/public/cm-super/sfrm1200.pfb></usr/local/tex
live/2026/texmf-dist/fonts/type1/public/cm-super/sfrm1728.pfb></usr/local/texli
ve/2026/texmf-dist/fonts/type1/public/cm-super/sfsl0600.pfb></usr/local/texlive
/2026/texmf-dist/fonts/type1/public/cm-super/sfsl1200.pfb></usr/local/texlive/2
026/texmf-dist/fonts/type1/public/cm-super/sfss1200.pfb></usr/local/texlive/202
6/texmf-dist/fonts/type1/public/cm-super/sfss1440.pfb></usr/local/texlive/2026/
texmf-dist/fonts/type1/public/cm-super/sfss1728.pfb></usr/local/texlive/2026/te
xmf-dist/fonts/type1/public/cm-super/sfss2488.pfb></usr/local/texlive/2026/texm
f-dist/fonts/type1/public/cm-super/sfti1000.pfb></usr/local/texlive/2026/texmf-
dist/fonts/type1/public/cm-super/sfti1200.pfb></usr/local/texlive/2026/texmf-di
st/fonts/type1/public/cm-super/sftt1000.pfb></usr/local/texlive/2026/texmf-dist
/fonts/type1/public/cm-super/sftt1200.pfb></usr/local/texlive/2026/texmf-dist/f
onts/type1/urw/zapfding/uzdr.pfb>
Output written on LaTeX_RefSheet.pdf (4 pages, 2668791 bytes).
Transcript written on LaTeX_RefSheet.log.
