This is pdfTeX, Version 3.141592653-2.6-1.40.29 (TeX Live 2026) (preloaded format=pdflatex)
 restricted \write18 enabled.
entering extended mode
(./sampleKdx.tex
LaTeX2e <2025-11-01>
L3 programming layer <2026-01-19>
(/usr/local/texlive/2026/texmf-dist/tex/latex/base/book.cls
Document Class: book 2025/01/22 v1.4n Standard LaTeX document class
(/usr/local/texlive/2026/texmf-dist/tex/latex/base/bk12.clo))
(/usr/local/texlive/2026/texmf-dist/tex/latex/base/latexsym.sty)
(/usr/local/texlive/2026/texmf-dist/tex/latex/fancyhdr/fancyhdr.sty)
(/usr/local/texlive/2026/texmf-dist/tex/latex/songbook/songbook.sty
Document Subclass: songbook 2010/04/30 v4.5 All purpose Songbook style
(/usr/local/texlive/2026/texmf-dist/tex/latex/tools/calc.sty)
(/usr/local/texlive/2026/texmf-dist/tex/latex/songbook/conditionals.sty)
(/usr/local/texlive/2026/texmf-dist/tex/latex/base/ifthen.sty)
(/usr/local/texlive/2026/texmf-dist/tex/generic/xstring/xstring.sty
(/usr/local/texlive/2026/texmf-dist/tex/generic/xstring/xstring.tex))
(/usr/local/texlive/2026/texmf-dist/tex/latex/tools/multicol.sty

Package multicol Warning: May not work with the twocolumn option on input line 
145.

)) (/usr/local/texlive/2026/texmf-dist/tex/latex/l3backend/l3backend-pdftex.def
)
No file sampleKdx.aux.

! LaTeX Error: File `sample-sb.kdx' not found.

Type X to quit or <RETURN> to proceed,
or enter new name. (Default extension: kdx)

Enter file name: 
! Emergency stop.
<read *> 
         
l.111 \input{sample-sb.kdx}
                           ^^M
!  ==> Fatal error occurred, no output PDF file produced!
Transcript written on sampleKdx.log.
