This is pdfTeX, Version 3.141592653-2.6-1.40.29 (TeX Live 2026) (preloaded format=pdflatex 2026.4.24)  12 JUL 2026 23:52
entering extended mode
 restricted \write18 enabled.
 %&-line parsing enabled.
**LaTeX_RefSheet.tex
(./LaTeX_RefSheet.tex
LaTeX2e <2025-11-01>
L3 programming layer <2026-01-19>
(/usr/local/texlive/2026/texmf-dist/tex/latex/koma-script/scrartcl.cls
Document Class: scrartcl 2026/02/02 v3.49.2 KOMA-Script document class (article
)
(/usr/local/texlive/2026/texmf-dist/tex/latex/koma-script/scrkbase.sty
Package: scrkbase 2026/02/02 v3.49.2 KOMA-Script package (KOMA-Script-dependent
 basics and keyval usage)

(/usr/local/texlive/2026/texmf-dist/tex/latex/koma-script/scrbase.sty
Package: scrbase 2026/02/02 v3.49.2 KOMA-Script package (KOMA-Script-independen
t basics and keyval usage)

(/usr/local/texlive/2026/texmf-dist/tex/latex/koma-script/scrlfile.sty
Package: scrlfile 2026/02/02 v3.49.2 KOMA-Script package (file load hooks)

(/usr/local/texlive/2026/texmf-dist/tex/latex/koma-script/scrlfile-hook.sty
Package: scrlfile-hook 2026/02/02 v3.49.2 KOMA-Script package (using LaTeX hook
s)

(/usr/local/texlive/2026/texmf-dist/tex/latex/koma-script/scrlogo.sty
Package: scrlogo 2026/02/02 v3.49.2 KOMA-Script package (logo)
)))
(/usr/local/texlive/2026/texmf-dist/tex/latex/graphics/keyval.sty
Package: keyval 2022/05/29 v1.15 key=value parser (DPC)
\KV@toks@=\toks17
)
Applying: [2021/05/01] Usage of raw or classic option list on input line 254.
Already applied: [0000/00/00] Usage of raw or classic option list on input line
 370.
))
(/usr/local/texlive/2026/texmf-dist/tex/latex/koma-script/tocbasic.sty
Package: tocbasic 2026/02/02 v3.49.2 KOMA-Script package (handling toc-files)
\scr@dte@tocline@numberwidth=\skip49
\scr@dte@tocline@numbox=\box53
)
Package tocbasic Info: omitting babel extension for `toc'
(tocbasic)             because of feature `nobabel' available
(tocbasic)             for `toc' on input line 141.

(/usr/local/texlive/2026/texmf-dist/tex/latex/koma-script/typearea.sty
Package: typearea 2026/02/02 v3.49.2 KOMA-Script package (type area)
\ta@bcor=\skip50
\ta@div=\count275
\ta@hblk=\skip51
\ta@vblk=\skip52
\ta@temp=\skip53
\footheight=\skip54
Package typearea Info: With paper sizes other than (almost) `A4' predefined
(typearea)             DIV values do not exist. Using DIV calculation for good
(typearea)             line width (unless using `version=3.24` or prior).


Package typearea Info: DIV calculation for classic typearea. on input line 1810
.


Package typearea Warning: Very low DIV value!
(typearea)                DIV values less than 6 result in textwidth/-height
(typearea)                smaller than total marginwidth/-height.
(typearea)                You should e.g. increase DIV, increase fontsize or
(typearea)                change papersize.

Package typearea Info: These are the values describing the layout:
(typearea)             DIV  = 4
(typearea)             BCOR = 0.0pt
(typearea)             \paperwidth      = 845.04694pt
(typearea)              \textwidth      = 211.26173pt
(typearea)              DIV departure   = 12%
(typearea)              \evensidemargin = 244.6226pt
(typearea)              \oddsidemargin  = 244.6226pt
(typearea)             \paperheight     = 597.50793pt
(typearea)              \textheight     = 149.99963pt
(typearea)              \topmargin      = 57.30705pt
(typearea)              \headheight     = 8.99997pt
(typearea)              \headsep        = 10.79997pt
(typearea)              \topskip        = 6.0pt
(typearea)              \footskip       = 25.19992pt
(typearea)              \baselineskip   = 7.19998pt
(typearea)              on input line 1810.
)
\c@part=\count276
\c@section=\count277
\c@subsection=\count278
\c@subsubsection=\count279
\c@paragraph=\count280
\c@subparagraph=\count281
\scr@dte@section@maxnumwidth=\skip55
Class scrartcl Info: using compatibility default `runin=bysign'
(scrartcl)           for `\section on input line 5015.
Class scrartcl Info: using compatibility default `afterindent=bysign'
(scrartcl)           for `\section on input line 5015.
\scr@dte@part@maxnumwidth=\skip56
Class scrartcl Info: using compatibility default `afterindent=false'
(scrartcl)           for `\part on input line 5023.
\scr@dte@subsection@maxnumwidth=\skip57
Class scrartcl Info: using compatibility default `runin=bysign'
(scrartcl)           for `\subsection on input line 5033.
Class scrartcl Info: using compatibility default `afterindent=bysign'
(scrartcl)           for `\subsection on input line 5033.
\scr@dte@subsubsection@maxnumwidth=\skip58
Class scrartcl Info: using compatibility default `runin=bysign'
(scrartcl)           for `\subsubsection on input line 5043.
Class scrartcl Info: using compatibility default `afterindent=bysign'
(scrartcl)           for `\subsubsection on input line 5043.
\scr@dte@paragraph@maxnumwidth=\skip59
Class scrartcl Info: using compatibility default `runin=bysign'
(scrartcl)           for `\paragraph on input line 5054.
Class scrartcl Info: using compatibility default `afterindent=bysign'
(scrartcl)           for `\paragraph on input line 5054.
\scr@dte@subparagraph@maxnumwidth=\skip60
Class scrartcl Info: using compatibility default `runin=bysign'
(scrartcl)           for `\subparagraph on input line 5064.
Class scrartcl Info: using compatibility default `afterindent=bysign'
(scrartcl)           for `\subparagraph on input line 5064.
\abovecaptionskip=\skip61
\belowcaptionskip=\skip62
\c@pti@nb@sid@b@x=\box54
Package tocbasic Info: omitting babel extension for `lof'
(tocbasic)             because of feature `nobabel' available
(tocbasic)             for `lof' on input line 6287.
\scr@dte@figure@maxnumwidth=\skip63
\c@figure=\count282
Package tocbasic Info: omitting babel extension for `lot'
(tocbasic)             because of feature `nobabel' available
(tocbasic)             for `lot' on input line 6299.
\scr@dte@table@maxnumwidth=\skip64
\c@table=\count283
Class scrartcl Info: Redefining `\numberline' on input line 6469.
\bibindent=\dimen148
) (/usr/local/texlive/2026/texmf-dist/tex/latex/base/inputenc.sty
Package: inputenc 2024/02/08 v1.3d Input encoding file
\inpenc@prehook=\toks18
\inpenc@posthook=\toks19
)
(/usr/local/texlive/2026/texmf-dist/tex/latex/base/fontenc.sty
Package: fontenc 2025/07/18 v2.1d Standard LaTeX package
)
(/usr/local/texlive/2026/texmf-dist/tex/generic/babel/babel.sty
Package: babel 2026/03/08 v26.4 The multilingual framework for LuaLaTeX, pdfLaT
eX and XeLaTeX
\babel@savecnt=\count284
LaTeX Encoding Info:    Redeclaring text command \ij (encoding OT1) on input li
ne 2078.
LaTeX Encoding Info:    Redeclaring text command \IJ (encoding OT1) on input li
ne 2080.
LaTeX Encoding Info:    Redeclaring text command \ij (encoding T1) on input lin
e 2082.
LaTeX Encoding Info:    Redeclaring text command \IJ (encoding T1) on input lin
e 2083.
LaTeX Encoding Info:    Ignoring declaration for text command \ij (encoding ?) 
on input line 2084.
LaTeX Encoding Info:    Ignoring declaration for text command \IJ (encoding ?) 
on input line 2086.
LaTeX Encoding Info:    Ignoring declaration for text command \SS (encoding ?) 
on input line 2111.
\U@D=\dimen149
\l@unhyphenated=\language91

(/usr/local/texlive/2026/texmf-dist/tex/generic/babel/txtbabel.def)
\bbl@readstream=\read2
\bbl@dirlevel=\count285

(/usr/local/texlive/2026/texmf-dist/tex/generic/babel/locale/en/babel-english.t
ex)
(/usr/local/texlive/2026/texmf-dist/tex/generic/babel/locale/invalid/babel-nger
man.tex)
(/usr/local/texlive/2026/texmf-dist/tex/generic/babel/locale/fr/babel-french.te
x)
(/usr/local/texlive/2026/texmf-dist/tex/generic/babel/locale/en/babel-english.t
ex)
Package babel Info: Importing font and identification data for ngerman
(babel)             from babel-de.ini. Reported on input line 4330.
 (/usr/local/texlive/2026/texmf-dist/tex/generic/babel-german/ngerman.ldf
Language: ngerman 

(/usr/local/texlive/2026/texmf-dist/tex/generic/babel-german/babel-german.def
Package babel Info: Making " an active character on input line 496.
))
Package babel Info: Importing font and identification data for french
(babel)             from babel-fr.ini. Reported on input line 4330.
(/usr/local/texlive/2026/texmf-dist/tex/generic/babel-french/french.ldf
Language: french 2025-08-15 v4.0e French support from the babel system

(/usr/local/texlive/2026/texmf-dist/tex/generic/babel-french/french3.ldf
Language: french 2025-08-15 v3.7e French support from the babel system
\FB@stdchar=\count286
Package babel Info: Making : an active character on input line 273.
Package babel Info: Making ; an active character on input line 274.
Package babel Info: Making ! an active character on input line 275.
Package babel Info: Making ? an active character on input line 276.
\FBguill@level=\count287
\FBold@everypar=\toks20
\FB@Mht=\dimen150
\mc@charclass=\count288
\mc@charfam=\count289
\mc@charslot=\count290
\std@mcc=\count291
\dec@mcc=\count292
\FB@pardim=\dimen151
\listindentFB=\dimen152
\descindentFB=\dimen153
\labelindentFB=\dimen154
\labelwidthFB=\dimen155
\leftmarginFB=\dimen156
\parindentFFN=\dimen157
\FBfnindent=\dimen158
))
Package babel Info: Importing font and identification data for english
(babel)             from babel-en.ini. Reported on input line 4330.

(/usr/local/texlive/2026/texmf-dist/tex/generic/babel-english/english.ldf
Language: english 2017/06/06 v3.3r English support from the babel system
Package babel Info: Hyphen rules for 'canadian' set to \l@english
(babel)             (\language0). Reported on input line 102.
Package babel Info: Hyphen rules for 'australian' set to \l@ukenglish
(babel)             (\language22). Reported on input line 105.
Package babel Info: Hyphen rules for 'newzealand' set to \l@ukenglish
(babel)             (\language22). Reported on input line 108.
))
(/usr/local/texlive/2026/texmf-dist/tex/latex/carlisle/scalefnt.sty)
(/usr/local/texlive/2026/texmf-dist/tex/latex/cmbright/cmbright.sty
Package: cmbright 2005/04/13 v8.1 (WaS)
LaTeX Font Info:    Redeclaring symbol font `operators' on input line 29.
LaTeX Font Info:    Overwriting symbol font `operators' in version `normal'
(Font)                  OT1/cmr/m/n --> OT1/cmbr/m/n on input line 29.
LaTeX Font Info:    Overwriting symbol font `operators' in version `bold'
(Font)                  OT1/cmr/bx/n --> OT1/cmbr/m/n on input line 29.
LaTeX Font Info:    Redeclaring symbol font `letters' on input line 30.
LaTeX Font Info:    Overwriting symbol font `letters' in version `normal'
(Font)                  OML/cmm/m/it --> OML/cmbrm/m/it on input line 30.
LaTeX Font Info:    Overwriting symbol font `letters' in version `bold'
(Font)                  OML/cmm/b/it --> OML/cmbrm/m/it on input line 30.
LaTeX Font Info:    Overwriting symbol font `letters' in version `bold'
(Font)                  OML/cmbrm/m/it --> OML/cmbrm/b/it on input line 31.
LaTeX Font Info:    Redeclaring symbol font `symbols' on input line 32.
LaTeX Font Info:    Overwriting symbol font `symbols' in version `normal'
(Font)                  OMS/cmsy/m/n --> OMS/cmbrs/m/n on input line 32.
LaTeX Font Info:    Overwriting symbol font `symbols' in version `bold'
(Font)                  OMS/cmsy/b/n --> OMS/cmbrs/m/n on input line 32.
LaTeX Font Info:    Redeclaring math alphabet \mathit on input line 33.
LaTeX Font Info:    Overwriting math alphabet `\mathit' in version `normal'
(Font)                  OT1/cmr/m/it --> OT1/cmbr/m/sl on input line 33.
LaTeX Font Info:    Overwriting math alphabet `\mathit' in version `bold'
(Font)                  OT1/cmr/bx/it --> OT1/cmbr/m/sl on input line 33.
LaTeX Font Info:    Redeclaring math alphabet \mathbf on input line 34.
LaTeX Font Info:    Overwriting math alphabet `\mathbf' in version `normal'
(Font)                  OT1/cmr/bx/n --> OT1/cmbr/bx/n on input line 34.
LaTeX Font Info:    Overwriting math alphabet `\mathbf' in version `bold'
(Font)                  OT1/cmr/bx/n --> OT1/cmbr/bx/n on input line 34.
LaTeX Font Info:    Redeclaring math alphabet \mathtt on input line 35.
LaTeX Font Info:    Overwriting math alphabet `\mathtt' in version `normal'
(Font)                  OT1/cmtt/m/n --> OT1/cmtl/m/n on input line 35.
LaTeX Font Info:    Overwriting math alphabet `\mathtt' in version `bold'
(Font)                  OT1/cmtt/m/n --> OT1/cmtl/m/n on input line 35.
LaTeX Font Info:    Redeclaring math symbol \alpha on input line 37.
LaTeX Font Info:    Redeclaring math symbol \beta on input line 38.
LaTeX Font Info:    Redeclaring math symbol \gamma on input line 39.
LaTeX Font Info:    Redeclaring math symbol \delta on input line 40.
LaTeX Font Info:    Redeclaring math symbol \epsilon on input line 41.
LaTeX Font Info:    Redeclaring math symbol \zeta on input line 42.
LaTeX Font Info:    Redeclaring math symbol \eta on input line 43.
LaTeX Font Info:    Redeclaring math symbol \theta on input line 44.
LaTeX Font Info:    Redeclaring math symbol \iota on input line 45.
LaTeX Font Info:    Redeclaring math symbol \kappa on input line 46.
LaTeX Font Info:    Redeclaring math symbol \lambda on input line 47.
LaTeX Font Info:    Redeclaring math symbol \mu on input line 48.
LaTeX Font Info:    Redeclaring math symbol \nu on input line 49.
LaTeX Font Info:    Redeclaring math symbol \xi on input line 50.
LaTeX Font Info:    Redeclaring math symbol \pi on input line 51.
LaTeX Font Info:    Redeclaring math symbol \rho on input line 52.
LaTeX Font Info:    Redeclaring math symbol \sigma on input line 53.
LaTeX Font Info:    Redeclaring math symbol \tau on input line 54.
LaTeX Font Info:    Redeclaring math symbol \upsilon on input line 55.
LaTeX Font Info:    Redeclaring math symbol \phi on input line 56.
LaTeX Font Info:    Redeclaring math symbol \chi on input line 57.
LaTeX Font Info:    Redeclaring math symbol \psi on input line 58.
LaTeX Font Info:    Redeclaring math symbol \omega on input line 59.
LaTeX Font Info:    Redeclaring math symbol \varepsilon on input line 60.
LaTeX Font Info:    Redeclaring math symbol \vartheta on input line 61.
LaTeX Font Info:    Redeclaring math symbol \varpi on input line 62.
LaTeX Font Info:    Redeclaring math symbol \varrho on input line 63.
LaTeX Font Info:    Redeclaring math symbol \varsigma on input line 64.
LaTeX Font Info:    Redeclaring math symbol \varphi on input line 65.
LaTeX Info: Redefining \LaTeX on input line 129.
LaTeX Info: Redefining \LaTeXe on input line 139.
LaTeX Font Info:    Trying to load font information for T1+cmbr on input line 1
44.

(/usr/local/texlive/2026/texmf-dist/tex/latex/cmbright/t1cmbr.fd
File: t1cmbr.fd 2005/04/13 v8.1 (WaS)
))
(/usr/local/texlive/2026/texmf-dist/tex/latex/bera/beramono.sty
Package: beramono 2004/01/31 (WaS)
)
(/usr/local/texlive/2026/texmf-dist/tex/latex/xcolor/xcolor.sty
Package: xcolor 2024/09/29 v3.02 LaTeX color extensions (UK)

(/usr/local/texlive/2026/texmf-dist/tex/latex/graphics-cfg/color.cfg
File: color.cfg 2016/01/02 v1.6 sample color configuration
)
Package xcolor Info: Driver file: pdftex.def on input line 274.

(/usr/local/texlive/2026/texmf-dist/tex/latex/graphics-def/pdftex.def
File: pdftex.def 2025/09/29 v1.2d Graphics/color driver for pdftex
)
(/usr/local/texlive/2026/texmf-dist/tex/latex/graphics/mathcolor.ltx)
Package xcolor Info: Model `cmy' substituted by `cmy0' on input line 1349.
Package xcolor Info: Model `hsb' substituted by `rgb' on input line 1353.
Package xcolor Info: Model `RGB' extended on input line 1365.
Package xcolor Info: Model `HTML' substituted by `rgb' on input line 1367.
Package xcolor Info: Model `Hsb' substituted by `hsb' on input line 1368.
Package xcolor Info: Model `tHsb' substituted by `hsb' on input line 1369.
Package xcolor Info: Model `HSB' substituted by `hsb' on input line 1370.
Package xcolor Info: Model `Gray' substituted by `gray' on input line 1371.
Package xcolor Info: Model `wave' substituted by `hsb' on input line 1372.
)
(/usr/local/texlive/2026/texmf-dist/tex/latex/colortbl/colortbl.sty
Package: colortbl 2024/10/29 v1.0k Color table columns (DPC)

(/usr/local/texlive/2026/texmf-dist/tex/latex/tools/array.sty
Package: array 2025/09/25 v2.6n Tabular extension package (FMi)
\col@sep=\dimen159
\ar@mcellbox=\box55
\extrarowheight=\dimen160
\NC@list=\toks21
\extratabsurround=\skip65
\backup@length=\skip66
\ar@cellbox=\box56
)
\everycr=\toks22
\minrowclearance=\skip67
\rownum=\count293
)
(/usr/local/texlive/2026/texmf-dist/tex/latex/graphics/graphicx.sty
Package: graphicx 2024/12/31 v1.2e Enhanced LaTeX Graphics (DPC,SPQR)

(/usr/local/texlive/2026/texmf-dist/tex/latex/graphics/graphics.sty
Package: graphics 2024/08/06 v1.4g Standard LaTeX Graphics (DPC,SPQR)

(/usr/local/texlive/2026/texmf-dist/tex/latex/graphics/trig.sty
Package: trig 2023/12/02 v1.11 sin cos tan (DPC)
)
(/usr/local/texlive/2026/texmf-dist/tex/latex/graphics-cfg/graphics.cfg
File: graphics.cfg 2016/06/04 v1.11 sample graphics configuration
)
Package graphics Info: Driver file: pdftex.def on input line 106.
)
\Gin@req@height=\dimen161
\Gin@req@width=\dimen162
)
(/usr/local/texlive/2026/texmf-dist/tex/latex/geometry/geometry.sty
Package: geometry 2026/03/07 v6.0 Page Geometry

(/usr/local/texlive/2026/texmf-dist/tex/generic/iftex/ifvtex.sty
Package: ifvtex 2019/10/25 v1.7 ifvtex legacy package. Use iftex instead.

(/usr/local/texlive/2026/texmf-dist/tex/generic/iftex/iftex.sty
Package: iftex 2024/12/12 v1.0g TeX engine tests
))
\Gm@cnth=\count294
\Gm@cntv=\count295
\c@Gm@tempcnt=\count296
\Gm@bindingoffset=\dimen163
\Gm@wd@mp=\dimen164
\Gm@odd@mp=\dimen165
\Gm@even@mp=\dimen166
\Gm@layoutwidth=\dimen167
\Gm@layoutheight=\dimen168
\Gm@layouthoffset=\dimen169
\Gm@layoutvoffset=\dimen170
\Gm@dimlist=\toks23
)

Package geometry Warning: Over-specification in `h'-direction.
    `width' (211.26173pt) is ignored.


Package geometry Warning: Over-specification in `v'-direction.
    `height' (149.99963pt) is ignored.

(/usr/local/texlive/2026/texmf-dist/tex/latex/tabulary/tabulary.sty
Package: tabulary 2024/06/04 v0.11 tabulary package (DPC)
\TY@count=\count297
\TY@linewidth=\dimen171
\tymin=\dimen172
\tymax=\dimen173
\TY@tablewidth=\dimen174
)
(/usr/local/texlive/2026/texmf-dist/tex/latex/tools/multicol.sty
Package: multicol 2025/10/21 v2.0b multicolumn formatting (FMi)
\c@tracingmulticols=\count298
\mult@box=\box57
\multicol@leftmargin=\dimen175
\c@unbalance=\count299
\c@collectmore=\count300
\doublecol@number=\count301
\multicoltolerance=\count302
\multicolpretolerance=\count303
\full@width=\dimen176
\page@free=\dimen177
\premulticols=\dimen178
\postmulticols=\dimen179
\multicolsep=\skip68
\multicolbaselineskip=\skip69
\partial@page=\box58
\last@line=\box59
\mc@boxedresult=\box60
\maxbalancingoverflow=\dimen180
\mult@rightbox=\box61
\mult@grightbox=\box62
\mult@firstbox=\box63
\mult@gfirstbox=\box64
\@tempa=\box65
\@tempa=\box66
\@tempa=\box67
\@tempa=\box68
\@tempa=\box69
\@tempa=\box70
\@tempa=\box71
\@tempa=\box72
\@tempa=\box73
\@tempa=\box74
\@tempa=\box75
\@tempa=\box76
\@tempa=\box77
\@tempa=\box78
\@tempa=\box79
\@tempa=\box80
\@tempa=\box81
\@tempa=\box82
\@tempa=\box83
\@tempa=\box84
\@tempa=\box85
\@tempa=\box86
\@tempa=\box87
\@tempa=\box88
\@tempa=\box89
\@tempa=\box90
\@tempa=\box91
\@tempa=\box92
\@tempa=\box93
\@tempa=\box94
\@tempa=\box95
\@tempa=\box96
\@tempa=\box97
\@tempa=\box98
\@tempa=\box99
\@tempa=\box100
\c@minrows=\count304
\c@columnbadness=\count305
\c@finalcolumnbadness=\count306
\last@try=\dimen181
\multicolovershoot=\dimen182
\multicolundershoot=\dimen183
\mult@nat@firstbox=\box101
\colbreak@box=\box102
\mc@col@check@num=\count307
\g__mc_curr_col_int=\count308
)
(/usr/local/texlive/2026/texmf-dist/tex/latex/booktabs/booktabs.sty
Package: booktabs 2020/01/12 v1.61803398 Publication quality tables
\heavyrulewidth=\dimen184
\lightrulewidth=\dimen185
\cmidrulewidth=\dimen186
\belowrulesep=\dimen187
\belowbottomsep=\dimen188
\aboverulesep=\dimen189
\abovetopsep=\dimen190
\cmidrulesep=\dimen191
\cmidrulekern=\dimen192
\defaultaddspace=\dimen193
\@cmidla=\count309
\@cmidlb=\count310
\@aboverulesep=\dimen194
\@belowrulesep=\dimen195
\@thisruleclass=\count311
\@lastruleclass=\count312
\@thisrulewidth=\dimen196
)
(/usr/local/texlive/2026/texmf-dist/tex/latex/microtype/microtype.sty
Package: microtype 2026/03/01 v3.2d Micro-typographical refinements (RS)

(/usr/local/texlive/2026/texmf-dist/tex/latex/etoolbox/etoolbox.sty
Package: etoolbox 2025/10/02 v2.5m e-TeX tools for LaTeX (JAW)
\etb@tempcnta=\count313
)
\MT@toks=\toks24
\MT@tempbox=\box103
\MT@count=\count314
LaTeX Info: Redefining \noprotrusionifhmode on input line 1084.
LaTeX Info: Redefining \leftprotrusion on input line 1085.
\MT@prot@toks=\toks25
LaTeX Info: Redefining \rightprotrusion on input line 1104.
LaTeX Info: Redefining \textls on input line 1449.
\MT@outer@kern=\dimen197
LaTeX Info: Redefining \microtypecontext on input line 2053.
LaTeX Info: Redefining \textmicrotypecontext on input line 2070.
\MT@listname@count=\count315

(/usr/local/texlive/2026/texmf-dist/tex/latex/microtype/microtype-pdftex.def
File: microtype-pdftex.def 2026/03/01 v3.2d Definitions specific to pdftex (RS)

LaTeX Info: Redefining \lsstyle on input line 944.
LaTeX Info: Redefining \lslig on input line 944.
\MT@outer@space=\skip70
)
Package microtype Info: Loading configuration file microtype.cfg.

(/usr/local/texlive/2026/texmf-dist/tex/latex/microtype/microtype.cfg
File: microtype.cfg 2026/03/01 v3.2d microtype main configuration file (RS)
)
LaTeX Info: Redefining \microtypesetup on input line 3065.
)
(/usr/local/texlive/2026/texmf-dist/tex/latex/pdfpages/pdfpages.sty
Package: pdfpages 2025/07/23 v0.6g Insert pages of external PDF documents (AM)

(/usr/local/texlive/2026/texmf-dist/tex/latex/base/ifthen.sty
Package: ifthen 2024/03/16 v1.1e Standard LaTeX ifthen package (DPC)
)
(/usr/local/texlive/2026/texmf-dist/tex/latex/tools/calc.sty
Package: calc 2025/03/01 v4.3b Infix arithmetic (KKT,FJ)
\calc@Acount=\count316
\calc@Bcount=\count317
\calc@Adimen=\dimen198
\calc@Bdimen=\dimen199
\calc@Askip=\skip71
\calc@Bskip=\skip72
LaTeX Info: Redefining \setlength on input line 86.
LaTeX Info: Redefining \addtolength on input line 87.
\calc@Ccount=\count318
\calc@Cskip=\skip73
)
(/usr/local/texlive/2026/texmf-dist/tex/latex/eso-pic/eso-pic.sty
Package: eso-pic 2025/12/10 v3.0d eso-pic (RN)
\ESO@tempdima=\dimen256
\ESO@tempdimb=\dimen257
)
\AM@pagewidth=\dimen258
\AM@pageheight=\dimen259
\AM@fboxrule=\dimen260

(/usr/local/texlive/2026/texmf-dist/tex/latex/pdfpages/pppdftex.def
File: pppdftex.def 2025/07/23 v0.6g Pdfpages driver for pdfTeX (AM)
)
\pdfpages@includegraphics@status=\count319
\AM@pagebox=\box104
\AM@global@opts=\toks26
\AM@pagecnt=\count320
\AM@toc@title=\toks27
\AM@lof@heading=\toks28
\c@AM@survey=\count321
\AM@templatesizebox=\box105
)
(/usr/local/texlive/2026/texmf-dist/tex/latex/csquotes/csquotes.sty
Package: csquotes 2024-04-04 v5.2o context-sensitive quotations (JAW)
\csq@reset=\count322
\csq@gtype=\count323
\csq@glevel=\count324
\csq@qlevel=\count325
\csq@maxlvl=\count326
\csq@tshold=\count327
\csq@ltx@everypar=\toks29

(/usr/local/texlive/2026/texmf-dist/tex/latex/csquotes/csquotes.def
File: csquotes.def 2024-04-04 v5.2o csquotes generic definitions (JAW)
)
Package csquotes Info: Trying to load configuration file 'csquotes.cfg'...
Package csquotes Info: ... configuration file loaded successfully.

(/usr/local/texlive/2026/texmf-dist/tex/latex/csquotes/csquotes.cfg
File: csquotes.cfg 
)
Package csquotes Info: Enabling multilingual quotes.
)
(/usr/local/texlive/2026/texmf-dist/tex/latex/amsmath/amsmath.sty
Package: amsmath 2025/07/09 v2.17z AMS math features
\@mathmargin=\skip74

For additional information on amsmath, use the `?' option.
(/usr/local/texlive/2026/texmf-dist/tex/latex/amsmath/amstext.sty
Package: amstext 2024/11/17 v2.01 AMS text

(/usr/local/texlive/2026/texmf-dist/tex/latex/amsmath/amsgen.sty
File: amsgen.sty 1999/11/30 v2.0 generic functions
\@emptytoks=\toks30
\ex@=\dimen261
))
(/usr/local/texlive/2026/texmf-dist/tex/latex/amsmath/amsbsy.sty
Package: amsbsy 1999/11/29 v1.2d Bold Symbols
\pmbraise@=\dimen262
)
(/usr/local/texlive/2026/texmf-dist/tex/latex/amsmath/amsopn.sty
Package: amsopn 2022/04/08 v2.04 operator names
)
\inf@bad=\count328
LaTeX Info: Redefining \frac on input line 233.
\uproot@=\count329
\leftroot@=\count330
LaTeX Info: Redefining \overline on input line 398.
LaTeX Info: Redefining \colon on input line 409.
\classnum@=\count331
\DOTSCASE@=\count332
LaTeX Info: Redefining \ldots on input line 495.
LaTeX Info: Redefining \dots on input line 498.
LaTeX Info: Redefining \cdots on input line 619.
\Mathstrutbox@=\box106
\strutbox@=\box107
LaTeX Info: Redefining \big on input line 721.
LaTeX Info: Redefining \Big on input line 722.
LaTeX Info: Redefining \bigg on input line 723.
LaTeX Info: Redefining \Bigg on input line 724.
\big@size=\dimen263
LaTeX Font Info:    Redeclaring font encoding OML on input line 742.
LaTeX Font Info:    Redeclaring font encoding OMS on input line 743.
\macc@depth=\count333
LaTeX Info: Redefining \bmod on input line 904.
LaTeX Info: Redefining \pmod on input line 909.
LaTeX Info: Redefining \smash on input line 939.
LaTeX Info: Redefining \relbar on input line 969.
LaTeX Info: Redefining \Relbar on input line 970.
\c@MaxMatrixCols=\count334
\dotsspace@=\muskip17
\c@parentequation=\count335
\dspbrk@lvl=\count336
\tag@help=\toks31
\row@=\count337
\column@=\count338
\maxfields@=\count339
\andhelp@=\toks32
\eqnshift@=\dimen264
\alignsep@=\dimen265
\tagshift@=\dimen266
\tagwidth@=\dimen267
\totwidth@=\dimen268
\lineht@=\dimen269
\@envbody=\toks33
\multlinegap=\skip75
\multlinetaggap=\skip76
\mathdisplay@stack=\toks34
LaTeX Info: Redefining \[ on input line 2950.
LaTeX Info: Redefining \] on input line 2951.
)
(/usr/local/texlive/2026/texmf-dist/tex/latex/amsfonts/amssymb.sty
Package: amssymb 2013/01/14 v3.01 AMS font symbols

(/usr/local/texlive/2026/texmf-dist/tex/latex/amsfonts/amsfonts.sty
Package: amsfonts 2013/01/14 v3.01 Basic AMSFonts support
\symAMSa=\mathgroup4
\symAMSb=\mathgroup5
LaTeX Font Info:    Redeclaring math symbol \hbar on input line 98.
LaTeX Font Info:    Overwriting math alphabet `\mathfrak' in version `bold'
(Font)                  U/euf/m/n --> U/euf/b/n on input line 106.
))
(/usr/local/texlive/2026/texmf-dist/tex/latex/units/nicefrac.sty
Package: nicefrac 1998/08/04 v0.9b Nice fractions
\L@UnitsRaiseDisplaystyle=\skip77
\L@UnitsRaiseTextstyle=\skip78
\L@UnitsRaiseScriptstyle=\skip79
)
(/usr/local/texlive/2026/texmf-dist/tex/latex/enumitem/enumitem.sty
Package: enumitem 2025/02/06 v3.11 Customized lists
\labelindent=\skip80
\enit@outerparindent=\dimen270
\enit@toks=\toks35
\enit@inbox=\box108
\enit@count@id=\count340
\enitdp@description=\count341
)
(/usr/local/texlive/2026/texmf-dist/tex/latex/psnfss/pifont.sty
Package: pifont 2020/03/25 PSNFSS-v9.3 Pi font support (SPQR) 
LaTeX Font Info:    Trying to load font information for U+pzd on input line 63.


(/usr/local/texlive/2026/texmf-dist/tex/latex/psnfss/upzd.fd
File: upzd.fd 2001/06/04 font definitions for U/pzd.
)
LaTeX Font Info:    Trying to load font information for U+psy on input line 64.


(/usr/local/texlive/2026/texmf-dist/tex/latex/psnfss/upsy.fd
File: upsy.fd 2001/06/04 font definitions for U/psy.
))
(/usr/local/texlive/2026/texmf-dist/tex/latex/base/textcomp.sty
Package: textcomp 2024/04/24 v2.1b Standard LaTeX package
)
(/usr/local/texlive/2026/texmf-dist/tex/latex/siunitx/siunitx.sty
Package: siunitx 2025-07-09 v3.4.14 A comprehensive (SI) units package
\l__siunitx_number_uncert_offset_int=\count342
\l__siunitx_number_exponent_fixed_int=\count343
\l__siunitx_number_min_decimal_int=\count344
\l__siunitx_number_min_integer_int=\count345
\l__siunitx_number_round_precision_int=\count346
\l__siunitx_number_lower_threshold_int=\count347
\l__siunitx_number_upper_threshold_int=\count348
\l__siunitx_number_group_first_int=\count349
\l__siunitx_number_group_size_int=\count350
\l__siunitx_number_group_minimum_int=\count351
\l__siunitx_angle_tmp_dim=\dimen271
\l__siunitx_angle_marker_box=\box109
\l__siunitx_angle_unit_box=\box110
\l__siunitx_compound_count_int=\count352

(/usr/local/texlive/2026/texmf-dist/tex/latex/translations/translations.sty
Package: translations 2022/02/05 v1.12 internationalization of LaTeX2e packages
 (CN)

(/usr/local/texlive/2026/texmf-dist/tex/generic/pdftexcmds/pdftexcmds.sty
Package: pdftexcmds 2020-06-27 v0.33 Utility functions of pdfTeX for LuaTeX (HO
)

(/usr/local/texlive/2026/texmf-dist/tex/generic/infwarerr/infwarerr.sty
Package: infwarerr 2019/12/03 v1.5 Providing info/warning/error messages (HO)
)
(/usr/local/texlive/2026/texmf-dist/tex/generic/ltxcmds/ltxcmds.sty
Package: ltxcmds 2023-12-04 v1.26 LaTeX kernel commands for general use (HO)
)
Package pdftexcmds Info: \pdf@primitive is available.
Package pdftexcmds Info: \pdf@ifprimitive is available.
Package pdftexcmds Info: \pdfdraftmode found.
))
\l__siunitx_table_tmp_box=\box111
\l__siunitx_table_tmp_dim=\dimen272
\l__siunitx_table_column_width_dim=\dimen273
\l__siunitx_table_integer_box=\box112
\l__siunitx_table_decimal_box=\box113
\l__siunitx_table_uncert_box=\box114
\l__siunitx_table_before_box=\box115
\l__siunitx_table_after_box=\box116
\l__siunitx_table_before_dim=\dimen274
\l__siunitx_table_carry_dim=\dimen275
\l__siunitx_unit_tmp_int=\count353
\l__siunitx_unit_position_int=\count354
\l__siunitx_unit_total_int=\count355
)
(/usr/local/texlive/2026/texmf-dist/tex/latex/biblatex/biblatex.sty
Package: biblatex 2025/07/10 v3.21 programmable bibliographies (PK/MW)

(/usr/local/texlive/2026/texmf-dist/tex/latex/kvoptions/kvoptions.sty
Package: kvoptions 2022-06-15 v3.15 Key value format for package options (HO)

(/usr/local/texlive/2026/texmf-dist/tex/latex/kvsetkeys/kvsetkeys.sty
Package: kvsetkeys 2022-10-05 v1.19 Key value parser (HO)
))
(/usr/local/texlive/2026/texmf-dist/tex/latex/logreq/logreq.sty
Package: logreq 2010/08/04 v1.0 xml request logger
\lrq@indent=\count356

(/usr/local/texlive/2026/texmf-dist/tex/latex/logreq/logreq.def
File: logreq.def 2010/08/04 v1.0 logreq spec v1.0
))
(/usr/local/texlive/2026/texmf-dist/tex/latex/url/url.sty
\Urlmuskip=\muskip18
Package: url 2013/09/16  ver 3.4  Verb mode for urls, etc.
)
\c@tabx@nest=\count357
\c@listtotal=\count358
\c@listcount=\count359
\c@liststart=\count360
\c@liststop=\count361
\c@citecount=\count362
\c@citetotal=\count363
\c@multicitecount=\count364
\c@multicitetotal=\count365
\c@instcount=\count366
\c@maxnames=\count367
\c@minnames=\count368
\c@maxitems=\count369
\c@minitems=\count370
\c@citecounter=\count371
\c@maxcitecounter=\count372
\c@savedcitecounter=\count373
\c@uniquelist=\count374
\c@uniquename=\count375
\c@refsection=\count376
\c@refsegment=\count377
\c@maxextratitle=\count378
\c@maxextratitleyear=\count379
\c@maxextraname=\count380
\c@maxextradate=\count381
\c@maxextraalpha=\count382
\c@abbrvpenalty=\count383
\c@highnamepenalty=\count384
\c@lownamepenalty=\count385
\c@maxparens=\count386
\c@parenlevel=\count387
\blx@tempcnta=\count388
\blx@tempcntb=\count389
\blx@tempcntc=\count390
\c@blx@maxsection=\count391
\blx@maxsegment@0=\count392
\blx@notetype=\count393
\blx@parenlevel@text=\count394
\blx@parenlevel@foot=\count395
\blx@sectionciteorder@0=\count396
\blx@sectionciteorderinternal@0=\count397
\blx@entrysetcounter=\count398
\blx@biblioinstance=\count399
\labelnumberwidth=\skip81
\labelalphawidth=\skip82
\biblabelsep=\skip83
\bibitemsep=\skip84
\bibnamesep=\skip85
\bibinitsep=\skip86
\bibparsep=\skip87
\bibhang=\skip88
\blx@bcfin=\read3
\blx@bcfout=\write3
\blx@langwohyphens=\language92
\c@mincomprange=\count400
\c@maxcomprange=\count401
\c@mincompwidth=\count402
Package biblatex Info: Trying to load biblatex default data model...
Package biblatex Info: ... file 'blx-dm.def' found.

(/usr/local/texlive/2026/texmf-dist/tex/latex/biblatex/blx-dm.def
File: blx-dm.def 2025/07/10 v3.21 biblatex datamodel (PK/MW)
)
Package biblatex Info: Trying to load biblatex style data model...
Package biblatex Info: ... file 'verbose.dbx' not found.
Package biblatex Info: Trying to load biblatex custom data model...
Package biblatex Info: ... file 'biblatex-dm.cfg' not found.
\c@afterword=\count403
\c@savedafterword=\count404
\c@annotator=\count405
\c@savedannotator=\count406
\c@author=\count407
\c@savedauthor=\count408
\c@bookauthor=\count409
\c@savedbookauthor=\count410
\c@commentator=\count411
\c@savedcommentator=\count412
\c@editor=\count413
\c@savededitor=\count414
\c@editora=\count415
\c@savededitora=\count416
\c@editorb=\count417
\c@savededitorb=\count418
\c@editorc=\count419
\c@savededitorc=\count420
\c@foreword=\count421
\c@savedforeword=\count422
\c@holder=\count423
\c@savedholder=\count424
\c@introduction=\count425
\c@savedintroduction=\count426
\c@namea=\count427
\c@savednamea=\count428
\c@nameb=\count429
\c@savednameb=\count430
\c@namec=\count431
\c@savednamec=\count432
\c@translator=\count433
\c@savedtranslator=\count434
\c@shortauthor=\count435
\c@savedshortauthor=\count436
\c@shorteditor=\count437
\c@savedshorteditor=\count438
\c@labelname=\count439
\c@savedlabelname=\count440
\c@institution=\count441
\c@savedinstitution=\count442
\c@lista=\count443
\c@savedlista=\count444
\c@listb=\count445
\c@savedlistb=\count446
\c@listc=\count447
\c@savedlistc=\count448
\c@listd=\count449
\c@savedlistd=\count450
\c@liste=\count451
\c@savedliste=\count452
\c@listf=\count453
\c@savedlistf=\count454
\c@location=\count455
\c@savedlocation=\count456
\c@organization=\count457
\c@savedorganization=\count458
\c@origlocation=\count459
\c@savedoriglocation=\count460
\c@origpublisher=\count461
\c@savedorigpublisher=\count462
\c@publisher=\count463
\c@savedpublisher=\count464
\c@language=\count465
\c@savedlanguage=\count466
\c@origlanguage=\count467
\c@savedoriglanguage=\count468
\c@pageref=\count469
\c@savedpageref=\count470
\shorthandwidth=\skip89
\shortjournalwidth=\skip90
\shortserieswidth=\skip91
\shorttitlewidth=\skip92
\shortauthorwidth=\skip93
\shorteditorwidth=\skip94
\locallabelnumberwidth=\skip95
\locallabelalphawidth=\skip96
\localshorthandwidth=\skip97
\localshortjournalwidth=\skip98
\localshortserieswidth=\skip99
\localshorttitlewidth=\skip100
\localshortauthorwidth=\skip101
\localshorteditorwidth=\skip102
Package biblatex Info: Trying to load compatibility code...
Package biblatex Info: ... file 'blx-compat.def' found.

(/usr/local/texlive/2026/texmf-dist/tex/latex/biblatex/blx-compat.def
File: blx-compat.def 2025/07/10 v3.21 biblatex compatibility (PK/MW)
)
Package biblatex Info: Trying to load generic definitions...
Package biblatex Info: ... file 'biblatex.def' found.

(/usr/local/texlive/2026/texmf-dist/tex/latex/biblatex/biblatex.def
File: biblatex.def 2025/07/10 v3.21 biblatex compatibility (PK/MW)
\c@textcitecount=\count471
\c@textcitetotal=\count472
\c@textcitemaxnames=\count473
\c@biburlbigbreakpenalty=\count474
\c@biburlbreakpenalty=\count475
\c@biburlnumpenalty=\count476
\c@biburlucpenalty=\count477
\c@biburllcpenalty=\count478
\biburlbigskip=\muskip19
\biburlnumskip=\muskip20
\biburlucskip=\muskip21
\biburllcskip=\muskip22
\c@smartand=\count479
)
Package biblatex Info: Trying to load bibliography style 'verbose'...
Package biblatex Info: ... file 'verbose.bbx' found.

(/usr/local/texlive/2026/texmf-dist/tex/latex/biblatex/bbx/verbose.bbx
File: verbose.bbx 2025/07/10 v3.21 biblatex bibliography style (PK/MW)
Package biblatex Info: Trying to load bibliography style 'authortitle'...
Package biblatex Info: ... file 'authortitle.bbx' found.

(/usr/local/texlive/2026/texmf-dist/tex/latex/biblatex/bbx/authortitle.bbx
File: authortitle.bbx 2025/07/10 v3.21 biblatex bibliography style (PK/MW)
Package biblatex Info: Trying to load bibliography style 'standard'...
Package biblatex Info: ... file 'standard.bbx' found.

(/usr/local/texlive/2026/texmf-dist/tex/latex/biblatex/bbx/standard.bbx
File: standard.bbx 2025/07/10 v3.21 biblatex bibliography style (PK/MW)
\c@bbx:relatedcount=\count480
\c@bbx:relatedtotal=\count481
)))
Package biblatex Info: Trying to load citation style 'verbose'...
Package biblatex Info: ... file 'verbose.cbx' found.

(/usr/local/texlive/2026/texmf-dist/tex/latex/biblatex/cbx/verbose.cbx
File: verbose.cbx 2025/07/10 v3.21 biblatex citation style (PK/MW)
Package biblatex Info: Redefining '\cite'.
Package biblatex Info: Redefining '\parencite'.
Package biblatex Info: Redefining '\footcite'.
Package biblatex Info: Redefining '\footcitetext'.
Package biblatex Info: Redefining '\smartcite'.
Package biblatex Info: Redefining '\textcite'.
Package biblatex Info: Redefining '\textcites'.
)
Package biblatex Info: Trying to load configuration file...
Package biblatex Info: ... file 'biblatex.cfg' found.

(/usr/local/texlive/2026/texmf-dist/tex/latex/biblatex/biblatex.cfg
File: biblatex.cfg 
)
Package biblatex Info: Input encoding 'utf8' detected.
Package biblatex Info: Document encoding is UTF8 ....

(/usr/local/texlive/2026/texmf-dist/tex/latex/l3kernel/expl3.sty
Package: expl3 2026-01-19 L3 programming layer (loader) 

(/usr/local/texlive/2026/texmf-dist/tex/latex/l3backend/l3backend-pdftex.def
File: l3backend-pdftex.def 2025-10-09 L3 backend support: PDF output (pdfTeX)
\l__color_backend_stack_int=\count482
))
Package biblatex Info: ... and expl3
(biblatex)             2026-01-19 L3 programming layer (loader) 
(biblatex)             is new enough (at least 2020/04/06),
(biblatex)             setting 'casechanger=expl3'.

(/usr/local/texlive/2026/texmf-dist/tex/latex/biblatex/blx-case-expl3.sty
(/usr/local/texlive/2026/texmf-dist/tex/latex/l3packages/xparse/xparse.sty
Package: xparse 2025-10-09 L3 Experimental document command parser
)
Package: blx-case-expl3 2025/07/10 v3.21 expl3 case changing code for biblatex
))
(/usr/local/texlive/2026/texmf-dist/tex/latex/cprotect/cprotect.sty
Package: cprotect 2011/01/27 v1.0e (Bruno Le Floch)

(/usr/local/texlive/2026/texmf-dist/tex/latex/bigfoot/suffix.sty
Package: suffix 2006/07/15 1.5a Variant command support
)
\CPT@WriteOut=\write4
\c@CPT@WriteCount=\count483
\c@CPT@numB=\count484
\CPT@commandatend@toks=\toks36
)
(/usr/local/texlive/2026/texmf-dist/tex/latex/hyperref/hyperref.sty
Package: hyperref 2026-01-29 v7.01p Hypertext links for LaTeX

(/usr/local/texlive/2026/texmf-dist/tex/generic/kvdefinekeys/kvdefinekeys.sty
Package: kvdefinekeys 2019-12-19 v1.6 Define keys (HO)
)
(/usr/local/texlive/2026/texmf-dist/tex/generic/pdfescape/pdfescape.sty
Package: pdfescape 2019/12/09 v1.15 Implements pdfTeX's escape features (HO)
)
(/usr/local/texlive/2026/texmf-dist/tex/latex/hycolor/hycolor.sty
Package: hycolor 2020-01-27 v1.10 Color options for hyperref/bookmark (HO)
)
(/usr/local/texlive/2026/texmf-dist/tex/latex/hyperref/nameref.sty
Package: nameref 2026-01-29 v2.58 Cross-referencing by name of section

(/usr/local/texlive/2026/texmf-dist/tex/latex/refcount/refcount.sty
Package: refcount 2019/12/15 v3.6 Data extraction from label references (HO)
)
(/usr/local/texlive/2026/texmf-dist/tex/generic/gettitlestring/gettitlestring.s
ty
Package: gettitlestring 2019/12/15 v1.6 Cleanup title references (HO)
)
\c@section@level=\count485
) (/usr/local/texlive/2026/texmf-dist/tex/generic/stringenc/stringenc.sty
Package: stringenc 2019/11/29 v1.12 Convert strings between diff. encodings (HO
)
)
\@linkdim=\dimen276
\Hy@linkcounter=\count486
\Hy@pagecounter=\count487

(/usr/local/texlive/2026/texmf-dist/tex/latex/hyperref/pd1enc.def
File: pd1enc.def 2026-01-29 v7.01p Hyperref: PDFDocEncoding definition (HO)
Now handling font encoding PD1 ...
... no UTF-8 mapping file for font encoding PD1
)
(/usr/local/texlive/2026/texmf-dist/tex/generic/intcalc/intcalc.sty
Package: intcalc 2019/12/15 v1.3 Expandable calculations with integers (HO)
)
\Hy@SavedSpaceFactor=\count488

(/usr/local/texlive/2026/texmf-dist/tex/latex/hyperref/puenc.def
File: puenc.def 2026-01-29 v7.01p Hyperref: PDF Unicode definition (HO)
Now handling font encoding PU ...
... no UTF-8 mapping file for font encoding PU
)
Package hyperref Info: Hyper figures OFF on input line 4201.
Package hyperref Info: Link nesting OFF on input line 4206.
Package hyperref Info: Hyper index ON on input line 4209.
Package hyperref Info: Plain pages OFF on input line 4216.
Package hyperref Info: Backreferencing OFF on input line 4221.
Package hyperref Info: Implicit mode ON; LaTeX internals redefined.
Package hyperref Info: Bookmarks ON on input line 4468.
\c@Hy@tempcnt=\count489
LaTeX Info: Redefining \url on input line 4807.
\XeTeXLinkMargin=\dimen277

(/usr/local/texlive/2026/texmf-dist/tex/generic/bitset/bitset.sty
Package: bitset 2019/12/09 v1.3 Handle bit-vector datatype (HO)

(/usr/local/texlive/2026/texmf-dist/tex/generic/bigintcalc/bigintcalc.sty
Package: bigintcalc 2019/12/15 v1.5 Expandable calculations on big integers (HO
)
))
\Fld@menulength=\count490
\Field@Width=\dimen278
\Fld@charsize=\dimen279
Package hyperref Info: Hyper figures OFF on input line 6084.
Package hyperref Info: Link nesting OFF on input line 6089.
Package hyperref Info: Hyper index ON on input line 6092.
Package hyperref Info: backreferencing OFF on input line 6099.
Package hyperref Info: Link coloring OFF on input line 6104.
Package hyperref Info: Link coloring with OCG OFF on input line 6109.
Package hyperref Info: PDF/A mode OFF on input line 6114.
\Hy@abspage=\count491
\c@Item=\count492
\c@Hfootnote=\count493
)
Package hyperref Info: Driver (autodetected): hpdftex.

(/usr/local/texlive/2026/texmf-dist/tex/latex/hyperref/hpdftex.def
File: hpdftex.def 2026-01-29 v7.01p Hyperref driver for pdfTeX
\Fld@listcount=\count494
\c@bookmark@seq@number=\count495

(/usr/local/texlive/2026/texmf-dist/tex/latex/rerunfilecheck/rerunfilecheck.sty
Package: rerunfilecheck 2025-06-21 v1.11 Rerun checks for auxiliary files (HO)

(/usr/local/texlive/2026/texmf-dist/tex/generic/uniquecounter/uniquecounter.sty
Package: uniquecounter 2019/12/15 v1.4 Provide unlimited unique counter (HO)
)
Package uniquecounter Info: New unique counter `rerunfilecheck' on input line 2
84.
)
\Hy@SectionHShift=\skip103
)
Package hyperref Info: Option `breaklinks' set `true' on input line 86.
Package hyperref Info: Option `bookmarksopen' set `true' on input line 86.
Package hyperref Info: Option `bookmarksnumbered' set `true' on input line 86.
Package hyperref Info: Option `colorlinks' set `true' on input line 86.
 (/usr/local/texlive/2026/texmf-dist/tex/latex/listings/listings.sty
\lst@mode=\count496
\lst@gtempboxa=\box117
\lst@token=\toks37
\lst@length=\count497
\lst@currlwidth=\dimen280
\lst@column=\count498
\lst@pos=\count499
\lst@lostspace=\dimen281
\lst@width=\dimen282
\lst@newlines=\count500
\lst@lineno=\count501
\lst@maxwidth=\dimen283

(/usr/local/texlive/2026/texmf-dist/tex/latex/listings/lstpatch.sty
File: lstpatch.sty 2025/11/14 1.11b (Carsten Heinz)
)
(/usr/local/texlive/2026/texmf-dist/tex/latex/listings/lstmisc.sty
File: lstmisc.sty 2025/11/14 1.11b (Carsten Heinz)
\c@lstnumber=\count502
\lst@skipnumbers=\count503
\lst@framebox=\box118
)
(/usr/local/texlive/2026/texmf-dist/tex/latex/listings/listings.cfg
File: listings.cfg 2025/11/14 1.11b listings configuration
))
Package: listings 2025/11/14 1.11b (Carsten Heinz)

==> First Aid for listings.sty no longer applied!
    Expected:
        2024/09/23 1.10c (Carsten Heinz)
    but found:
        2025/11/14 1.11b (Carsten Heinz)
    so I'm assuming it got fixed.
Package csquotes Info: Checking for multilingual support...
Package csquotes Info: ... found 'babel' package.
Class scrartcl Info: loading recommended package `bookmark'.
(scrartcl)           Using `bookmark' together with `hyperref' is recommended,
(scrartcl)           because of handling of possible bookmark level gaps.
(scrartcl)           You can avoid loading `bookmark' with KOMA-Script option
(scrartcl)           `bookmarkpackage=false' before \begin{document} and
(scrartcl)           you can avoid this message adding:
(scrartcl)             \usepackage{bookmark}
(scrartcl)           before \begin{document} on input line 141.
(/usr/local/texlive/2026/texmf-dist/tex/latex/bookmark/bookmark.sty
Package: bookmark 2023-12-10 v1.31 PDF bookmarks (HO)

(/usr/local/texlive/2026/texmf-dist/tex/latex/bookmark/bkm-pdftex.def
File: bkm-pdftex.def 2023-12-10 v1.31 bookmark driver for pdfTeX and luaTeX (HO
)
\BKM@id=\count504
))
(./LaTeX_RefSheet.aux)
\openout1 = `LaTeX_RefSheet.aux'.

LaTeX Font Info:    Checking defaults for OML/cmm/m/it on input line 141.
LaTeX Font Info:    ... okay on input line 141.
LaTeX Font Info:    Checking defaults for OMS/cmsy/m/n on input line 141.
LaTeX Font Info:    ... okay on input line 141.
LaTeX Font Info:    Checking defaults for OT1/cmr/m/n on input line 141.
LaTeX Font Info:    ... okay on input line 141.
LaTeX Font Info:    Checking defaults for T1/cmr/m/n on input line 141.
LaTeX Font Info:    ... okay on input line 141.
LaTeX Font Info:    Checking defaults for TS1/cmr/m/n on input line 141.
LaTeX Font Info:    ... okay on input line 141.
LaTeX Font Info:    Checking defaults for OMX/cmex/m/n on input line 141.
LaTeX Font Info:    ... okay on input line 141.
LaTeX Font Info:    Checking defaults for U/cmr/m/n on input line 141.
LaTeX Font Info:    ... okay on input line 141.
LaTeX Font Info:    Checking defaults for PD1/pdf/m/n on input line 141.
LaTeX Font Info:    ... okay on input line 141.
LaTeX Font Info:    Checking defaults for PU/pdf/m/n on input line 141.
LaTeX Font Info:    ... okay on input line 141.
Package scrbase Info: activating english \abstractname on input line 141.
Package scrbase Info: activating english \partname on input line 141.
Package scrbase Info: activating english \figurename on input line 141.
Package scrbase Info: activating english \tablename on input line 141.
Package scrbase Info: activating english \contentsname on input line 141.
Package scrbase Info: activating english \listfigurename on input line 141.
Package scrbase Info: activating english \listtablename on input line 141.
Package scrbase Info: activating english \refname on input line 141.
Package scrbase Info: activating english \indexname on input line 141.
LaTeX Info: Redefining \degres on input line 141.

(/usr/local/texlive/2026/texmf-dist/tex/context/base/mkii/supp-pdf.mkii
[Loading MPS to PDF converter (version 2006.09.02).]
\scratchcounter=\count505
\scratchdimen=\dimen284
\scratchbox=\box119
\nofMPsegments=\count506
\nofMParguments=\count507
\everyMPshowfont=\toks38
\MPscratchCnt=\count508
\MPscratchDim=\dimen285
\MPnumerator=\count509
\makeMPintoPDFobject=\count510
\everyMPtoPDFconversion=\toks39
) (/usr/local/texlive/2026/texmf-dist/tex/latex/epstopdf-pkg/epstopdf-base.sty
Package: epstopdf-base 2020-01-24 v2.11 Base part for package epstopdf
Package epstopdf-base Info: Redefining graphics rule for `.eps' on input line 4
85.

(/usr/local/texlive/2026/texmf-dist/tex/latex/latexconfig/epstopdf-sys.cfg
File: epstopdf-sys.cfg 2010/07/13 v1.3 Configuration of (r)epstopdf for TeX Liv
e
))
*geometry* driver: auto-detecting
*geometry* detected driver: pdftex
*geometry* verbose mode - [ preamble ] result:
* driver: pdftex
* paper: a4paper
* layout: <same size as paper>
* layoutoffset:(h,v)=(0.0pt,0.0pt)
* modes: landscape 
* h-part:(L,W,R)=(17.07164pt, 810.90356pt, 17.07164pt)
* v-part:(T,H,B)=(22.76219pt, 563.3646pt, 11.38109pt)
* \paperwidth=845.04684pt
* \paperheight=597.50787pt
* \textwidth=810.90356pt
* \textheight=563.3646pt
* \oddsidemargin=-55.19835pt
* \evensidemargin=-55.19835pt
* \topmargin=-69.30774pt
* \headheight=8.99997pt
* \headsep=10.79997pt
* \topskip=6.0pt
* \footskip=25.19992pt
* \marginparwidth=211.26173pt
* \marginparsep=12.8401pt
* \columnsep=10.0pt
* \skip\footins=5.39998pt plus 2.39973pt minus 1.20024pt
* \hoffset=0.0pt
* \voffset=0.0pt
* \mag=1000
* \@twocolumnfalse
* \@twosidefalse
* \@mparswitchfalse
* \@reversemarginfalse
* (1in=72.27pt=25.4mm, 1cm=28.453pt)

LaTeX Info: Redefining \microtypecontext on input line 141.
Package microtype Info: Applying patch `item' on input line 141.
Package microtype Info: Applying patch `toc' on input line 141.
Package microtype Info: Applying patch `eqnum' on input line 141.
Package microtype Info: Applying patch `footnote' on input line 141.
Package microtype Info: Applying patch `verbatim' on input line 141.
LaTeX Info: Redefining \microtypesetup on input line 141.
Package microtype Info: Generating PDF output.
Package microtype Info: Character protrusion enabled (level 2).
Package microtype Info: Using default protrusion set `alltext'.
Package microtype Info: Automatic font expansion enabled (level 2),
(microtype)             stretch: 20, shrink: 20, step: 1, non-selected.
Package microtype Info: Using default expansion set `alltext-nott'.
Package microtype Info: Patching command `\showhyphens'.
Package microtype Info: No adjustment of tracking.
Package microtype Info: No adjustment of interword spacing.
Package microtype Info: No adjustment of character kerning.
Package microtype Info: Loading generic protrusion settings for font family
(microtype)             `cmbr' (encoding: T1).
(microtype)             For optimal results, create family-specific settings.
(microtype)             See the microtype manual for details.
(/usr/local/texlive/2026/texmf-dist/tex/latex/pdflscape/pdflscape.sty
Package: pdflscape 2025-06-23 v0.14 Display of landscape pages in PDF

(/usr/local/texlive/2026/texmf-dist/tex/latex/pdflscape/pdflscape-nometadata.st
y
Package: pdflscape-nometadata 2025-06-23 v0.14 Display of landscape pages in PD
F (HO)
 (/usr/local/texlive/2026/texmf-dist/tex/latex/graphics/lscape.sty
Package: lscape 2020/05/28 v3.02 Landscape Pages (DPC)
)
Package pdflscape Info: Auto-detected driver: pdftex on input line 81.
))
(/usr/local/texlive/2026/texmf-dist/tex/latex/translations/translations-basic-d
ictionary-english.trsl
File: translations-basic-dictionary-english.trsl (english translation file `tra
nslations-basic-dictionary')
)
Package translations Info: loading dictionary `translations-basic-dictionary' f
or `english'. on input line 141.

(/usr/local/texlive/2026/texmf-dist/tex/latex/translations/translations-basic-d
ictionary-french.trsl
File: translations-basic-dictionary-french.trsl (french translation file `trans
lations-basic-dictionary')
)
Package translations Info: loading dictionary `translations-basic-dictionary' f
or `french'. on input line 141.

(/usr/local/texlive/2026/texmf-dist/tex/latex/translations/translations-basic-d
ictionary-german.trsl
File: translations-basic-dictionary-german.trsl (german translation file `trans
lations-basic-dictionary')
)
Package translations Info: loading dictionary `translations-basic-dictionary' f
or `german'. on input line 141.
Package biblatex Info: Trying to load language 'english'...
Package biblatex Info: ... file 'english.lbx' found.

(/usr/local/texlive/2026/texmf-dist/tex/latex/biblatex/lbx/english.lbx
File: english.lbx 2025/07/10 v3.21 biblatex localization (PK/MW)
)
Package biblatex Info: Trying to load language 'french'...
Package biblatex Info: ... file 'french.lbx' found.

(/usr/local/texlive/2026/texmf-dist/tex/latex/biblatex/lbx/french.lbx
File: french.lbx 2025/07/10 v3.21 biblatex localization (PK/MW)
)
Package biblatex Info: Trying to load language 'ngerman'...
Package biblatex Info: ... file 'ngerman.lbx' found.

(/usr/local/texlive/2026/texmf-dist/tex/latex/biblatex/lbx/ngerman.lbx
File: ngerman.lbx 2025/07/10 v3.21 biblatex localization (PK/MW)
Package biblatex Info: Trying to load language 'german'...
Package biblatex Info: ... file 'german.lbx' found.

(/usr/local/texlive/2026/texmf-dist/tex/latex/biblatex/lbx/german.lbx
File: german.lbx 2025/07/10 v3.21 biblatex localization (PK/MW)
)
Package biblatex Info: Trying to load language 'german'...
Package biblatex Info: ... file 'german.lbx' found.

(/usr/local/texlive/2026/texmf-dist/tex/latex/biblatex/lbx/german.lbx
File: german.lbx 2025/07/10 v3.21 biblatex localization (PK/MW)
))
Package biblatex Info: Input encoding 'utf8' detected.
Package biblatex Info: Automatic encoding selection.
(biblatex)             Assuming data encoding 'utf8'.
\openout3 = `LaTeX_RefSheet.bcf'.

Package biblatex Info: Trying to load bibliographic data...
Package biblatex Info: ... file 'LaTeX_RefSheet.bbl' not found.

No file LaTeX_RefSheet.bbl.
Package biblatex Info: Reference section=0 on input line 141.
Package biblatex Info: Reference segment=0 on input line 141.
Package hyperref Info: Link coloring ON on input line 141.
\c@lstlisting=\count511
Package tocbasic Info: setting babel extension for `lol' on input line 141.
\scr@dte@lstlisting@maxnumwidth=\skip104
LaTeX Font Info:    Calculating math sizes for size <8.64001> on input line 148
.
LaTeX Font Info:    Trying to load font information for OT1+cmbr on input line 
148.
(/usr/local/texlive/2026/texmf-dist/tex/latex/cmbright/ot1cmbr.fd
File: ot1cmbr.fd 2005/04/13 v8.1 (WaS)
)
Package microtype Info: Loading generic protrusion settings for font family
(microtype)             `cmbr' (encoding: OT1).
(microtype)             For optimal results, create family-specific settings.
(microtype)             See the microtype manual for details.
LaTeX Font Info:    Trying to load font information for OML+cmbrm on input line
 148.

(/usr/local/texlive/2026/texmf-dist/tex/latex/cmbright/omlcmbrm.fd
File: omlcmbrm.fd 2005/04/13 v8.1 (WaS)
)
LaTeX Font Info:    Trying to load font information for OMS+cmbrs on input line
 148.

(/usr/local/texlive/2026/texmf-dist/tex/latex/cmbright/omscmbrs.fd
File: omscmbrs.fd 2005/04/13 v8.1 (WaS)
)
(/usr/local/texlive/2026/texmf-dist/tex/latex/microtype/mt-msa.cfg
File: mt-msa.cfg 2006/02/04 v1.1 microtype config. file: AMS symbols (a) (RS)
)
(/usr/local/texlive/2026/texmf-dist/tex/latex/microtype/mt-msb.cfg
File: mt-msb.cfg 2005/06/01 v1.0 microtype config. file: AMS symbols (b) (RS)
)
Overfull \hbox (6.67502pt too wide) in paragraph at lines 148--149
[]$[]$ 
 []

\openout4 = `LaTeX_RefSheet-1.cpt'.

(./LaTeX_RefSheet-1.cpt
LaTeX Font Info:    Trying to load font information for T1+fvm on input line 4.


(/usr/local/texlive/2026/texmf-dist/tex/latex/bera/t1fvm.fd
File: t1fvm.fd 2004/09/07 scalable font definitions for T1/fvm.
)
LaTeX Font Info:    Font shape `T1/fvm/m/n' will be
(Font)              scaled to size 5.39996pt on input line 4.
Package microtype Info: Loading generic protrusion settings for font family
(microtype)             `fvm' (encoding: T1).
(microtype)             For optimal results, create family-specific settings.
(microtype)             See the microtype manual for details.
LaTeX Font Info:    Font shape `T1/fvm/m/n' will be
(Font)              scaled to size 4.92749pt on input line 4.
)
Overfull \hbox (9.14377pt too wide) in paragraph at lines 159--160
[]| [][][] 
 []

LaTeX Font Info:    Calculating math sizes for size <7.19998> on input line 163
.
\openout4 = `LaTeX_RefSheet-2.cpt'.

(./LaTeX_RefSheet-2.cpt
LaTeX Font Info:    Font shape `T1/cmbr/m/it' in size <6> not available
(Font)              Font shape `T1/cmbr/m/sl' tried instead on input line 11.
)
Overfull \hbox (9.14377pt too wide) in paragraph at lines 183--184
| [][][] 
 []

\openout4 = `LaTeX_RefSheet-3.cpt'.

(./LaTeX_RefSheet-3.cpt)
Overfull \hbox (9.14377pt too wide) in paragraph at lines 199--200
[]| [][][] 
 []

LaTeX Font Info:    Font shape `T1/fvm/m/n' will be
(Font)              scaled to size 6.47993pt on input line 203.
\openout4 = `LaTeX_RefSheet-4.cpt'.

(./LaTeX_RefSheet-4.cpt
Overfull \hbox (1.1912pt too wide) in paragraph at lines 5--22
[][]  
 []

)
Overfull \hbox (9.14377pt too wide) in paragraph at lines 232--233
| [][][] 
 []

\openout4 = `LaTeX_RefSheet-5.cpt'.

(./LaTeX_RefSheet-5.cpt)
Overfull \hbox (9.14377pt too wide) in paragraph at lines 238--239
[]| [][][] 
 []

\openout4 = `LaTeX_RefSheet-6.cpt'.

(./LaTeX_RefSheet-6.cpt
(/usr/local/texlive/2026/texmf-dist/tex/latex/listings/lstlang1.sty
File: lstlang1.sty 2025/11/14 1.11b listings language file
)
(/usr/local/texlive/2026/texmf-dist/tex/latex/listings/lstlang2.sty
File: lstlang2.sty 2025/11/14 1.11b listings language file
)
(/usr/local/texlive/2026/texmf-dist/tex/latex/listings/lstlang3.sty
File: lstlang3.sty 2025/11/14 1.11b listings language file
)
(/usr/local/texlive/2026/texmf-dist/tex/latex/listings/lstlang1.sty
File: lstlang1.sty 2025/11/14 1.11b listings language file
)
(/usr/local/texlive/2026/texmf-dist/tex/latex/listings/lstlang2.sty
File: lstlang2.sty 2025/11/14 1.11b listings language file
)
(/usr/local/texlive/2026/texmf-dist/tex/latex/listings/lstlang3.sty
File: lstlang3.sty 2025/11/14 1.11b listings language file
)
(/usr/local/texlive/2026/texmf-dist/tex/latex/listings/lstlang1.sty
File: lstlang1.sty 2025/11/14 1.11b listings language file
)
(/usr/local/texlive/2026/texmf-dist/tex/latex/listings/lstlang2.sty
File: lstlang2.sty 2025/11/14 1.11b listings language file
)
(/usr/local/texlive/2026/texmf-dist/tex/latex/listings/lstlang3.sty
File: lstlang3.sty 2025/11/14 1.11b listings language file
)
(/usr/local/texlive/2026/texmf-dist/tex/latex/listings/lstmisc.sty
File: lstmisc.sty 2025/11/14 1.11b (Carsten Heinz)
)
LaTeX Font Info: \kern \lst@width \kern \lst@width \kern \lst@width Calculating
\kern \lst@width math\kern \lst@width sizes\kern \lst@width for\kern \lst@width
 size\kern \lst@width <5.47504> on input line 4.
)
Overfull \hbox (9.14377pt too wide) in paragraph at lines 246--247
[]| [][][] 
 []

\openout4 = `LaTeX_RefSheet-7.cpt'.

(./LaTeX_RefSheet-7.cpt)
Overfull \hbox (9.14377pt too wide) in paragraph at lines 257--258
[]| [][][] 
 []

\openout4 = `LaTeX_RefSheet-8.cpt'.

(./LaTeX_RefSheet-8.cpt)
Overfull \hbox (9.14377pt too wide) in paragraph at lines 281--282
| [][][] 
 []

\openout4 = `LaTeX_RefSheet-9.cpt'.

(./LaTeX_RefSheet-9.cpt
<header-graph.pdf, id=9, 569.055pt x 85.3579pt>
File: header-graph.pdf Graphic file (type pdf)
<use header-graph.pdf>
Package pdftex.def Info: header-graph.pdf  used on input line 3.
(pdftex.def)             Requested size: 190.34642pt x 28.5511pt.

Overfull \hbox (12.25061pt too wide) in paragraph at lines 17--18
[][][][][][][][][][][][][][][][][][][][] 
 []

)
Overfull \hbox (9.14377pt too wide) in paragraph at lines 302--303
[]| [][][] 
 []

\openout4 = `LaTeX_RefSheet-10.cpt'.

(./LaTeX_RefSheet-10.cpt)
Overfull \hbox (9.14377pt too wide) in paragraph at lines 307--308
[]| [][][] 
 []

\openout4 = `LaTeX_RefSheet-11.cpt'.

(./LaTeX_RefSheet-11.cpt)
Overfull \hbox (9.14377pt too wide) in paragraph at lines 317--318
| [][][] 
 []

\openout4 = `LaTeX_RefSheet-12.cpt'.

(./LaTeX_RefSheet-12.cpt)
Overfull \hbox (9.14377pt too wide) in paragraph at lines 323--324
[]| [][][] 
 []

\openout4 = `LaTeX_RefSheet-13.cpt'.

(./LaTeX_RefSheet-13.cpt)
Overfull \hbox (9.14377pt too wide) in paragraph at lines 329--330
[]| [][][] 
 []

\openout4 = `LaTeX_RefSheet-14.cpt'.

(./LaTeX_RefSheet-14.cpt
Overfull \hbox (2.4816pt too wide) in paragraph at lines 26--26
[][][][][][][][][][][][][][]  
 []

)
Overfull \hbox (9.14377pt too wide) in paragraph at lines 359--360
[]| [][][] 
 []

\openout4 = `LaTeX_RefSheet-15.cpt'.

(./LaTeX_RefSheet-15.cpt)
Overfull \hbox (9.14377pt too wide) in paragraph at lines 370--371
[]| [][][] 
 []

\openout4 = `LaTeX_RefSheet-16.cpt'.

(./LaTeX_RefSheet-16.cpt)
Overfull \hbox (9.14377pt too wide) in paragraph at lines 387--388
[]| [][][] 
 []

\openout4 = `LaTeX_RefSheet-17.cpt'.

(./LaTeX_RefSheet-17.cpt
Underfull \hbox (badness 10000) in paragraph at lines 5--10

 []

\c@legali=\count512
\c@legalii=\count513
\c@legaliii=\count514
\c@legaliv=\count515
\c@legalv=\count516
\c@legalvi=\count517
\c@legalvii=\count518
\c@legalviii=\count519
\c@legalix=\count520
\c@legalx=\count521
\enitdp@legal=\count522
)
Overfull \hbox (9.14377pt too wide) in paragraph at lines 435--436
[]| [][][] 
 []

\openout4 = `LaTeX_RefSheet-18.cpt'.

(./LaTeX_RefSheet-18.cpt)
Overfull \hbox (9.14377pt too wide) in paragraph at lines 450--451
[]| [][][] 
 []

\openout4 = `LaTeX_RefSheet-19.cpt'.

(./LaTeX_RefSheet-19.cpt

Package hyperref Warning: Token not allowed in a PDF string (Unicode):
(hyperref)                removing `math shift' on input line 2.


Package hyperref Warning: Token not allowed in a PDF string (Unicode):
(hyperref)                removing `\approx' on input line 2.


Package hyperref Warning: Token not allowed in a PDF string (Unicode):
(hyperref)                removing `math shift' on input line 2.

)
Overfull \hbox (9.14377pt too wide) in paragraph at lines 461--462
| [][][] 
 []

\openout4 = `LaTeX_RefSheet-20.cpt'.

(./LaTeX_RefSheet-20.cpt
LaTeX Font Info:    Trying to load font information for TS1+cmbr on input line 
13.

(/usr/local/texlive/2026/texmf-dist/tex/latex/cmbright/ts1cmbr.fd
File: ts1cmbr.fd 2005/04/13 v8.1 (WaS)
)
Package microtype Info: Loading generic protrusion settings for font family
(microtype)             `cmbr' (encoding: TS1).
(microtype)             For optimal results, create family-specific settings.
(microtype)             See the microtype manual for details.
)
Overfull \hbox (9.14377pt too wide) in paragraph at lines 476--477
[]| [][][] 
 []

\openout4 = `LaTeX_RefSheet-21.cpt'.

(./LaTeX_RefSheet-21.cpt
(/usr/local/texlive/2026/texmf-dist/tex/latex/microtype/mt-cmr.cfg
File: mt-cmr.cfg 2013/05/19 v2.2 microtype config. file: Computer Modern Roman 
(RS)
)
LaTeX Font Info:    Font shape `T1/cmbr/b/n' in size <6> not available
(Font)              Font shape `T1/cmbr/bx/n' tried instead on input line 19.


LaTeX Font Warning: Font shape `T1/cmbr/bx/n' in size <6> not available
(Font)              Font shape `T1/cmbr/sb/n' tried instead on input line 19.

)
Overfull \hbox (9.14377pt too wide) in paragraph at lines 520--521
[]| [][][] 
 []

\openout4 = `LaTeX_RefSheet-22.cpt'.

(./LaTeX_RefSheet-22.cpt)
Overfull \hbox (9.14377pt too wide) in paragraph at lines 542--543
[]| [][][] 
 []

\openout4 = `LaTeX_RefSheet-23.cpt'.

(./LaTeX_RefSheet-23.cpt)
Overfull \hbox (9.14377pt too wide) in paragraph at lines 557--558
[]| [][][] 
 []

\openout4 = `LaTeX_RefSheet-24.cpt'.

(./LaTeX_RefSheet-24.cpt)
Overfull \hbox (9.14377pt too wide) in paragraph at lines 566--567
[]| [][][] 
 []

\openout4 = `LaTeX_RefSheet-25.cpt'.

(./LaTeX_RefSheet-25.cpt
Overfull \hbox (2.0488pt too wide) in paragraph at lines 3--7
[]  
 []

)
Overfull \hbox (9.14377pt too wide) in paragraph at lines 587--588
[]| [][][] 
 []

\openout4 = `LaTeX_RefSheet-26.cpt'.

(./LaTeX_RefSheet-26.cpt
Overfull \hbox (3.38107pt too wide) in paragraph at lines 4--5
[][][][][][][][][][][][][][][][][][][][][][][][][][][][][][][][][][][][][][][][
][] 
 []

)
Overfull \hbox (9.14377pt too wide) in paragraph at lines 601--602
[]| [][][] 
 []

\openout4 = `LaTeX_RefSheet-27.cpt'.

(./LaTeX_RefSheet-27.cpt
Overfull \hbox (3.38107pt too wide) in paragraph at lines 11--12
[][][][][][][][][][][][][][][][][][][][][][][][][][][][][][][][][][][][][][][][
][][][][][][][][][][][][][][] 
 []

)
Overfull \hbox (2.46875pt too wide) in paragraph at lines 633--635
| [][][] 
 []


Overfull \hbox (7.6521pt too wide) in paragraph at lines 633--635
[]$ 
 []

\openout4 = `LaTeX_RefSheet-28.cpt'.

(./LaTeX_RefSheet-28.cpt)
Overfull \hbox (9.14377pt too wide) in paragraph at lines 651--652
[]| [][][] 
 []

\openout4 = `LaTeX_RefSheet-29.cpt'.

[1

{/usr/local/texlive/2026/texmf-var/fonts/map/pdftex/updmap/pdftex.map}{/usr/loc
al/texlive/2026/texmf-dist/fonts/enc/dvips/cm-super/cm-super-t1.enc}{/usr/local
/texlive/2026/texmf-dist/fonts/enc/dvips/base/8r.enc}{/usr/local/texlive/2026/t
exmf-dist/fonts/enc/dvips/cm-super/cm-super-ts1.enc} <./header-graph.pdf>]
(./LaTeX_RefSheet-29.cpt)
Overfull \hbox (9.14377pt too wide) in paragraph at lines 673--674
[]| [][][] 
 []

\openout4 = `LaTeX_RefSheet-30.cpt'.

(./LaTeX_RefSheet-30.cpt)
Overfull \hbox (9.14377pt too wide) in paragraph at lines 682--683
[]| [][][] 
 []

\openout4 = `LaTeX_RefSheet-31.cpt'.

(./LaTeX_RefSheet-31.cpt)
Overfull \hbox (9.14377pt too wide) in paragraph at lines 692--693
[]| [][][] 
 []

\openout4 = `LaTeX_RefSheet-32.cpt'.

(./LaTeX_RefSheet-32.cpt
(/usr/local/texlive/2026/texmf-dist/tex/latex/listings/lstlang1.sty
File: lstlang1.sty 2025/11/14 1.11b listings language file
)
LaTeX Font Info:    Font shape `T1/fvm/m/n' will be
(Font)              scaled to size 2.69998pt on input line 28.
LaTeX Font Info:    Font shape `T1/fvm/b/n' will be
(Font)              scaled to size 2.69998pt on input line 31.
)
Overfull \hbox (9.14377pt too wide) in paragraph at lines 732--733
[]| [][][] 
 []

\openout4 = `LaTeX_RefSheet-33.cpt'.

(./LaTeX_RefSheet-33.cpt)
Overfull \hbox (9.14377pt too wide) in paragraph at lines 744--745
[]| [][][] 
 []

\openout4 = `LaTeX_RefSheet-34.cpt'.

(./LaTeX_RefSheet-34.cpt)
Overfull \hbox (9.14377pt too wide) in paragraph at lines 760--761
| [][][] 
 []

\openout4 = `LaTeX_RefSheet-35.cpt'.

(./LaTeX_RefSheet-35.cpt)
Overfull \hbox (9.14377pt too wide) in paragraph at lines 769--770
[]| [][][] 
 []

\openout4 = `LaTeX_RefSheet-36.cpt'.

(./LaTeX_RefSheet-36.cpt)
Overfull \hbox (9.14377pt too wide) in paragraph at lines 778--779
[]| [][][] 
 []

\openout4 = `LaTeX_RefSheet-37.cpt'.

(./LaTeX_RefSheet-37.cpt)
Overfull \hbox (9.14377pt too wide) in paragraph at lines 793--794
[]| [][][] 
 []

\openout4 = `LaTeX_RefSheet-38.cpt'.

(./LaTeX_RefSheet-38.cpt)
Overfull \hbox (9.14377pt too wide) in paragraph at lines 798--799
[]| [][][] 
 []

\openout4 = `LaTeX_RefSheet-39.cpt'.

(./LaTeX_RefSheet-39.cpt)
Overfull \hbox (9.14377pt too wide) in paragraph at lines 817--818
| [][][] 
 []

\openout4 = `LaTeX_RefSheet-40.cpt'.

(./LaTeX_RefSheet-40.cpt)
Overfull \hbox (9.14377pt too wide) in paragraph at lines 835--836
[]| [][][] 
 []

\openout4 = `LaTeX_RefSheet-41.cpt'.

(./LaTeX_RefSheet-41.cpt)
Overfull \hbox (9.14377pt too wide) in paragraph at lines 846--847
[]| [][][] 
 []

\openout4 = `LaTeX_RefSheet-42.cpt'.

(./LaTeX_RefSheet-42.cpt)
Overfull \hbox (10.5773pt too wide) in paragraph at lines 4--857
[] 
 []


Overfull \hbox (9.14377pt too wide) in paragraph at lines 857--858
[]| [][][] 
 []

\openout4 = `LaTeX_RefSheet-43.cpt'.

(./LaTeX_RefSheet-43.cpt

Package hyperref Warning: Token not allowed in a PDF string (Unicode):
(hyperref)                \kern -1.11273pt
(hyperref)                removed on input line 2.


Package hyperref Warning: Token not allowed in a PDF string (Unicode):
(hyperref)                removing `\lower' on input line 2.


Package hyperref Warning: Token not allowed in a PDF string (Unicode):
(hyperref)                removing `\hbox' on input line 2.


Package hyperref Warning: Token not allowed in a PDF string (Unicode):
(hyperref)                \kern -0.83437pt
(hyperref)                removed on input line 2.

LaTeX Font Info:    Trying to load font information for U+euf on input line 4.
(/usr/local/texlive/2026/texmf-dist/tex/latex/amsfonts/ueuf.fd
File: ueuf.fd 2013/01/14 v3.01 Euler Fraktur
)
(/usr/local/texlive/2026/texmf-dist/tex/latex/microtype/mt-euf.cfg
File: mt-euf.cfg 2006/07/03 v1.1 microtype config. file: AMS Euler Fraktur (RS)

))
Overfull \hbox (9.14377pt too wide) in paragraph at lines 865--866
[]| [][][] 
 []

\openout4 = `LaTeX_RefSheet-44.cpt'.

(./LaTeX_RefSheet-44.cpt

LaTeX Font Warning: Command \boldmath invalid in math mode on input line 19.


LaTeX Font Warning: Command \mathversion invalid in math mode on input line 19.


)
Overfull \hbox (2.98299pt too wide) in paragraph at lines 11--891
[][] 
 []


Overfull \hbox (9.14377pt too wide) in paragraph at lines 891--892
[]| [][][] 
 []

\openout4 = `LaTeX_RefSheet-45.cpt'.

(./LaTeX_RefSheet-45.cpt
Overfull \hbox (2.15909pt too wide) in paragraph at lines 3--16
[]  
 []

)
Overfull \hbox (9.14377pt too wide) in paragraph at lines 925--926
[]| [][][] 
 []

\openout4 = `LaTeX_RefSheet-46.cpt'.

(./LaTeX_RefSheet-46.cpt

Package hyperref Warning: Token not allowed in a PDF string (Unicode):
(hyperref)                \kern -1.11273pt
(hyperref)                removed on input line 2.


Package hyperref Warning: Token not allowed in a PDF string (Unicode):
(hyperref)                removing `\lower' on input line 2.


Package hyperref Warning: Token not allowed in a PDF string (Unicode):
(hyperref)                removing `\hbox' on input line 2.


Package hyperref Warning: Token not allowed in a PDF string (Unicode):
(hyperref)                \kern -0.83437pt
(hyperref)                removed on input line 2.


Overfull \hbox (0.81104pt too wide) detected at line 38
[]
 []

)
Overfull \hbox (9.14377pt too wide) in paragraph at lines 967--968
[]| [][][] 
 []

\openout4 = `LaTeX_RefSheet-47.cpt'.

(./LaTeX_RefSheet-47.cpt

Package hyperref Warning: Token not allowed in a PDF string (Unicode):
(hyperref)                \kern -1.11273pt
(hyperref)                removed on input line 2.


Package hyperref Warning: Token not allowed in a PDF string (Unicode):
(hyperref)                removing `\lower' on input line 2.


Package hyperref Warning: Token not allowed in a PDF string (Unicode):
(hyperref)                removing `\hbox' on input line 2.


Package hyperref Warning: Token not allowed in a PDF string (Unicode):
(hyperref)                \kern -0.83437pt
(hyperref)                removed on input line 2.


Overfull \hbox (2.86044pt too wide) in paragraph at lines 7--8
[][][][][][][][][][][][][][][][][][][][][][][][][][][][][] 
 []

)
Overfull \hbox (9.14377pt too wide) in paragraph at lines 990--991
[]| [][][] 
 []

\openout4 = `LaTeX_RefSheet-48.cpt'.

(./LaTeX_RefSheet-48.cpt

Package hyperref Warning: Token not allowed in a PDF string (Unicode):
(hyperref)                \kern -1.11273pt
(hyperref)                removed on input line 2.


Package hyperref Warning: Token not allowed in a PDF string (Unicode):
(hyperref)                removing `\lower' on input line 2.


Package hyperref Warning: Token not allowed in a PDF string (Unicode):
(hyperref)                removing `\hbox' on input line 2.


Package hyperref Warning: Token not allowed in a PDF string (Unicode):
(hyperref)                \kern -0.83437pt
(hyperref)                removed on input line 2.


Underfull \hbox (badness 10000) in paragraph at lines 7--8
[][][][][][][][][][][][][][][][][][][][][][][][][][]
 []

)
Overfull \hbox (9.14377pt too wide) in paragraph at lines 1010--1011
[]| [][][] 
 []

\openout4 = `LaTeX_RefSheet-49.cpt'.

(./LaTeX_RefSheet-49.cpt

Package hyperref Warning: Token not allowed in a PDF string (Unicode):
(hyperref)                \kern -1.11273pt
(hyperref)                removed on input line 2.


Package hyperref Warning: Token not allowed in a PDF string (Unicode):
(hyperref)                removing `\lower' on input line 2.


Package hyperref Warning: Token not allowed in a PDF string (Unicode):
(hyperref)                removing `\hbox' on input line 2.


Package hyperref Warning: Token not allowed in a PDF string (Unicode):
(hyperref)                \kern -0.83437pt
(hyperref)                removed on input line 2.


LaTeX Font Warning: Font shape `OT1/cmbr/bx/n' in size <6> not available
(Font)              Font shape `OT1/cmbr/m/n' tried instead on input line 18.


LaTeX Font Warning: Font shape `OT1/cmbr/bx/n' in size <5> not available
(Font)              Font shape `OT1/cmbr/m/n' tried instead on input line 18.

)
Overfull \hbox (9.14377pt too wide) in paragraph at lines 1030--1031
[]| [][][] 
 []

\openout4 = `LaTeX_RefSheet-50.cpt'.

(./LaTeX_RefSheet-50.cpt

Package hyperref Warning: Token not allowed in a PDF string (Unicode):
(hyperref)                \kern -1.11273pt
(hyperref)                removed on input line 2.


Package hyperref Warning: Token not allowed in a PDF string (Unicode):
(hyperref)                removing `\lower' on input line 2.


Package hyperref Warning: Token not allowed in a PDF string (Unicode):
(hyperref)                removing `\hbox' on input line 2.


Package hyperref Warning: Token not allowed in a PDF string (Unicode):
(hyperref)                \kern -0.83437pt
(hyperref)                removed on input line 2.

)
Overfull \hbox (9.14377pt too wide) in paragraph at lines 1054--1055
[]| [][][] 
 []

\openout4 = `LaTeX_RefSheet-51.cpt'.

(./LaTeX_RefSheet-51.cpt

Package hyperref Warning: Token not allowed in a PDF string (Unicode):
(hyperref)                \kern -1.11273pt
(hyperref)                removed on input line 2.


Package hyperref Warning: Token not allowed in a PDF string (Unicode):
(hyperref)                removing `\lower' on input line 2.


Package hyperref Warning: Token not allowed in a PDF string (Unicode):
(hyperref)                removing `\hbox' on input line 2.


Package hyperref Warning: Token not allowed in a PDF string (Unicode):
(hyperref)                \kern -0.83437pt
(hyperref)                removed on input line 2.

)
Overfull \hbox (9.14377pt too wide) in paragraph at lines 1069--1070
[]| [][][] 
 []

\openout4 = `LaTeX_RefSheet-52.cpt'.

(./LaTeX_RefSheet-52.cpt)
Overfull \hbox (9.14377pt too wide) in paragraph at lines 1086--1087
[]| [][][] 
 []

\openout4 = `LaTeX_RefSheet-53.cpt'.

(./LaTeX_RefSheet-53.cpt)
Overfull \hbox (9.14377pt too wide) in paragraph at lines 1104--1105
[]| [][][] 
 []

\openout4 = `LaTeX_RefSheet-54.cpt'.

[2
pdfTeX warning (ext4): destination with the same identifier (name{equation.1}) 
has been already used, duplicate ignored
<argument> ...shipout:D \box_use:N \l_shipout_box 
                                                  \__shipout_drop_firstpage_...
l.1122 }
        
pdfTeX warning (ext4): destination with the same identifier (name{equation.1}) 
has been already used, duplicate ignored
<argument> ...shipout:D \box_use:N \l_shipout_box 
                                                  \__shipout_drop_firstpage_...
l.1122 }
        
pdfTeX warning (ext4): destination with the same identifier (name{equation.2}) 
has been already used, duplicate ignored
<argument> ...shipout:D \box_use:N \l_shipout_box 
                                                  \__shipout_drop_firstpage_...
l.1122 }
        
pdfTeX warning (ext4): destination with the same identifier (name{equation.1}) 
has been already used, duplicate ignored
<argument> ...shipout:D \box_use:N \l_shipout_box 
                                                  \__shipout_drop_firstpage_...
l.1122 }
        
pdfTeX warning (ext4): destination with the same identifier (name{equation.2}) 
has been already used, duplicate ignored
<argument> ...shipout:D \box_use:N \l_shipout_box 
                                                  \__shipout_drop_firstpage_...
l.1122 }
        
pdfTeX warning (ext4): destination with the same identifier (name{equation.3}) 
has been already used, duplicate ignored
<argument> ...shipout:D \box_use:N \l_shipout_box 
                                                  \__shipout_drop_firstpage_...
l.1122 }
        
pdfTeX warning (ext4): destination with the same identifier (name{equation.1}) 
has been already used, duplicate ignored
<argument> ...shipout:D \box_use:N \l_shipout_box 
                                                  \__shipout_drop_firstpage_...
l.1122 }
        
pdfTeX warning (ext4): destination with the same identifier (name{equation.2}) 
has been already used, duplicate ignored
<argument> ...shipout:D \box_use:N \l_shipout_box 
                                                  \__shipout_drop_firstpage_...
l.1122 }
        ] (./LaTeX_RefSheet-54.cpt

Package siunitx Info: Option "per-mode = reciprocal" has been deprecated in
(siunitx)             this release.
(siunitx)             
(siunitx)             Use "per-mode = power" as a replacement.

)
Overfull \hbox (9.14377pt too wide) in paragraph at lines 1122--1123
[]| [][][] 
 []

\openout4 = `LaTeX_RefSheet-55.cpt'.

(./LaTeX_RefSheet-55.cpt)
Overfull \hbox (9.14377pt too wide) in paragraph at lines 1139--1140
| [][][] 
 []

\openout4 = `LaTeX_RefSheet-56.cpt'.

(./LaTeX_RefSheet-56.cpt
Package babel Info: 'ngerman' activates 'german' shorthands.
(babel)             Reported on input line 9.
Package babel Info: 'french' activates 'french' shorthands.
(babel)             Reported on input line 10.
)
Overfull \hbox (9.14377pt too wide) in paragraph at lines 1151--1152
[]| [][][] 
 []

\openout4 = `LaTeX_RefSheet-57.cpt'.

(./LaTeX_RefSheet-57.cpt)
Overfull \hbox (9.14377pt too wide) in paragraph at lines 1161--1162
[]| [][][] 
 []

\openout4 = `LaTeX_RefSheet-58.cpt'.

(./LaTeX_RefSheet-58.cpt)
Overfull \hbox (9.14377pt too wide) in paragraph at lines 1176--1177
[]| [][][] 
 []

\openout4 = `LaTeX_RefSheet-59.cpt'.

(./LaTeX_RefSheet-59.cpt)
Overfull \hbox (9.14377pt too wide) in paragraph at lines 1191--1192
[]| [][][] 
 []

\openout4 = `LaTeX_RefSheet-60.cpt'.

(./LaTeX_RefSheet-60.cpt)
Overfull \hbox (9.14377pt too wide) in paragraph at lines 1209--1210
[]| [][][] 
 []

\openout4 = `LaTeX_RefSheet-61.cpt'.

(./LaTeX_RefSheet-61.cpt)
Overfull \hbox (9.14377pt too wide) in paragraph at lines 1223--1224
[]| [][][] 
 []

\openout4 = `LaTeX_RefSheet-62.cpt'.

(./LaTeX_RefSheet-62.cpt)
Overfull \hbox (9.14377pt too wide) in paragraph at lines 1239--1240
[]| [][][] 
 []

\openout4 = `LaTeX_RefSheet-63.cpt'.

(./LaTeX_RefSheet-63.cpt
<layout.pdf, id=284, 139.77219pt x 197.18669pt>
File: layout.pdf Graphic file (type pdf)
<use layout.pdf>
Package pdftex.def Info: layout.pdf  used on input line 5.
(pdftex.def)             Requested size: 125.79378pt x 177.46637pt.
)
Overfull \hbox (9.14377pt too wide) in paragraph at lines 1255--1256
[]| [][][] 
 []

\openout4 = `LaTeX_RefSheet-64.cpt'.

(./LaTeX_RefSheet-64.cpt)
Overfull \hbox (9.14377pt too wide) in paragraph at lines 1274--1275
| [][][] 
 []

\openout4 = `LaTeX_RefSheet-65.cpt'.

(./LaTeX_RefSheet-65.cpt)
Overfull \hbox (3.05116pt too wide) in paragraph at lines 3--1290
[]  
 []


Overfull \hbox (9.14377pt too wide) in paragraph at lines 1290--1291
[]| [][][] 
 []

\openout4 = `LaTeX_RefSheet-66.cpt'.

(./LaTeX_RefSheet-66.cpt)
Overfull \hbox (9.14377pt too wide) in paragraph at lines 1302--1303
[]| [][][] 
 []

\openout4 = `LaTeX_RefSheet-67.cpt'.

(./LaTeX_RefSheet-67.cpt)
Overfull \hbox (9.14377pt too wide) in paragraph at lines 1310--1311
[]| [][][] 
 []

\openout4 = `LaTeX_RefSheet-68.cpt'.

(./LaTeX_RefSheet-68.cpt)
Overfull \hbox (9.14377pt too wide) in paragraph at lines 1322--1323
[]| [][][] 
 []

\openout4 = `LaTeX_RefSheet-69.cpt'.

(./LaTeX_RefSheet-69.cpt)
Overfull \hbox (1.51907pt too wide) in paragraph at lines 2--1347
[][]  
 []


Overfull \hbox (9.14377pt too wide) in paragraph at lines 1347--1348
| [][][] 
 []

\openout4 = `LaTeX_RefSheet-70.cpt'.

(./LaTeX_RefSheet-70.cpt)
Overfull \hbox (9.14377pt too wide) in paragraph at lines 1382--1383
[]| [][][] 
 []

\openout4 = `LaTeX_RefSheet-71.cpt'.

(./LaTeX_RefSheet-71.cpt (./thesis.tex) (./thesis.bib))
Overfull \hbox (9.14377pt too wide) in paragraph at lines 1392--1393
| [][][] 
 []

<thesis.pdf, id=300, 597.50829pt x 845.0471pt>
File: thesis.pdf Graphic file (type pdf)
<use thesis.pdf>
Package pdftex.def Info: thesis.pdf  used on input line 1395.
(pdftex.def)             Requested size: 597.50682pt x 845.04504pt.
<acknowledgements.pdf, id=302, 597.50829pt x 845.0471pt>
File: acknowledgements.pdf Graphic file (type pdf)
<use acknowledgements.pdf>
Package pdftex.def Info: acknowledgements.pdf  used on input line 1395.
(pdftex.def)             Requested size: 597.50682pt x 845.04504pt.
<thesis.pdf, id=304, page=1, 597.50829pt x 845.0471pt>
File: thesis.pdf Graphic file (type pdf)
<use thesis.pdf, page 1>
Package pdftex.def Info: thesis.pdf , page1 used on input line 1395.
(pdftex.def)             Requested size: 597.50682pt x 845.04504pt.
File: thesis.pdf Graphic file (type pdf)
<use thesis.pdf, page 1>
Package pdftex.def Info: thesis.pdf , page1 used on input line 1395.
(pdftex.def)             Requested size: 579.58234pt x 819.69472pt.
[3 <./layout.pdf>]
File: thesis.pdf Graphic file (type pdf)
<use thesis.pdf, page 1>
Package pdftex.def Info: thesis.pdf , page1 used on input line 1395.
(pdftex.def)             Requested size: 579.58234pt x 819.69472pt.
File: thesis.pdf Graphic file (type pdf)
<use thesis.pdf, page 1>
Package pdftex.def Info: thesis.pdf , page1 used on input line 1395.
(pdftex.def)             Requested size: 579.58234pt x 819.69472pt.
<thesis.pdf, id=417, page=2, 597.50829pt x 845.0471pt>
File: thesis.pdf Graphic file (type pdf)
<use thesis.pdf, page 2>
Package pdftex.def Info: thesis.pdf , page2 used on input line 1395.
(pdftex.def)             Requested size: 579.58234pt x 819.69472pt.
File: thesis.pdf Graphic file (type pdf)
<use thesis.pdf, page 2>
Package pdftex.def Info: thesis.pdf , page2 used on input line 1395.
(pdftex.def)             Requested size: 579.58234pt x 819.69472pt.
<thesis.pdf, id=418, page=3, 597.50829pt x 845.0471pt>
File: thesis.pdf Graphic file (type pdf)
<use thesis.pdf, page 3>
Package pdftex.def Info: thesis.pdf , page3 used on input line 1395.
(pdftex.def)             Requested size: 579.58234pt x 819.69472pt.
File: thesis.pdf Graphic file (type pdf)
<use thesis.pdf, page 3>
Package pdftex.def Info: thesis.pdf , page3 used on input line 1395.
(pdftex.def)             Requested size: 579.58234pt x 819.69472pt.
<thesis.pdf, id=419, page=4, 597.50829pt x 845.0471pt>
File: thesis.pdf Graphic file (type pdf)
<use thesis.pdf, page 4>
Package pdftex.def Info: thesis.pdf , page4 used on input line 1395.
(pdftex.def)             Requested size: 579.58234pt x 819.69472pt.
File: thesis.pdf Graphic file (type pdf)
<use thesis.pdf, page 4>
Package pdftex.def Info: thesis.pdf , page4 used on input line 1395.
(pdftex.def)             Requested size: 579.58234pt x 819.69472pt.
<thesis.pdf, id=420, page=5, 597.50829pt x 845.0471pt>
File: thesis.pdf Graphic file (type pdf)
<use thesis.pdf, page 5>
Package pdftex.def Info: thesis.pdf , page5 used on input line 1395.
(pdftex.def)             Requested size: 579.58234pt x 819.69472pt.
File: thesis.pdf Graphic file (type pdf)
<use thesis.pdf, page 5>
Package pdftex.def Info: thesis.pdf , page5 used on input line 1395.
(pdftex.def)             Requested size: 579.58234pt x 819.69472pt.
<thesis.pdf, id=421, page=6, 597.50829pt x 845.0471pt>
File: thesis.pdf Graphic file (type pdf)
<use thesis.pdf, page 6>
Package pdftex.def Info: thesis.pdf , page6 used on input line 1395.
(pdftex.def)             Requested size: 579.58234pt x 819.69472pt.
File: thesis.pdf Graphic file (type pdf)
<use thesis.pdf, page 6>
Package pdftex.def Info: thesis.pdf , page6 used on input line 1395.
(pdftex.def)             Requested size: 579.58234pt x 819.69472pt.
<thesis.pdf, id=422, page=7, 597.50829pt x 845.0471pt>
File: thesis.pdf Graphic file (type pdf)
<use thesis.pdf, page 7>
Package pdftex.def Info: thesis.pdf , page7 used on input line 1395.
(pdftex.def)             Requested size: 579.58234pt x 819.69472pt.
File: thesis.pdf Graphic file (type pdf)
<use thesis.pdf, page 7>
Package pdftex.def Info: thesis.pdf , page7 used on input line 1395.
(pdftex.def)             Requested size: 579.58234pt x 819.69472pt.
<thesis.pdf, id=423, page=8, 597.50829pt x 845.0471pt>
File: thesis.pdf Graphic file (type pdf)
<use thesis.pdf, page 8>
Package pdftex.def Info: thesis.pdf , page8 used on input line 1395.
(pdftex.def)             Requested size: 579.58234pt x 819.69472pt.
File: thesis.pdf Graphic file (type pdf)
<use thesis.pdf, page 8>
Package pdftex.def Info: thesis.pdf , page8 used on input line 1395.
(pdftex.def)             Requested size: 579.58234pt x 819.69472pt.
<thesis.pdf, id=424, page=9, 597.50829pt x 845.0471pt>
File: thesis.pdf Graphic file (type pdf)
<use thesis.pdf, page 9>
Package pdftex.def Info: thesis.pdf , page9 used on input line 1395.
(pdftex.def)             Requested size: 579.58234pt x 819.69472pt.
File: thesis.pdf Graphic file (type pdf)
<use thesis.pdf, page 9>
Package pdftex.def Info: thesis.pdf , page9 used on input line 1395.
(pdftex.def)             Requested size: 579.58234pt x 819.69472pt.
<acknowledgements.pdf, id=425, page=1, 597.50829pt x 845.0471pt>
File: acknowledgements.pdf Graphic file (type pdf)
<use acknowledgements.pdf, page 1>
Package pdftex.def Info: acknowledgements.pdf , page1 used on input line 1395.
(pdftex.def)             Requested size: 579.58234pt x 819.69472pt.
File: acknowledgements.pdf Graphic file (type pdf)
<use acknowledgements.pdf, page 1>
Package pdftex.def Info: acknowledgements.pdf , page1 used on input line 1395.
(pdftex.def)             Requested size: 579.58234pt x 819.69472pt.
File: thesis.pdf Graphic file (type pdf)
<use thesis.pdf, page 1>
Package pdftex.def Info: thesis.pdf , page1 used on input line 1395.
(pdftex.def)             Requested size: 579.58234pt x 819.69472pt.
File: thesis.pdf Graphic file (type pdf)
<use thesis.pdf, page 2>
Package pdftex.def Info: thesis.pdf , page2 used on input line 1395.
(pdftex.def)             Requested size: 579.58234pt x 819.69472pt.
File: thesis.pdf Graphic file (type pdf)
<use thesis.pdf, page 3>
Package pdftex.def Info: thesis.pdf , page3 used on input line 1395.
(pdftex.def)             Requested size: 579.58234pt x 819.69472pt.
File: thesis.pdf Graphic file (type pdf)
<use thesis.pdf, page 4>
Package pdftex.def Info: thesis.pdf , page4 used on input line 1395.
(pdftex.def)             Requested size: 579.58234pt x 819.69472pt.
File: thesis.pdf Graphic file (type pdf)
<use thesis.pdf, page 5>
Package pdftex.def Info: thesis.pdf , page5 used on input line 1395.
(pdftex.def)             Requested size: 579.58234pt x 819.69472pt.
File: thesis.pdf Graphic file (type pdf)
<use thesis.pdf, page 6>
Package pdftex.def Info: thesis.pdf , page6 used on input line 1395.
(pdftex.def)             Requested size: 579.58234pt x 819.69472pt.
File: thesis.pdf Graphic file (type pdf)
<use thesis.pdf, page 7>
Package pdftex.def Info: thesis.pdf , page7 used on input line 1395.
(pdftex.def)             Requested size: 579.58234pt x 819.69472pt.
File: thesis.pdf Graphic file (type pdf)
<use thesis.pdf, page 8>
Package pdftex.def Info: thesis.pdf , page8 used on input line 1395.
(pdftex.def)             Requested size: 579.58234pt x 819.69472pt.
File: thesis.pdf Graphic file (type pdf)
<use thesis.pdf, page 9>
Package pdftex.def Info: thesis.pdf , page9 used on input line 1395.
(pdftex.def)             Requested size: 579.58234pt x 819.69472pt.
File: acknowledgements.pdf Graphic file (type pdf)
<use acknowledgements.pdf, page 1>
Package pdftex.def Info: acknowledgements.pdf , page1 used on input line 1395.
(pdftex.def)             Requested size: 579.58234pt x 819.69472pt.
 [4 <./thesis.pdf> <./thesis.pdf> <./thesis.pdf> <./thesis.pdf> <./thesis.pdf> 
<./thesis.pdf> <./thesis.pdf> <./thesis.pdf> <./thesis.pdf> <./acknowledgements
.pdf>] (./LaTeX_RefSheet.aux)
 ***********
LaTeX2e <2025-11-01>
L3 programming layer <2026-01-19>
 ***********
Package logreq Info: Writing requests to 'LaTeX_RefSheet.run.xml'.
\openout1 = `LaTeX_RefSheet.run.xml'.

 ) 
Here is how much of TeX's memory you used:
 37809 strings out of 467525
 737080 string characters out of 5418982
 1999990 words of memory out of 5000000
 65604 multiletter control sequences out of 15000+600000
 672169 words of font info for 220 fonts, out of 8000000 for 9000
 1143 hyphenation exceptions out of 8191
 108i,19n,107p,11217b,2887s stack positions out of 10000i,1000n,20000p,200000b,200000s
</usr/local/texlive/2026/texmf-dist/fonts/type1/public/amsfonts/cmextra/cmex7
.pfb></usr/local/texlive/2026/texmf-dist/fonts/type1/public/amsfonts/cm/cmmi12.
pfb></usr/local/texlive/2026/texmf-dist/fonts/type1/public/amsfonts/cm/cmmi8.pf
b></usr/local/texlive/2026/texmf-dist/fonts/type1/public/amsfonts/cm/cmr12.pfb>
</usr/local/texlive/2026/texmf-dist/fonts/type1/public/amsfonts/cm/cmr6.pfb></u
sr/local/texlive/2026/texmf-dist/fonts/type1/public/amsfonts/cm/cmr8.pfb></usr/
local/texlive/2026/texmf-dist/fonts/type1/public/amsfonts/cm/cmsy10.pfb></usr/l
ocal/texlive/2026/texmf-dist/fonts/type1/public/amsfonts/cm/cmsy6.pfb></usr/loc
al/texlive/2026/texmf-dist/fonts/type1/public/amsfonts/cm/cmsy8.pfb></usr/local
/texlive/2026/texmf-dist/fonts/type1/public/amsfonts/euler/eufm7.pfb></usr/loca
l/texlive/2026/texmf-dist/fonts/type1/public/bera/fvmb8a.pfb></usr/local/texliv
e/2026/texmf-dist/fonts/type1/public/bera/fvmr8a.pfb></usr/local/texlive/2026/t
exmf-dist/fonts/type1/public/hfbright/hfbr8.pfb></usr/local/texlive/2026/texmf-
dist/fonts/type1/public/hfbright/hfbras8.pfb></usr/local/texlive/2026/texmf-dis
t/fonts/type1/public/hfbright/hfbrbs8.pfb></usr/local/texlive/2026/texmf-dist/f
onts/type1/public/hfbright/hfbrmb10.pfb></usr/local/texlive/2026/texmf-dist/fon
ts/type1/public/hfbright/hfbrmi8.pfb></usr/local/texlive/2026/texmf-dist/fonts/
type1/public/hfbright/hfbrsy8.pfb></usr/local/texlive/2026/texmf-dist/fonts/typ
e1/public/hfbright/hfbrsy9.pfb></usr/local/texlive/2026/texmf-dist/fonts/type1/
public/amsfonts/latxfont/lcircle1.pfb></usr/local/texlive/2026/texmf-dist/fonts
/type1/public/amsfonts/latxfont/line10.pfb></usr/local/texlive/2026/texmf-dist/
fonts/type1/public/cm-super/sfbmo8.pfb></usr/local/texlive/2026/texmf-dist/font
s/type1/public/cm-super/sfbmr10.pfb></usr/local/texlive/2026/texmf-dist/fonts/t
ype1/public/cm-super/sfbmr8.pfb></usr/local/texlive/2026/texmf-dist/fonts/type1
/public/cm-super/sfbsr8.pfb></usr/local/texlive/2026/texmf-dist/fonts/type1/pub
lic/cm-super/sfbx1200.pfb></usr/local/texlive/2026/texmf-dist/fonts/type1/publi
c/cm-super/sfcc0600.pfb></usr/local/texlive/2026/texmf-dist/fonts/type1/public/
cm-super/sfrm0600.pfb></usr/local/texlive/2026/texmf-dist/fonts/type1/public/cm
-super/sfrm0700.pfb></usr/local/texlive/2026/texmf-dist/fonts/type1/public/cm-s
uper/sfrm0800.pfb></usr/local/texlive/2026/texmf-dist/fonts/type1/public/cm-sup
er/sfrm1000.pfb></usr/local/texlive/2026/texmf-dist/fonts/type1/public/cm-super
/sfrm1200.pfb></usr/local/texlive/2026/texmf-dist/fonts/type1/public/cm-super/s
frm1728.pfb></usr/local/texlive/2026/texmf-dist/fonts/type1/public/cm-super/sfs
l0600.pfb></usr/local/texlive/2026/texmf-dist/fonts/type1/public/cm-super/sfsl1
200.pfb></usr/local/texlive/2026/texmf-dist/fonts/type1/public/cm-super/sfss120
0.pfb></usr/local/texlive/2026/texmf-dist/fonts/type1/public/cm-super/sfss1440.
pfb></usr/local/texlive/2026/texmf-dist/fonts/type1/public/cm-super/sfss1728.pf
b></usr/local/texlive/2026/texmf-dist/fonts/type1/public/cm-super/sfss2488.pfb>
</usr/local/texlive/2026/texmf-dist/fonts/type1/public/cm-super/sfti1000.pfb></
usr/local/texlive/2026/texmf-dist/fonts/type1/public/cm-super/sfti1200.pfb></us
r/local/texlive/2026/texmf-dist/fonts/type1/public/cm-super/sftt1000.pfb></usr/
local/texlive/2026/texmf-dist/fonts/type1/public/cm-super/sftt1200.pfb></usr/lo
cal/texlive/2026/texmf-dist/fonts/type1/urw/zapfding/uzdr.pfb>
Output written on LaTeX_RefSheet.pdf (4 pages, 2668791 bytes).
PDF statistics:
 977 PDF objects out of 1000 (max. 8388607)
 877 compressed objects within 9 object streams
 312 named destinations out of 1000 (max. 500000)
 68809 words of extra memory for PDF output out of 74296 (max. 10000000)

