warning: no text within stars
   ┌─ dataset_expansion/runs/i2s_algorithm_003__1turn__sonnet__dsx/work/output.typ:42:9
   │
42 │ *6* #ind **Repeat**
   │          ^^
   │
   = hint: using multiple consecutive stars (e.g. **) has no additional effect

warning: no text within stars
   ┌─ dataset_expansion/runs/i2s_algorithm_003__1turn__sonnet__dsx/work/output.typ:42:17
   │
42 │ *6* #ind **Repeat**
   │                  ^^
   │
   = hint: using multiple consecutive stars (e.g. **) has no additional effect

warning: no text within stars
   ┌─ dataset_expansion/runs/i2s_algorithm_003__1turn__sonnet__dsx/work/output.typ:51:10
   │
51 │ *9* #ind2 **If** $s'$ *is terminal* **then**
   │           ^^
   │
   = hint: using multiple consecutive stars (e.g. **) has no additional effect

warning: no text within stars
   ┌─ dataset_expansion/runs/i2s_algorithm_003__1turn__sonnet__dsx/work/output.typ:51:14
   │
51 │ *9* #ind2 **If** $s'$ *is terminal* **then**
   │               ^^
   │
   = hint: using multiple consecutive stars (e.g. **) has no additional effect

warning: no text within stars
   ┌─ dataset_expansion/runs/i2s_algorithm_003__1turn__sonnet__dsx/work/output.typ:51:36
   │
51 │ *9* #ind2 **If** $s'$ *is terminal* **then**
   │                                     ^^
   │
   = hint: using multiple consecutive stars (e.g. **) has no additional effect

warning: no text within stars
   ┌─ dataset_expansion/runs/i2s_algorithm_003__1turn__sonnet__dsx/work/output.typ:51:42
   │
51 │ *9* #ind2 **If** $s'$ *is terminal* **then**
   │                                           ^^
   │
   = hint: using multiple consecutive stars (e.g. **) has no additional effect

warning: no text within stars
   ┌─ dataset_expansion/runs/i2s_algorithm_003__1turn__sonnet__dsx/work/output.typ:55:11
   │
55 │ *11* #ind2 **End If**
   │            ^^
   │
   = hint: using multiple consecutive stars (e.g. **) has no additional effect

warning: no text within stars
   ┌─ dataset_expansion/runs/i2s_algorithm_003__1turn__sonnet__dsx/work/output.typ:55:19
   │
55 │ *11* #ind2 **End If**
   │                    ^^
   │
   = hint: using multiple consecutive stars (e.g. **) has no additional effect

warning: no text within stars
   ┌─ dataset_expansion/runs/i2s_algorithm_003__1turn__sonnet__dsx/work/output.typ:57:11
   │
57 │ *12* #ind2 **For** $j$ *in range*(_update frequency_) **do**
   │            ^^
   │
   = hint: using multiple consecutive stars (e.g. **) has no additional effect

warning: no text within stars
   ┌─ dataset_expansion/runs/i2s_algorithm_003__1turn__sonnet__dsx/work/output.typ:57:16
   │
57 │ *12* #ind2 **For** $j$ *in range*(_update frequency_) **do**
   │                 ^^
   │
   = hint: using multiple consecutive stars (e.g. **) has no additional effect

warning: no text within stars
   ┌─ dataset_expansion/runs/i2s_algorithm_003__1turn__sonnet__dsx/work/output.typ:57:54
   │
57 │ *12* #ind2 **For** $j$ *in range*(_update frequency_) **do**
   │                                                       ^^
   │
   = hint: using multiple consecutive stars (e.g. **) has no additional effect

warning: no text within stars
   ┌─ dataset_expansion/runs/i2s_algorithm_003__1turn__sonnet__dsx/work/output.typ:57:58
   │
57 │ *12* #ind2 **For** $j$ *in range*(_update frequency_) **do**
   │                                                           ^^
   │
   = hint: using multiple consecutive stars (e.g. **) has no additional effect

warning: no text within stars
   ┌─ dataset_expansion/runs/i2s_algorithm_003__1turn__sonnet__dsx/work/output.typ:73:11
   │
73 │ *17* #ind3 **If** $j mod$ _policy delay frequency_ $= 0$ **then**
   │            ^^
   │
   = hint: using multiple consecutive stars (e.g. **) has no additional effect

warning: no text within stars
   ┌─ dataset_expansion/runs/i2s_algorithm_003__1turn__sonnet__dsx/work/output.typ:73:15
   │
73 │ *17* #ind3 **If** $j mod$ _policy delay frequency_ $= 0$ **then**
   │                ^^
   │
   = hint: using multiple consecutive stars (e.g. **) has no additional effect

warning: no text within stars
   ┌─ dataset_expansion/runs/i2s_algorithm_003__1turn__sonnet__dsx/work/output.typ:73:57
   │
73 │ *17* #ind3 **If** $j mod$ _policy delay frequency_ $= 0$ **then**
   │                                                          ^^
   │
   = hint: using multiple consecutive stars (e.g. **) has no additional effect

warning: no text within stars
   ┌─ dataset_expansion/runs/i2s_algorithm_003__1turn__sonnet__dsx/work/output.typ:73:63
   │
73 │ *17* #ind3 **If** $j mod$ _policy delay frequency_ $= 0$ **then**
   │                                                                ^^
   │
   = hint: using multiple consecutive stars (e.g. **) has no additional effect

warning: no text within stars
   ┌─ dataset_expansion/runs/i2s_algorithm_003__1turn__sonnet__dsx/work/output.typ:87:11
   │
87 │ *21* #ind3 **End If**
   │            ^^
   │
   = hint: using multiple consecutive stars (e.g. **) has no additional effect

warning: no text within stars
   ┌─ dataset_expansion/runs/i2s_algorithm_003__1turn__sonnet__dsx/work/output.typ:87:19
   │
87 │ *21* #ind3 **End If**
   │                    ^^
   │
   = hint: using multiple consecutive stars (e.g. **) has no additional effect

warning: no text within stars
   ┌─ dataset_expansion/runs/i2s_algorithm_003__1turn__sonnet__dsx/work/output.typ:89:11
   │
89 │ *22* #ind2 **End For**
   │            ^^
   │
   = hint: using multiple consecutive stars (e.g. **) has no additional effect

warning: no text within stars
   ┌─ dataset_expansion/runs/i2s_algorithm_003__1turn__sonnet__dsx/work/output.typ:89:20
   │
89 │ *22* #ind2 **End For**
   │                     ^^
   │
   = hint: using multiple consecutive stars (e.g. **) has no additional effect

warning: no text within stars
   ┌─ dataset_expansion/runs/i2s_algorithm_003__1turn__sonnet__dsx/work/output.typ:91:10
   │
91 │ *23* #ind **Until** stopping criterion is fulfilled.
   │           ^^
   │
   = hint: using multiple consecutive stars (e.g. **) has no additional effect

warning: no text within stars
   ┌─ dataset_expansion/runs/i2s_algorithm_003__1turn__sonnet__dsx/work/output.typ:91:17
   │
91 │ *23* #ind **Until** stopping criterion is fulfilled.
   │                  ^^
   │
   = hint: using multiple consecutive stars (e.g. **) has no additional effect

