This is pdfTeX, Version 3.141592653-2.6-1.40.29 (TeX Live 2026) (preloaded format=pdflatex 2026.4.24)  12 JUL 2026 23:50
entering extended mode
 restricted \write18 enabled.
 %&-line parsing enabled.
**sample-subfigure.tex
(./sample-subfigure.tex
LaTeX2e <2025-11-01>
L3 programming layer <2026-01-19>
(/usr/local/texlive/2026/texmf-dist/tex/latex/base/article.cls
Document Class: article 2025/01/22 v1.4n Standard LaTeX document class
(/usr/local/texlive/2026/texmf-dist/tex/latex/base/size10.clo
File: size10.clo 2025/01/22 v1.4n Standard LaTeX file (size option)
)
\c@part=\count275
\c@section=\count276
\c@subsection=\count277
\c@subsubsection=\count278
\c@paragraph=\count279
\c@subparagraph=\count280
\c@figure=\count281
\c@table=\count282
\abovecaptionskip=\skip49
\belowcaptionskip=\skip50
\bibindent=\dimen148
)
(/usr/local/texlive/2026/texmf-dist/tex/latex/graphics/graphicx.sty
Package: graphicx 2024/12/31 v1.2e Enhanced LaTeX Graphics (DPC,SPQR)

(/usr/local/texlive/2026/texmf-dist/tex/latex/graphics/keyval.sty
Package: keyval 2022/05/29 v1.15 key=value parser (DPC)
\KV@toks@=\toks17
)
(/usr/local/texlive/2026/texmf-dist/tex/latex/graphics/graphics.sty
Package: graphics 2024/08/06 v1.4g Standard LaTeX Graphics (DPC,SPQR)

(/usr/local/texlive/2026/texmf-dist/tex/latex/graphics/trig.sty
Package: trig 2023/12/02 v1.11 sin cos tan (DPC)
)
(/usr/local/texlive/2026/texmf-dist/tex/latex/graphics-cfg/graphics.cfg
File: graphics.cfg 2016/06/04 v1.11 sample graphics configuration
)
Package graphics Info: Driver file: pdftex.def on input line 106.

(/usr/local/texlive/2026/texmf-dist/tex/latex/graphics-def/pdftex.def
File: pdftex.def 2025/09/29 v1.2d Graphics/color driver for pdftex
))
\Gin@req@height=\dimen149
\Gin@req@width=\dimen150
)
(/usr/local/texlive/2026/texmf-dist/tex/latex/fitbox/fitbox.sty
Package: fitbox 2019/02/20 v1.02 Fitting boxes on a page
\fitboxnatheight=\dimen151
\fitboxnatwidth=\dimen152

(/usr/local/texlive/2026/texmf-dist/tex/latex/xkeyval/xkeyval.sty
Package: xkeyval 2025/11/04 v2.10 package option processing (HA)

(/usr/local/texlive/2026/texmf-dist/tex/generic/xkeyval/xkeyval.tex
(/usr/local/texlive/2026/texmf-dist/tex/generic/xkeyval/xkvutils.tex
\XKV@toks=\toks18
\XKV@tempa@toks=\toks19
\XKV@tempb@toks=\toks20
)
\XKV@depth=\count283
File: xkeyval.tex 2014/12/03 v2.7a key=value parser (HA)
))
\FTBX@box=\box53
\FTBX@desired@maxheight=\dimen153
\FTBX@desired@minheight=\dimen154
\FTBX@available@height=\dimen155
)
(/usr/local/texlive/2026/texmf-dist/tex/latex/subfig/subfig.sty
Package: subfig 2005/06/28 ver: 1.3 subfig package

(/usr/local/texlive/2026/texmf-dist/tex/latex/caption/caption.sty
Package: caption 2023/08/05 v3.6o Customizing captions (AR)

(/usr/local/texlive/2026/texmf-dist/tex/latex/caption/caption3.sty
Package: caption3 2023/07/31 v2.4d caption3 kernel (AR)
\caption@tempdima=\dimen156
\captionmargin=\dimen157
\caption@leftmargin=\dimen158
\caption@rightmargin=\dimen159
\caption@width=\dimen160
\caption@indent=\dimen161
\caption@parindent=\dimen162
\caption@hangindent=\dimen163
Package caption Info: Standard document class detected.
)
\c@caption@flags=\count284
\c@continuedfloat=\count285
)
\c@KVtest=\count286
\sf@farskip=\skip51
\sf@captopadj=\dimen164
\sf@capskip=\skip52
\sf@nearskip=\skip53
\c@subfigure=\count287
\c@subfigure@save=\count288
\c@lofdepth=\count289
\c@subtable=\count290
\c@subtable@save=\count291
\c@lotdepth=\count292
\sf@top=\skip54
\sf@bottom=\skip55
)
(/usr/local/texlive/2026/texmf-dist/tex/latex/l3backend/l3backend-pdftex.def
File: l3backend-pdftex.def 2025-10-09 L3 backend support: PDF output (pdfTeX)
\l__color_backend_stack_int=\count293
)
(./sample-subfigure.aux)
\openout1 = `sample-subfigure.aux'.

LaTeX Font Info:    Checking defaults for OML/cmm/m/it on input line 5.
LaTeX Font Info:    ... okay on input line 5.
LaTeX Font Info:    Checking defaults for OMS/cmsy/m/n on input line 5.
LaTeX Font Info:    ... okay on input line 5.
LaTeX Font Info:    Checking defaults for OT1/cmr/m/n on input line 5.
LaTeX Font Info:    ... okay on input line 5.
LaTeX Font Info:    Checking defaults for T1/cmr/m/n on input line 5.
LaTeX Font Info:    ... okay on input line 5.
LaTeX Font Info:    Checking defaults for TS1/cmr/m/n on input line 5.
LaTeX Font Info:    ... okay on input line 5.
LaTeX Font Info:    Checking defaults for OMX/cmex/m/n on input line 5.
LaTeX Font Info:    ... okay on input line 5.
LaTeX Font Info:    Checking defaults for U/cmr/m/n on input line 5.
LaTeX Font Info:    ... okay on input line 5.

(/usr/local/texlive/2026/texmf-dist/tex/context/base/mkii/supp-pdf.mkii
[Loading MPS to PDF converter (version 2006.09.02).]
\scratchcounter=\count294
\scratchdimen=\dimen165
\scratchbox=\box54
\nofMPsegments=\count295
\nofMParguments=\count296
\everyMPshowfont=\toks21
\MPscratchCnt=\count297
\MPscratchDim=\dimen166
\MPnumerator=\count298
\makeMPintoPDFobject=\count299
\everyMPtoPDFconversion=\toks22
) (/usr/local/texlive/2026/texmf-dist/tex/latex/epstopdf-pkg/epstopdf-base.sty
Package: epstopdf-base 2020-01-24 v2.11 Base part for package epstopdf
Package epstopdf-base Info: Redefining graphics rule for `.eps' on input line 4
85.

(/usr/local/texlive/2026/texmf-dist/tex/latex/latexconfig/epstopdf-sys.cfg
File: epstopdf-sys.cfg 2010/07/13 v1.3 Configuration of (r)epstopdf for TeX Liv
e
))
Package caption Info: Begin \AtBeginDocument code.
Package caption Info: subfig package v1.3 is loaded.
Package caption Info: End \AtBeginDocument code.
<napoleon.png, id=1, 100.375pt x 145.54375pt>
File: napoleon.png Graphic file (type png)
<use napoleon.png>
Package pdftex.def Info: napoleon.png  used on input line 18.
(pdftex.def)             Requested size: 100.37474pt x 145.54338pt.
File: napoleon.png Graphic file (type png)
<use napoleon.png>
Package pdftex.def Info: napoleon.png  used on input line 20.
(pdftex.def)             Requested size: 100.37474pt x 145.54338pt.
File: napoleon.png Graphic file (type png)
<use napoleon.png>
Package pdftex.def Info: napoleon.png  used on input line 22.
(pdftex.def)             Requested size: 100.37474pt x 145.54338pt.
File: napoleon.png Graphic file (type png)
<use napoleon.png>
Package pdftex.def Info: napoleon.png  used on input line 24.
(pdftex.def)             Requested size: 100.37474pt x 145.54338pt.
File: napoleon.png Graphic file (type png)
<use napoleon.png>
Package pdftex.def Info: napoleon.png  used on input line 26.
(pdftex.def)             Requested size: 100.37474pt x 145.54338pt.
File: napoleon.png Graphic file (type png)
<use napoleon.png>
Package pdftex.def Info: napoleon.png  used on input line 28.
(pdftex.def)             Requested size: 100.37474pt x 145.54338pt.
LaTeX Font Info:    Trying to load font information for OMS+cmtt on input line 
29.
LaTeX Font Info:    No file OMScmtt.fd. on input line 29.


LaTeX Font Warning: Font shape `OMS/cmtt/m/n' undefined
(Font)              using `OMS/cmsy/m/n' instead
(Font)              for symbol `textbackslash' on input line 29.

File: napoleon.png Graphic file (type png)
<use napoleon.png>
Package pdftex.def Info: napoleon.png  used on input line 37.
(pdftex.def)             Requested size: 100.37474pt x 145.54338pt.
File: napoleon.png Graphic file (type png)
<use napoleon.png>
Package pdftex.def Info: napoleon.png  used on input line 38.
(pdftex.def)             Requested size: 100.37474pt x 145.54338pt.
File: napoleon.png Graphic file (type png)
<use napoleon.png>
Package pdftex.def Info: napoleon.png  used on input line 39.
(pdftex.def)             Requested size: 100.37474pt x 145.54338pt.
File: napoleon.png Graphic file (type png)
<use napoleon.png>
Package pdftex.def Info: napoleon.png  used on input line 40.
(pdftex.def)             Requested size: 100.37474pt x 145.54338pt.
File: napoleon.png Graphic file (type png)
<use napoleon.png>
Package pdftex.def Info: napoleon.png  used on input line 41.
(pdftex.def)             Requested size: 100.37474pt x 145.54338pt.
File: napoleon.png Graphic file (type png)
<use napoleon.png>
Package pdftex.def Info: napoleon.png  used on input line 42.
(pdftex.def)             Requested size: 100.37474pt x 145.54338pt.
File: napoleon.png Graphic file (type png)
<use napoleon.png>
Package pdftex.def Info: napoleon.png  used on input line 55.
(pdftex.def)             Requested size: 100.37474pt x 145.54338pt.
File: napoleon.png Graphic file (type png)
<use napoleon.png>
Package pdftex.def Info: napoleon.png  used on input line 57.
(pdftex.def)             Requested size: 100.37474pt x 145.54338pt.
File: napoleon.png Graphic file (type png)
<use napoleon.png>
Package pdftex.def Info: napoleon.png  used on input line 59.
(pdftex.def)             Requested size: 100.37474pt x 145.54338pt.
File: napoleon.png Graphic file (type png)
<use napoleon.png>
Package pdftex.def Info: napoleon.png  used on input line 61.
(pdftex.def)             Requested size: 100.37474pt x 145.54338pt.
File: napoleon.png Graphic file (type png)
<use napoleon.png>
Package pdftex.def Info: napoleon.png  used on input line 63.
(pdftex.def)             Requested size: 100.37474pt x 145.54338pt.
File: napoleon.png Graphic file (type png)
<use napoleon.png>
Package pdftex.def Info: napoleon.png  used on input line 65.
(pdftex.def)             Requested size: 100.37474pt x 145.54338pt.
[1

{/usr/local/texlive/2026/texmf-var/fonts/map/pdftex/updmap/pdftex.map}]
[2 <./napoleon.png>] [3] [4] (./sample-subfigure.aux)
 ***********
LaTeX2e <2025-11-01>
L3 programming layer <2026-01-19>
 ***********


LaTeX Font Warning: Some font shapes were not available, defaults substituted.

 ) 
Here is how much of TeX's memory you used:
 3101 strings out of 467525
 54656 string characters out of 5418982
 464701 words of memory out of 5000000
 32033 multiletter control sequences out of 15000+600000
 628188 words of font info for 42 fonts, out of 8000000 for 9000
 1141 hyphenation exceptions out of 8191
 85i,10n,133p,265b,476s stack positions out of 10000i,1000n,20000p,200000b,200000s
</usr/local/texlive/2026/texmf-dist/fonts/type1/public/amsfonts/cm/cmr10.pfb>
</usr/local/texlive/2026/texmf-dist/fonts/type1/public/amsfonts/cm/cmr8.pfb></u
sr/local/texlive/2026/texmf-dist/fonts/type1/public/amsfonts/cm/cmsy10.pfb></us
r/local/texlive/2026/texmf-dist/fonts/type1/public/amsfonts/cm/cmtt10.pfb>
Output written on sample-subfigure.pdf (4 pages, 92122 bytes).
PDF statistics:
 38 PDF objects out of 1000 (max. 8388607)
 22 compressed objects within 1 object stream
 0 named destinations out of 1000 (max. 500000)
 6 words of extra memory for PDF output out of 10000 (max. 10000000)

